39633
Student
Faculty
Staff
ResearchProject
Course
Department
Person
4945300
4945911
4946388
4946951
4947500
4948372
4948720
5551228
5551420
5551583
5551726
5551801
5552075
5552219
5624327
5624686
5625060
5625316
5625535
5625778
5626169
5701158
5701343
5701484
5701693
5701834
5701971
5702108
5756237
5756656
5756851
5757031
5758018
5758605
5759075
5812064
5812436
5812598
5812989
5813151
5813351
5813497
5863206
5863416
5863558
5863784
5863949
5864094
5864236
5947479
5947825
5948116
5948264
5948419
5948785
5948985
5991886
5992183
5992391
5992593
5992797
5993098
5993314
6073119
6073454
6073604
6073744
6073960
6074103
6074240
6125690
6126010
6126254
6126578
6126825
6127059
6127283
6175464
6175746
6175894
6176034
6176173
6176311
6176453
6229691
6229889
6230031
6230243
6230252
6230607
6230747
6331760
6332076
6332221
6332362
6332500
6332660
6333162
6461229
6461504
6461652
6461699
6462162
6462338
6462483
6523201
6523947
6524580
6524987
6525244
6525509
6525844
6582362
6582567
6582756
6583561
6584300
6584468
6584632
6638326
6638880
6639225
6639576
6640027
6640421
6640870
6758612
6758834
6759089
6759589
6759841
6760008
6760153
6928624
6928847
6928994
6929222
6929382
6929525
6929700
7132790
7133067
7133398
7133725
7133993
7134377
7134638
7253381
7253717
7253959
7254309
7254562
7254742
7254914
7335866
7336101
7336142
7336492
7336652
7336796
7337143
7405784
7405980
7405994
7406343
7406489
7406631
7406774
7554844
7555453
7558767
7559187
7559414
7559619
7560336
7634268
7634476
7634672
7634826
7635036
7635182
7635324
7781764
7782488
7782730
7782838
7783211
7783360
7783503
7851095
7851298
7851478
7851629
7851774
7851845
7852131
7943478
7944042
7944623
7944962
7945489
7945878
7946279
8027403
8027893
8028262
8028467
8028720
8028870
8029014
8156919
8157545
8157805
8158019
8158242
8158568
8158779
8295400
8295656
8295803
8295945
8296087
8296358
8296628
8445771
8445935
8445935
8445935
8445935
8448180
8448506
8527982
8528716
8529050
8529328
8529576
8529991
8530248
9109160
9109662
9109975
9110402
9110562
9110762
9110925
9264840
9265175
9265345
9265849
9266159
9266415
9266743
9354945
9355491
9355692
9355927
9356113
9356223
9356223
9436570
9436999
9437277
9437642
9438133
9438435
9438855
9610928
9612095
9612785
9613157
9614193
9614842
9615231
9723587
9723846
9723995
9724194
9724408
9724633
9724776
9828129
9829135
9829535
9829557
9829557
9829557
9829557
10061104
10061841
10062147
10062391
10062895
10063171
10063408
10236574
10236815
10237056
10237236
10237388
10237541
10237711
10506405
10506977
10507433
10507659
10507861
10508148
10508407
10794570
10794760
10795024
10795283
10795434
10795580
10795725
10973655
10973880
10974038
10974452
10974677
10974891
10975340
11080915
11081595
11082201
11082661
11082868
11083152
11083516
11176406
11176624
11176841
11177568
11178042
11178370
11178566
11400314
11400690
11401077
11401550
11401727
11401898
11402130
11504703
11505663
11505986
11506467
11506662
11506832
11506999
11593512
11593735
11593887
11594033
11594180
11594409
11594668
11688850
11689257
11689424
11689866
11690248
11690568
11690819
11780168
11780508
11780675
11780833
11780982
11781271
11781515
11883195
11883522
11883932
11884137
11884289
11884436
11884661
12013552
12013783
12013933
12014103
12014282
12014579
12014739
12128996
12129318
12129476
12129730
12129910
12130057
12130291
12263147
12263752
12264427
12264597
12264747
12265071
12265244
12368678
12369813
12370459
12370943
12371417
12371701
12371958
12486111
12486708
12487266
12487871
12488283
12488691
12488947
12611518
12611741
12611911
12612142
12612293
12612510
12612660
12725912
12726209
12726365
12726513
12726660
12726806
12726952
12843645
12843977
12844342
12845113
12845565
12845827
12846063
12966992
12967598
12968140
12968584
12968929
12969372
12969641
13070681
13070925
13071096
13071315
13071468
13071616
13071763
13170689
13171063
13171234
13171386
13171535
13171684
13171834
13291708
13292094
13292359
13292640
13293293
13293580
13293840
13411320
13411640
13411811
13411962
13412110
13412259
13412406
13519925
13520230
13520466
13520874
13521148
13522496
13523134
13632603
13632823
13632976
13633212
13633444
13634316
13635105
13776604
13776869
13777294
13777493
13777782
13778952
13780734
13922214
13922460
13922703
13923053
13923345
13923534
13923849
14042175
14042389
14042541
14042877
14043033
14043272
14043457
14145736
14146137
14146496
14146788
14147026
14147509
14148019
14388037
14388677
14389112
14389392
14389629
14389886
14404852
14601815
14602029
14602179
14602327
14602474
14602780
14603050
14727659
14728394
14728735
14729094
14729356
14729686
14730449
14899803
14900160
14900402
14900630
14900955
14901310
14901611
15076523
15083590
15083910
15084254
15084585
15084905
15085256
15274298
15274803
15275257
15275622
15276097
15276443
15276718
15408380
15408771
15409016
15409310
15409683
15409851
15410001
15530468
15530657
15531208
15531440
15531821
15532144
15532406
15659065
15659274
15659425
15659683
15659845
15659996
15660152
15784436
15784436
15785735
15786169
15786616
15787150
15787586
15941982
15942286
15942441
15942589
15942883
15943047
15945084
16104651
16104995
16105317
16105514
16105833
16106161
16106342
16264785
16265444
16265744
16265926
16266156
16266622
16266873
16447550
16447904
16448390
16448554
16448718
16448991
16449482
16591199
16591793
16592104
16592362
16592651
16593031
16593301
16714755
16714983
16715148
16715297
16715522
16715676
16715823
16834479
16834829
16835225
16835749
16836209
16836508
16836788
16965467
16965837
16965992
16966262
16966417
16966564
16966782
17116095
17116395
17116829
17117100
17117375
17117753
17118006
17260774
17262986
17263393
17263594
17263801
17264083
17265091
17405773
17406134
17406289
17406438
17406585
17406837
17406987
17559884
17561686
17562305
17562745
17563350
17563887
17564368
17703001
17703217
17703367
17703513
17703733
17704031
17704189
17866189
17866689
17866875
17867068
17867228
17867670
17867849
18018676
18019105
18019346
18019670
18021289
18021559
18021773
18150313
18150589
18150877
18151029
18151180
18151327
18151551
18297289
18297500
18297649
18297797
18297944
18298164
18298313
time=999 node=10.1.1.4 tuple=records records_attr1=10.1.1.4 records_attr2=decf8040b506f3fdae00a2f68d453d2b0433d44 records_attr3=4ad5668755e97591df0b65d0eefcfdd208d4d63c records_attr4=topic_Course_33(r223@n257(hasword_mit_33)) 
time=999 node=10.1.1.4 tuple=records records_attr1=10.1.1.4 records_attr2=1e64cfa59c1f2feb88076558d29eb2f1821291b2 records_attr3=20fc56b8d0eea145ea579beefe9471b4bd7f536c records_attr4=topic_ResearchProject_8(r347@n257(hasword_wednesdai_8)) 
time=999 node=10.1.1.4 tuple=records records_attr1=10.1.1.4 records_attr2=26853c7b4ac81012f3edde72e217faba4abd7484 records_attr3=16e7a909a11b9c2fc445ba4405f812797c73127b records_attr4=topic_Faculty_41(r394@n257(hasword_grade_41)) 
time=999 node=10.1.1.4 tuple=records records_attr1=10.1.1.4 records_attr2=4133048174d3a06b9e6f839c645a6b7b01d86cd3 records_attr3=178b122786109a27295a260073505c41552b23ff records_attr4=topic_Course_43(r198@n257(hasword_sourc_43)) 
time=999 node=10.1.1.4 tuple=records records_attr1=10.1.1.4 records_attr2=41c8bc9dcd6d8b1d91009a570ddff5b9051cf4a2 records_attr3=45a9787596ca98f84af422acd59b14e9af975e6d records_attr4=topic_Department_2(r485@n257(hasword_program_2)) 
time=999 node=10.1.1.4 tuple=records records_attr1=10.1.1.4 records_attr2=437b400c6cb70261e36c54c531453e186d7b9070 records_attr3=b60ab1d86b41006f3277c9aa426b0390ece28318 records_attr4=topic_Faculty_37(r93@n257(hasword_type_37)) 
time=999 node=10.1.1.4 tuple=records records_attr1=10.1.1.4 records_attr2=4988339315102429f9542afdf4521438e020b6b6 records_attr3=556cd67730e903ad50026ad80f7e0f43d932c959 records_attr4=topic_Person_31(r277@n257(hasword_review_31)) 
time=999 node=10.1.1.4 tuple=records records_attr1=10.1.1.4 records_attr2=4d496968e4d75032b9334e56a2eb3a27a9ffa8fa records_attr3=b0f83cf1b422afef0de17fda55ecdd563eac86cb records_attr4=topic_Person_34(r436@n257(hasword_expect_34)) 
time=999 node=10.1.1.4 tuple=records records_attr1=10.1.1.4 records_attr2=594ed0bf8b390341cc33a1d71fdd2e9b3f00d44f records_attr3=83726b1c95e3977baeafab5676c160d36a74ab28 records_attr4=topic_ResearchProject_13(r215@n257(hasword_home_13)) 
time=999 node=10.1.1.4 tuple=records records_attr1=10.1.1.4 records_attr2=5b32c56adf28591811dde6778a28e16de1781148 records_attr3=6323796434cc6ebdac7ab80428f5704637110a79 records_attr4=topic_Department_33(r55@n257(hasword_mit_33)) 
time=999 node=10.1.1.4 tuple=records records_attr1=10.1.1.4 records_attr2=5d775e8d2f5116064dbf93162711ac6c4ae2ba4e records_attr3=ef64169e1a701db762a4f4ff8002130be10b603b records_attr4=topic_Course_42(r400@n257(hasword_tx_42)) 
time=999 node=10.1.1.4 tuple=records records_attr1=10.1.1.4 records_attr2=6004305486d7f775b7bd4473294bf8501a89a423 records_attr3=d0a6d39020c1c123a580dac2778f4d193bbc4c9a records_attr4=topic_Person_18(r260@n257(hasword_gener_18)) 
time=999 node=10.1.1.4 tuple=records records_attr1=10.1.1.4 records_attr2=65cd95e4c1e2c0a18bd44980813419281441cc5d records_attr3=f985e95649554c5c363950d765a1862cfadefe49 records_attr4=topic_Person_12(r150@n257(hasword_provid_12)) 
time=999 node=10.1.1.4 tuple=records records_attr1=10.1.1.4 records_attr2=75558b9f8e1297d1511a0a0ed022e9340b25b02c records_attr3=6491f4a6b27a63a0eed61a87f3c7c52ed89bca2b records_attr4=topic_Course_25(r331@n257(hasword_code_25)) 
time=999 node=10.1.1.4 tuple=records records_attr1=10.1.1.4 records_attr2=767eeea0f1e5d5199aaa31b47499da8abbce563b records_attr3=8ec745f25b85f948f2defaed49d60ef02a149dcd records_attr4=topic_ResearchProject_33(r496@n257(hasword_mit_33)) 
time=999 node=10.1.1.4 tuple=records records_attr1=10.1.1.4 records_attr2=77c3685c2429be4f9fde4b4b37cc53da1da21f2e records_attr3=3388c506f931080bcc6e816bc1f3c34f22796a97 records_attr4=topic_Person_6(r205@n257(hasword_austin_6)) 
time=999 node=10.1.1.4 tuple=records records_attr1=10.1.1.4 records_attr2=8df89b809c45424f2a01662d079a7495b8739e40 records_attr3=c57a65552370cd1839785b0da539a721116469b1 records_attr4=topic_ResearchProject_40(r304@n257(hasword_run_40)) 
time=999 node=10.1.1.4 tuple=records records_attr1=10.1.1.4 records_attr2=8e5e060c8872831aa927378a007bb2677144bf66 records_attr3=d3d47c3b2b49986f625a167eef904ef535bd98b8 records_attr4=topic_Faculty_17(r185@n257(hasword_suggest_17)) 
time=999 node=10.1.1.4 tuple=records records_attr1=10.1.1.4 records_attr2=9645fdc1d372e6e33ad5edb3945b20f357be2d39 records_attr3=a590c32d590117b389a5f12c79cd62a375e503ac records_attr4=topic_Faculty_44(r237@n257(hasword_data_44)) 
time=999 node=10.1.1.4 tuple=records records_attr1=10.1.1.4 records_attr2=978315663e05a23ea5bcffa01b4f424971bbe25d records_attr3=97b5bc9ef3dc23897eebbdc59866116025158ae3 records_attr4=topic_Staff_20(r437@n257(hasword_leav_20)) 
time=999 node=10.1.1.4 tuple=records records_attr1=10.1.1.4 records_attr2=9d8015c383ca747078e04f1dab232df45fda73af records_attr3=ee64ddd112ffb86b7c091992e7e2b3bca98ff8a4 records_attr4=topic_Department_19(r337@n257(hasword_construct_19)) 
time=999 node=10.1.1.4 tuple=records records_attr1=10.1.1.4 records_attr2=ae22d887567d2b4edc06cdba7cbf89c94c66c9f1 records_attr3=8e2099669b474fa6292c9dd1a64c1fe23fd21c39 records_attr4=topic_Student_23(r78@n257(hasword_page_23)) 
time=999 node=10.1.1.4 tuple=records records_attr1=10.1.1.4 records_attr2=b706425a759cc8192072313c242e5cd8c8fc3a2b records_attr3=12ac88a4418cfdb5cdcc1aae233daeeb35290550 records_attr4=topic_Course_29(r135@n257(hasword_continu_29)) 
time=999 node=10.1.1.4 tuple=records records_attr1=10.1.1.4 records_attr2=bc4776044ca565c52bd64f501020802a39ee1f45 records_attr3=aa448beabe6bf9b7c50942bda13861d3c98b9656 records_attr4=topic_Staff_1(r258@n257(hasword_servic_1)) 
time=999 node=10.1.1.4 tuple=records records_attr1=10.1.1.4 records_attr2=be3e9a3dbd12544fd0fb72317765a6dd62b25d91 records_attr3=c442618fcf53744510359f9d0933483032b5b1d3 records_attr4=topic_ResearchProject_42(r114@n257(hasword_tx_42)) 
time=999 node=10.1.1.4 tuple=records records_attr1=10.1.1.4 records_attr2=be97167f98ba70c23a78a7717b8246aae6d60817 records_attr3=24737d58ebc8ec8e03babe0c87d7a3a2ce1c7aaa records_attr4=topic_Person_43(r453@n257(hasword_sourc_43)) 
time=999 node=10.1.1.4 tuple=records records_attr1=10.1.1.4 records_attr2=c46ec203df2444bb6b917aad8f53d058844e3ba2 records_attr3=dcdf4b04dde2c08a8ceab9a24ee3aae06c200f80 records_attr4=topic_Person_19(r266@n257(hasword_construct_19)) 
time=999 node=10.1.1.4 tuple=records records_attr1=10.1.1.4 records_attr2=efcb29e73f13460e3e8126adce2bc467d81228d7 records_attr3=402d8c2cb9140870ba6e687bba806743af0cf46b records_attr4=topic_ResearchProject_47(r215@n257(hasword_home_47)) 
time=999 node=10.1.1.4 tuple=records records_attr1=10.1.1.4 records_attr2=f5975b06da3268a1333e9c4a8006660031e3ed76 records_attr3=4e7fed3d004c930008fdd60cd6dc1a8211cc1e17 records_attr4=topic_ResearchProject_30(r25@n257(hasword_tabl_30)) 
time cost: 20.019 seconds
