29179
Student
Faculty
Staff
ResearchProject
Course
Department
Person
13072474
13073596
13073918
13074332
13074618
13074997
13075283
14980515
14980742
14980903
14981060
14981217
14981375
14981681
15122100
15122890
15123194
15123747
15124289
15124751
15124980
15229594
15229971
15230169
15230327
15230484
15230643
15230902
15356120
15356517
15356934
15357395
15357787
15358204
15358233
15610160
15610561
15610730
15610908
15611071
15611245
15611479
15767696
15768169
15768474
15768754
15769028
15769665
15770194
15867921
15868433
15869111
15869326
15869498
15869742
15870162
16025391
16025905
16026091
16026254
16026435
16026675
16026892
16259274
16259497
16259900
16260067
16260228
16260389
16260548
16489361
16489601
16489767
16490051
16490230
16490464
16490635
16781610
16781929
16783917
16784181
16784513
16784756
16784993
16932455
16932679
16932950
16933124
16933304
16933466
16933625
17034331
17034707
17034882
17035045
17035206
17035366
17035525
17146317
17146696
17146965
17147136
17147297
17147456
17147615
17768203
17768665
17769048
17769279
17769452
17769723
17769901
18024411
18024680
18024847
18025009
18025170
18025312
18025312
18127437
18127677
18128294
18128709
18129099
18129603
18129978
18229503
18229877
18230056
18230259
18230751
18231049
18231321
18358376
18358896
18359220
18359486
18359886
18360178
18360650
18629923
18630180
18630343
18630503
18630664
18630899
18631061
18755310
18756501
18756833
18757116
18757393
18757812
18758029
18877025
18877262
18877427
18877449
18877829
18877988
18878163
19157115
19157115
19157115
19157115
19157115
19157115
19157115
19542131
19542365
19542621
19542791
19542953
19543114
19543273
19661752
19661985
19662171
19662335
19662494
19662732
19662896
19776448
19776685
19776848
19777012
19777172
19777328
19777608
20010268
20010498
20010692
20011082
20011256
20011416
20011577
20299489
20299783
20300184
20300499
20300777
20301387
20302075
20744828
20745480
20746138
20746442
20746737
20747118
20747409
21194774
21195745
21196168
21196542
21196834
21197128
21197294
21329358
21329658
21329879
21330422
21330802
21331261
21331475
21566419
21566657
21566821
21566983
21567240
21567412
21567572
21704105
21704332
21704495
21704827
21705012
21705175
21705334
21838480
21838732
21838899
21839063
21841891
21842398
21842656
22080342
22080701
22080964
22081366
22081546
22081729
22081898
22315927
22316165
22316331
22316574
22316742
22316903
22317063
22769575
22769879
22771376
22771620
22775047
22775444
22775757
23170582
23171382
23171602
23171768
23172033
23172229
23172392
24044654
24044915
24045078
24045236
24045452
24045649
24046421
24254425
24254792
24254960
24255118
24255273
24255428
24255654
24492665
24492882
24493042
24493369
24493545
24493704
24493860
25416514
25416829
25417441
25417651
25417831
25417999
25418158
25674218
25674434
25674758
25674930
25675088
25675243
25675412
25973643
25973904
25974064
25974220
25974681
25974865
25975052
26265027
26265368
26265666
26265966
26266140
26266299
26266456
26401265
26401570
26401836
26402209
26402388
26402547
26402723
26674368
26674894
26675263
26675638
26675903
26676171
26676189
26822208
26822431
26822590
26822746
26826258
26827392
26827738
26984252
26984489
26984650
26984806
26985064
26985357
26985533
27810173
27810396
27810579
27810735
27810883
27811118
27811292
28112048
28112467
28112918
28113132
28116080
28116367
28116570
28433383
28433846
28434444
28434731
28435073
28435311
28435495
28580787
28581356
28581856
28581975
28581975
28581975
28583104
28721696
28722037
28722328
28722498
28722660
28722814
28722968
28874754
28874967
28877529
28878033
28878240
28878434
28878618
29024385
29024642
29026356
29026769
29027335
29027685
29028396
29184258
29184598
29184870
29185038
29185194
29185477
29185851
29491685
29492212
29492391
29492559
29492811
29492850
29492850
29637715
29637939
29638101
29638131
29638502
29638817
29638988
29787199
29787419
29787744
29788063
29788258
29788421
29788661
30118087
30118511
30118693
30118859
30119021
30119246
30119359
30330651
30330889
30331072
30331325
30331492
30331651
30331811
31013929
31014159
31014324
31014486
31014837
31015046
31015215
31210569
31210874
31211041
31211202
31211361
31211521
31211818
31534566
31535113
31535430
31535792
31536207
31536464
31536845
31905345
31905606
31905926
31906114
31906279
31906441
31906602
32081923
32082401
32082607
32082915
32083091
32083256
32083418
32415269
32415646
32415982
32416202
32416389
32416570
32417061
32579706
32579947
32580134
32580299
32580459
32580691
32580904
32899495
32900196
32900483
32901146
32901439
32901911
32902263
33221290
33221588
33221758
33221922
33222085
33222183
33222503
33554376
33554602
33554765
33555032
33555213
33555496
33555661
33722642
33723074
33723710
33724022
33724398
33724679
33725064
33882220
33882448
33882612
33882862
33883024
33883183
33883341
34238454
34239222
34240149
34240488
34240883
34241126
34241302
34413166
34413388
34413549
34413706
34413937
34414118
34414275
34774470
34774702
34774861
34775016
34776107
34776281
34776436
34945678
34945978
34946140
34946450
34946784
34946959
34947115
35403916
35404145
35404305
35404535
35404712
35404950
35405136
35588097
35588340
35588669
35588835
35588993
35589163
35589422
35785380
35785667
35785839
35786105
35786270
35786426
35786581
35977873
35978237
35978664
35979573
35979943
35980216
35980590
36159413
36160045
36160728
36160964
36161151
36161543
36161782
36758860
36759121
36759358
36759600
36759779
36760130
36760326
37098719
37099171
37099509
37099786
37100159
37101115
37101372
37272518
37272747
37272906
37273153
37273384
37273542
37273695
37617888
37618421
37618839
37619296
37619546
37620254
37620449
37806166
37806397
37806417
37806859
37807030
37807187
37807344
38196902
38198136
38199074
38199531
38199847
38200765
38201384
38572800
38573030
38573188
38573343
38573497
38573728
38573892
38982243
38982889
38983301
38983697
38984080
38984373
38984657
39190970
39191203
39191363
39191561
39191561
39192097
39192297
39437120
39437341
39437550
39437715
39437948
39438107
39438262
40021556
40021857
40022140
40022569
40023076
40023555
40023876
40200006
40200644
40200848
40201009
40201166
40201428
40201592
40388047
40388365
40388585
40389041
40389365
40389645
40390050
40754654
40754654
40754654
40754654
40754654
40754654
40754654
41155743
41157220
41157528
41157800
41158468
41158809
41159101
41370496
41370799
41371075
41371520
41371808
41372082
41372639
time=999 node=10.1.1.4 tuple=records records_attr1=10.1.1.4 records_attr2=131c71446614dbff49f1f7364dcc5e1ffb2ace3 records_attr3=eb3c95d0f3b1d5da460249fdf48f452e7f07322a records_attr4=topic_ResearchProject_4(r377@n257(hasword_creat_4)) 
time=999 node=10.1.1.4 tuple=records records_attr1=10.1.1.4 records_attr2=61e55f8f51a8f7a6a3e73a6b4faca95e65b8282 records_attr3=53795b6850778812c3b369e0a5c7493120d2f314 records_attr4=topic_Faculty_99(r187@n257(hasword_commun_99)) 
time=999 node=10.1.1.4 tuple=records records_attr1=10.1.1.4 records_attr2=8a1aaa29279edd42ed20b3f35a011338eb465c3 records_attr3=617b46bfa0e4ee83de6f1eef52cee26fcdc6224e records_attr4=topic_Staff_14(r313@n257(hasword_workshop_14)) 
time=999 node=10.1.1.4 tuple=records records_attr1=10.1.1.4 records_attr2=c0fd161a058b69b0ea52b642efbd7f64d4923e0 records_attr3=eac10235c44c793733bb4678e9b53bee66ed325d records_attr4=topic_ResearchProject_29(r282@n257(hasword_learn_29)) 
time=999 node=10.1.1.4 tuple=records records_attr1=10.1.1.4 records_attr2=cc983d6d6d85117b61027913e4411dcb583326f records_attr3=534d178bdd925116f684bb8de9f04a1c672480e9 records_attr4=topic_Faculty_8(r93@n257(hasword_type_8)) 
time=999 node=10.1.1.4 tuple=records records_attr1=10.1.1.4 records_attr2=cd0f60512ce73b99f1e3cb57a65765afd7934f3 records_attr3=f157dfa598cf418c2861d43ea5f5a1eb3ea04e9d records_attr4=topic_Course_88(r49@n257(hasword_hall_88)) 
time=999 node=10.1.1.4 tuple=records records_attr1=10.1.1.4 records_attr2=1001918111b2c095b74c29ad040d0426d822420b records_attr3=c7130509a92191bad4104ca6b7243c01de6cc4ee records_attr4=topic_Student_28(r175@n257(hasword_texa_28)) 
time=999 node=10.1.1.4 tuple=records records_attr1=10.1.1.4 records_attr2=15ea700c7845f6f2c2536b04b2cae7f049e5617f records_attr3=f7fc430ebc06ccf3eeb2ceb2f889c7e3dcefa5c4 records_attr4=topic_Department_42(r485@n257(hasword_program_42)) 
time=999 node=10.1.1.4 tuple=records records_attr1=10.1.1.4 records_attr2=1eedd95d860b6b9ec2fb71c0532efa44185b35b7 records_attr3=d75544b6df398f14056b98cc5c0bf5f33aef4a9f records_attr4=topic_Faculty_89(r180@n257(hasword_understand_89)) 
time=999 node=10.1.1.4 tuple=records records_attr1=10.1.1.4 records_attr2=1f94819d17b24a94fb3086551e42288e61c084ab records_attr3=a54d85f2fa20c60e507652213b8e5280412a6c81 records_attr4=topic_Staff_28(r116@n257(hasword_simpl_28)) 
time=999 node=10.1.1.4 tuple=records records_attr1=10.1.1.4 records_attr2=26853c7b4ac81012f3edde72e217faba4abd7484 records_attr3=16e7a909a11b9c2fc445ba4405f812797c73127b records_attr4=topic_Faculty_41(rl@n257(links_41_15*topic_Faculty_15(r243@n257(hasword_html_15)))) 
time=999 node=10.1.1.4 tuple=records records_attr1=10.1.1.4 records_attr2=2a375278ac5693117638465c8f39f81169a2d23c records_attr3=e04b29338f0a203900105577bf6fb21169f8a8d1 records_attr4=topic_Course_40(r49@n257(hasword_hall_40)) 
time=999 node=10.1.1.4 tuple=records records_attr1=10.1.1.4 records_attr2=2c83cb648ec3a53069d75a67bb015fe6a97aeb5f records_attr3=c491e4835bac38754c4125bb811e1d76a61c715 records_attr4=topic_Staff_65(r216@n257(hasword_cours_65)) 
time=999 node=10.1.1.4 tuple=records records_attr1=10.1.1.4 records_attr2=2fbc902f5ec3acaf7c0e5504dc6c7d6cd0653e12 records_attr3=6a59671c198525a6a09581406b50accf6765c2c records_attr4=topic_Department_64(r156@n257(hasword_mon_64)) 
time=999 node=10.1.1.4 tuple=records records_attr1=10.1.1.4 records_attr2=33960458ed5f769367a003e31b2666b817836a8c records_attr3=e7e0dc0dc48da2f25db131b8a3d18a51ce2932b3 records_attr4=topic_Course_62((r33@n257(hasword_public_62))+(r460@n257(hasword_memori_62))) 
time=999 node=10.1.1.4 tuple=records records_attr1=10.1.1.4 records_attr2=37d2832ab7fc9f1487855c427be18f3ee1b4888e records_attr3=c9338e20fbfc96cf2c19a7c17ebd0bf7e4782aba records_attr4=topic_Staff_69(r301@n257(hasword_symbol_69)) 
time=999 node=10.1.1.4 tuple=records records_attr1=10.1.1.4 records_attr2=3fda642b367d0f8539b4b8bfc5ea396779389cde records_attr3=cfb4f383fae4ff555c08bf27aaf95ad8fac3b2ec records_attr4=topic_Student_67(r447@n257(hasword_variabl_67)) 
time=999 node=10.1.1.4 tuple=records records_attr1=10.1.1.4 records_attr2=430db34bfd4d83a82c9d89e83c536d0149487a61 records_attr3=2e18e2c8c78eb7433e86bfd318cd50fa7827529c records_attr4=topic_Course_50(r222@n257(hasword_server_50)) 
time=999 node=10.1.1.4 tuple=records records_attr1=10.1.1.4 records_attr2=451dd07181473d9c6808521dba5c941d3a47d5c9 records_attr3=11f33b580d4c61ee78a2d1fc7794a9e45f1176d1 records_attr4=topic_Person_70(r404@n257(hasword_oper_70)) 
time=999 node=10.1.1.4 tuple=records records_attr1=10.1.1.4 records_attr2=4a037f4916d25591d23975b2af0a5e42cf3e26ce records_attr3=2e2ba78371e87eac6171a8cb763891c49f0af6e1 records_attr4=topic_Person_44(r260@n257(hasword_gener_44)) 
time=999 node=10.1.1.4 tuple=records records_attr1=10.1.1.4 records_attr2=4bd95ce3040a2f67c8b4152e8f943a240396c0fe records_attr3=2c382259c1b1856d35aeda9f607b27be37cecb1e records_attr4=topic_Course_41(r0@n257(hasword_number_41)) 
time=999 node=10.1.1.4 tuple=records records_attr1=10.1.1.4 records_attr2=4c01c91017d52b903850df0644399ebfbb6db277 records_attr3=d0f7bdec18e5bfa140b219417156ca976e2faaf0 records_attr4=topic_Student_62(r255@n257(hasword_memori_62)) 
time=999 node=10.1.1.4 tuple=records records_attr1=10.1.1.4 records_attr2=4ed10c355f85514322d2e00be35e068c66c566c3 records_attr3=9db7b201a55e08df32d929f417c51b290424fc18 records_attr4=topic_ResearchProject_93(r429@n257(hasword_instruct_93)) 
time=999 node=10.1.1.4 tuple=records records_attr1=10.1.1.4 records_attr2=5041e1d9228012baa3296679e50bb150d6a1ac24 records_attr3=c30390666f1e475946489e73b67362bef3fb836 records_attr4=topic_Course_14(rl@n257(links_14_115*topic_Course_115(r472@n257(hasword_descript_115)))) 
time=999 node=10.1.1.4 tuple=records records_attr1=10.1.1.4 records_attr2=549d3c21348dc630a9c5bafb502f189a47ab7a81 records_attr3=748f53c9cbfd8ac300277bb46ecdf73b9f3fa32a records_attr4=topic_Person_49(rl@n257(links_49_22*topic_Person_22(r150@n257(hasword_provid_22)))) 
time=999 node=10.1.1.4 tuple=records records_attr1=10.1.1.4 records_attr2=550c8e93d84936e0395e9e3898b8b4478bce4a5b records_attr3=41070321622cc20b272319354cb8b829125a62bb records_attr4=topic_Faculty_14(r235@n257(hasword_journal_14)) 
time=999 node=10.1.1.4 tuple=records records_attr1=10.1.1.4 records_attr2=57c3b2b8d45da7c4eb22522adafe942872fb4325 records_attr3=3712f9504d975f6c5751af56dee52f86dbfa78e7 records_attr4=topic_Student_31(r121@n257(hasword_length_31)) 
time=999 node=10.1.1.4 tuple=records records_attr1=10.1.1.4 records_attr2=5a40a716dad42398db50fc8dd3e5a62ca3161205 records_attr3=6d923ee4621877c6efc0ce288e96635d660bddec records_attr4=topic_Student_37(r438@n257(hasword_copi_37)) 
time=999 node=10.1.1.4 tuple=records records_attr1=10.1.1.4 records_attr2=5a733207145482fae7f82f879a008c47b896fe12 records_attr3=99b34086ed3cddf326ceb026d701ab91f9e49235 records_attr4=topic_Faculty_15(r243@n257(hasword_html_15)) 
time=999 node=10.1.1.4 tuple=records records_attr1=10.1.1.4 records_attr2=5b16bdf2cd7ae10a3a3cf4c8e659f28189be3815 records_attr3=9aabb7b5a7a24f63edda2ea5f7884639f91fa214 records_attr4=topic_Faculty_9(r186@n257(hasword_appli_9)) 
time=999 node=10.1.1.4 tuple=records records_attr1=10.1.1.4 records_attr2=692753b06e24360d040ee9cd7dec67d963bfc0e9 records_attr3=728d228f3b7dcad1d4f93b599d146d2ecaab937f records_attr4=topic_Student_86(r78@n257(hasword_page_86)) 
time=999 node=10.1.1.4 tuple=records records_attr1=10.1.1.4 records_attr2=6969e8ce54ab7b8de944d06fb423f81d4e0c1d9c records_attr3=79fdfab91e77e14f969582bcf246ee4777a1333c records_attr4=topic_Person_96(r260@n257(hasword_gener_96)) 
time=999 node=10.1.1.4 tuple=records records_attr1=10.1.1.4 records_attr2=6efc16cdea6d77d919d76ee79dbe3ee0677acd91 records_attr3=c657d745775fa24e7f66baa39ee112590a350240 records_attr4=topic_Course_93(r45@n257(hasword_instruct_93)) 
time=999 node=10.1.1.4 tuple=records records_attr1=10.1.1.4 records_attr2=6fd6622dcfc1ce63d6c4ba822c2fb8bdcde484aa records_attr3=92f4a8a82dee942593e6ccbdcba904edc8fbdc5 records_attr4=topic_Staff_57(r42@n257(hasword_process_57)) 
time=999 node=10.1.1.4 tuple=records records_attr1=10.1.1.4 records_attr2=77c301e8653eb5fb19cb623ba2a99f129042e24f records_attr3=6bdf1646ffe2440c53f14170ce5a031cc6e2868d records_attr4=topic_Person_9(r157@n257(hasword_appli_9)) 
time=999 node=10.1.1.4 tuple=records records_attr1=10.1.1.4 records_attr2=799f9e1a3b455f70c60b2af0aae93e20b1fb834e records_attr3=8c2ff83a1a08c0aa78e0b486145f1be92a61a65f records_attr4=topic_Course_22(r210@n257(hasword_hard_22)) 
time=999 node=10.1.1.4 tuple=records records_attr1=10.1.1.4 records_attr2=7a2205e08206f5150890967d7a8d9681969d0ac9 records_attr3=191b13f8752f80cfa0575feac8fb92b5bcf04904 records_attr4=topic_Student_15(r451@n257(hasword_access_15)) 
time=999 node=10.1.1.4 tuple=records records_attr1=10.1.1.4 records_attr2=7ae3e094da818373462e80cdc5401c5dc7cd56fe records_attr3=106a4092abe2baa78ee8d66c8112820f64291511 records_attr4=topic_ResearchProject_83(r160@n257(hasword_technologi_83)) 
time=999 node=10.1.1.4 tuple=records records_attr1=10.1.1.4 records_attr2=7c24936ee612d23086a624bf0683f5f78e5c205d records_attr3=3117a68adcacbf23fe75251ece59071200ee48d0 records_attr4=topic_Course_28(r101@n257(hasword_simpl_28)) 
time=999 node=10.1.1.4 tuple=records records_attr1=10.1.1.4 records_attr2=7fc4a4c56fa2c623cd6301380adbcc81a65112bb records_attr3=a5dbddf9d3edd0cb51b5f52d6b36010040469b22 records_attr4=topic_Student_36(r355@n257(hasword_assist_36)) 
time=999 node=10.1.1.4 tuple=records records_attr1=10.1.1.4 records_attr2=923cea00c0c407773d59fc46f3281c12557e5313 records_attr3=5ac5dd1c82cbaa1bd0a023ebf06533adfdea6bba records_attr4=topic_Student_38(rl@n257(links_38_192*topic_Student_192(rl@n257(links_192_51*topic_Student_51(r177@n257(hasword_select_51)))))) 
time=999 node=10.1.1.4 tuple=records records_attr1=10.1.1.4 records_attr2=951d3cfdbee04cabce0741fba1a74392d68c0858 records_attr3=f26aa8e6e047205d39bb8f1ce6e4e92c01f0de8a records_attr4=topic_Faculty_27(r323@n257(hasword_end_27)) 
time=999 node=10.1.1.4 tuple=records records_attr1=10.1.1.4 records_attr2=99cc32c6188ca6434574e7de7b43879962962021 records_attr3=46c7a39e2d15c4ccff58636d007c10ea5d67a19b records_attr4=topic_Student_19(r438@n257(hasword_copi_19)) 
time=999 node=10.1.1.4 tuple=records records_attr1=10.1.1.4 records_attr2=9aaa171d797b363c40ee7223fb9a03282464a0c0 records_attr3=36acb3b35c91bc5875e334c94e3abe502b6c768a records_attr4=topic_Faculty_60(r182@n257(hasword_date_60)) 
time=999 node=10.1.1.4 tuple=records records_attr1=10.1.1.4 records_attr2=9cbef9e33dfe291f446b4c1e2ef9ca756cfbb01a records_attr3=6fb724d6a6738b70eda64a9dec01251ac36bf36b records_attr4=topic_Faculty_74(r185@n257(hasword_suggest_74)) 
time=999 node=10.1.1.4 tuple=records records_attr1=10.1.1.4 records_attr2=9e6572c72d14c826c18bd8a75c8a1240bbaf82ca records_attr3=3c2eefad064375262c1dca5680b064d3907c4b0f records_attr4=topic_Student_29(r459@n257(hasword_present_29)) 
time=999 node=10.1.1.4 tuple=records records_attr1=10.1.1.4 records_attr2=a987da0fb0512ff2b05588b9a9e652b52c655cbb records_attr3=e34a4cf2f6b56951abe3b9a9d6e07066bbd8dee8 records_attr4=topic_ResearchProject_90(r215@n257(hasword_home_90)) 
time=999 node=10.1.1.4 tuple=records records_attr1=10.1.1.4 records_attr2=acf9f6d5e6da42190793043a8a5fc8567a4f1af5 records_attr3=cbd166e068e0347397efc2825eb13960a6b55e70 records_attr4=topic_Person_14(rl@n257(links_14_115*topic_Person_115(r7@n257(hasword_descript_115)))) 
time=999 node=10.1.1.4 tuple=records records_attr1=10.1.1.4 records_attr2=acfa6f8e199e67cb656971c9da285dffb2b05399 records_attr3=6e8c116ab490bfdd3bd79ce5d71579dafcc0532b records_attr4=topic_Faculty_46(r423@n257(hasword_distribut_46)) 
time=999 node=10.1.1.4 tuple=records records_attr1=10.1.1.4 records_attr2=ae0cd922328eccdc3cc7beecbea522c59592c4ff records_attr3=ccdc97cdd50dd4d8a24393dcafe92ebe64ff4ba9 records_attr4=topic_ResearchProject_14(r335@n257(hasword_singl_14)) 
time=999 node=10.1.1.4 tuple=records records_attr1=10.1.1.4 records_attr2=ae22d887567d2b4edc06cdba7cbf89c94c66c9f1 records_attr3=8e2099669b474fa6292c9dd1a64c1fe23fd21c39 records_attr4=topic_Student_23(r165@n257(hasword_award_23)) 
time=999 node=10.1.1.4 tuple=records records_attr1=10.1.1.4 records_attr2=b18552619bc51d1d55679ec973e291415381e20e records_attr3=513947ec1bcac3279654ec29d8cf6c1282420e9d records_attr4=topic_Student_51(r177@n257(hasword_select_51)) 
time=999 node=10.1.1.4 tuple=records records_attr1=10.1.1.4 records_attr2=b1a72793e8801b4a14cd6fd940c146917009833e records_attr3=9076f161653795f7a16710e58ad1244d8e6fa725 records_attr4=topic_Student_4(r413@n257(hasword_creat_4)) 
time=999 node=10.1.1.4 tuple=records records_attr1=10.1.1.4 records_attr2=b5e11af6cf9acf75baf16d18e7564eb2b5496fdc records_attr3=1fa8f6c6a0e9467fd90d5cba15add9fd6677a68c records_attr4=topic_Person_97(r38@n257(hasword_machin_97)) 
time=999 node=10.1.1.4 tuple=records records_attr1=10.1.1.4 records_attr2=b6b2d3d8dd3e10bdafc3418628d6190a6a6658bb records_attr3=c8814eb074050741f82681782a8d0e42f66b0e4a records_attr4=topic_Faculty_26(r182@n257(hasword_date_26)) 
time=999 node=10.1.1.4 tuple=records records_attr1=10.1.1.4 records_attr2=b706425a759cc8192072313c242e5cd8c8fc3a2b records_attr3=12ac88a4418cfdb5cdcc1aae233daeeb35290550 records_attr4=topic_Course_29(r51@n257(hasword_learn_29)) 
time=999 node=10.1.1.4 tuple=records records_attr1=10.1.1.4 records_attr2=bc13db0fb0371b56b6ff8f3b42ed20831aafdca0 records_attr3=f3dc6bb8d98d4c97d86205c8402bafaf55b15d3d records_attr4=topic_Person_36(r228@n257(hasword_assist_36)) 
time=999 node=10.1.1.4 tuple=records records_attr1=10.1.1.4 records_attr2=c0ae356aaae6d48c9f22c72d5bad5187d89748ec records_attr3=fa5c2be5b843474b6a1fc60bb7dcdf2f27b04ac9 records_attr4=topic_Course_49(rl@n257(links_49_22*topic_Course_22(r210@n257(hasword_hard_22)))) 
time=999 node=10.1.1.4 tuple=records records_attr1=10.1.1.4 records_attr2=c46ec203df2444bb6b917aad8f53d058844e3ba2 records_attr3=dcdf4b04dde2c08a8ceab9a24ee3aae06c200f80 records_attr4=topic_Person_19(r412@n257(hasword_copi_19)) 
time=999 node=10.1.1.4 tuple=records records_attr1=10.1.1.4 records_attr2=c767272e1a382a6c4371ff1bd00ac8d06fc1308d records_attr3=77ef30c814e85addb792c40fcd19dcc5e226cba3 records_attr4=topic_ResearchProject_7(r250@n257(hasword_emac_7)) 
time=999 node=10.1.1.4 tuple=records records_attr1=10.1.1.4 records_attr2=d1f7fcfef2989c20bf3032cccb95babe028bf770 records_attr3=66dc4339efe23fdb2056422ffb8135d233c1f71b records_attr4=topic_ResearchProject_36(r470@n257(hasword_assist_36)) 
time=999 node=10.1.1.4 tuple=records records_attr1=10.1.1.4 records_attr2=d2a1fc3e3550d1c8f20545ec7a0184ca7aa90366 records_attr3=354065c277121ac0ca439ebe5111750c232f0fb5 records_attr4=topic_Department_76(r418@n257(hasword_wide_76)) 
time=999 node=10.1.1.4 tuple=records records_attr1=10.1.1.4 records_attr2=dfd703bdd78883ff9901a0a327f9d6cd96d4c2d3 records_attr3=7cf6ab580354e0810eb7a8c22f2b4b3dea94cb2e records_attr4=topic_Staff_38(r258@n257(hasword_servic_38)) 
time=999 node=10.1.1.4 tuple=records records_attr1=10.1.1.4 records_attr2=e9808166c9e19a0c2f34c8319319e57c74f0afae records_attr3=abcc1bc117de3798ad5e3f77b628edadb48a1f29 records_attr4=topic_Person_78(r205@n257(hasword_austin_78)) 
time=999 node=10.1.1.4 tuple=records records_attr1=10.1.1.4 records_attr2=ebbd0858a3b7ca00f98f8f067589a6735fe15b8c records_attr3=d67c834d5367076328ac57126a04ba8b854aff7c records_attr4=topic_Person_22(r150@n257(hasword_provid_22)) 
time=999 node=10.1.1.4 tuple=records records_attr1=10.1.1.4 records_attr2=f07b791985105f538054df2cbd85ec7e15c5ae6f records_attr3=20e14d6cc3e1e76da5a357b9febfc02d45053043 records_attr4=topic_Person_37(r412@n257(hasword_copi_37)) 
time=999 node=10.1.1.4 tuple=records records_attr1=10.1.1.4 records_attr2=f20e0dc8d88539428688e8f21c30c2da7e7cb53f records_attr3=dc0d2889a68591c2f0bd21d496d747204a880d3 records_attr4=topic_ResearchProject_23(rl@n257(links_23_7*topic_ResearchProject_7(r250@n257(hasword_emac_7)))) 
time=999 node=10.1.1.4 tuple=records records_attr1=10.1.1.4 records_attr2=f36865b1620d9792046a1d6abd4098432e3949da records_attr3=f5ef325ee9c4ebd2430710bbc88988926a68546e records_attr4=topic_Student_34(r121@n257(hasword_length_34)) 
time=999 node=10.1.1.4 tuple=records records_attr1=10.1.1.4 records_attr2=f44e17f785aa7dc2f249ebf0ada7996408b07c49 records_attr3=881f90f6546dcc2cfdd8220cb68f752a24c66e9 records_attr4=topic_Faculty_71(r227@n257(hasword_state_71)) 
time=999 node=10.1.1.4 tuple=records records_attr1=10.1.1.4 records_attr2=f746acda68682ff3090a02e88f90cd4e178ea535 records_attr3=9d787b49f63facf6cc66fcbc35246461c3f392f2 records_attr4=topic_Course_1(r219@n257(hasword_softwar_1)) 
time=999 node=10.1.1.4 tuple=records records_attr1=10.1.1.4 records_attr2=f79fb0702928b513e74f8f00a93329d14e362483 records_attr3=5b1cd8707f12e4d941a998d4a34d9f3e873138e7 records_attr4=topic_ResearchProject_35(r130@n257(hasword_ai_35)) 
time=999 node=10.1.1.4 tuple=records records_attr1=10.1.1.4 records_attr2=fa6fbd8e9bb148afd05a66e854352a69e2e7e963 records_attr3=7424a5fa836642bc82f1fe3bdf22993c180f12a3 records_attr4=topic_Student_5(r459@n257(hasword_present_5)) 
time=999 node=10.1.1.4 tuple=records records_attr1=10.1.1.4 records_attr2=face8410e90c7406b9ba30aee96f1f1177cc3379 records_attr3=a77b5cb7a08ec5db5e9a994a898e7a0cd6ae66ab records_attr4=topic_ResearchProject_43(r215@n257(hasword_home_43)) 
time=999 node=10.1.1.4 tuple=records records_attr1=10.1.1.4 records_attr2=fc387b9d68b86de2f63a195ff5bbd6dea9df5215 records_attr3=6bda596dfe2b2b4b11459fb41b29e68b44b7a310 records_attr4=topic_Faculty_84(r153@n257(hasword_master_84)) 
time=999 node=10.1.1.4 tuple=records records_attr1=10.1.1.4 records_attr2=fddd3b1999fcc0af460f0085c54d8f417ba5d799 records_attr3=d31e217e84fe392e545c042bef3f69ac591d9563 records_attr4=topic_Student_41((r363@n257(hasword_number_41))+(rl@n257(links_41_15*topic_Student_15(r451@n257(hasword_access_15))))) 
time cost: 44.3056 seconds
