27167
Student
Faculty
Staff
ResearchProject
Course
Department
Person
19030512
19031025
19031311
19031704
19032135
19032437
19032871
22082892
22083377
22083725
22084229
22084646
22085758
22086242
22238418
22238929
22239254
22239604
22240021
22240266
22240511
22389989
22390538
22391136
22391618
22393540
22393941
22394169
22557073
22558063
22558948
22561269
22561824
22562278
22562796
22906480
22906967
22909481
22913261
22913765
22914283
22915449
23116298
23116634
23116894
23117280
23117580
23117850
23118039
23430419
23430883
23431153
23431803
23432971
23433481
23434264
23697955
23698417
23698813
23699194
23699675
23699972
23700909
23978709
23979422
23979962
23980407
23981151
23981698
23982094
24579364
24581119
24581583
24582101
24582468
24584315
24585163
25222045
25222564
25223188
25223640
25224265
25225065
25225533
25374632
25375780
25376401
25376761
25377250
25377613
25378041
25537315
25537948
25538380
25538635
25538846
25539232
25539463
25672575
25673013
25673353
25674036
25674792
25675246
25676134
25987283
25988066
25988705
25988960
25989201
25989611
25989892
26433019
26433323
26433540
26434051
26434308
26434544
26435718
27025912
27026741
27029163
27029779
27030211
27030703
27031280
27267373
27267929
27268204
27268439
27269224
27270119
27270503
27555594
27555932
27556578
27556948
27557434
27557806
27558135
27852842
27853150
27853367
27853580
27853701
27854122
27854337
28187645
28188580
28189053
28189533
28189879
28190353
28190614
28481990
28482603
28482953
28483342
28483567
28483783
28483997
28882211
28882805
28883817
28884689
28885068
28885325
28885564
29472867
29473702
29474005
29474228
29474870
29475814
29476219
29841776
29843339
29843779
29844268
29844526
29844779
29845203
30179968
30180419
30180673
30180913
30181476
30181875
30182542
30403961
30404519
30405276
30405596
30405955
30406247
30406568
30612262
30612897
30616107
30617594
30618171
30618709
30619347
31184678
31185294
31185571
31185824
31186304
31186741
31187337
31404777
31405214
31405433
31405705
31406064
31406283
31406542
32254840
32257322
32258630
32259240
32259737
32260126
32260610
32633752
32634113
32634483
32634849
32635105
32635954
32639349
33178298
33179490
33179746
33179962
33180176
33180389
33180711
33358170
33358982
33359765
33360305
33360698
33361588
33362670
33570398
33570867
33571302
33571571
33572161
33572418
33572724
34122769
34126842
34128115
34128661
34129229
34129770
34130365
34783393
34784146
34784391
34785494
34785947
34786431
34786799
35194267
35194553
35194975
35195211
35195688
35195950
35196175
35418406
35419173
35419721
35420235
35420708
35420940
35421447
35616951
35617650
35618188
35618743
35619378
35619899
35620643
35871387
35871862
35872537
35873067
35873608
35873893
35874190
36319410
36319917
36320176
36320423
36321010
36321728
36321979
36554489
36554837
36555159
36555879
36558695
36560281
36561139
37052004
37052592
37053532
37054813
37055390
37055721
37058466
37260229
37260741
37261253
37261621
37262092
37262451
37262947
37508964
37511216
37511882
37512848
37514398
37514966
37515587
37772571
37773401
37773883
37776980
37777588
37778829
37779304
37997135
37997565
37997877
37998203
37998459
37998897
37999107
38216333
38217163
38217507
38218061
38219537
38221224
38221889
38454193
38454729
38455428
38455924
38456448
38456822
38457293
38682215
38682672
38682948
38684110
38684972
38685836
38686228
40437869
40441232
40442610
40443147
40443627
40443997
40444351
40678790
40679324
40679659
40680100
40680424
40680745
40681349
41143808
41147979
41148543
41149147
41150227
41150768
41151158
41626910
41627856
41628382
41629978
41630453
41630814
41631456
41893451
41894025
41894843
41895085
41895491
41895716
41895921
42126842
42127705
42128924
42131984
42133339
42134243
42134656
42736247
42736621
42737199
42737556
42737884
42738448
42738800
43001857
43002345
43002586
43002817
43003039
43003786
43004218
43608989
43609479
43609724
43610021
43610349
43611021
43613495
44205291
44205762
44206351
44206713
44207177
44207537
44207997
44551355
44552947
44553408
44554221
44554464
44554676
44555071
44815248
44815573
44815807
44816173
44816411
44816639
44817010
45294195
45295098
45295473
45295785
45296265
45296587
45296964
46113758
46114173
46115441
46115898
46116127
46116627
46116888
46712530
46713220
46713767
46714137
46714492
46715000
46715325
47242739
47243337
47243843
47244124
47244498
47244728
47244963
47456001
47456332
47456817
47457200
47457704
47458326
47458885
47681388
47681993
47682647
47682907
47683140
47683337
47683805
49229557
49231428
49232186
49232578
49233016
49265189
49265609
50285940
50286370
50286595
50286996
50287691
50288350
50288970
50773768
50774037
50774224
50774529
50774716
50774899
50775153
51254333
51254605
51254796
51254983
51255265
51255612
51255920
51520605
51520901
51521258
51521385
51521831
51522026
51522210
51950693
51951227
51951526
51951978
51952407
51952788
51953866
52145383
52145643
52145829
52146012
52146301
52146623
52147001
52658734
52659240
52659465
52659660
52659851
52660143
52660336
52907361
52907675
52907894
52908412
52908700
52908918
52909229
53172420
53173092
53173340
53173641
53174147
53174667
53175694
53754713
53755116
53755331
53755629
53755975
53756212
53756505
54320021
54320476
54320718
54320919
54321141
54321342
54322125
54679281
54679619
54679853
54680274
54680647
54680979
54681859
55811093
55811833
55812518
55812960
55814011
55815698
55816045
56563954
56564388
56564930
56565259
56565848
56566187
56566729
58086862
58087483
58087859
58088343
58088680
58089113
58089631
58817384
58817707
58817997
58818235
58818878
58819559
58819957
59619566
59620260
59620639
59620885
59621108
59621350
59621774
59954840
59955185
59955454
59955816
59956081
59956340
59956686
60255300
60255707
60255951
60256174
60256843
60257631
60258198
60586562
60587368
60587806
60588388
60589200
60589712
60589974
60921750
60922452
60922785
60922785
60922785
60922785
60922785
61346740
61347362
61347768
61348130
61348130
61348130
61348130
62154393
62155048
62155607
62155998
62158605
62158988
62159527
62521424
62522415
62522963
62522963
62522963
62527504
62528617
62921174
62922083
62922652
62923279
62923673
62924237
62924641
63365604
63366666
63367113
63367780
63370063
63370995
63371746
63780848
63781302
63781905
63782187
63782966
63783554
63783837
64219541
64220015
64220406
64221349
64221867
64222418
64223346
64623929
64624264
64626179
64627762
64628190
64629764
64630803
time=999 node=10.1.1.4 tuple=records records_attr1=10.1.1.4 records_attr2=16bfb71c2f016a5056917e5280212c646206505 records_attr3=d32b6a20bcde0b45db1d7b6294582ed3c1f5ccdc records_attr4=topic_Person_84(r366@n257(hasword_check_84)) 
time=999 node=10.1.1.4 tuple=records records_attr1=10.1.1.4 records_attr2=40f01e64f646247eac9d4a0710a60258615e792 records_attr3=16424b2908c46650929e416a6e1245cff928450f records_attr4=topic_Student_9(r355@n257(hasword_assist_9)) 
time=999 node=10.1.1.4 tuple=records records_attr1=10.1.1.4 records_attr2=4ae19139e18c61fe62a7a1f290b2a0af843ff0a records_attr3=844c1b458ec1e056f964cc76d2cc18ef5536608e records_attr4=topic_Student_30(r363@n257(hasword_number_30)) 
time=999 node=10.1.1.4 tuple=records records_attr1=10.1.1.4 records_attr2=ba1d13714f58ca7ef0dc8f6fba993f1510eef5d records_attr3=a3bd354cf92d1140e06db9ed77716bf7a7bf44ad records_attr4=topic_ResearchProject_59(r215@n257(hasword_home_59)) 
time=999 node=10.1.1.4 tuple=records records_attr1=10.1.1.4 records_attr2=f3c4a37d1b5e19594b2d164d042a3e8c2018b79 records_attr3=42b64b9750ec3c61035293a8fc96c4666923c75c records_attr4=topic_ResearchProject_25(r30@n257(hasword_lab_25)) 
time=999 node=10.1.1.4 tuple=records records_attr1=10.1.1.4 records_attr2=12cef51e6da919657bd9e9280106bf9600b336bd records_attr3=dd29fc31de722e006e3b3c3b70ed6845a973c1dd records_attr4=topic_Course_51(rl@n257(links_51_84*topic_Course_84(r272@n257(hasword_check_84)))) 
time=999 node=10.1.1.4 tuple=records records_attr1=10.1.1.4 records_attr2=16c4b8521641c7458560460396cdec5be9e3cd0e records_attr3=7f9a7bfb34b3a50fc826a56ab9368cbbab708d52 records_attr4=topic_Staff_63(r291@n257(hasword_size_63)) 
time=999 node=10.1.1.4 tuple=records records_attr1=10.1.1.4 records_attr2=170c09d09ce59495cad711cfc44d7c3237555913 records_attr3=a58669b84ea98ba490f81d9177f1f9ba4c921a31 records_attr4=topic_Department_60(r349@n257(hasword_period_60)) 
time=999 node=10.1.1.4 tuple=records records_attr1=10.1.1.4 records_attr2=173c49f894ded757b76f9c1d2cab7bd94e912a0a records_attr3=cf24f9e1edc70781803e84948ddfe8726bd1dd79 records_attr4=topic_Person_64(r234@n257(hasword_place_64)) 
time=999 node=10.1.1.4 tuple=records records_attr1=10.1.1.4 records_attr2=1a7c303fbbdcdbb79d18ea8abea4b1eca0fd2b1f records_attr3=33763d1cb1585c36f1f72118e52137261ce9c099 records_attr4=topic_Course_24(r466@n257(hasword_link_24)) 
time=999 node=10.1.1.4 tuple=records records_attr1=10.1.1.4 records_attr2=1afa748ca4a4cfce3aad94ac59429e83637e2db0 records_attr3=4112591d60b8d0bf9277d777392d2e6c19daf98a records_attr4=topic_Course_53(r222@n257(hasword_server_53)) 
time=999 node=10.1.1.4 tuple=records records_attr1=10.1.1.4 records_attr2=1b6cea926b4c3e837635daaf7f481f47c846b5ac records_attr3=c9c84f253d0f30ad673f1aed4a3639ecc1b273e2 records_attr4=topic_ResearchProject_22(r126@n257(hasword_note_22)) 
time=999 node=10.1.1.4 tuple=records records_attr1=10.1.1.4 records_attr2=290db2745cda4596e04afebb198d649937fe6076 records_attr3=b018b232fe27a1ba0f6cc697c1e8f78e23bd672e records_attr4=topic_ResearchProject_79(r214@n257(hasword_increas_79)) 
time=999 node=10.1.1.4 tuple=records records_attr1=10.1.1.4 records_attr2=2da78abda05cacdaa5ab8e2af7ed488758a7f9e6 records_attr3=b1408b639c860ae0d2bc18bbf67ae2e3e69f5de records_attr4=topic_Department_15(r173@n257(hasword_hw_15)) 
time=999 node=10.1.1.4 tuple=records records_attr1=10.1.1.4 records_attr2=31381720529cffd76ee29b0d93108e93511bbdb0 records_attr3=caca210b42ee3b14f3a7d9c9550b1a4715615bc records_attr4=topic_ResearchProject_82(r114@n257(hasword_tx_82)) 
time=999 node=10.1.1.4 tuple=records records_attr1=10.1.1.4 records_attr2=3339672b45eb11c841e022a75b81a126f810c81f records_attr3=69c82f7c503c6cd16b8388b5bf8971c01d853fdd records_attr4=topic_Course_8(r219@n257(hasword_softwar_8)) 
time=999 node=10.1.1.4 tuple=records records_attr1=10.1.1.4 records_attr2=344345861ae0935f5fa47b15667df579a652f4f5 records_attr3=6a43c46411e276dd53051d41197c24a3e88e0a13 records_attr4=topic_Faculty_83(r182@n257(hasword_date_83)) 
time=999 node=10.1.1.4 tuple=records records_attr1=10.1.1.4 records_attr2=451dd07181473d9c6808521dba5c941d3a47d5c9 records_attr3=11f33b580d4c61ee78a2d1fc7794a9e45f1176d1 records_attr4=topic_Person_70(r107@n257(hasword_due_70)) 
time=999 node=10.1.1.4 tuple=records records_attr1=10.1.1.4 records_attr2=453fb76d7031dea354277a0ef48a4d1bfa5ea87b records_attr3=b456852a11c7fc487c51b9b3b845b1a609eeb31d records_attr4=topic_ResearchProject_28(r54@n257(hasword_repres_28)) 
time=999 node=10.1.1.4 tuple=records records_attr1=10.1.1.4 records_attr2=477c0305f245ea01f760a94b104c4fc460fafbe5 records_attr3=69f0e50a7d6f4ee016c6c82383bc05b5dda61ff1 records_attr4=topic_Person_23(r373@n257(hasword_low_23)) 
time=999 node=10.1.1.4 tuple=records records_attr1=10.1.1.4 records_attr2=499ff41109fb077fe671fe5cbcb885cb6991e2dc records_attr3=ba3361ebec923a936100df6c9a6f3f2949c47d65 records_attr4=topic_Faculty_64(r434@n257(hasword_place_64)) 
time=999 node=10.1.1.4 tuple=records records_attr1=10.1.1.4 records_attr2=4c6f48cea51843e7bb3c4977658107e52ba4cf62 records_attr3=816335ae2d722588b4d2ce300f9b94aa82c38e18 records_attr4=topic_Course_30(r0@n257(hasword_number_30)) 
time=999 node=10.1.1.4 tuple=records records_attr1=10.1.1.4 records_attr2=4d324ab0e0dfbb6183f9b4579964fcd786b24458 records_attr3=52824f4e45ffde872d804135b79d382fcc733ddd records_attr4=topic_Person_7(r495@n257(hasword_academ_7)) 
time=999 node=10.1.1.4 tuple=records records_attr1=10.1.1.4 records_attr2=4d63957da7f9cbe8e28c40e24cc81a4de5d074bb records_attr3=e1211a2b70afb5200508d05d4d786af915cd2393 records_attr4=topic_Person_16(r228@n257(hasword_assist_16)) 
time=999 node=10.1.1.4 tuple=records records_attr1=10.1.1.4 records_attr2=4d8a06b6aa0e7030e1ea8b423911de16c26a44c2 records_attr3=59c430a54e1475c781262804962081994c910b68 records_attr4=topic_Staff_36(r350@n257(hasword_paper_36)) 
time=999 node=10.1.1.4 tuple=records records_attr1=10.1.1.4 records_attr2=528c3b3fc44c1c30457db60d810fbf5baa328a88 records_attr3=8d66380d860c0b9c51bbd427dd17339629dbdb39 records_attr4=topic_Course_69(r308@n257(hasword_assign_69)) 
time=999 node=10.1.1.4 tuple=records records_attr1=10.1.1.4 records_attr2=549bd41ae9a0ff267ba16ca46774adbd58233aaf records_attr3=c5c25ae74c0bca341b499d8c3e3923bf9f62f30a records_attr4=topic_Course_9(r222@n257(hasword_server_9)) 
time=999 node=10.1.1.4 tuple=records records_attr1=10.1.1.4 records_attr2=550c8e93d84936e0395e9e3898b8b4478bce4a5b records_attr3=41070321622cc20b272319354cb8b829125a62bb records_attr4=topic_Faculty_14(r479@n257(hasword_larg_14)) 
time=999 node=10.1.1.4 tuple=records records_attr1=10.1.1.4 records_attr2=5a6958ef018abec77cee47a14a7730690d6d0425 records_attr3=8ac3fb148d07887c3b46e00a65c6c761f34541df records_attr4=topic_Course_31(r49@n257(hasword_hall_31)) 
time=999 node=10.1.1.4 tuple=records records_attr1=10.1.1.4 records_attr2=6004305486d7f775b7bd4473294bf8501a89a423 records_attr3=d0a6d39020c1c123a580dac2778f4d193bbc4c9a records_attr4=topic_Person_18(r72@n257(hasword_java_18)) 
time=999 node=10.1.1.4 tuple=records records_attr1=10.1.1.4 records_attr2=61febd2de54169d546c162069c9b5c11496d49b4 records_attr3=985bb16fe063c4c93359e200548d62807ce7b40e records_attr4=topic_Staff_30(r52@n257(hasword_math_30)) 
time=999 node=10.1.1.4 tuple=records records_attr1=10.1.1.4 records_attr2=6397504ed237b6e83d0850aa771adc8d945cdb6d records_attr3=ddcbc202313d2fb96bf944631d7ca80b6f1f6b93 records_attr4=topic_ResearchProject_16(r470@n257(hasword_assist_16)) 
time=999 node=10.1.1.4 tuple=records records_attr1=10.1.1.4 records_attr2=69d79e502db3997fc6b5cf3c3c3f7b45bc61940a records_attr3=36476444964e33f1b11fa313c088002504cd96b9 records_attr4=topic_Person_51(rl@n257(links_51_84*topic_Person_84(r366@n257(hasword_check_84)))) 
time=999 node=10.1.1.4 tuple=records records_attr1=10.1.1.4 records_attr2=6a2967dae9fb1f1524341a5ca3b18a6a116c4602 records_attr3=dd1878ef857cd33e01661040e37e5a50b7069fd6 records_attr4=topic_Course_72(r222@n257(hasword_server_72)) 
time=999 node=10.1.1.4 tuple=records records_attr1=10.1.1.4 records_attr2=6b91ab29be6cdb9f3d11d0ca9f7512e2f5f620a8 records_attr3=aeb05d6a0e444a871f0dcb36f33007199caa88e7 records_attr4=topic_Course_76(r75@n257(hasword_address_76)) 
time=999 node=10.1.1.4 tuple=records records_attr1=10.1.1.4 records_attr2=6ecbf90c65c0225e0e521bf3c014a15f9bc31b8d records_attr3=5401e5330778625829b4cb3f3b3a97f7c2a0a58c records_attr4=topic_Faculty_10(rl@n257(links_10_64*topic_Faculty_64(r434@n257(hasword_place_64)))) 
time=999 node=10.1.1.4 tuple=records records_attr1=10.1.1.4 records_attr2=7552b2994af9e21c1c7496e96c26b9b0624b8169 records_attr3=e9f27db13b7160ff6f3e6f353fe5909a48afaf58 records_attr4=topic_Student_70(r379@n257(hasword_mondai_70)) 
time=999 node=10.1.1.4 tuple=records records_attr1=10.1.1.4 records_attr2=77c301e8653eb5fb19cb623ba2a99f129042e24f records_attr3=6bdf1646ffe2440c53f14170ce5a031cc6e2868d records_attr4=topic_Person_9(r228@n257(hasword_assist_9)) 
time=999 node=10.1.1.4 tuple=records records_attr1=10.1.1.4 records_attr2=7a2205e08206f5150890967d7a8d9681969d0ac9 records_attr3=191b13f8752f80cfa0575feac8fb92b5bcf04904 records_attr4=topic_Student_15(r43@n257(hasword_hw_15)) 
time=999 node=10.1.1.4 tuple=records records_attr1=10.1.1.4 records_attr2=88fcb6f0a1872bbcbeec35c48db8e2b0f4f5dc52 records_attr3=b41a144f6ab632bf07e80dbea12b8c691ef66ed7 records_attr4=topic_Person_69(r396@n257(hasword_assign_69)) 
time=999 node=10.1.1.4 tuple=records records_attr1=10.1.1.4 records_attr2=8bb230b4216781056680e03064f8ea1de7892255 records_attr3=f7fed0ac34af2d458dd27a0cb58b4890885b4ba4 records_attr4=topic_Course_20(r33@n257(hasword_public_20)) 
time=999 node=10.1.1.4 tuple=records records_attr1=10.1.1.4 records_attr2=99cc32c6188ca6434574e7de7b43879962962021 records_attr3=46c7a39e2d15c4ccff58636d007c10ea5d67a19b records_attr4=topic_Student_19(r121@n257(hasword_length_19)) 
time=999 node=10.1.1.4 tuple=records records_attr1=10.1.1.4 records_attr2=9fff322ec47134e5b651cb14e42640b6cef8c745 records_attr3=c136889fb6fc4a48c42b08e9f3fba5138d85ee26 records_attr4=topic_Faculty_35(r185@n257(hasword_suggest_35)) 
time=999 node=10.1.1.4 tuple=records records_attr1=10.1.1.4 records_attr2=a5349d7d86e59b7a6ac7546bb2d937b3fcf20484 records_attr3=b30c1168e5b1f7836cee7cb5ea027e5cabedbe1 records_attr4=topic_Course_32(r198@n257(hasword_sourc_32)) 
time=999 node=10.1.1.4 tuple=records records_attr1=10.1.1.4 records_attr2=ad3397920bbade2f7a450e5822ef0ed5b5a4652c records_attr3=6d1e0d3ff697209677e6a1ea04a4297459655b38 records_attr4=topic_ResearchProject_6(r122@n257(hasword_set_6)) 
time=999 node=10.1.1.4 tuple=records records_attr1=10.1.1.4 records_attr2=ae22d887567d2b4edc06cdba7cbf89c94c66c9f1 records_attr3=8e2099669b474fa6292c9dd1a64c1fe23fd21c39 records_attr4=topic_Student_23(r384@n257(hasword_low_23)) 
time=999 node=10.1.1.4 tuple=records records_attr1=10.1.1.4 records_attr2=aebb4e211ee60ce07715400afe6977a797d1589f records_attr3=6766c169b28535d67cea1c8031f4d732ff2abdb1 records_attr4=topic_Department_41(r485@n257(hasword_program_41)) 
time=999 node=10.1.1.4 tuple=records records_attr1=10.1.1.4 records_attr2=b13b5803d22cf3ff6fb7f45f60f33f5f5a83b1b2 records_attr3=b5186f2d033aed10033f04a6beb70aa162989689 records_attr4=topic_Person_28(r18@n257(hasword_repres_28)) 
time=999 node=10.1.1.4 tuple=records records_attr1=10.1.1.4 records_attr2=b18552619bc51d1d55679ec973e291415381e20e records_attr3=513947ec1bcac3279654ec29d8cf6c1282420e9d records_attr4=topic_Student_51(rl@n257(links_51_84*topic_Student_84(r172@n257(hasword_check_84)))) 
time=999 node=10.1.1.4 tuple=records records_attr1=10.1.1.4 records_attr2=b1a72793e8801b4a14cd6fd940c146917009833e records_attr3=9076f161653795f7a16710e58ad1244d8e6fa725 records_attr4=topic_Student_4(r121@n257(hasword_length_4)) 
time=999 node=10.1.1.4 tuple=records records_attr1=10.1.1.4 records_attr2=b6a83311c24181c1c2ccea4c14ea5a76c7c9b5f6 records_attr3=100b7dedc30fc3a536c215de98f9570e8ce1929 records_attr4=topic_Department_80(r420@n257(hasword_open_80)) 
time=999 node=10.1.1.4 tuple=records records_attr1=10.1.1.4 records_attr2=b800ab2d75d28eb53b94c3f230875193df2b87da records_attr3=c729b60191cad8f760c38e783c939d946df12591 records_attr4=topic_Student_21(r121@n257(hasword_length_21)) 
time=999 node=10.1.1.4 tuple=records records_attr1=10.1.1.4 records_attr2=ba1f996e3e226e5d672dcc21dcef1f9333744f5f records_attr3=a578b8408e50948a5353197138afc302294d0a87 records_attr4=topic_ResearchProject_9(r470@n257(hasword_assist_9)) 
time=999 node=10.1.1.4 tuple=records records_attr1=10.1.1.4 records_attr2=bd99919e3d920ab33e2d22cd237d1fd4948bcc27 records_attr3=23b32b88818490d47420de3867e4fb95f549d433 records_attr4=topic_Staff_54(r52@n257(hasword_math_54)) 
time=999 node=10.1.1.4 tuple=records records_attr1=10.1.1.4 records_attr2=c5bdcb4eb375e6e0f74470ec9660123e659427a2 records_attr3=f7e41d4236b8a2a6011afcb9044474554438c501 records_attr4=topic_Person_32(r453@n257(hasword_sourc_32)) 
time=999 node=10.1.1.4 tuple=records records_attr1=10.1.1.4 records_attr2=c8dca95ef55a79a2283134fed0dccce133b8a05d records_attr3=a35736eedd8699353aa7e2fbb17643fbd662bb13 records_attr4=topic_Course_35(r135@n257(hasword_continu_35)) 
time=999 node=10.1.1.4 tuple=records records_attr1=10.1.1.4 records_attr2=d08895249218dd21b26bdc1076acd8d3a8d079c1 records_attr3=88ce11749b5e2b7ff1320757c4bd32fd8b78799c records_attr4=topic_Staff_85(r317@n257(hasword_command_85)) 
time=999 node=10.1.1.4 tuple=records records_attr1=10.1.1.4 records_attr2=d3f1630a14f36cb5a618a4a15c7af003473738d7 records_attr3=59d2f4c5dc0b71008f5daa9cdf06dab6a7d39f91 records_attr4=topic_Department_65(r132@n257(hasword_cse_65)) 
time=999 node=10.1.1.4 tuple=records records_attr1=10.1.1.4 records_attr2=d83d6157b19d0d9ea0bd54d115a1230ae3456b7b records_attr3=921546602c4f9d4295d379e84c3c1682774bb033 records_attr4=topic_Faculty_43(r87@n257(hasword_year_43)) 
time=999 node=10.1.1.4 tuple=records records_attr1=10.1.1.4 records_attr2=dafd8cf784027724a108dbc99ae4d0853bce64ea records_attr3=8745469f1cc9ac8623e023d818523539ac1d6b91 records_attr4=topic_Course_84(r272@n257(hasword_check_84)) 
time=999 node=10.1.1.4 tuple=records records_attr1=10.1.1.4 records_attr2=e00f66319c615d6f83895bee72bb90e5b76eebe6 records_attr3=dc8e2eee8701d6360a534037bc482bed976b78c8 records_attr4=topic_Department_66(r195@n257(hasword_prototyp_66)) 
time=999 node=10.1.1.4 tuple=records records_attr1=10.1.1.4 records_attr2=e3d4e79d2c5d006cd0379720005aca222ff5ba36 records_attr3=9a03a4279801fd56f432a48b1785618818caac49 records_attr4=topic_ResearchProject_92(r482@n257(hasword_citi_92)) 
time=999 node=10.1.1.4 tuple=records records_attr1=10.1.1.4 records_attr2=e7d7e6ad3dfe40ea14b6da4367f1fec25d4bfc9c records_attr3=16fdd952da319b98c5bf82700ea25d1ce15f952c records_attr4=topic_Student_84(r172@n257(hasword_check_84)) 
time=999 node=10.1.1.4 tuple=records records_attr1=10.1.1.4 records_attr2=ecae6c205bb12b75ec9b683fdef98a55bc23ae86 records_attr3=2e45693ddab89a2444c7ddde8c000809c312739c records_attr4=topic_Student_57(r147@n257(hasword_sep_57)) 
time=999 node=10.1.1.4 tuple=records records_attr1=10.1.1.4 records_attr2=ef9a2708077d99d0d3c2174612529afd0113f128 records_attr3=6264b8c247d1d6da6c7a893fedec5d15e16d7883 records_attr4=topic_ResearchProject_86(r461@n257(hasword_term_86)) 
time=999 node=10.1.1.4 tuple=records records_attr1=10.1.1.4 records_attr2=f07b791985105f538054df2cbd85ec7e15c5ae6f records_attr3=20e14d6cc3e1e76da5a357b9febfc02d45053043 records_attr4=topic_Person_37(r338@n257(hasword_pictur_37)) 
time=999 node=10.1.1.4 tuple=records records_attr1=10.1.1.4 records_attr2=f44e17f785aa7dc2f249ebf0ada7996408b07c49 records_attr3=881f90f6546dcc2cfdd8220cb68f752a24c66e9 records_attr4=topic_Faculty_71(r323@n257(hasword_end_71)) 
time=999 node=10.1.1.4 tuple=records records_attr1=10.1.1.4 records_attr2=f543f7d9b9a69f8812a4caf1dd943a55728bbb0f records_attr3=d33ab9d964631e5faf76aced6b8092a3a7b798cc records_attr4=topic_Person_10(rl@n257(links_10_64*topic_Person_64(r234@n257(hasword_place_64)))) 
time=999 node=10.1.1.4 tuple=records records_attr1=10.1.1.4 records_attr2=f792b142b1c43124b44a50cbe5b1b1f13b753942 records_attr3=181a85e11a222348a15d41176ed0397c5915af97 records_attr4=topic_Course_82(r400@n257(hasword_tx_82)) 
time=999 node=10.1.1.4 tuple=records records_attr1=10.1.1.4 records_attr2=fcda2a6517deddce1cb4ecea71cb0eb874c509c9 records_attr3=8d7e98c94bc7ab2277877c31314851f75549a84e records_attr4=topic_Student_16(r355@n257(hasword_assist_16)) 
time=999 node=10.1.1.4 tuple=records records_attr1=10.1.1.4 records_attr2=fd7bf4e441e57bbef4fbb88c2cf64e162e6004db records_attr3=b1a5b683fe18a45aaacb9b45a728a1c698c17161 records_attr4=topic_Department_74(r305@n257(hasword_origin_74)) 
time=999 node=10.1.1.4 tuple=records records_attr1=10.1.1.4 records_attr2=fd93ce1cd3e0dad7c82e1817b266eff1ff55eace records_attr3=a5cde857a92646a8926d411974ad7ab2f7e42c04 records_attr4=topic_Faculty_23(r380@n257(hasword_low_23)) 
time cost: 69.4772 seconds
24161
Student
Faculty
Staff
ResearchProject
Course
Department
Person
11572611
11573148
11573958
11574516
11575332
11575652
11576208
13255410
13255865
13256416
13258047
13258549
13258938
13259129
13347423
13347749
13348016
13348208
13348420
13350089
13351306
13442259
13442571
13442770
13442958
13443334
13443566
13443748
13531455
13531701
13532278
13534649
13537509
13538374
13538629
13685056
13685702
13686238
13686978
13687688
13687941
13688140
13809475
13809682
13810024
13810209
13810388
13810564
13810741
14005162
14005446
14005803
14006114
14006427
14006857
14007126
14209800
14210045
14210225
14210498
14210683
14210859
14211034
14353629
14354155
14354483
14354868
14355182
14355511
14355831
14897854
14899835
14904060
14905360
14906107
14906462
14907744
15361843
15362309
15362924
15364120
15364675
15365033
15365348
15473947
15474521
15474742
15474932
15475200
15475398
15475800
15584910
15585514
15585870
15586184
15586184
15586184
15586184
15706758
15707057
15707370
15707566
15707829
15708071
15708379
15880924
15881394
15881796
15883006
15883645
15884224
15884659
16147444
16148182
16148521
16148980
16149314
16149746
16150215
16536337
16536805
16537202
16537664
16538180
16538872
16539211
16661512
16662040
16662551
16664331
16665147
16667617
16668166
16860914
16860914
16860914
16860914
16863526
16863731
16864084
17070188
17070649
17070866
17071064
17071263
17071535
17071727
17312293
17312708
17312927
17313135
17313353
17313672
17313960
17546349
17546630
17546822
17547008
17547191
17547529
17547734
17796090
17796347
17796537
17796810
17796999
17797182
17797365
18247640
18248522
18248940
18249271
18249697
18250028
18250349
18500935
18501426
18501999
18502717
18502935
18503129
18503312
18948432
18948851
18951211
18951548
18951815
18952178
18952459
19178025
19178548
19178877
19179191
19179607
19179926
19180369
19335156
19335407
19335591
19335771
19335948
19336229
19336436
19721317
19726004
19726452
19726767
19731624
19732118
19732441
19868516
19868760
19868941
19869120
19869297
19869673
19869875
20497185
20497747
20498093
20498292
20498493
20498677
20498855
20760225
20760508
20760692
20760989
20761196
20761395
20761585
21154225
21154734
21155153
21155489
21156220
21157195
21157471
21285708
21285708
21287955
21288314
21288599
21288651
21288651
21406891
21407302
21407672
21407860
21408033
21408213
21408388
21765301
21765681
21765876
21766064
21766255
21766545
21766798
22034325
22036355
22036962
22037790
22038423
22038881
22039044
22300590
22300981
22301290
22301496
22301690
22302239
22302549
22442222
22442563
22442744
22442917
22443089
22443429
22443625
22570812
22571069
22571382
22571592
22571767
22572093
22572430
22703230
22703671
22703863
22704056
22704298
22704631
22704826
22950392
22950712
22950916
22951117
22951443
22951701
22951905
23073741
23074692
23075232
23075472
23075655
23075833
23076046
23353312
23353673
23353961
23354225
23354403
23354696
23354892
23600730
23601036
23601416
23601605
23601780
23601952
23602123
23833397
23833846
23834179
23834788
23836144
23836560
23836749
24004308
24004874
24005208
24005701
24006026
24006332
24006622
24124146
24125330
24125839
24126130
24126550
24127146
24127707
24656448
24660661
24661244
24661722
24662015
24662302
24662699
24815194
24815434
24815789
24815967
24816138
24816309
24816479
24966995
24967344
24967987
24968261
24968438
24968688
24969102
26225619
26227388
26228387
26228774
26229483
26230521
26231220
26393301
26393710
26394209
26394550
26394889
26395377
26396210
26767508
26767942
26768136
26768310
26768482
26768666
26768924
27096260
27096609
27096793
27096966
27097138
27097416
27097589
27268942
27269413
27269716
27270053
27270468
27270773
27271189
27422358
27423149
27423427
27423720
27423895
27424065
27424235
27782368
27782773
27782773
27782773
27782773
27782773
27782773
27927155
27927395
27927572
27927921
27928370
27929070
27929677
28236979
28237501
28237896
28238093
28238267
28238440
28238613
28568680
28568970
28569168
28569355
28569528
28570239
28570440
28721004
28721345
28721527
28721701
28721873
28722062
28722217
28892436
28892783
28893531
28894116
28894850
28895079
28895384
29266424
29266824
29267007
29267181
29267352
29267524
29267822
29854335
29854841
29855033
29855208
29855400
29855516
29855960
30253105
30253409
30253674
30253868
30254043
30254223
30254398
30588765
30588998
30589166
30589333
30589493
30589745
30589912
30782735
30783283
30783488
30783739
30784147
30784361
30784533
30940537
30941112
30941473
30942046
30942547
30942920
30943255
31451038
31451761
31452790
31453163
31453551
31453728
31453896
31949347
31950257
31950747
31950870
31950870
31950870
31950870
32408790
32409529
32410079
32411026
32411324
32412163
32412713
32784673
32784917
32785089
32785237
32785515
32785690
32785856
32951694
32951953
32952025
32952396
32952568
32952747
32952935
33309602
33310107
33310302
33310537
33310830
33311269
33311629
33472731
33473165
33473361
33473549
33473828
33474113
33474306
33841950
33842478
33842667
33843065
33843403
33843642
33843823
34018508
34019035
34019348
34019558
34020082
34020400
34020606
34222596
34223409
34223785
34224156
34224353
34224523
34224795
34654612
34654852
34655025
34655195
34655447
34655779
34655965
35038349
35038588
35038714
35039010
35039178
35039393
35039813
35223436
35223886
35224489
35227190
35227620
35227980
35228226
35858904
35859807
35861245
35861535
35861772
35862475
35863191
36304832
36305154
36305332
36305498
36305746
36305917
36306082
37158346
37158804
37159029
37159827
37160226
37160532
37160814
37646375
37646631
37646938
37647126
37647296
37647466
37647631
38110994
38111307
38111636
38111807
38111973
38112139
38112304
38323841
38324556
38324801
38325153
38325861
38326337
38326610
38545201
38545449
38545632
38546005
38546182
38546349
38546514
38742468
38743063
38743318
38743505
38743758
38743928
38744093
39136248
39136692
39136957
39137188
39137561
39137811
39138056
39385125
39385381
39385549
39385779
39386039
39386325
39386510
39839085
39839427
39839600
39839774
39839941
39840238
39840435
40051355
40052423
40052835
40053216
40053395
40053731
40053914
40255453
40255704
40255874
40255994
40256294
40256463
40256628
40466105
40466573
40466869
40467279
40467570
40469139
40469367
40673690
40673923
40674092
40674259
40674424
40674584
40674892
40876627
40876627
40878597
40879150
40879452
40879922
40880217
41090209
41090595
41090775
41090941
41091106
41091271
41091435
time=999 node=10.1.1.4 tuple=records records_attr1=10.1.1.4 records_attr2=16bfb71c2f016a5056917e5280212c646206505 records_attr3=d32b6a20bcde0b45db1d7b6294582ed3c1f5ccdc records_attr4=topic_Person_84(r366@n257(hasword_check_84)) 
time=999 node=10.1.1.4 tuple=records records_attr1=10.1.1.4 records_attr2=40f01e64f646247eac9d4a0710a60258615e792 records_attr3=16424b2908c46650929e416a6e1245cff928450f records_attr4=topic_Student_9(r355@n257(hasword_assist_9)) 
time=999 node=10.1.1.4 tuple=records records_attr1=10.1.1.4 records_attr2=4ae19139e18c61fe62a7a1f290b2a0af843ff0a records_attr3=844c1b458ec1e056f964cc76d2cc18ef5536608e records_attr4=topic_Student_30(r363@n257(hasword_number_30)) 
time=999 node=10.1.1.4 tuple=records records_attr1=10.1.1.4 records_attr2=ba1d13714f58ca7ef0dc8f6fba993f1510eef5d records_attr3=a3bd354cf92d1140e06db9ed77716bf7a7bf44ad records_attr4=topic_ResearchProject_59(r215@n257(hasword_home_59)) 
time=999 node=10.1.1.4 tuple=records records_attr1=10.1.1.4 records_attr2=f3c4a37d1b5e19594b2d164d042a3e8c2018b79 records_attr3=42b64b9750ec3c61035293a8fc96c4666923c75c records_attr4=topic_ResearchProject_25(r30@n257(hasword_lab_25)) 
time=999 node=10.1.1.4 tuple=records records_attr1=10.1.1.4 records_attr2=12cef51e6da919657bd9e9280106bf9600b336bd records_attr3=dd29fc31de722e006e3b3c3b70ed6845a973c1dd records_attr4=topic_Course_51(rl@n257(links_51_84*topic_Course_84(r272@n257(hasword_check_84)))) 
time=999 node=10.1.1.4 tuple=records records_attr1=10.1.1.4 records_attr2=16c4b8521641c7458560460396cdec5be9e3cd0e records_attr3=7f9a7bfb34b3a50fc826a56ab9368cbbab708d52 records_attr4=topic_Staff_63(r291@n257(hasword_size_63)) 
time=999 node=10.1.1.4 tuple=records records_attr1=10.1.1.4 records_attr2=170c09d09ce59495cad711cfc44d7c3237555913 records_attr3=a58669b84ea98ba490f81d9177f1f9ba4c921a31 records_attr4=topic_Department_60(r349@n257(hasword_period_60)) 
time=999 node=10.1.1.4 tuple=records records_attr1=10.1.1.4 records_attr2=173c49f894ded757b76f9c1d2cab7bd94e912a0a records_attr3=cf24f9e1edc70781803e84948ddfe8726bd1dd79 records_attr4=topic_Person_64(r234@n257(hasword_place_64)) 
time=999 node=10.1.1.4 tuple=records records_attr1=10.1.1.4 records_attr2=1a7c303fbbdcdbb79d18ea8abea4b1eca0fd2b1f records_attr3=33763d1cb1585c36f1f72118e52137261ce9c099 records_attr4=topic_Course_24(r466@n257(hasword_link_24)) 
time=999 node=10.1.1.4 tuple=records records_attr1=10.1.1.4 records_attr2=1afa748ca4a4cfce3aad94ac59429e83637e2db0 records_attr3=4112591d60b8d0bf9277d777392d2e6c19daf98a records_attr4=topic_Course_53(r222@n257(hasword_server_53)) 
time=999 node=10.1.1.4 tuple=records records_attr1=10.1.1.4 records_attr2=1b6cea926b4c3e837635daaf7f481f47c846b5ac records_attr3=c9c84f253d0f30ad673f1aed4a3639ecc1b273e2 records_attr4=topic_ResearchProject_22(r126@n257(hasword_note_22)) 
time=999 node=10.1.1.4 tuple=records records_attr1=10.1.1.4 records_attr2=290db2745cda4596e04afebb198d649937fe6076 records_attr3=b018b232fe27a1ba0f6cc697c1e8f78e23bd672e records_attr4=topic_ResearchProject_79(r214@n257(hasword_increas_79)) 
time=999 node=10.1.1.4 tuple=records records_attr1=10.1.1.4 records_attr2=2da78abda05cacdaa5ab8e2af7ed488758a7f9e6 records_attr3=b1408b639c860ae0d2bc18bbf67ae2e3e69f5de records_attr4=topic_Department_15(r173@n257(hasword_hw_15)) 
time=999 node=10.1.1.4 tuple=records records_attr1=10.1.1.4 records_attr2=31381720529cffd76ee29b0d93108e93511bbdb0 records_attr3=caca210b42ee3b14f3a7d9c9550b1a4715615bc records_attr4=topic_ResearchProject_82(r114@n257(hasword_tx_82)) 
time=999 node=10.1.1.4 tuple=records records_attr1=10.1.1.4 records_attr2=3339672b45eb11c841e022a75b81a126f810c81f records_attr3=69c82f7c503c6cd16b8388b5bf8971c01d853fdd records_attr4=topic_Course_8(r219@n257(hasword_softwar_8)) 
time=999 node=10.1.1.4 tuple=records records_attr1=10.1.1.4 records_attr2=344345861ae0935f5fa47b15667df579a652f4f5 records_attr3=6a43c46411e276dd53051d41197c24a3e88e0a13 records_attr4=topic_Faculty_83(r182@n257(hasword_date_83)) 
time=999 node=10.1.1.4 tuple=records records_attr1=10.1.1.4 records_attr2=451dd07181473d9c6808521dba5c941d3a47d5c9 records_attr3=11f33b580d4c61ee78a2d1fc7794a9e45f1176d1 records_attr4=topic_Person_70(r107@n257(hasword_due_70)) 
time=999 node=10.1.1.4 tuple=records records_attr1=10.1.1.4 records_attr2=453fb76d7031dea354277a0ef48a4d1bfa5ea87b records_attr3=b456852a11c7fc487c51b9b3b845b1a609eeb31d records_attr4=topic_ResearchProject_28(r54@n257(hasword_repres_28)) 
time=999 node=10.1.1.4 tuple=records records_attr1=10.1.1.4 records_attr2=477c0305f245ea01f760a94b104c4fc460fafbe5 records_attr3=69f0e50a7d6f4ee016c6c82383bc05b5dda61ff1 records_attr4=topic_Person_23(r373@n257(hasword_low_23)) 
time=999 node=10.1.1.4 tuple=records records_attr1=10.1.1.4 records_attr2=499ff41109fb077fe671fe5cbcb885cb6991e2dc records_attr3=ba3361ebec923a936100df6c9a6f3f2949c47d65 records_attr4=topic_Faculty_64(r434@n257(hasword_place_64)) 
time=999 node=10.1.1.4 tuple=records records_attr1=10.1.1.4 records_attr2=4c6f48cea51843e7bb3c4977658107e52ba4cf62 records_attr3=816335ae2d722588b4d2ce300f9b94aa82c38e18 records_attr4=topic_Course_30(r0@n257(hasword_number_30)) 
time=999 node=10.1.1.4 tuple=records records_attr1=10.1.1.4 records_attr2=4d324ab0e0dfbb6183f9b4579964fcd786b24458 records_attr3=52824f4e45ffde872d804135b79d382fcc733ddd records_attr4=topic_Person_7(r495@n257(hasword_academ_7)) 
time=999 node=10.1.1.4 tuple=records records_attr1=10.1.1.4 records_attr2=4d63957da7f9cbe8e28c40e24cc81a4de5d074bb records_attr3=e1211a2b70afb5200508d05d4d786af915cd2393 records_attr4=topic_Person_16(r228@n257(hasword_assist_16)) 
time=999 node=10.1.1.4 tuple=records records_attr1=10.1.1.4 records_attr2=4d8a06b6aa0e7030e1ea8b423911de16c26a44c2 records_attr3=59c430a54e1475c781262804962081994c910b68 records_attr4=topic_Staff_36(r350@n257(hasword_paper_36)) 
time=999 node=10.1.1.4 tuple=records records_attr1=10.1.1.4 records_attr2=528c3b3fc44c1c30457db60d810fbf5baa328a88 records_attr3=8d66380d860c0b9c51bbd427dd17339629dbdb39 records_attr4=topic_Course_69(r308@n257(hasword_assign_69)) 
time=999 node=10.1.1.4 tuple=records records_attr1=10.1.1.4 records_attr2=549bd41ae9a0ff267ba16ca46774adbd58233aaf records_attr3=c5c25ae74c0bca341b499d8c3e3923bf9f62f30a records_attr4=topic_Course_9(r222@n257(hasword_server_9)) 
time=999 node=10.1.1.4 tuple=records records_attr1=10.1.1.4 records_attr2=550c8e93d84936e0395e9e3898b8b4478bce4a5b records_attr3=41070321622cc20b272319354cb8b829125a62bb records_attr4=topic_Faculty_14(r479@n257(hasword_larg_14)) 
time=999 node=10.1.1.4 tuple=records records_attr1=10.1.1.4 records_attr2=5a6958ef018abec77cee47a14a7730690d6d0425 records_attr3=8ac3fb148d07887c3b46e00a65c6c761f34541df records_attr4=topic_Course_31(r49@n257(hasword_hall_31)) 
time=999 node=10.1.1.4 tuple=records records_attr1=10.1.1.4 records_attr2=6004305486d7f775b7bd4473294bf8501a89a423 records_attr3=d0a6d39020c1c123a580dac2778f4d193bbc4c9a records_attr4=topic_Person_18(r72@n257(hasword_java_18)) 
time=999 node=10.1.1.4 tuple=records records_attr1=10.1.1.4 records_attr2=61febd2de54169d546c162069c9b5c11496d49b4 records_attr3=985bb16fe063c4c93359e200548d62807ce7b40e records_attr4=topic_Staff_30(r52@n257(hasword_math_30)) 
time=999 node=10.1.1.4 tuple=records records_attr1=10.1.1.4 records_attr2=6397504ed237b6e83d0850aa771adc8d945cdb6d records_attr3=ddcbc202313d2fb96bf944631d7ca80b6f1f6b93 records_attr4=topic_ResearchProject_16(r470@n257(hasword_assist_16)) 
time=999 node=10.1.1.4 tuple=records records_attr1=10.1.1.4 records_attr2=69d79e502db3997fc6b5cf3c3c3f7b45bc61940a records_attr3=36476444964e33f1b11fa313c088002504cd96b9 records_attr4=topic_Person_51(rl@n257(links_51_84*topic_Person_84(r366@n257(hasword_check_84)))) 
time=999 node=10.1.1.4 tuple=records records_attr1=10.1.1.4 records_attr2=6a2967dae9fb1f1524341a5ca3b18a6a116c4602 records_attr3=dd1878ef857cd33e01661040e37e5a50b7069fd6 records_attr4=topic_Course_72(r222@n257(hasword_server_72)) 
time=999 node=10.1.1.4 tuple=records records_attr1=10.1.1.4 records_attr2=6b91ab29be6cdb9f3d11d0ca9f7512e2f5f620a8 records_attr3=aeb05d6a0e444a871f0dcb36f33007199caa88e7 records_attr4=topic_Course_76(r75@n257(hasword_address_76)) 
time=999 node=10.1.1.4 tuple=records records_attr1=10.1.1.4 records_attr2=6ecbf90c65c0225e0e521bf3c014a15f9bc31b8d records_attr3=5401e5330778625829b4cb3f3b3a97f7c2a0a58c records_attr4=topic_Faculty_10(rl@n257(links_10_64*topic_Faculty_64(r434@n257(hasword_place_64)))) 
time=999 node=10.1.1.4 tuple=records records_attr1=10.1.1.4 records_attr2=7552b2994af9e21c1c7496e96c26b9b0624b8169 records_attr3=e9f27db13b7160ff6f3e6f353fe5909a48afaf58 records_attr4=topic_Student_70(r379@n257(hasword_mondai_70)) 
time=999 node=10.1.1.4 tuple=records records_attr1=10.1.1.4 records_attr2=77c301e8653eb5fb19cb623ba2a99f129042e24f records_attr3=6bdf1646ffe2440c53f14170ce5a031cc6e2868d records_attr4=topic_Person_9(r228@n257(hasword_assist_9)) 
time=999 node=10.1.1.4 tuple=records records_attr1=10.1.1.4 records_attr2=7a2205e08206f5150890967d7a8d9681969d0ac9 records_attr3=191b13f8752f80cfa0575feac8fb92b5bcf04904 records_attr4=topic_Student_15(r43@n257(hasword_hw_15)) 
time=999 node=10.1.1.4 tuple=records records_attr1=10.1.1.4 records_attr2=88fcb6f0a1872bbcbeec35c48db8e2b0f4f5dc52 records_attr3=b41a144f6ab632bf07e80dbea12b8c691ef66ed7 records_attr4=topic_Person_69(r396@n257(hasword_assign_69)) 
time=999 node=10.1.1.4 tuple=records records_attr1=10.1.1.4 records_attr2=8bb230b4216781056680e03064f8ea1de7892255 records_attr3=f7fed0ac34af2d458dd27a0cb58b4890885b4ba4 records_attr4=topic_Course_20(r33@n257(hasword_public_20)) 
time=999 node=10.1.1.4 tuple=records records_attr1=10.1.1.4 records_attr2=99cc32c6188ca6434574e7de7b43879962962021 records_attr3=46c7a39e2d15c4ccff58636d007c10ea5d67a19b records_attr4=topic_Student_19(r121@n257(hasword_length_19)) 
time=999 node=10.1.1.4 tuple=records records_attr1=10.1.1.4 records_attr2=9fff322ec47134e5b651cb14e42640b6cef8c745 records_attr3=c136889fb6fc4a48c42b08e9f3fba5138d85ee26 records_attr4=topic_Faculty_35(r185@n257(hasword_suggest_35)) 
time=999 node=10.1.1.4 tuple=records records_attr1=10.1.1.4 records_attr2=a5349d7d86e59b7a6ac7546bb2d937b3fcf20484 records_attr3=b30c1168e5b1f7836cee7cb5ea027e5cabedbe1 records_attr4=topic_Course_32(r198@n257(hasword_sourc_32)) 
time=999 node=10.1.1.4 tuple=records records_attr1=10.1.1.4 records_attr2=ad3397920bbade2f7a450e5822ef0ed5b5a4652c records_attr3=6d1e0d3ff697209677e6a1ea04a4297459655b38 records_attr4=topic_ResearchProject_6(r122@n257(hasword_set_6)) 
time=999 node=10.1.1.4 tuple=records records_attr1=10.1.1.4 records_attr2=ae22d887567d2b4edc06cdba7cbf89c94c66c9f1 records_attr3=8e2099669b474fa6292c9dd1a64c1fe23fd21c39 records_attr4=topic_Student_23(r384@n257(hasword_low_23)) 
time=999 node=10.1.1.4 tuple=records records_attr1=10.1.1.4 records_attr2=aebb4e211ee60ce07715400afe6977a797d1589f records_attr3=6766c169b28535d67cea1c8031f4d732ff2abdb1 records_attr4=topic_Department_41(r485@n257(hasword_program_41)) 
time=999 node=10.1.1.4 tuple=records records_attr1=10.1.1.4 records_attr2=b13b5803d22cf3ff6fb7f45f60f33f5f5a83b1b2 records_attr3=b5186f2d033aed10033f04a6beb70aa162989689 records_attr4=topic_Person_28(r18@n257(hasword_repres_28)) 
time=999 node=10.1.1.4 tuple=records records_attr1=10.1.1.4 records_attr2=b18552619bc51d1d55679ec973e291415381e20e records_attr3=513947ec1bcac3279654ec29d8cf6c1282420e9d records_attr4=topic_Student_51(rl@n257(links_51_84*topic_Student_84(r172@n257(hasword_check_84)))) 
time=999 node=10.1.1.4 tuple=records records_attr1=10.1.1.4 records_attr2=b1a72793e8801b4a14cd6fd940c146917009833e records_attr3=9076f161653795f7a16710e58ad1244d8e6fa725 records_attr4=topic_Student_4(r121@n257(hasword_length_4)) 
time=999 node=10.1.1.4 tuple=records records_attr1=10.1.1.4 records_attr2=b6a83311c24181c1c2ccea4c14ea5a76c7c9b5f6 records_attr3=100b7dedc30fc3a536c215de98f9570e8ce1929 records_attr4=topic_Department_80(r420@n257(hasword_open_80)) 
time=999 node=10.1.1.4 tuple=records records_attr1=10.1.1.4 records_attr2=b800ab2d75d28eb53b94c3f230875193df2b87da records_attr3=c729b60191cad8f760c38e783c939d946df12591 records_attr4=topic_Student_21(r121@n257(hasword_length_21)) 
time=999 node=10.1.1.4 tuple=records records_attr1=10.1.1.4 records_attr2=ba1f996e3e226e5d672dcc21dcef1f9333744f5f records_attr3=a578b8408e50948a5353197138afc302294d0a87 records_attr4=topic_ResearchProject_9(r470@n257(hasword_assist_9)) 
time=999 node=10.1.1.4 tuple=records records_attr1=10.1.1.4 records_attr2=bd99919e3d920ab33e2d22cd237d1fd4948bcc27 records_attr3=23b32b88818490d47420de3867e4fb95f549d433 records_attr4=topic_Staff_54(r52@n257(hasword_math_54)) 
time=999 node=10.1.1.4 tuple=records records_attr1=10.1.1.4 records_attr2=c5bdcb4eb375e6e0f74470ec9660123e659427a2 records_attr3=f7e41d4236b8a2a6011afcb9044474554438c501 records_attr4=topic_Person_32(r453@n257(hasword_sourc_32)) 
time=999 node=10.1.1.4 tuple=records records_attr1=10.1.1.4 records_attr2=c8dca95ef55a79a2283134fed0dccce133b8a05d records_attr3=a35736eedd8699353aa7e2fbb17643fbd662bb13 records_attr4=topic_Course_35(r135@n257(hasword_continu_35)) 
time=999 node=10.1.1.4 tuple=records records_attr1=10.1.1.4 records_attr2=d08895249218dd21b26bdc1076acd8d3a8d079c1 records_attr3=88ce11749b5e2b7ff1320757c4bd32fd8b78799c records_attr4=topic_Staff_85(r317@n257(hasword_command_85)) 
time=999 node=10.1.1.4 tuple=records records_attr1=10.1.1.4 records_attr2=d3f1630a14f36cb5a618a4a15c7af003473738d7 records_attr3=59d2f4c5dc0b71008f5daa9cdf06dab6a7d39f91 records_attr4=topic_Department_65(r132@n257(hasword_cse_65)) 
time=999 node=10.1.1.4 tuple=records records_attr1=10.1.1.4 records_attr2=d83d6157b19d0d9ea0bd54d115a1230ae3456b7b records_attr3=921546602c4f9d4295d379e84c3c1682774bb033 records_attr4=topic_Faculty_43(r87@n257(hasword_year_43)) 
time=999 node=10.1.1.4 tuple=records records_attr1=10.1.1.4 records_attr2=dafd8cf784027724a108dbc99ae4d0853bce64ea records_attr3=8745469f1cc9ac8623e023d818523539ac1d6b91 records_attr4=topic_Course_84(r272@n257(hasword_check_84)) 
time=999 node=10.1.1.4 tuple=records records_attr1=10.1.1.4 records_attr2=e00f66319c615d6f83895bee72bb90e5b76eebe6 records_attr3=dc8e2eee8701d6360a534037bc482bed976b78c8 records_attr4=topic_Department_66(r195@n257(hasword_prototyp_66)) 
time=999 node=10.1.1.4 tuple=records records_attr1=10.1.1.4 records_attr2=e3d4e79d2c5d006cd0379720005aca222ff5ba36 records_attr3=9a03a4279801fd56f432a48b1785618818caac49 records_attr4=topic_ResearchProject_92(r482@n257(hasword_citi_92)) 
time=999 node=10.1.1.4 tuple=records records_attr1=10.1.1.4 records_attr2=e7d7e6ad3dfe40ea14b6da4367f1fec25d4bfc9c records_attr3=16fdd952da319b98c5bf82700ea25d1ce15f952c records_attr4=topic_Student_84(r172@n257(hasword_check_84)) 
time=999 node=10.1.1.4 tuple=records records_attr1=10.1.1.4 records_attr2=ecae6c205bb12b75ec9b683fdef98a55bc23ae86 records_attr3=2e45693ddab89a2444c7ddde8c000809c312739c records_attr4=topic_Student_57(r147@n257(hasword_sep_57)) 
time=999 node=10.1.1.4 tuple=records records_attr1=10.1.1.4 records_attr2=ef9a2708077d99d0d3c2174612529afd0113f128 records_attr3=6264b8c247d1d6da6c7a893fedec5d15e16d7883 records_attr4=topic_ResearchProject_86(r461@n257(hasword_term_86)) 
time=999 node=10.1.1.4 tuple=records records_attr1=10.1.1.4 records_attr2=f07b791985105f538054df2cbd85ec7e15c5ae6f records_attr3=20e14d6cc3e1e76da5a357b9febfc02d45053043 records_attr4=topic_Person_37(r338@n257(hasword_pictur_37)) 
time=999 node=10.1.1.4 tuple=records records_attr1=10.1.1.4 records_attr2=f44e17f785aa7dc2f249ebf0ada7996408b07c49 records_attr3=881f90f6546dcc2cfdd8220cb68f752a24c66e9 records_attr4=topic_Faculty_71(r323@n257(hasword_end_71)) 
time=999 node=10.1.1.4 tuple=records records_attr1=10.1.1.4 records_attr2=f543f7d9b9a69f8812a4caf1dd943a55728bbb0f records_attr3=d33ab9d964631e5faf76aced6b8092a3a7b798cc records_attr4=topic_Person_10(rl@n257(links_10_64*topic_Person_64(r234@n257(hasword_place_64)))) 
time=999 node=10.1.1.4 tuple=records records_attr1=10.1.1.4 records_attr2=f792b142b1c43124b44a50cbe5b1b1f13b753942 records_attr3=181a85e11a222348a15d41176ed0397c5915af97 records_attr4=topic_Course_82(r400@n257(hasword_tx_82)) 
time=999 node=10.1.1.4 tuple=records records_attr1=10.1.1.4 records_attr2=fcda2a6517deddce1cb4ecea71cb0eb874c509c9 records_attr3=8d7e98c94bc7ab2277877c31314851f75549a84e records_attr4=topic_Student_16(r355@n257(hasword_assist_16)) 
time=999 node=10.1.1.4 tuple=records records_attr1=10.1.1.4 records_attr2=fd7bf4e441e57bbef4fbb88c2cf64e162e6004db records_attr3=b1a5b683fe18a45aaacb9b45a728a1c698c17161 records_attr4=topic_Department_74(r305@n257(hasword_origin_74)) 
time=999 node=10.1.1.4 tuple=records records_attr1=10.1.1.4 records_attr2=fd93ce1cd3e0dad7c82e1817b266eff1ff55eace records_attr3=a5cde857a92646a8926d411974ad7ab2f7e42c04 records_attr4=topic_Faculty_23(r380@n257(hasword_low_23)) 
time cost: 43.8402 seconds
