18863
Student
Faculty
Staff
ResearchProject
Course
Department
Person
14728524
14728748
14728910
14729055
14729198
14729339
14729425
16415471
16415744
16415890
16416028
16416166
16416303
16416440
16479014
16479285
16479512
16479656
16479800
16479938
16480074
16624894
16625149
16625294
16625431
16625569
16625706
16625843
16867078
16867257
16867395
16867532
16867668
16867874
16868018
16962109
16962284
16962424
16962562
16962774
16962916
16963053
17027777
17027956
17028096
17028234
17028371
17028577
17028717
17130570
17130765
17130905
17131043
17131181
17131388
17131527
17231739
17231920
17232058
17232270
17232413
17232549
17232684
17296725
17296904
17297109
17297252
17297390
17297528
17297663
17489975
17490159
17490299
17490438
17490574
17490710
17490847
17556141
17556318
17556458
17556597
17556796
17556942
17557078
17623117
17623296
17623437
17623575
17623782
17623926
17624064
17715199
17715409
17715409
17715409
17715409
17715409
17715409
17893523
17893889
17894107
17894334
17894544
17894755
17895043
18041107
18041317
18041331
18041896
18042043
18042210
18042363
18130731
18131027
18131482
18132198
18132418
18132631
18133000
18614112
18614389
18614535
18614674
18614812
18614948
18615085
18702171
18702488
18702638
18702777
18702916
18703053
18703189
18879477
18879768
18879977
18880373
18880591
18880813
18881026
19064680
19064890
19065102
19065162
19065457
19065596
19065734
19149468
19149657
19149799
19149938
19150075
19150213
19150349
19236101
19236309
19236460
19236603
19236741
19236994
19237147
19356965
19357152
19357723
19357941
19358274
19358436
19358578
19820878
19821191
19821351
19821490
19821627
19821764
19821900
19981166
19981369
19981513
19981655
19982052
19982224
19982367
20081358
20081618
20081767
20082022
20082173
20082311
20082450
20346441
20346733
20346880
20347019
20347042
20347440
20347644
20618729
20618921
20619063
20619201
20619340
20619544
20619687
20881925
20882133
20882275
20882414
20882552
20882690
20882903
20973918
20974116
20974258
20974398
20974603
20974743
20974880
21061009
21061216
21061363
21061523
21061733
21061874
21062012
21286699
21286911
21287053
21287194
21287332
21287471
21287590
21370927
21371121
21371263
21371412
21371552
21371563
21371900
21454056
21454245
21454447
21454781
21455351
21455518
21455725
21721419
21721805
21721970
21722348
21722850
21723015
21723157
21877967
21878185
21878326
21878465
21878608
21878746
21878989
22077389
22077802
22077949
22078088
22078359
22078723
22078870
22256961
22257213
22257360
22257498
22257635
22257772
22257909
22436886
22437078
22437218
22437357
22437577
22437723
22437860
22590644
22590842
22591048
22591191
22591328
22591465
22591600
22889098
22889299
22889508
22889651
22889789
22889927
22890065
22974770
22974981
22975197
22975349
22975491
22975633
22975775
23143851
23144106
23144252
23144389
23144526
23144663
23144798
23304074
23304516
23304758
23304901
23305040
23305180
23305317
23465527
23465768
23465979
23466131
23466270
23466321
23466615
23553709
23553891
23554032
23554171
23554377
23554519
23554656
23726520
23726716
23726859
23726998
23727135
23727408
23727676
23899579
23899768
23899908
23900045
23900181
23900389
23900530
24065372
24065569
24065776
24065922
24066060
24066198
24066335
24161292
24161548
24161690
24161830
24161968
24162105
24162241
24336701
24336891
24337047
24337189
24337331
24337571
24337719
24520073
24520264
24520479
24520637
24520794
24520933
24521070
24803780
24804019
24805166
24805578
24805840
24806317
24806690
25006808
25007007
25007150
25007289
25007428
25007640
25007782
25198906
25199098
25199241
25199458
25199608
25199749
25199887
25300345
25300579
25300763
25300909
25301153
25301299
25301437
25570389
25570677
25570830
25570970
25571113
25571252
25571611
25818006
25818192
25818331
25818468
25818619
25818884
25819040
27199318
27199342
27199901
27200057
27200198
27200403
27200548
27340756
27340964
27341107
27341247
27341386
27341524
27341745
27791450
27792728
27792904
27793048
27795880
27796725
27796929
28377334
28377615
28378031
28378332
28378557
28378885
28379322
28881413
28881755
28881989
28882172
28882412
28882562
28882748
29065833
29066145
29066304
29066446
29066588
29066729
29066869
29229466
29229906
29230174
29230404
29231186
29231662
29232066
29380704
29381097
29381249
29381393
29381533
29381691
29381947
29671464
29671670
29671889
29672033
29672177
29672318
29672458
29829399
29829784
29829940
29830084
29830114
29830522
29830678
29971881
29972229
29972391
29972729
29972888
29973032
29973067
30121451
30121654
30121800
30121941
30122198
30122350
30122521
30272134
30272342
30272488
30272631
30272823
30272981
30273210
30424148
30424508
30424686
30424834
30425300
30426796
30429150
30837934
30838353
30838503
30838645
30838787
30839022
30839169
31050442
31050659
31050893
31051053
31051197
31051338
31051479
31672062
31672276
31672426
31672573
31672638
31673002
31673186
31960196
31961347
31961663
31962176
31965643
31965923
31966167
32290438
32290646
32290796
32290941
32291190
32291422
32291603
33306145
33306355
33306504
33306650
33306866
33307015
33307170
33489399
33489603
33489750
33489896
33490111
33490262
33490407
33852297
33852504
33852794
33852967
33853116
33853262
33853406
34418647
34418861
34419177
34419341
34419490
34419636
34419781
36128746
36129519
36129799
36130050
36130383
36130620
36130848
36357110
36357668
36357850
36358005
36358298
36358605
36359040
37087800
37088036
37088192
37088376
37088530
37088680
37088903
37273351
37273834
37274078
37274310
37274471
37274715
37275005
37884067
37884286
37884441
37884593
37884885
37885071
37885236
38007068
38007280
38007505
38007664
38007815
38007966
38008115
38420688
38420917
38421073
38421225
38421376
38421610
38421767
38554695
38554909
38555063
38555215
38555365
38555599
38555752
38681531
38681734
38681889
38682041
38682190
38682340
38682563
38971772
38971992
38972337
38972509
38972661
38972810
38972958
39105306
39105510
39105656
39105801
39106014
39106163
39106307
39227698
39227912
39228175
39228325
39228470
39228614
39228757
39483239
39483467
39483615
39483827
39483974
39484115
39484255
39607345
39607548
39607693
39607835
39607977
39608175
39608349
40168278
40168486
40168631
40168773
40168915
40169056
40169265
40427511
40427702
40427906
40428053
40428191
40428328
40428464
40799355
40799766
40799970
40800158
40800321
40800463
40800674
41198076
41198913
41199201
41199366
41199533
41199692
41199748
time=999 node=10.1.1.4 tuple=records records_attr1=10.1.1.4 records_attr2=40f01e64f646247eac9d4a0710a60258615e792 records_attr3=16424b2908c46650929e416a6e1245cff928450f records_attr4=topic_Student_9(r121@n257(hasword_length_9)) 
time=999 node=10.1.1.4 tuple=records records_attr1=10.1.1.4 records_attr2=66d289c23868f135e57b0a9493e2175619f00f9 records_attr3=ec5ec5923e04d4b26a581db46c1e2f1c2633e11c records_attr4=topic_Person_95(r167@n257(hasword_locat_95)) 
time=999 node=10.1.1.4 tuple=records records_attr1=10.1.1.4 records_attr2=9ab229b46a6a95723a1f9b4ed8b7ae7b5c52663 records_attr3=8c1cf6e863939be4e2f0129e2059fbddb12cf6c0 records_attr4=topic_Staff_37(r92@n257(hasword_result_37)) 
time=999 node=10.1.1.4 tuple=records records_attr1=10.1.1.4 records_attr2=9fc821aee6df45d360128680426f31baf666efc records_attr3=c8fcfc3d9565d1b0e505aa9ffb17cb4f7f0683f6 records_attr4=topic_Staff_9(rl@n257(links_9_146*topic_Staff_146(r94@n257(hasword_dai_146)))) 
time=999 node=10.1.1.4 tuple=records records_attr1=10.1.1.4 records_attr2=bc5653821df4fca3d92714c57c8b108de783f62 records_attr3=9b7f5ffc969c614f8c93deeab4e7df9defc0ea2f records_attr4=topic_Student_56(r274@n257(hasword_local_56)) 
time=999 node=10.1.1.4 tuple=records records_attr1=10.1.1.4 records_attr2=1042d0d3adf5ede36e4d8d46629b2e19382c4acb records_attr3=6b0fe23952248b73b5c0ba815fb29882234d1cdb records_attr4=topic_ResearchProject_57(r160@n257(hasword_technologi_57)) 
time=999 node=10.1.1.4 tuple=records records_attr1=10.1.1.4 records_attr2=138b81039e5d6800a04863c82bb09a9fc8e3e285 records_attr3=4f3232c1d2eb4b57ad88caaa8454d5f2785ad405 records_attr4=topic_Student_42(r121@n257(hasword_length_42)) 
time=999 node=10.1.1.4 tuple=records records_attr1=10.1.1.4 records_attr2=15554859cce5bfede8a34ef924bb903a8132a4bd records_attr3=996ba30fc4c30126faa8a2609ac4ee9196064d0 records_attr4=topic_Course_98(r51@n257(hasword_learn_98)) 
time=999 node=10.1.1.4 tuple=records records_attr1=10.1.1.4 records_attr2=169f6df5eb2c435e3c6c1ed39e93fae8608d49d0 records_attr3=9192041abf4ec3320657c770e9a163a6cb713346 records_attr4=topic_ResearchProject_66(r194@n257(hasword_modul_66)) 
time=999 node=10.1.1.4 tuple=records records_attr1=10.1.1.4 records_attr2=175d9983089cf4d09ebb10e3a790283ae7da8ffa records_attr3=d6b8eee32bc0523ff4963c0b5f6dcc7970daca52 records_attr4=topic_Faculty_96(r312@n257(hasword_question_96)) 
time=999 node=10.1.1.4 tuple=records records_attr1=10.1.1.4 records_attr2=268eef401fac014fea647e2f9e6ea74c0bce492a records_attr3=9a4187d1ac35c17d638c056b42a0aee8011e82db records_attr4=topic_Faculty_58((r97@n257(hasword_load_58))+(rl@n257(links_58_103*topic_Faculty_103(r178@n257(hasword_ca_103))))) 
time=999 node=10.1.1.4 tuple=records records_attr1=10.1.1.4 records_attr2=29b5dffbe93bf86ade6a49f1f8bf51a378de570c records_attr3=d66096034b6d751d42b4437407d1b55a332d62f9 records_attr4=topic_Person_83(rl@n257(links_83_50*topic_Person_50(r229@n257(hasword_inform_50)))) 
time=999 node=10.1.1.4 tuple=records records_attr1=10.1.1.4 records_attr2=2def8be50202d5eb07e52d5ad114831925796ae9 records_attr3=4d31eb0671a19f9201f6a22c9a54b5eca4e0e3de records_attr4=topic_Faculty_80(r483@n257(hasword_form_80)) 
time=999 node=10.1.1.4 tuple=records records_attr1=10.1.1.4 records_attr2=301413546aa81aba47f2cec2ba4bce374db96676 records_attr3=6b50726c3d2f23c02a26297d9db9eec9caf0dd7a records_attr4=topic_Staff_52(r390@n257(hasword_step_52)) 
time=999 node=10.1.1.4 tuple=records records_attr1=10.1.1.4 records_attr2=3262f6a3c70bdd6d0a5acd983e9f801c27a961a7 records_attr3=2379757e11379ea07358f13d8cac9fecb4a2a4f0 records_attr4=topic_ResearchProject_27(r268@n257(hasword_internet_27)) 
time=999 node=10.1.1.4 tuple=records records_attr1=10.1.1.4 records_attr2=3473e74c4d40151f460f520ee5ae19f91b037384 records_attr3=77f85d6a008e4cbb8a213e3f739938e3965dde30 records_attr4=topic_Student_40(r168@n257(hasword_read_40)) 
time=999 node=10.1.1.4 tuple=records records_attr1=10.1.1.4 records_attr2=37cb17172355a403d6ca706c40d4136ebbd99668 records_attr3=6f9715eef2ef74270a9dc5a42ac5b1a21c56e0e4 records_attr4=topic_Student_58(rl@n257(links_58_103*topic_Student_103(r413@n257(hasword_creat_103)))) 
time=999 node=10.1.1.4 tuple=records records_attr1=10.1.1.4 records_attr2=38a3b127c98b6d51799e3cf11a6be902e849cb3e records_attr3=7d973ea5ea0097bc189ddffb3dbb7687fc3604f7 records_attr4=topic_Department_87(r305@n257(hasword_origin_87)) 
time=999 node=10.1.1.4 tuple=records records_attr1=10.1.1.4 records_attr2=3dc52e4768436cef9ced07d29e4323bf734362e7 records_attr3=7c3e97add7cc2909738d32a1016a8b6acd631979 records_attr4=topic_ResearchProject_98(r282@n257(hasword_learn_98)) 
time=999 node=10.1.1.4 tuple=records records_attr1=10.1.1.4 records_attr2=40dd50421d9e8588f72d047de7e8e2fbd8dc7143 records_attr3=d16557c8dae58fc76f4c21a003b844c27bb70e4 records_attr4=topic_Person_2((r495@n257(hasword_academ_2))+(r266@n257(hasword_construct_2))) 
time=999 node=10.1.1.4 tuple=records records_attr1=10.1.1.4 records_attr2=41c8bc9dcd6d8b1d91009a570ddff5b9051cf4a2 records_attr3=45a9787596ca98f84af422acd59b14e9af975e6d records_attr4=topic_Department_2(r337@n257(hasword_construct_2)) 
time=999 node=10.1.1.4 tuple=records records_attr1=10.1.1.4 records_attr2=463524dfeb902982dd990b467d12dcc5db73bfc3 records_attr3=14f883232687ced9afffe2f18c02cd4f17b864dd records_attr4=topic_Person_40(r150@n257(hasword_provid_40)) 
time=999 node=10.1.1.4 tuple=records records_attr1=10.1.1.4 records_attr2=477c0305f245ea01f760a94b104c4fc460fafbe5 records_attr3=69f0e50a7d6f4ee016c6c82383bc05b5dda61ff1 records_attr4=topic_Person_23(r229@n257(hasword_inform_23)) 
time=999 node=10.1.1.4 tuple=records records_attr1=10.1.1.4 records_attr2=4889a9b4f5bd7d2715ad397fe6fd3d41a6a93a08 records_attr3=ff0caa595ac80d77fe890cdae292fd57af6a29b4 records_attr4=topic_Faculty_38(r243@n257(hasword_html_38)) 
time=999 node=10.1.1.4 tuple=records records_attr1=10.1.1.4 records_attr2=4a0d26eff132b90ee0eb147b4454278f46a58a23 records_attr3=1be4835339dc8778066541b2f3a30aab3523f247 records_attr4=topic_Person_93(r9@n257(hasword_calcul_93)) 
time=999 node=10.1.1.4 tuple=records records_attr1=10.1.1.4 records_attr2=4cae07deca93e1803c3c5fbe63be8a753881fc9b records_attr3=716d2fb7eb3bc929f1e70432c2b14d288120304c records_attr4=topic_ResearchProject_48(r162@n257(hasword_implem_48)) 
time=999 node=10.1.1.4 tuple=records records_attr1=10.1.1.4 records_attr2=4d496968e4d75032b9334e56a2eb3a27a9ffa8fa records_attr3=b0f83cf1b422afef0de17fda55ecdd563eac86cb records_attr4=topic_Person_34(r205@n257(hasword_austin_34)) 
time=999 node=10.1.1.4 tuple=records records_attr1=10.1.1.4 records_attr2=4d63957da7f9cbe8e28c40e24cc81a4de5d074bb records_attr3=e1211a2b70afb5200508d05d4d786af915cd2393 records_attr4=topic_Person_16((rl@n257(links_16_214*topic_Person_214(rl@n257(links_214_50*topic_Person_50(r229@n257(hasword_inform_50))))))+(rl@n257(links_16_189*topic_Person_189(rl@n257(links_189_50*topic_Person_50(r229@n257(hasword_inform_50))))))) 
time=999 node=10.1.1.4 tuple=records records_attr1=10.1.1.4 records_attr2=4d8a06b6aa0e7030e1ea8b423911de16c26a44c2 records_attr3=59c430a54e1475c781262804962081994c910b68 records_attr4=topic_Staff_36(r258@n257(hasword_servic_36)) 
time=999 node=10.1.1.4 tuple=records records_attr1=10.1.1.4 records_attr2=4f0bbc4d45df60f7be9276788c9a0986b028e22d records_attr3=2e8476dd5337c2d5a5ae79a541e23a27650985fe records_attr4=topic_Faculty_85(r300@n257(hasword_studi_85)) 
time=999 node=10.1.1.4 tuple=records records_attr1=10.1.1.4 records_attr2=550c8e93d84936e0395e9e3898b8b4478bce4a5b records_attr3=41070321622cc20b272319354cb8b829125a62bb records_attr4=topic_Faculty_14(r182@n257(hasword_date_14)) 
time=999 node=10.1.1.4 tuple=records records_attr1=10.1.1.4 records_attr2=57c3b2b8d45da7c4eb22522adafe942872fb4325 records_attr3=3712f9504d975f6c5751af56dee52f86dbfa78e7 records_attr4=topic_Student_31(r121@n257(hasword_length_31)) 
time=999 node=10.1.1.4 tuple=records records_attr1=10.1.1.4 records_attr2=6397504ed237b6e83d0850aa771adc8d945cdb6d records_attr3=ddcbc202313d2fb96bf944631d7ca80b6f1f6b93 records_attr4=topic_ResearchProject_16(r40@n257(hasword_solv_16)) 
time=999 node=10.1.1.4 tuple=records records_attr1=10.1.1.4 records_attr2=67fcea8e2f806c17e8c4787620551ce0dc3e75ad records_attr3=d028a23f3732b305ee9da1ee7733c8e1a7fed831 records_attr4=topic_Department_23(r232@n257(hasword_lectur_23)) 
time=999 node=10.1.1.4 tuple=records records_attr1=10.1.1.4 records_attr2=68798ed14cf9c0e293935f335f5a5ba7a74959bb records_attr3=74f63db5cf27705d252666e1a87516c0211f1dbb records_attr4=topic_Department_53(r246@n257(hasword_scienc_53)) 
time=999 node=10.1.1.4 tuple=records records_attr1=10.1.1.4 records_attr2=6bf684860b9aa24df8f8bd123f0643af0b8fe769 records_attr3=b2b2a815d168d7b02346cfc031730b796675e580 records_attr4=topic_Staff_3(r350@n257(hasword_paper_3)) 
time=999 node=10.1.1.4 tuple=records records_attr1=10.1.1.4 records_attr2=73a8f4427ed6ee69c0ad8e0ee05c12f59a3aad12 records_attr3=364499f675f30625de1dc7b66ce09d66a5c4459a records_attr4=topic_Student_39(r121@n257(hasword_length_39)) 
time=999 node=10.1.1.4 tuple=records records_attr1=10.1.1.4 records_attr2=7562ae5ceb65833455e9bfd07e62b46ab5c9c69e records_attr3=7009ccffd206d58b8ac0ebfb21d3fbc0bbc05428 records_attr4=topic_Department_95(r367@n257(hasword_locat_95)) 
time=999 node=10.1.1.4 tuple=records records_attr1=10.1.1.4 records_attr2=765f8c219c2eca0c91cd159e809323be8d79da79 records_attr3=cc99adb051ceb441f71aabb334576d1f954b6975 records_attr4=topic_Student_74(r121@n257(hasword_length_74)) 
time=999 node=10.1.1.4 tuple=records records_attr1=10.1.1.4 records_attr2=7c24936ee612d23086a624bf0683f5f78e5c205d records_attr3=3117a68adcacbf23fe75251ece59071200ee48d0 records_attr4=topic_Course_28(rl@n257(links_28_7*topic_Course_7(r292@n257(hasword_design_7)))) 
time=999 node=10.1.1.4 tuple=records records_attr1=10.1.1.4 records_attr2=88d5b66e64ec0736b76fbd838264ab733d129041 records_attr3=f1fcf4b704f5d21ea672a4204e0eacfd53a79ad3 records_attr4=topic_ResearchProject_58(rl@n257(links_58_103*topic_ResearchProject_103(r377@n257(hasword_creat_103)))) 
time=999 node=10.1.1.4 tuple=records records_attr1=10.1.1.4 records_attr2=8cb8f09a27da9bbadc435f4dd02bf62eba85f399 records_attr3=c1e0aa4c3cb51eec6f126562687643171a68adf8 records_attr4=topic_Person_81(rl@n257(links_81_126*topic_Person_126((r453@n257(hasword_sourc_126))+(rl@n257(links_126_81*topic_Person_81))))) 
time=999 node=10.1.1.4 tuple=records records_attr1=10.1.1.4 records_attr2=8ccd318567227f37d5319e28453de104e77ff1a0 records_attr3=99691c58cc86d47b4ebc9d11c1ce7f8c3b6efaa7 records_attr4=topic_Staff_35(r52@n257(hasword_math_35)) 
time=999 node=10.1.1.4 tuple=records records_attr1=10.1.1.4 records_attr2=8df89b809c45424f2a01662d079a7495b8739e40 records_attr3=c57a65552370cd1839785b0da539a721116469b1 records_attr4=topic_ResearchProject_40(r283@n257(hasword_read_40)) 
time=999 node=10.1.1.4 tuple=records records_attr1=10.1.1.4 records_attr2=916ba8bc95170d697a808041157f3f350cd52c2f records_attr3=18ce84da5cba25cff2c73d93990fd664b005497e records_attr4=topic_Faculty_97(r186@n257(hasword_appli_97)) 
time=999 node=10.1.1.4 tuple=records records_attr1=10.1.1.4 records_attr2=92b6ecf054b5895c766b8cc8ffc5e7beddda15e1 records_attr3=a9db925b9f435a5c065c3c05ddc0f447d82428e1 records_attr4=topic_Staff_47(r143@n257(hasword_engin_47)) 
time=999 node=10.1.1.4 tuple=records records_attr1=10.1.1.4 records_attr2=9363f7917fb1f111dec7552d46cd6b48cab68b8a records_attr3=a1442400889f984fd94e4ca3788d53575b222bc1 records_attr4=topic_Staff_44(r94@n257(hasword_dai_44)) 
time=999 node=10.1.1.4 tuple=records records_attr1=10.1.1.4 records_attr2=994ab32b9a52ad978786bffbc4b89e781d92dff4 records_attr3=5934cc857c3e44fb8037a414c455bde526bbab46 records_attr4=topic_Person_3(rl@n257(links_3_116*topic_Person_116(r46@n257(hasword_agent_116)))) 
time=999 node=10.1.1.4 tuple=records records_attr1=10.1.1.4 records_attr2=9aeb1f26d949b79f5991765e4035b72dfc9cdc5d records_attr3=6e6985b0b955cd90b0a565c3bfbeaccdd4183ea7 records_attr4=topic_ResearchProject_3(rl@n257(links_3_116*topic_ResearchProject_116(r169@n257(hasword_agent_116)))) 
time=999 node=10.1.1.4 tuple=records records_attr1=10.1.1.4 records_attr2=9b47de1af8087ec0a4735189cd17beee66993c43 records_attr3=d5b82e77c9077d2c1ed3ae3033a06353b5a4a4c2 records_attr4=topic_ResearchProject_52(r160@n257(hasword_technologi_52)) 
time=999 node=10.1.1.4 tuple=records records_attr1=10.1.1.4 records_attr2=a3e69a0aada2082e227e97327399ea8e5b31b093 records_attr3=d0bacf4d11b338ec2edcd9eebe5107f0eda25fba records_attr4=topic_Course_81(rl@n257(links_81_126*topic_Course_126((r198@n257(hasword_sourc_126))+(rl@n257(links_126_81*topic_Course_81))))) 
time=999 node=10.1.1.4 tuple=records records_attr1=10.1.1.4 records_attr2=a63ede394af976a1b0991264815609d1f4b7d315 records_attr3=3a7e8e37e98346af9c4dcdad8c3c0f830b935555 records_attr4=topic_Person_54(r207@n257(hasword_detail_54)) 
time=999 node=10.1.1.4 tuple=records records_attr1=10.1.1.4 records_attr2=acfa6f8e199e67cb656971c9da285dffb2b05399 records_attr3=6e8c116ab490bfdd3bd79ce5d71579dafcc0532b records_attr4=topic_Faculty_46(r423@n257(hasword_distribut_46)) 
time=999 node=10.1.1.4 tuple=records records_attr1=10.1.1.4 records_attr2=ae22d887567d2b4edc06cdba7cbf89c94c66c9f1 records_attr3=8e2099669b474fa6292c9dd1a64c1fe23fd21c39 records_attr4=topic_Student_23(r78@n257(hasword_page_23)) 
time=999 node=10.1.1.4 tuple=records records_attr1=10.1.1.4 records_attr2=afaeac0cfb592e286ce12ada1b990de5ade5d608 records_attr3=df7e35acfff5f300a1de399651ec48a1feed9818 records_attr4=topic_ResearchProject_24(r269@n257(hasword_techniqu_24)) 
time=999 node=10.1.1.4 tuple=records records_attr1=10.1.1.4 records_attr2=b0045f131cb6cdc76348d70300ca90a15766aa5e records_attr3=37847a2a3f7c3a0f99fbcf021bd4f9f6e98429c6 records_attr4=topic_Faculty_77(r237@n257(hasword_data_77)) 
time=999 node=10.1.1.4 tuple=records records_attr1=10.1.1.4 records_attr2=b159a3d60b81c181a66fb9799bc1ad049c487165 records_attr3=e99ae7425b3b518cb176a2462760e7314a5f10f6 records_attr4=topic_Person_50(r229@n257(hasword_inform_50)) 
time=999 node=10.1.1.4 tuple=records records_attr1=10.1.1.4 records_attr2=b18552619bc51d1d55679ec973e291415381e20e records_attr3=513947ec1bcac3279654ec29d8cf6c1282420e9d records_attr4=topic_Student_51(r464@n257(hasword_effici_51)) 
time=999 node=10.1.1.4 tuple=records records_attr1=10.1.1.4 records_attr2=b1bdf1c1c4bca8230662c381309932cfebdf99c6 records_attr3=9607c2e419c83a1defb8d368e59a5be96ba631b5 records_attr4=topic_Course_26(r372@n257(hasword_activ_26)) 
time=999 node=10.1.1.4 tuple=records records_attr1=10.1.1.4 records_attr2=b5e11af6cf9acf75baf16d18e7564eb2b5496fdc records_attr3=1fa8f6c6a0e9467fd90d5cba15add9fd6677a68c records_attr4=topic_Person_97(r157@n257(hasword_appli_97)) 
time=999 node=10.1.1.4 tuple=records records_attr1=10.1.1.4 records_attr2=be94feb0cc4319c62756de923d6cacab3aec6517 records_attr3=490318e0b543f1905a308ffd871eebc8b17bf9dd records_attr4=topic_Course_27(r480@n257(hasword_internet_27)) 
time=999 node=10.1.1.4 tuple=records records_attr1=10.1.1.4 records_attr2=bf35ad20748c692039a9abcd36960eae5465a3b3 records_attr3=1aa31063e1da229aa88e789c1cb8dd081365ca records_attr4=topic_Department_77(rl@n257(links_77_124*topic_Department_124(rl@n257(links_124_163*topic_Department_163(r246@n257(hasword_scienc_163)))))) 
time=999 node=10.1.1.4 tuple=records records_attr1=10.1.1.4 records_attr2=c807ab572d92db4fcd6a96ffec8117a0ab4215e2 records_attr3=5ea9c9f9771b2111de201b049fed89b31977c08b records_attr4=topic_Course_95(r148@n257(hasword_locat_95)) 
time=999 node=10.1.1.4 tuple=records records_attr1=10.1.1.4 records_attr2=d2a4ee85f71547b2532cf7b2df8b530fdbfad952 records_attr3=722d0fbfb9c23f44143b4849c30aa20c14927612 records_attr4=topic_Course_4(r292@n257(hasword_design_4)) 
time=999 node=10.1.1.4 tuple=records records_attr1=10.1.1.4 records_attr2=d83d6157b19d0d9ea0bd54d115a1230ae3456b7b records_attr3=921546602c4f9d4295d379e84c3c1682774bb033 records_attr4=topic_Faculty_43(r243@n257(hasword_html_43)) 
time=999 node=10.1.1.4 tuple=records records_attr1=10.1.1.4 records_attr2=d8bea59d79a5e3705a709003fee4a27a021663e7 records_attr3=d798cfb219a32a7d311baa33821a758bbf2b1601 records_attr4=topic_Faculty_6(r237@n257(hasword_data_6)) 
time=999 node=10.1.1.4 tuple=records records_attr1=10.1.1.4 records_attr2=da1926fc31550e258a1d565bcaba7aa9658892fc records_attr3=b0bd8bfbad8fad1f35e014bc643b1944aaaf2f4 records_attr4=topic_Course_7(r292@n257(hasword_design_7)) 
time=999 node=10.1.1.4 tuple=records records_attr1=10.1.1.4 records_attr2=dd0ffc5e650e1baa129700797bd12b261dbc3613 records_attr3=383ee1498090a8bad7179c3ba850604cd8e265de records_attr4=topic_Staff_76(r92@n257(hasword_result_76)) 
time=999 node=10.1.1.4 tuple=records records_attr1=10.1.1.4 records_attr2=e1ca9f2ff148e099919df72eb2fbef02a73eb87f records_attr3=fa1bb98739e384a4d86608d0d58031e86720ccc8 records_attr4=topic_Department_85(r424@n257(hasword_studi_85)) 
time=999 node=10.1.1.4 tuple=records records_attr1=10.1.1.4 records_attr2=e77c7fb2da096349616addb7efad76110e8b15d9 records_attr3=40544bc16016485325c15c4924f3935ae044ff69 records_attr4=topic_Faculty_79(r178@n257(hasword_ca_79)) 
time=999 node=10.1.1.4 tuple=records records_attr1=10.1.1.4 records_attr2=ebe17ed7e2848af7c297b77e2c9a616a97e1871a records_attr3=78ffe8e1ebd803ce6b59319f52df412bd16b65ba records_attr4=topic_Student_26(r175@n257(hasword_texa_26)) 
time=999 node=10.1.1.4 tuple=records records_attr1=10.1.1.4 records_attr2=efeae8121543c56d3d388a5ef421a901841c0617 records_attr3=b8d202fae5840a73ec700c4e906139119d561de4 records_attr4=topic_Faculty_90(r243@n257(hasword_html_90)) 
time=999 node=10.1.1.4 tuple=records records_attr1=10.1.1.4 records_attr2=f20e0dc8d88539428688e8f21c30c2da7e7cb53f records_attr3=dc0d2889a68591c2f0bd21d496d747204a880d3 records_attr4=topic_ResearchProject_23(r30@n257(hasword_lab_23)) 
time=999 node=10.1.1.4 tuple=records records_attr1=10.1.1.4 records_attr2=f50dc76a2eb48f60f3cd128547b4c7e2202ec13b records_attr3=3d35f6cac17f3df0f7113105ce00b4dae8e58676 records_attr4=topic_Department_72(r458@n257(hasword_format_72)) 
time cost: 42.7144 seconds
