32029
Student
Faculty
Staff
ResearchProject
Course
Department
Person
13784632
13784871
13785041
13785384
13785566
13785772
13786181
16028672
16034554
16034877
16035386
16035959
16036161
16036161
16204121
16204422
16205002
16205204
16205416
16205608
16206083
16299561
16299778
16299937
16300093
16300251
16300500
16300662
16392450
16393030
16393647
16394602
16395058
16395377
16395637
16585401
16585622
16585782
16585938
16586093
16586247
16586582
16728395
16728770
16728959
16729255
16729586
16729823
16729991
16818874
16819092
16819177
16819562
16819733
16819892
16820075
16967566
16967777
16967936
16968250
16968432
16968675
16968843
17123147
17123425
17123640
17124011
17124313
17124580
17124840
17393796
17394082
17394464
17394781
17394971
17395155
17395805
17497511
17497825
17497990
17498310
17498663
17498844
17499004
17627483
17628092
17628396
17628790
17629119
17629349
17629682
17731595
17731993
17732160
17732329
17732507
17732755
17732916
17863729
17864030
17864478
17864677
17864840
17865011
17865252
18511110
18511395
18511804
18511986
18512190
18512353
18512650
18764485
18765211
18765416
18765578
18765857
18766020
18766177
18876028
18876845
18877195
18877568
18878159
18878437
18878699
18984823
18985179
18985347
18985504
18985729
18989047
18989315
19097405
19097627
19097787
19098092
19098253
19098408
19098564
19368734
19370423
19370658
19370658
19370658
19371877
19372158
19475677
19475987
19476427
19476842
19477028
19477211
19477374
19583311
19583541
19583701
19584113
19584287
19584453
19584722
19854517
19854772
19855039
19855324
19855617
19856012
19856258
20268940
20269573
20269895
20270159
20270435
20270625
20271051
20388913
20389142
20389328
20389502
20389659
20389941
20390114
20493508
20493750
20494018
20494378
20494851
20495141
20495495
20692936
20693243
20693408
20693990
20696196
20696712
20696958
20890857
20891073
20891309
20891471
20891650
20891827
20891986
21365997
21366463
21366785
21367078
21367323
21367766
21368070
21754247
21754542
21754708
21754865
21755021
21755176
21755331
21883644
21884025
21884375
21884549
21884706
21884950
21885115
22118692
22118919
22119150
22119312
22119469
22119625
22119781
22295776
22296037
22296293
22296470
22296638
22296805
22297001
22428967
22429210
22429371
22429530
22429687
22429933
22430092
22651185
22652119
22652691
22652939
22653515
22653765
22653961
22897232
22897454
22897651
22898052
22898250
22898412
22898569
23402951
23403354
23403632
23403905
23404400
23404589
23405025
23735050
23735480
23735662
23736005
23736329
23736704
23736979
24332351
24332845
24333155
24333474
24333644
24333914
24334269
24451883
24452108
24452269
24452504
24452698
24452871
24453027
24682988
24683221
24683458
24683620
24683776
24683931
24684087
25522401
25522958
25523192
25523392
25523586
25524222
25524824
25768573
25769265
25769637
25769910
25770099
25770336
25770504
26085978
26086597
26086947
26087443
26087652
26087915
26088079
26433270
26433510
26433669
26433826
26434072
26434232
26434404
26604808
26605178
26605457
26605801
26605972
26606567
26607294
26861896
26862242
26862676
26862957
26863205
26863959
26864220
27016681
27016908
27017069
27017226
27017529
27017700
27017857
27359323
27359561
27359723
27360038
27360483
27360842
27361162
28089990
28090291
28090531
28090700
28090855
28091014
28091169
28355204
28355472
28355717
28356070
28356256
28356505
28356741
28646077
28646299
28646537
28647250
28648882
28649434
28649919
28794269
28794648
28794900
28795072
28795341
28795683
28796014
28930436
28930804
28930988
28931149
28931466
28931727
28932048
29098175
29098683
29098878
29099052
29099212
29099470
29099729
29251300
29251762
29251959
29252117
29252274
29252376
29252677
29418546
29418810
29419051
29419272
29419445
29419600
29419753
29782700
29783161
29783331
29783487
29783642
29783881
29784050
29975126
29975668
29975963
29976306
29976603
29976871
29977215
30172380
30173353
30173650
30173882
30177266
30177642
30177884
30513174
30513419
30513582
30513824
30513989
30514149
30514307
30684948
30685183
30685345
30685660
30685707
30686093
30686324
31440009
31440324
31440491
31440648
31440804
31440959
31441182
31591344
31591566
31591727
31591970
31592129
31592284
31592439
31890951
31891254
31891421
31891579
31891736
31891892
31892143
32217204
32217591
32217797
32217975
32218354
32218628
32218891
32368679
32369143
32369318
32369521
32369685
32369843
32369997
32702603
32702912
32703093
32703253
32703475
32703638
32703866
32860785
32861171
32861487
32861793
32862021
32862295
32862686
33184493
33184712
33184871
33185026
33185290
33185455
33185666
33598975
33599200
33599362
33599519
33599750
33599910
33600064
33958773
33959075
33959242
33959769
33959946
33960101
33960258
34127240
34127512
34127676
34127903
34128063
34128217
34128373
34295943
34296166
34296325
34296597
34296757
34296914
34297069
34643289
34643667
34643913
34644206
34644369
34644683
34644858
34829244
34831080
34832049
34832382
34832748
34833117
34833323
35222583
35222809
35222985
35223228
35223390
35223546
35223701
35382308
35382547
35382753
35382947
35383389
35383647
35383948
35735423
35735878
35736045
35737856
35738325
35738732
35739021
35938666
35938886
35939216
35939464
35939629
35939953
35940217
36119236
36119454
36119697
36119966
36120130
36120286
36120441
36297298
36297672
36297969
36298193
36298359
36298515
36298670
36469030
36470272
36471221
36471781
36472163
36472375
36472527
36812437
36812739
36812905
36813065
36813223
36813380
36813537
37175928
37176159
37176317
37176484
37176572
37176892
37177051
37346409
37346839
37347140
37347171
37347171
37347171
37347171
37750913
37751164
37751383
37751546
37751702
37751763
37752136
37954336
37954684
37955072
37955246
37955403
37955559
37955728
38409914
38410477
38410915
38411274
38411466
38411634
38411860
38783378
38783378
38783378
38783378
38783378
38783378
38783378
39131564
39131995
39132185
39132363
39132556
39132675
39132984
39301722
39302014
39302320
39302597
39302785
39302951
39303209
39476857
39477160
39477595
39477816
39477978
39478136
39478293
40041152
40041393
40041596
40041925
40042121
40042297
40042482
40216431
40216830
40217008
40217165
40217321
40217479
40217636
40402462
40403156
40403515
40403803
40404130
40404493
40404811
40810419
40810750
40810916
40811161
40811340
40811517
40811677
41227258
41227899
41228270
41228516
41228805
41229198
41229469
41429729
41429970
41430131
41430288
41430579
41430744
41430899
time=999 node=10.1.1.4 tuple=records records_attr1=10.1.1.4 records_attr2=131c71446614dbff49f1f7364dcc5e1ffb2ace3 records_attr3=eb3c95d0f3b1d5da460249fdf48f452e7f07322a records_attr4=topic_ResearchProject_4(r377@n257(hasword_creat_4)) 
time=999 node=10.1.1.4 tuple=records records_attr1=10.1.1.4 records_attr2=61e55f8f51a8f7a6a3e73a6b4faca95e65b8282 records_attr3=53795b6850778812c3b369e0a5c7493120d2f314 records_attr4=topic_Faculty_99(r187@n257(hasword_commun_99)) 
time=999 node=10.1.1.4 tuple=records records_attr1=10.1.1.4 records_attr2=8a1aaa29279edd42ed20b3f35a011338eb465c3 records_attr3=617b46bfa0e4ee83de6f1eef52cee26fcdc6224e records_attr4=topic_Staff_14(r313@n257(hasword_workshop_14)) 
time=999 node=10.1.1.4 tuple=records records_attr1=10.1.1.4 records_attr2=c0fd161a058b69b0ea52b642efbd7f64d4923e0 records_attr3=eac10235c44c793733bb4678e9b53bee66ed325d records_attr4=topic_ResearchProject_29(r282@n257(hasword_learn_29)) 
time=999 node=10.1.1.4 tuple=records records_attr1=10.1.1.4 records_attr2=cc983d6d6d85117b61027913e4411dcb583326f records_attr3=534d178bdd925116f684bb8de9f04a1c672480e9 records_attr4=topic_Faculty_8(r93@n257(hasword_type_8)) 
time=999 node=10.1.1.4 tuple=records records_attr1=10.1.1.4 records_attr2=cd0f60512ce73b99f1e3cb57a65765afd7934f3 records_attr3=f157dfa598cf418c2861d43ea5f5a1eb3ea04e9d records_attr4=topic_Course_88(r49@n257(hasword_hall_88)) 
time=999 node=10.1.1.4 tuple=records records_attr1=10.1.1.4 records_attr2=1001918111b2c095b74c29ad040d0426d822420b records_attr3=c7130509a92191bad4104ca6b7243c01de6cc4ee records_attr4=topic_Student_28(r175@n257(hasword_texa_28)) 
time=999 node=10.1.1.4 tuple=records records_attr1=10.1.1.4 records_attr2=15ea700c7845f6f2c2536b04b2cae7f049e5617f records_attr3=f7fc430ebc06ccf3eeb2ceb2f889c7e3dcefa5c4 records_attr4=topic_Department_42(r485@n257(hasword_program_42)) 
time=999 node=10.1.1.4 tuple=records records_attr1=10.1.1.4 records_attr2=1eedd95d860b6b9ec2fb71c0532efa44185b35b7 records_attr3=d75544b6df398f14056b98cc5c0bf5f33aef4a9f records_attr4=topic_Faculty_89(r180@n257(hasword_understand_89)) 
time=999 node=10.1.1.4 tuple=records records_attr1=10.1.1.4 records_attr2=1f94819d17b24a94fb3086551e42288e61c084ab records_attr3=a54d85f2fa20c60e507652213b8e5280412a6c81 records_attr4=topic_Staff_28(r116@n257(hasword_simpl_28)) 
time=999 node=10.1.1.4 tuple=records records_attr1=10.1.1.4 records_attr2=26853c7b4ac81012f3edde72e217faba4abd7484 records_attr3=16e7a909a11b9c2fc445ba4405f812797c73127b records_attr4=topic_Faculty_41(rl@n257(links_41_15*topic_Faculty_15(r243@n257(hasword_html_15)))) 
time=999 node=10.1.1.4 tuple=records records_attr1=10.1.1.4 records_attr2=2a375278ac5693117638465c8f39f81169a2d23c records_attr3=e04b29338f0a203900105577bf6fb21169f8a8d1 records_attr4=topic_Course_40(r49@n257(hasword_hall_40)) 
time=999 node=10.1.1.4 tuple=records records_attr1=10.1.1.4 records_attr2=2c83cb648ec3a53069d75a67bb015fe6a97aeb5f records_attr3=c491e4835bac38754c4125bb811e1d76a61c715 records_attr4=topic_Staff_65(r216@n257(hasword_cours_65)) 
time=999 node=10.1.1.4 tuple=records records_attr1=10.1.1.4 records_attr2=2fbc902f5ec3acaf7c0e5504dc6c7d6cd0653e12 records_attr3=6a59671c198525a6a09581406b50accf6765c2c records_attr4=topic_Department_64(r156@n257(hasword_mon_64)) 
time=999 node=10.1.1.4 tuple=records records_attr1=10.1.1.4 records_attr2=33960458ed5f769367a003e31b2666b817836a8c records_attr3=e7e0dc0dc48da2f25db131b8a3d18a51ce2932b3 records_attr4=topic_Course_62((r33@n257(hasword_public_62))+(r460@n257(hasword_memori_62))) 
time=999 node=10.1.1.4 tuple=records records_attr1=10.1.1.4 records_attr2=37d2832ab7fc9f1487855c427be18f3ee1b4888e records_attr3=c9338e20fbfc96cf2c19a7c17ebd0bf7e4782aba records_attr4=topic_Staff_69(r301@n257(hasword_symbol_69)) 
time=999 node=10.1.1.4 tuple=records records_attr1=10.1.1.4 records_attr2=3fda642b367d0f8539b4b8bfc5ea396779389cde records_attr3=cfb4f383fae4ff555c08bf27aaf95ad8fac3b2ec records_attr4=topic_Student_67(r447@n257(hasword_variabl_67)) 
time=999 node=10.1.1.4 tuple=records records_attr1=10.1.1.4 records_attr2=430db34bfd4d83a82c9d89e83c536d0149487a61 records_attr3=2e18e2c8c78eb7433e86bfd318cd50fa7827529c records_attr4=topic_Course_50(r222@n257(hasword_server_50)) 
time=999 node=10.1.1.4 tuple=records records_attr1=10.1.1.4 records_attr2=451dd07181473d9c6808521dba5c941d3a47d5c9 records_attr3=11f33b580d4c61ee78a2d1fc7794a9e45f1176d1 records_attr4=topic_Person_70(r404@n257(hasword_oper_70)) 
time=999 node=10.1.1.4 tuple=records records_attr1=10.1.1.4 records_attr2=4a037f4916d25591d23975b2af0a5e42cf3e26ce records_attr3=2e2ba78371e87eac6171a8cb763891c49f0af6e1 records_attr4=topic_Person_44(r260@n257(hasword_gener_44)) 
time=999 node=10.1.1.4 tuple=records records_attr1=10.1.1.4 records_attr2=4bd95ce3040a2f67c8b4152e8f943a240396c0fe records_attr3=2c382259c1b1856d35aeda9f607b27be37cecb1e records_attr4=topic_Course_41(r0@n257(hasword_number_41)) 
time=999 node=10.1.1.4 tuple=records records_attr1=10.1.1.4 records_attr2=4c01c91017d52b903850df0644399ebfbb6db277 records_attr3=d0f7bdec18e5bfa140b219417156ca976e2faaf0 records_attr4=topic_Student_62(r255@n257(hasword_memori_62)) 
time=999 node=10.1.1.4 tuple=records records_attr1=10.1.1.4 records_attr2=4ed10c355f85514322d2e00be35e068c66c566c3 records_attr3=9db7b201a55e08df32d929f417c51b290424fc18 records_attr4=topic_ResearchProject_93(r429@n257(hasword_instruct_93)) 
time=999 node=10.1.1.4 tuple=records records_attr1=10.1.1.4 records_attr2=5041e1d9228012baa3296679e50bb150d6a1ac24 records_attr3=c30390666f1e475946489e73b67362bef3fb836 records_attr4=topic_Course_14(rl@n257(links_14_115*topic_Course_115(r472@n257(hasword_descript_115)))) 
time=999 node=10.1.1.4 tuple=records records_attr1=10.1.1.4 records_attr2=549d3c21348dc630a9c5bafb502f189a47ab7a81 records_attr3=748f53c9cbfd8ac300277bb46ecdf73b9f3fa32a records_attr4=topic_Person_49(rl@n257(links_49_22*topic_Person_22(r150@n257(hasword_provid_22)))) 
time=999 node=10.1.1.4 tuple=records records_attr1=10.1.1.4 records_attr2=550c8e93d84936e0395e9e3898b8b4478bce4a5b records_attr3=41070321622cc20b272319354cb8b829125a62bb records_attr4=topic_Faculty_14(r235@n257(hasword_journal_14)) 
time=999 node=10.1.1.4 tuple=records records_attr1=10.1.1.4 records_attr2=57c3b2b8d45da7c4eb22522adafe942872fb4325 records_attr3=3712f9504d975f6c5751af56dee52f86dbfa78e7 records_attr4=topic_Student_31(r121@n257(hasword_length_31)) 
time=999 node=10.1.1.4 tuple=records records_attr1=10.1.1.4 records_attr2=5a40a716dad42398db50fc8dd3e5a62ca3161205 records_attr3=6d923ee4621877c6efc0ce288e96635d660bddec records_attr4=topic_Student_37(r438@n257(hasword_copi_37)) 
time=999 node=10.1.1.4 tuple=records records_attr1=10.1.1.4 records_attr2=5a733207145482fae7f82f879a008c47b896fe12 records_attr3=99b34086ed3cddf326ceb026d701ab91f9e49235 records_attr4=topic_Faculty_15(r243@n257(hasword_html_15)) 
time=999 node=10.1.1.4 tuple=records records_attr1=10.1.1.4 records_attr2=5b16bdf2cd7ae10a3a3cf4c8e659f28189be3815 records_attr3=9aabb7b5a7a24f63edda2ea5f7884639f91fa214 records_attr4=topic_Faculty_9(r186@n257(hasword_appli_9)) 
time=999 node=10.1.1.4 tuple=records records_attr1=10.1.1.4 records_attr2=692753b06e24360d040ee9cd7dec67d963bfc0e9 records_attr3=728d228f3b7dcad1d4f93b599d146d2ecaab937f records_attr4=topic_Student_86(r78@n257(hasword_page_86)) 
time=999 node=10.1.1.4 tuple=records records_attr1=10.1.1.4 records_attr2=6969e8ce54ab7b8de944d06fb423f81d4e0c1d9c records_attr3=79fdfab91e77e14f969582bcf246ee4777a1333c records_attr4=topic_Person_96(r260@n257(hasword_gener_96)) 
time=999 node=10.1.1.4 tuple=records records_attr1=10.1.1.4 records_attr2=6efc16cdea6d77d919d76ee79dbe3ee0677acd91 records_attr3=c657d745775fa24e7f66baa39ee112590a350240 records_attr4=topic_Course_93(r45@n257(hasword_instruct_93)) 
time=999 node=10.1.1.4 tuple=records records_attr1=10.1.1.4 records_attr2=6fd6622dcfc1ce63d6c4ba822c2fb8bdcde484aa records_attr3=92f4a8a82dee942593e6ccbdcba904edc8fbdc5 records_attr4=topic_Staff_57(r42@n257(hasword_process_57)) 
time=999 node=10.1.1.4 tuple=records records_attr1=10.1.1.4 records_attr2=77c301e8653eb5fb19cb623ba2a99f129042e24f records_attr3=6bdf1646ffe2440c53f14170ce5a031cc6e2868d records_attr4=topic_Person_9(r157@n257(hasword_appli_9)) 
time=999 node=10.1.1.4 tuple=records records_attr1=10.1.1.4 records_attr2=799f9e1a3b455f70c60b2af0aae93e20b1fb834e records_attr3=8c2ff83a1a08c0aa78e0b486145f1be92a61a65f records_attr4=topic_Course_22(r210@n257(hasword_hard_22)) 
time=999 node=10.1.1.4 tuple=records records_attr1=10.1.1.4 records_attr2=7a2205e08206f5150890967d7a8d9681969d0ac9 records_attr3=191b13f8752f80cfa0575feac8fb92b5bcf04904 records_attr4=topic_Student_15(r451@n257(hasword_access_15)) 
time=999 node=10.1.1.4 tuple=records records_attr1=10.1.1.4 records_attr2=7ae3e094da818373462e80cdc5401c5dc7cd56fe records_attr3=106a4092abe2baa78ee8d66c8112820f64291511 records_attr4=topic_ResearchProject_83(r160@n257(hasword_technologi_83)) 
time=999 node=10.1.1.4 tuple=records records_attr1=10.1.1.4 records_attr2=7c24936ee612d23086a624bf0683f5f78e5c205d records_attr3=3117a68adcacbf23fe75251ece59071200ee48d0 records_attr4=topic_Course_28(r101@n257(hasword_simpl_28)) 
time=999 node=10.1.1.4 tuple=records records_attr1=10.1.1.4 records_attr2=7fc4a4c56fa2c623cd6301380adbcc81a65112bb records_attr3=a5dbddf9d3edd0cb51b5f52d6b36010040469b22 records_attr4=topic_Student_36(r355@n257(hasword_assist_36)) 
time=999 node=10.1.1.4 tuple=records records_attr1=10.1.1.4 records_attr2=923cea00c0c407773d59fc46f3281c12557e5313 records_attr3=5ac5dd1c82cbaa1bd0a023ebf06533adfdea6bba records_attr4=topic_Student_38(rl@n257(links_38_192*topic_Student_192(rl@n257(links_192_51*topic_Student_51(r177@n257(hasword_select_51)))))) 
time=999 node=10.1.1.4 tuple=records records_attr1=10.1.1.4 records_attr2=951d3cfdbee04cabce0741fba1a74392d68c0858 records_attr3=f26aa8e6e047205d39bb8f1ce6e4e92c01f0de8a records_attr4=topic_Faculty_27(r323@n257(hasword_end_27)) 
time=999 node=10.1.1.4 tuple=records records_attr1=10.1.1.4 records_attr2=99cc32c6188ca6434574e7de7b43879962962021 records_attr3=46c7a39e2d15c4ccff58636d007c10ea5d67a19b records_attr4=topic_Student_19(r438@n257(hasword_copi_19)) 
time=999 node=10.1.1.4 tuple=records records_attr1=10.1.1.4 records_attr2=9aaa171d797b363c40ee7223fb9a03282464a0c0 records_attr3=36acb3b35c91bc5875e334c94e3abe502b6c768a records_attr4=topic_Faculty_60(r182@n257(hasword_date_60)) 
time=999 node=10.1.1.4 tuple=records records_attr1=10.1.1.4 records_attr2=9cbef9e33dfe291f446b4c1e2ef9ca756cfbb01a records_attr3=6fb724d6a6738b70eda64a9dec01251ac36bf36b records_attr4=topic_Faculty_74(r185@n257(hasword_suggest_74)) 
time=999 node=10.1.1.4 tuple=records records_attr1=10.1.1.4 records_attr2=9e6572c72d14c826c18bd8a75c8a1240bbaf82ca records_attr3=3c2eefad064375262c1dca5680b064d3907c4b0f records_attr4=topic_Student_29(r459@n257(hasword_present_29)) 
time=999 node=10.1.1.4 tuple=records records_attr1=10.1.1.4 records_attr2=a987da0fb0512ff2b05588b9a9e652b52c655cbb records_attr3=e34a4cf2f6b56951abe3b9a9d6e07066bbd8dee8 records_attr4=topic_ResearchProject_90(r215@n257(hasword_home_90)) 
time=999 node=10.1.1.4 tuple=records records_attr1=10.1.1.4 records_attr2=acf9f6d5e6da42190793043a8a5fc8567a4f1af5 records_attr3=cbd166e068e0347397efc2825eb13960a6b55e70 records_attr4=topic_Person_14(rl@n257(links_14_115*topic_Person_115(r7@n257(hasword_descript_115)))) 
time=999 node=10.1.1.4 tuple=records records_attr1=10.1.1.4 records_attr2=acfa6f8e199e67cb656971c9da285dffb2b05399 records_attr3=6e8c116ab490bfdd3bd79ce5d71579dafcc0532b records_attr4=topic_Faculty_46(r423@n257(hasword_distribut_46)) 
time=999 node=10.1.1.4 tuple=records records_attr1=10.1.1.4 records_attr2=ae0cd922328eccdc3cc7beecbea522c59592c4ff records_attr3=ccdc97cdd50dd4d8a24393dcafe92ebe64ff4ba9 records_attr4=topic_ResearchProject_14(r335@n257(hasword_singl_14)) 
time=999 node=10.1.1.4 tuple=records records_attr1=10.1.1.4 records_attr2=ae22d887567d2b4edc06cdba7cbf89c94c66c9f1 records_attr3=8e2099669b474fa6292c9dd1a64c1fe23fd21c39 records_attr4=topic_Student_23(r165@n257(hasword_award_23)) 
time=999 node=10.1.1.4 tuple=records records_attr1=10.1.1.4 records_attr2=b18552619bc51d1d55679ec973e291415381e20e records_attr3=513947ec1bcac3279654ec29d8cf6c1282420e9d records_attr4=topic_Student_51(r177@n257(hasword_select_51)) 
time=999 node=10.1.1.4 tuple=records records_attr1=10.1.1.4 records_attr2=b1a72793e8801b4a14cd6fd940c146917009833e records_attr3=9076f161653795f7a16710e58ad1244d8e6fa725 records_attr4=topic_Student_4(r413@n257(hasword_creat_4)) 
time=999 node=10.1.1.4 tuple=records records_attr1=10.1.1.4 records_attr2=b5e11af6cf9acf75baf16d18e7564eb2b5496fdc records_attr3=1fa8f6c6a0e9467fd90d5cba15add9fd6677a68c records_attr4=topic_Person_97(r38@n257(hasword_machin_97)) 
time=999 node=10.1.1.4 tuple=records records_attr1=10.1.1.4 records_attr2=b6b2d3d8dd3e10bdafc3418628d6190a6a6658bb records_attr3=c8814eb074050741f82681782a8d0e42f66b0e4a records_attr4=topic_Faculty_26(r182@n257(hasword_date_26)) 
time=999 node=10.1.1.4 tuple=records records_attr1=10.1.1.4 records_attr2=b706425a759cc8192072313c242e5cd8c8fc3a2b records_attr3=12ac88a4418cfdb5cdcc1aae233daeeb35290550 records_attr4=topic_Course_29(r51@n257(hasword_learn_29)) 
time=999 node=10.1.1.4 tuple=records records_attr1=10.1.1.4 records_attr2=bc13db0fb0371b56b6ff8f3b42ed20831aafdca0 records_attr3=f3dc6bb8d98d4c97d86205c8402bafaf55b15d3d records_attr4=topic_Person_36(r228@n257(hasword_assist_36)) 
time=999 node=10.1.1.4 tuple=records records_attr1=10.1.1.4 records_attr2=c0ae356aaae6d48c9f22c72d5bad5187d89748ec records_attr3=fa5c2be5b843474b6a1fc60bb7dcdf2f27b04ac9 records_attr4=topic_Course_49(rl@n257(links_49_22*topic_Course_22(r210@n257(hasword_hard_22)))) 
time=999 node=10.1.1.4 tuple=records records_attr1=10.1.1.4 records_attr2=c46ec203df2444bb6b917aad8f53d058844e3ba2 records_attr3=dcdf4b04dde2c08a8ceab9a24ee3aae06c200f80 records_attr4=topic_Person_19(r412@n257(hasword_copi_19)) 
time=999 node=10.1.1.4 tuple=records records_attr1=10.1.1.4 records_attr2=c767272e1a382a6c4371ff1bd00ac8d06fc1308d records_attr3=77ef30c814e85addb792c40fcd19dcc5e226cba3 records_attr4=topic_ResearchProject_7(r250@n257(hasword_emac_7)) 
time=999 node=10.1.1.4 tuple=records records_attr1=10.1.1.4 records_attr2=d1f7fcfef2989c20bf3032cccb95babe028bf770 records_attr3=66dc4339efe23fdb2056422ffb8135d233c1f71b records_attr4=topic_ResearchProject_36(r470@n257(hasword_assist_36)) 
time=999 node=10.1.1.4 tuple=records records_attr1=10.1.1.4 records_attr2=d2a1fc3e3550d1c8f20545ec7a0184ca7aa90366 records_attr3=354065c277121ac0ca439ebe5111750c232f0fb5 records_attr4=topic_Department_76(r418@n257(hasword_wide_76)) 
time=999 node=10.1.1.4 tuple=records records_attr1=10.1.1.4 records_attr2=dfd703bdd78883ff9901a0a327f9d6cd96d4c2d3 records_attr3=7cf6ab580354e0810eb7a8c22f2b4b3dea94cb2e records_attr4=topic_Staff_38(r258@n257(hasword_servic_38)) 
time=999 node=10.1.1.4 tuple=records records_attr1=10.1.1.4 records_attr2=e9808166c9e19a0c2f34c8319319e57c74f0afae records_attr3=abcc1bc117de3798ad5e3f77b628edadb48a1f29 records_attr4=topic_Person_78(r205@n257(hasword_austin_78)) 
time=999 node=10.1.1.4 tuple=records records_attr1=10.1.1.4 records_attr2=ebbd0858a3b7ca00f98f8f067589a6735fe15b8c records_attr3=d67c834d5367076328ac57126a04ba8b854aff7c records_attr4=topic_Person_22(r150@n257(hasword_provid_22)) 
time=999 node=10.1.1.4 tuple=records records_attr1=10.1.1.4 records_attr2=f07b791985105f538054df2cbd85ec7e15c5ae6f records_attr3=20e14d6cc3e1e76da5a357b9febfc02d45053043 records_attr4=topic_Person_37(r412@n257(hasword_copi_37)) 
time=999 node=10.1.1.4 tuple=records records_attr1=10.1.1.4 records_attr2=f20e0dc8d88539428688e8f21c30c2da7e7cb53f records_attr3=dc0d2889a68591c2f0bd21d496d747204a880d3 records_attr4=topic_ResearchProject_23(rl@n257(links_23_7*topic_ResearchProject_7(r250@n257(hasword_emac_7)))) 
time=999 node=10.1.1.4 tuple=records records_attr1=10.1.1.4 records_attr2=f36865b1620d9792046a1d6abd4098432e3949da records_attr3=f5ef325ee9c4ebd2430710bbc88988926a68546e records_attr4=topic_Student_34(r121@n257(hasword_length_34)) 
time=999 node=10.1.1.4 tuple=records records_attr1=10.1.1.4 records_attr2=f44e17f785aa7dc2f249ebf0ada7996408b07c49 records_attr3=881f90f6546dcc2cfdd8220cb68f752a24c66e9 records_attr4=topic_Faculty_71(r227@n257(hasword_state_71)) 
time=999 node=10.1.1.4 tuple=records records_attr1=10.1.1.4 records_attr2=f746acda68682ff3090a02e88f90cd4e178ea535 records_attr3=9d787b49f63facf6cc66fcbc35246461c3f392f2 records_attr4=topic_Course_1(r219@n257(hasword_softwar_1)) 
time=999 node=10.1.1.4 tuple=records records_attr1=10.1.1.4 records_attr2=f79fb0702928b513e74f8f00a93329d14e362483 records_attr3=5b1cd8707f12e4d941a998d4a34d9f3e873138e7 records_attr4=topic_ResearchProject_35(r130@n257(hasword_ai_35)) 
time=999 node=10.1.1.4 tuple=records records_attr1=10.1.1.4 records_attr2=fa6fbd8e9bb148afd05a66e854352a69e2e7e963 records_attr3=7424a5fa836642bc82f1fe3bdf22993c180f12a3 records_attr4=topic_Student_5(r459@n257(hasword_present_5)) 
time=999 node=10.1.1.4 tuple=records records_attr1=10.1.1.4 records_attr2=face8410e90c7406b9ba30aee96f1f1177cc3379 records_attr3=a77b5cb7a08ec5db5e9a994a898e7a0cd6ae66ab records_attr4=topic_ResearchProject_43(r215@n257(hasword_home_43)) 
time=999 node=10.1.1.4 tuple=records records_attr1=10.1.1.4 records_attr2=fc387b9d68b86de2f63a195ff5bbd6dea9df5215 records_attr3=6bda596dfe2b2b4b11459fb41b29e68b44b7a310 records_attr4=topic_Faculty_84(r153@n257(hasword_master_84)) 
time=999 node=10.1.1.4 tuple=records records_attr1=10.1.1.4 records_attr2=fddd3b1999fcc0af460f0085c54d8f417ba5d799 records_attr3=d31e217e84fe392e545c042bef3f69ac591d9563 records_attr4=topic_Student_41((r363@n257(hasword_number_41))+(rl@n257(links_41_15*topic_Student_15(r451@n257(hasword_access_15))))) 
time cost: 44.2556 seconds
