18399
Student
Faculty
Staff
ResearchProject
Course
Department
Person
8060751
8061990
8062487
8062719
8063061
8063460
8063762
9336864
9337219
9337375
9337525
9337673
9337820
9338085
9393337
9393552
9393709
9393888
9394246
9394436
9394585
9447568
9447663
9447992
9448140
9448287
9448430
9448573
9503595
9503900
9504072
9504224
9504373
9504526
9504674
9602384
9602585
9602742
9603025
9603181
9603327
9603472
9662854
9663066
9663217
9663364
9663586
9663812
9663960
9754640
9755168
9755339
9755487
9755632
9756162
9759496
9849670
9849928
9850077
9850222
9850366
9850525
9850737
9945184
9945412
9945565
9945799
9945952
9946098
9946242
10168985
10169175
10169319
10169462
10169782
10169946
10170091
10452735
10452984
10453177
10454469
10454750
10454993
10455190
10518014
10518205
10518351
10518563
10518705
10518846
10518986
10584695
10584892
10585036
10585179
10585394
10585538
10585679
10650737
10650927
10651073
10651332
10651814
10652465
10652686
10769014
10769063
10769516
10769683
10769828
10769970
10770112
10938366
10938563
10938710
10938856
10938998
10939304
10939598
11129289
11129541
11129689
11129811
11129811
11130189
11130332
11188730
11188925
11189214
11189366
11189511
11189651
11189792
11300311
11300729
11300886
11301029
11301171
11301312
11301455
11410872
11411118
11411212
11411212
11411212
11411212
11411212
11521294
11521556
11521704
11521846
11521987
11522241
11522397
11662685
11662891
11663105
11663268
11663483
11663737
11663889
11788090
11788287
11788432
11788681
11788837
11789046
11789190
12113939
12114530
12114816
12115300
12115555
12115881
12116358
12267782
12267969
12268113
12268254
12268423
12268566
12268778
12403340
12403683
12403854
12404001
12404143
12404284
12404445
12477439
12477745
12478112
12478316
12478462
12478711
12478995
12559390
12559823
12560076
12560219
12560358
12560538
12560909
12751123
12751422
12751576
12751732
12751872
12752009
12752146
12835048
12835257
12835511
12835656
12835794
12835933
12836070
13142369
13142583
13142727
13142868
13143006
13143251
13143429
13282535
13282726
13282868
13283006
13283241
13283445
13283593
13499346
13499539
13499679
13499817
13499954
13500090
13500293
13605653
13605961
13606124
13606264
13606406
13607536
13608493
13681998
13682186
13682326
13682462
13682598
13682735
13682872
13901498
13901702
13901843
13902188
13902337
13902475
13902612
14121440
14121736
14122090
14122324
14122548
14122763
14123083
14331500
14331707
14331923
14332066
14332205
14332342
14332479
14438121
14438425
14438742
14438982
14439312
14439535
14439858
14573413
14573687
14573835
14573998
14574138
14574295
14574439
14687537
14687920
14688074
14688217
14688358
14688498
14688710
14909261
14909261
14909261
14909261
14909261
14914192
14914443
15021190
15021483
15021735
15021964
15022138
15022445
15022901
15253886
15254180
15254407
15254707
15254935
15255159
15255381
15411843
15412255
15412532
15412757
15413697
15415061
15415730
15530589
15531906
15532257
15532495
15532724
15535001
15535771
15682239
15682578
15682739
15682885
15684312
15684706
15685022
15798417
15798659
15798829
15798980
15800864
15801568
15801841
15919639
15920223
15920596
15921127
15921408
15921664
15922009
16070894
16071247
16071500
16071738
16072173
16072517
16072735
16187796
16188146
16188424
16188760
16188998
16189228
16189443
17209631
17210250
17210631
17211113
17211496
17211960
17211960
17352985
17353233
17353392
17353543
17355083
17356540
17356931
17689501
17689859
17690122
17690461
17690727
17690982
17691237
18016595
18017013
18017462
18017795
18018059
18018406
18018667
18262488
18266178
18267439
18268340
18268641
18268914
18269283
18499412
18499672
18499852
18500029
18503052
18515722
18515910
18993883
18994701
18995135
18995533
18998536
18998900
19002352
19275654
19276226
19276712
19281010
19281337
19281514
19281776
19873328
19874832
19875589
19876072
19876585
19876933
19877349
20511258
20512249
20512818
20513829
20514700
20515783
20516284
20774322
20775403
20777038
20777432
20778461
20779096
20779843
21070433
21071257
21071799
21072220
21072508
21072817
21073195
21942221
21942777
21943124
21943451
21943991
21944342
21944848
22823607
22824188
22824489
22824780
22825271
22825633
22826156
23637309
23640247
23641033
23641500
23642976
23643393
23644069
24455991
24456814
24457245
24459805
24460415
24460768
24461123
24819889
24820520
24820889
24821394
24821786
24823079
24823079
25201312
25202143
25202508
25202854
25203345
25203958
25204333
26419527
26420757
26421183
26421717
26422146
26422650
26423092
27622139
27622878
27623254
27623747
27624095
27627091
27627666
28479529
28479529
28479529
28479529
28479529
28479529
28479529
29343927
29344405
29344691
29345149
29345373
29345587
29345797
29738584
29739234
29739876
29745362
29746068
29747009
29747425
30590154
30592137
30592648
30592981
30593382
30593627
30593860
30934772
30935243
30935767
30936258
30937434
30938181
30940026
31703666
31704604
31705947
31706221
31706444
31706721
31707047
31961331
31961787
31962404
31963014
31963766
31964366
31964999
32242052
32242618
32243041
32243393
32243854
32244300
32244839
32968703
32969388
32969753
32970302
32970578
32970813
32971063
33664993
33665706
33666044
33666719
33667371
33668040
33668498
33986709
33987792
33988446
33988987
33989519
33989883
33990369
35171130
35171772
35172107
35172580
35172903
35173211
35173709
36049924
36050595
36051057
36051987
36052362
36052684
36053166
37691470
37692038
37692349
37692907
37693444
37693969
37694402
38511257
38512231
38512656
38513163
38513555
38513925
38514416
39344136
39344540
39344990
39345378
39345876
39346269
39346936
39775379
39776833
39777434
39777673
39777894
39778114
39778205
40173976
40178297
40178777
40179296
40179688
40180260
40180646
40587996
40588350
40588611
40588983
40589238
40589484
40589896
40959410
40960186
40961274
40961794
40962075
40962330
40962590
41300464
41301076
41301313
41301540
41301971
41302523
41303255
42160251
42160546
42160546
42173927
42174560
42175207
42175735
42589634
42590994
42591952
42593827
42594688
42595450
42596264
42960387
42961511
42961816
42962051
42962484
42962914
42963424
43345844
43346194
43346575
43346809
43347096
43347641
43348142
43722297
43722728
43722948
43723201
43723567
43723786
43723998
44074896
44075323
44075583
44076126
44076765
44077313
44077940
44379517
44381425
44382066
44382798
44383469
44383821
44384136
time=999 node=10.1.1.4 tuple=records records_attr1=10.1.1.4 records_attr2=16bfb71c2f016a5056917e5280212c646206505 records_attr3=d32b6a20bcde0b45db1d7b6294582ed3c1f5ccdc records_attr4=topic_Person_84(r366@n257(hasword_check_84)) 
time=999 node=10.1.1.4 tuple=records records_attr1=10.1.1.4 records_attr2=40f01e64f646247eac9d4a0710a60258615e792 records_attr3=16424b2908c46650929e416a6e1245cff928450f records_attr4=topic_Student_9(r355@n257(hasword_assist_9)) 
time=999 node=10.1.1.4 tuple=records records_attr1=10.1.1.4 records_attr2=4ae19139e18c61fe62a7a1f290b2a0af843ff0a records_attr3=844c1b458ec1e056f964cc76d2cc18ef5536608e records_attr4=topic_Student_30(r363@n257(hasword_number_30)) 
time=999 node=10.1.1.4 tuple=records records_attr1=10.1.1.4 records_attr2=ba1d13714f58ca7ef0dc8f6fba993f1510eef5d records_attr3=a3bd354cf92d1140e06db9ed77716bf7a7bf44ad records_attr4=topic_ResearchProject_59(r215@n257(hasword_home_59)) 
time=999 node=10.1.1.4 tuple=records records_attr1=10.1.1.4 records_attr2=f3c4a37d1b5e19594b2d164d042a3e8c2018b79 records_attr3=42b64b9750ec3c61035293a8fc96c4666923c75c records_attr4=topic_ResearchProject_25(r30@n257(hasword_lab_25)) 
time=999 node=10.1.1.4 tuple=records records_attr1=10.1.1.4 records_attr2=12cef51e6da919657bd9e9280106bf9600b336bd records_attr3=dd29fc31de722e006e3b3c3b70ed6845a973c1dd records_attr4=topic_Course_51(rl@n257(links_51_84*topic_Course_84(r272@n257(hasword_check_84)))) 
time=999 node=10.1.1.4 tuple=records records_attr1=10.1.1.4 records_attr2=16c4b8521641c7458560460396cdec5be9e3cd0e records_attr3=7f9a7bfb34b3a50fc826a56ab9368cbbab708d52 records_attr4=topic_Staff_63(r291@n257(hasword_size_63)) 
time=999 node=10.1.1.4 tuple=records records_attr1=10.1.1.4 records_attr2=170c09d09ce59495cad711cfc44d7c3237555913 records_attr3=a58669b84ea98ba490f81d9177f1f9ba4c921a31 records_attr4=topic_Department_60(r349@n257(hasword_period_60)) 
time=999 node=10.1.1.4 tuple=records records_attr1=10.1.1.4 records_attr2=173c49f894ded757b76f9c1d2cab7bd94e912a0a records_attr3=cf24f9e1edc70781803e84948ddfe8726bd1dd79 records_attr4=topic_Person_64(r234@n257(hasword_place_64)) 
time=999 node=10.1.1.4 tuple=records records_attr1=10.1.1.4 records_attr2=1a7c303fbbdcdbb79d18ea8abea4b1eca0fd2b1f records_attr3=33763d1cb1585c36f1f72118e52137261ce9c099 records_attr4=topic_Course_24(r466@n257(hasword_link_24)) 
time=999 node=10.1.1.4 tuple=records records_attr1=10.1.1.4 records_attr2=1afa748ca4a4cfce3aad94ac59429e83637e2db0 records_attr3=4112591d60b8d0bf9277d777392d2e6c19daf98a records_attr4=topic_Course_53(r222@n257(hasword_server_53)) 
time=999 node=10.1.1.4 tuple=records records_attr1=10.1.1.4 records_attr2=1b6cea926b4c3e837635daaf7f481f47c846b5ac records_attr3=c9c84f253d0f30ad673f1aed4a3639ecc1b273e2 records_attr4=topic_ResearchProject_22(r126@n257(hasword_note_22)) 
time=999 node=10.1.1.4 tuple=records records_attr1=10.1.1.4 records_attr2=290db2745cda4596e04afebb198d649937fe6076 records_attr3=b018b232fe27a1ba0f6cc697c1e8f78e23bd672e records_attr4=topic_ResearchProject_79(r214@n257(hasword_increas_79)) 
time=999 node=10.1.1.4 tuple=records records_attr1=10.1.1.4 records_attr2=2da78abda05cacdaa5ab8e2af7ed488758a7f9e6 records_attr3=b1408b639c860ae0d2bc18bbf67ae2e3e69f5de records_attr4=topic_Department_15(r173@n257(hasword_hw_15)) 
time=999 node=10.1.1.4 tuple=records records_attr1=10.1.1.4 records_attr2=31381720529cffd76ee29b0d93108e93511bbdb0 records_attr3=caca210b42ee3b14f3a7d9c9550b1a4715615bc records_attr4=topic_ResearchProject_82(r114@n257(hasword_tx_82)) 
time=999 node=10.1.1.4 tuple=records records_attr1=10.1.1.4 records_attr2=3339672b45eb11c841e022a75b81a126f810c81f records_attr3=69c82f7c503c6cd16b8388b5bf8971c01d853fdd records_attr4=topic_Course_8(r219@n257(hasword_softwar_8)) 
time=999 node=10.1.1.4 tuple=records records_attr1=10.1.1.4 records_attr2=344345861ae0935f5fa47b15667df579a652f4f5 records_attr3=6a43c46411e276dd53051d41197c24a3e88e0a13 records_attr4=topic_Faculty_83(r182@n257(hasword_date_83)) 
time=999 node=10.1.1.4 tuple=records records_attr1=10.1.1.4 records_attr2=451dd07181473d9c6808521dba5c941d3a47d5c9 records_attr3=11f33b580d4c61ee78a2d1fc7794a9e45f1176d1 records_attr4=topic_Person_70(r107@n257(hasword_due_70)) 
time=999 node=10.1.1.4 tuple=records records_attr1=10.1.1.4 records_attr2=453fb76d7031dea354277a0ef48a4d1bfa5ea87b records_attr3=b456852a11c7fc487c51b9b3b845b1a609eeb31d records_attr4=topic_ResearchProject_28(r54@n257(hasword_repres_28)) 
time=999 node=10.1.1.4 tuple=records records_attr1=10.1.1.4 records_attr2=477c0305f245ea01f760a94b104c4fc460fafbe5 records_attr3=69f0e50a7d6f4ee016c6c82383bc05b5dda61ff1 records_attr4=topic_Person_23(r373@n257(hasword_low_23)) 
time=999 node=10.1.1.4 tuple=records records_attr1=10.1.1.4 records_attr2=499ff41109fb077fe671fe5cbcb885cb6991e2dc records_attr3=ba3361ebec923a936100df6c9a6f3f2949c47d65 records_attr4=topic_Faculty_64(r434@n257(hasword_place_64)) 
time=999 node=10.1.1.4 tuple=records records_attr1=10.1.1.4 records_attr2=4c6f48cea51843e7bb3c4977658107e52ba4cf62 records_attr3=816335ae2d722588b4d2ce300f9b94aa82c38e18 records_attr4=topic_Course_30(r0@n257(hasword_number_30)) 
time=999 node=10.1.1.4 tuple=records records_attr1=10.1.1.4 records_attr2=4d324ab0e0dfbb6183f9b4579964fcd786b24458 records_attr3=52824f4e45ffde872d804135b79d382fcc733ddd records_attr4=topic_Person_7(r495@n257(hasword_academ_7)) 
time=999 node=10.1.1.4 tuple=records records_attr1=10.1.1.4 records_attr2=4d63957da7f9cbe8e28c40e24cc81a4de5d074bb records_attr3=e1211a2b70afb5200508d05d4d786af915cd2393 records_attr4=topic_Person_16(r228@n257(hasword_assist_16)) 
time=999 node=10.1.1.4 tuple=records records_attr1=10.1.1.4 records_attr2=4d8a06b6aa0e7030e1ea8b423911de16c26a44c2 records_attr3=59c430a54e1475c781262804962081994c910b68 records_attr4=topic_Staff_36(r350@n257(hasword_paper_36)) 
time=999 node=10.1.1.4 tuple=records records_attr1=10.1.1.4 records_attr2=528c3b3fc44c1c30457db60d810fbf5baa328a88 records_attr3=8d66380d860c0b9c51bbd427dd17339629dbdb39 records_attr4=topic_Course_69(r308@n257(hasword_assign_69)) 
time=999 node=10.1.1.4 tuple=records records_attr1=10.1.1.4 records_attr2=549bd41ae9a0ff267ba16ca46774adbd58233aaf records_attr3=c5c25ae74c0bca341b499d8c3e3923bf9f62f30a records_attr4=topic_Course_9(r222@n257(hasword_server_9)) 
time=999 node=10.1.1.4 tuple=records records_attr1=10.1.1.4 records_attr2=550c8e93d84936e0395e9e3898b8b4478bce4a5b records_attr3=41070321622cc20b272319354cb8b829125a62bb records_attr4=topic_Faculty_14(r479@n257(hasword_larg_14)) 
time=999 node=10.1.1.4 tuple=records records_attr1=10.1.1.4 records_attr2=5a6958ef018abec77cee47a14a7730690d6d0425 records_attr3=8ac3fb148d07887c3b46e00a65c6c761f34541df records_attr4=topic_Course_31(r49@n257(hasword_hall_31)) 
time=999 node=10.1.1.4 tuple=records records_attr1=10.1.1.4 records_attr2=6004305486d7f775b7bd4473294bf8501a89a423 records_attr3=d0a6d39020c1c123a580dac2778f4d193bbc4c9a records_attr4=topic_Person_18(r72@n257(hasword_java_18)) 
time=999 node=10.1.1.4 tuple=records records_attr1=10.1.1.4 records_attr2=61febd2de54169d546c162069c9b5c11496d49b4 records_attr3=985bb16fe063c4c93359e200548d62807ce7b40e records_attr4=topic_Staff_30(r52@n257(hasword_math_30)) 
time=999 node=10.1.1.4 tuple=records records_attr1=10.1.1.4 records_attr2=6397504ed237b6e83d0850aa771adc8d945cdb6d records_attr3=ddcbc202313d2fb96bf944631d7ca80b6f1f6b93 records_attr4=topic_ResearchProject_16(r470@n257(hasword_assist_16)) 
time=999 node=10.1.1.4 tuple=records records_attr1=10.1.1.4 records_attr2=69d79e502db3997fc6b5cf3c3c3f7b45bc61940a records_attr3=36476444964e33f1b11fa313c088002504cd96b9 records_attr4=topic_Person_51(rl@n257(links_51_84*topic_Person_84(r366@n257(hasword_check_84)))) 
time=999 node=10.1.1.4 tuple=records records_attr1=10.1.1.4 records_attr2=6a2967dae9fb1f1524341a5ca3b18a6a116c4602 records_attr3=dd1878ef857cd33e01661040e37e5a50b7069fd6 records_attr4=topic_Course_72(r222@n257(hasword_server_72)) 
time=999 node=10.1.1.4 tuple=records records_attr1=10.1.1.4 records_attr2=6b91ab29be6cdb9f3d11d0ca9f7512e2f5f620a8 records_attr3=aeb05d6a0e444a871f0dcb36f33007199caa88e7 records_attr4=topic_Course_76(r75@n257(hasword_address_76)) 
time=999 node=10.1.1.4 tuple=records records_attr1=10.1.1.4 records_attr2=6ecbf90c65c0225e0e521bf3c014a15f9bc31b8d records_attr3=5401e5330778625829b4cb3f3b3a97f7c2a0a58c records_attr4=topic_Faculty_10(rl@n257(links_10_64*topic_Faculty_64(r434@n257(hasword_place_64)))) 
time=999 node=10.1.1.4 tuple=records records_attr1=10.1.1.4 records_attr2=7552b2994af9e21c1c7496e96c26b9b0624b8169 records_attr3=e9f27db13b7160ff6f3e6f353fe5909a48afaf58 records_attr4=topic_Student_70(r379@n257(hasword_mondai_70)) 
time=999 node=10.1.1.4 tuple=records records_attr1=10.1.1.4 records_attr2=77c301e8653eb5fb19cb623ba2a99f129042e24f records_attr3=6bdf1646ffe2440c53f14170ce5a031cc6e2868d records_attr4=topic_Person_9(r228@n257(hasword_assist_9)) 
time=999 node=10.1.1.4 tuple=records records_attr1=10.1.1.4 records_attr2=7a2205e08206f5150890967d7a8d9681969d0ac9 records_attr3=191b13f8752f80cfa0575feac8fb92b5bcf04904 records_attr4=topic_Student_15(r43@n257(hasword_hw_15)) 
time=999 node=10.1.1.4 tuple=records records_attr1=10.1.1.4 records_attr2=88fcb6f0a1872bbcbeec35c48db8e2b0f4f5dc52 records_attr3=b41a144f6ab632bf07e80dbea12b8c691ef66ed7 records_attr4=topic_Person_69(r396@n257(hasword_assign_69)) 
time=999 node=10.1.1.4 tuple=records records_attr1=10.1.1.4 records_attr2=8bb230b4216781056680e03064f8ea1de7892255 records_attr3=f7fed0ac34af2d458dd27a0cb58b4890885b4ba4 records_attr4=topic_Course_20(r33@n257(hasword_public_20)) 
time=999 node=10.1.1.4 tuple=records records_attr1=10.1.1.4 records_attr2=99cc32c6188ca6434574e7de7b43879962962021 records_attr3=46c7a39e2d15c4ccff58636d007c10ea5d67a19b records_attr4=topic_Student_19(r121@n257(hasword_length_19)) 
time=999 node=10.1.1.4 tuple=records records_attr1=10.1.1.4 records_attr2=9fff322ec47134e5b651cb14e42640b6cef8c745 records_attr3=c136889fb6fc4a48c42b08e9f3fba5138d85ee26 records_attr4=topic_Faculty_35(r185@n257(hasword_suggest_35)) 
time=999 node=10.1.1.4 tuple=records records_attr1=10.1.1.4 records_attr2=a5349d7d86e59b7a6ac7546bb2d937b3fcf20484 records_attr3=b30c1168e5b1f7836cee7cb5ea027e5cabedbe1 records_attr4=topic_Course_32(r198@n257(hasword_sourc_32)) 
time=999 node=10.1.1.4 tuple=records records_attr1=10.1.1.4 records_attr2=ad3397920bbade2f7a450e5822ef0ed5b5a4652c records_attr3=6d1e0d3ff697209677e6a1ea04a4297459655b38 records_attr4=topic_ResearchProject_6(r122@n257(hasword_set_6)) 
time=999 node=10.1.1.4 tuple=records records_attr1=10.1.1.4 records_attr2=ae22d887567d2b4edc06cdba7cbf89c94c66c9f1 records_attr3=8e2099669b474fa6292c9dd1a64c1fe23fd21c39 records_attr4=topic_Student_23(r384@n257(hasword_low_23)) 
time=999 node=10.1.1.4 tuple=records records_attr1=10.1.1.4 records_attr2=aebb4e211ee60ce07715400afe6977a797d1589f records_attr3=6766c169b28535d67cea1c8031f4d732ff2abdb1 records_attr4=topic_Department_41(r485@n257(hasword_program_41)) 
time=999 node=10.1.1.4 tuple=records records_attr1=10.1.1.4 records_attr2=b13b5803d22cf3ff6fb7f45f60f33f5f5a83b1b2 records_attr3=b5186f2d033aed10033f04a6beb70aa162989689 records_attr4=topic_Person_28(r18@n257(hasword_repres_28)) 
time=999 node=10.1.1.4 tuple=records records_attr1=10.1.1.4 records_attr2=b18552619bc51d1d55679ec973e291415381e20e records_attr3=513947ec1bcac3279654ec29d8cf6c1282420e9d records_attr4=topic_Student_51(rl@n257(links_51_84*topic_Student_84(r172@n257(hasword_check_84)))) 
time=999 node=10.1.1.4 tuple=records records_attr1=10.1.1.4 records_attr2=b1a72793e8801b4a14cd6fd940c146917009833e records_attr3=9076f161653795f7a16710e58ad1244d8e6fa725 records_attr4=topic_Student_4(r121@n257(hasword_length_4)) 
time=999 node=10.1.1.4 tuple=records records_attr1=10.1.1.4 records_attr2=b6a83311c24181c1c2ccea4c14ea5a76c7c9b5f6 records_attr3=100b7dedc30fc3a536c215de98f9570e8ce1929 records_attr4=topic_Department_80(r420@n257(hasword_open_80)) 
time=999 node=10.1.1.4 tuple=records records_attr1=10.1.1.4 records_attr2=b800ab2d75d28eb53b94c3f230875193df2b87da records_attr3=c729b60191cad8f760c38e783c939d946df12591 records_attr4=topic_Student_21(r121@n257(hasword_length_21)) 
time=999 node=10.1.1.4 tuple=records records_attr1=10.1.1.4 records_attr2=ba1f996e3e226e5d672dcc21dcef1f9333744f5f records_attr3=a578b8408e50948a5353197138afc302294d0a87 records_attr4=topic_ResearchProject_9(r470@n257(hasword_assist_9)) 
time=999 node=10.1.1.4 tuple=records records_attr1=10.1.1.4 records_attr2=bd99919e3d920ab33e2d22cd237d1fd4948bcc27 records_attr3=23b32b88818490d47420de3867e4fb95f549d433 records_attr4=topic_Staff_54(r52@n257(hasword_math_54)) 
time=999 node=10.1.1.4 tuple=records records_attr1=10.1.1.4 records_attr2=c5bdcb4eb375e6e0f74470ec9660123e659427a2 records_attr3=f7e41d4236b8a2a6011afcb9044474554438c501 records_attr4=topic_Person_32(r453@n257(hasword_sourc_32)) 
time=999 node=10.1.1.4 tuple=records records_attr1=10.1.1.4 records_attr2=c8dca95ef55a79a2283134fed0dccce133b8a05d records_attr3=a35736eedd8699353aa7e2fbb17643fbd662bb13 records_attr4=topic_Course_35(r135@n257(hasword_continu_35)) 
time=999 node=10.1.1.4 tuple=records records_attr1=10.1.1.4 records_attr2=d08895249218dd21b26bdc1076acd8d3a8d079c1 records_attr3=88ce11749b5e2b7ff1320757c4bd32fd8b78799c records_attr4=topic_Staff_85(r317@n257(hasword_command_85)) 
time=999 node=10.1.1.4 tuple=records records_attr1=10.1.1.4 records_attr2=d3f1630a14f36cb5a618a4a15c7af003473738d7 records_attr3=59d2f4c5dc0b71008f5daa9cdf06dab6a7d39f91 records_attr4=topic_Department_65(r132@n257(hasword_cse_65)) 
time=999 node=10.1.1.4 tuple=records records_attr1=10.1.1.4 records_attr2=d83d6157b19d0d9ea0bd54d115a1230ae3456b7b records_attr3=921546602c4f9d4295d379e84c3c1682774bb033 records_attr4=topic_Faculty_43(r87@n257(hasword_year_43)) 
time=999 node=10.1.1.4 tuple=records records_attr1=10.1.1.4 records_attr2=dafd8cf784027724a108dbc99ae4d0853bce64ea records_attr3=8745469f1cc9ac8623e023d818523539ac1d6b91 records_attr4=topic_Course_84(r272@n257(hasword_check_84)) 
time=999 node=10.1.1.4 tuple=records records_attr1=10.1.1.4 records_attr2=e00f66319c615d6f83895bee72bb90e5b76eebe6 records_attr3=dc8e2eee8701d6360a534037bc482bed976b78c8 records_attr4=topic_Department_66(r195@n257(hasword_prototyp_66)) 
time=999 node=10.1.1.4 tuple=records records_attr1=10.1.1.4 records_attr2=e3d4e79d2c5d006cd0379720005aca222ff5ba36 records_attr3=9a03a4279801fd56f432a48b1785618818caac49 records_attr4=topic_ResearchProject_92(r482@n257(hasword_citi_92)) 
time=999 node=10.1.1.4 tuple=records records_attr1=10.1.1.4 records_attr2=e7d7e6ad3dfe40ea14b6da4367f1fec25d4bfc9c records_attr3=16fdd952da319b98c5bf82700ea25d1ce15f952c records_attr4=topic_Student_84(r172@n257(hasword_check_84)) 
time=999 node=10.1.1.4 tuple=records records_attr1=10.1.1.4 records_attr2=ecae6c205bb12b75ec9b683fdef98a55bc23ae86 records_attr3=2e45693ddab89a2444c7ddde8c000809c312739c records_attr4=topic_Student_57(r147@n257(hasword_sep_57)) 
time=999 node=10.1.1.4 tuple=records records_attr1=10.1.1.4 records_attr2=ef9a2708077d99d0d3c2174612529afd0113f128 records_attr3=6264b8c247d1d6da6c7a893fedec5d15e16d7883 records_attr4=topic_ResearchProject_86(r461@n257(hasword_term_86)) 
time=999 node=10.1.1.4 tuple=records records_attr1=10.1.1.4 records_attr2=f07b791985105f538054df2cbd85ec7e15c5ae6f records_attr3=20e14d6cc3e1e76da5a357b9febfc02d45053043 records_attr4=topic_Person_37(r338@n257(hasword_pictur_37)) 
time=999 node=10.1.1.4 tuple=records records_attr1=10.1.1.4 records_attr2=f44e17f785aa7dc2f249ebf0ada7996408b07c49 records_attr3=881f90f6546dcc2cfdd8220cb68f752a24c66e9 records_attr4=topic_Faculty_71(r323@n257(hasword_end_71)) 
time=999 node=10.1.1.4 tuple=records records_attr1=10.1.1.4 records_attr2=f543f7d9b9a69f8812a4caf1dd943a55728bbb0f records_attr3=d33ab9d964631e5faf76aced6b8092a3a7b798cc records_attr4=topic_Person_10(rl@n257(links_10_64*topic_Person_64(r234@n257(hasword_place_64)))) 
time=999 node=10.1.1.4 tuple=records records_attr1=10.1.1.4 records_attr2=f792b142b1c43124b44a50cbe5b1b1f13b753942 records_attr3=181a85e11a222348a15d41176ed0397c5915af97 records_attr4=topic_Course_82(r400@n257(hasword_tx_82)) 
time=999 node=10.1.1.4 tuple=records records_attr1=10.1.1.4 records_attr2=fcda2a6517deddce1cb4ecea71cb0eb874c509c9 records_attr3=8d7e98c94bc7ab2277877c31314851f75549a84e records_attr4=topic_Student_16(r355@n257(hasword_assist_16)) 
time=999 node=10.1.1.4 tuple=records records_attr1=10.1.1.4 records_attr2=fd7bf4e441e57bbef4fbb88c2cf64e162e6004db records_attr3=b1a5b683fe18a45aaacb9b45a728a1c698c17161 records_attr4=topic_Department_74(r305@n257(hasword_origin_74)) 
time=999 node=10.1.1.4 tuple=records records_attr1=10.1.1.4 records_attr2=fd93ce1cd3e0dad7c82e1817b266eff1ff55eace records_attr3=a5cde857a92646a8926d411974ad7ab2f7e42c04 records_attr4=topic_Faculty_23(r380@n257(hasword_low_23)) 
time cost: 48.7204 seconds
