19930
Student
Faculty
Staff
ResearchProject
Course
Department
Person
4912084
4912702
4912930
4913146
4913846
4914410
4914826
5539650
5539860
5540229
5540385
5540677
5540833
5540977
5624730
5625059
5625213
5625359
5625501
5625714
5625983
5737893
5737975
5738353
5738501
5738643
5738784
5739244
5819289
5819817
5820643
5821420
5821624
5822363
5822669
5882371
5882705
5884343
5885283
5885675
5885860
5886673
5958690
5958879
5959025
5959248
5959398
5959542
5959712
6054393
6054784
6054948
6055171
6055316
6055457
6055598
6106511
6106712
6106855
6106996
6107217
6107363
6107503
6209029
6209353
6209515
6210010
6210327
6212059
6212437
6268992
6269261
6269497
6269552
6269912
6270071
6270215
6322299
6322494
6322597
6322904
6323053
6323192
6323332
6377421
6378047
6378353
6378585
6378624
6378624
6378624
6476671
6478081
6478513
6478761
6478761
6478761
6479723
6580033
6580362
6580538
6580538
6580538
6580538
6580538
6656901
6657101
6657255
6657412
6657523
6657820
6657969
6731571
6731906
6732734
6733397
6733705
6734013
6734351
6801271
6801508
6801670
6801818
6801955
6802752
6802928
6931414
6931941
6932485
6933345
6937636
6937881
6938209
7070426
7070639
7070809
7070958
7071173
7071323
7071468
7288452
7288632
7289037
7289196
7289343
7289488
7289953
7427303
7428293
7428630
7429018
7429313
7429631
7429999
7501731
7503846
7504103
7504348
7504501
7504501
7504501
7605027
7605290
7605565
7605935
7606096
7606260
7606533
7747653
7748143
7748411
7748693
7749360
7750080
7750495
7827369
7828031
7828302
7828575
7829015
7829393
7829651
8005516
8005755
8005993
8006153
8006302
8006562
8006714
8100246
8100665
8100858
8101011
8101677
8102300
8102463
8188231
8188598
8188882
8189136
8189292
8189439
8189596
8282969
8283454
8283701
8283973
8284139
8284317
8284482
8552909
8553329
8553563
8553801
8554174
8554430
8554588
8724551
8724886
8725046
8725194
8725340
8725638
8725883
8909228
8909438
8909580
8913041
8913286
8913498
8914247
8998388
8998814
8999080
8999328
8999576
8999914
9000164
9326479
9326837
9327013
9327165
9327478
9327568
9328973
9566374
9566840
9567118
9567916
9568439
9568732
9569000
9672877
9673221
9673383
9673536
9673687
9673836
9674200
9775183
9775398
9775553
9775706
9776027
9776188
9776338
9983189
9985235
9985487
9985668
9985842
9986881
9987554
10085721
10086162
10086415
10086657
10087000
10087287
10087684
10193836
10194371
10194628
10194856
10195916
10196682
10196939
10422647
10422797
10423105
10423257
10423406
10423555
10423758
10691112
10691327
10691652
10691928
10692122
10692342
10692511
11043042
11043254
11043451
11043777
11043932
11044081
11044230
11409004
11409452
11410472
11410682
11410858
11411061
11411359
11694446
11694674
11694833
11694987
11695140
11695293
11695705
11789647
11790246
11790643
11791153
11791564
11792213
11792532
11899200
11899663
11901340
11901811
11901993
11902252
11902407
12118664
12119118
12119362
12119379
12120042
12120299
12120632
12227541
12227753
12227973
12228132
12228281
12228430
12228578
12332501
12332501
12332501
12334734
12335118
12335420
12335772
12434459
12434824
12435384
12435764
12436258
12437350
12437707
12558065
12558400
12558638
12559010
12559180
12559337
12559515
12749672
12750357
12750618
12750960
12751268
12751496
12752070
12869806
12870148
12870322
12870474
12870624
12870888
12871044
12996253
12997103
12997385
12997569
12997661
12998026
12998200
13182334
13183099
13183439
13183700
13183878
13184042
13184409
13318178
13318508
13318987
13319252
13319422
13319575
13319725
13591068
13591553
13591841
13592110
13592464
13592763
13593012
13722999
13723514
13723972
13724443
13724820
13725607
13725975
13840211
13840797
13841289
13841688
13842732
13845284
13846001
13990583
13991146
13992085
13992720
13993077
13993330
13993865
14120568
14120801
14120956
14121109
14121335
14121489
14121641
14241104
14241606
14242010
14242182
14242470
14242774
14242935
14364429
14364763
14365396
14366456
14366748
14367102
14367268
14483951
14484386
14484680
14485285
14485559
14485888
14486192
14629263
14629714
14629714
14629714
14629714
14629714
14629714
14785458
14785690
14785845
14786088
14786242
14786394
14786543
14952677
14953172
14953674
14956131
14956563
14957303
14957811
15101553
15101973
15102145
15102258
15102539
15102696
15102855
15267470
15267698
15268421
15271180
15271547
15271975
15273093
15427248
15427911
15428219
15428623
15428910
15429173
15429620
15614255
15615150
15615521
15615969
15616302
15616649
15616896
15786472
15786768
15786931
15787084
15787181
15787547
15787822
15954610
15954835
15954989
15955140
15955650
15956131
15956715
16150240
16150579
16150826
16151156
16151616
16151894
16152073
16316274
16316749
16317009
16317249
16317592
16317868
16318100
16666287
16666621
16666864
16667245
16667489
16667716
16668078
16942751
16943001
16943159
16943410
16943564
16943715
16943865
17157230
17157705
17157954
17158187
17158420
17159117
17159376
17479150
17479648
17479970
17480342
17482549
17482940
17483404
17716505
17718069
17718393
17718672
17719042
17719398
17719704
17927870
17929156
17929484
17929884
17930255
17931014
17931324
18107504
18107838
18108012
18108269
18108703
18109058
18109396
18386583
18387056
18387504
18387811
18388100
18388627
18388913
18669326
18669856
18670168
18670500
18670969
18671973
18672293
18916346
18916688
18916938
18917475
18917969
18918187
18918475
19148460
19149098
19150466
19150944
19151225
19152181
19152954
19333315
19334045
19334361
19334677
19335039
19335577
19336194
19554075
19554506
19555534
19555745
19555955
19556112
19556392
19736688
19737068
19737250
19737424
19737594
19737855
19738032
19990950
19993142
19993749
20005555
20005886
20006079
20006400
20219750
20220307
20220722
20221446
20221897
20222200
20222453
20436093
20436494
20436906
20437204
20438918
20439246
20439729
20641951
20642059
20642059
20642059
20642059
20642059
20643252
20892221
20892738
20893284
20893683
20894356
20895447
20895974
21163182
21164078
21164278
21164588
21164896
21165300
21165643
21350966
21351262
21351450
21351567
21352945
21353456
21353456
21550378
21551191
21551534
21552184
21553358
21553668
21553949
21813838
21814538
21814833
21815189
21815552
21816406
21816821
time=999 node=10.1.1.4 tuple=records records_attr1=10.1.1.4 records_attr2=decf8040b506f3fdae00a2f68d453d2b0433d44 records_attr3=4ad5668755e97591df0b65d0eefcfdd208d4d63c records_attr4=topic_Course_33(r223@n257(hasword_mit_33)) 
time=999 node=10.1.1.4 tuple=records records_attr1=10.1.1.4 records_attr2=1e64cfa59c1f2feb88076558d29eb2f1821291b2 records_attr3=20fc56b8d0eea145ea579beefe9471b4bd7f536c records_attr4=topic_ResearchProject_8(r347@n257(hasword_wednesdai_8)) 
time=999 node=10.1.1.4 tuple=records records_attr1=10.1.1.4 records_attr2=26853c7b4ac81012f3edde72e217faba4abd7484 records_attr3=16e7a909a11b9c2fc445ba4405f812797c73127b records_attr4=topic_Faculty_41(r394@n257(hasword_grade_41)) 
time=999 node=10.1.1.4 tuple=records records_attr1=10.1.1.4 records_attr2=4133048174d3a06b9e6f839c645a6b7b01d86cd3 records_attr3=178b122786109a27295a260073505c41552b23ff records_attr4=topic_Course_43(r198@n257(hasword_sourc_43)) 
time=999 node=10.1.1.4 tuple=records records_attr1=10.1.1.4 records_attr2=41c8bc9dcd6d8b1d91009a570ddff5b9051cf4a2 records_attr3=45a9787596ca98f84af422acd59b14e9af975e6d records_attr4=topic_Department_2(r485@n257(hasword_program_2)) 
time=999 node=10.1.1.4 tuple=records records_attr1=10.1.1.4 records_attr2=437b400c6cb70261e36c54c531453e186d7b9070 records_attr3=b60ab1d86b41006f3277c9aa426b0390ece28318 records_attr4=topic_Faculty_37(r93@n257(hasword_type_37)) 
time=999 node=10.1.1.4 tuple=records records_attr1=10.1.1.4 records_attr2=4988339315102429f9542afdf4521438e020b6b6 records_attr3=556cd67730e903ad50026ad80f7e0f43d932c959 records_attr4=topic_Person_31(r277@n257(hasword_review_31)) 
time=999 node=10.1.1.4 tuple=records records_attr1=10.1.1.4 records_attr2=4d496968e4d75032b9334e56a2eb3a27a9ffa8fa records_attr3=b0f83cf1b422afef0de17fda55ecdd563eac86cb records_attr4=topic_Person_34(r436@n257(hasword_expect_34)) 
time=999 node=10.1.1.4 tuple=records records_attr1=10.1.1.4 records_attr2=594ed0bf8b390341cc33a1d71fdd2e9b3f00d44f records_attr3=83726b1c95e3977baeafab5676c160d36a74ab28 records_attr4=topic_ResearchProject_13(r215@n257(hasword_home_13)) 
time=999 node=10.1.1.4 tuple=records records_attr1=10.1.1.4 records_attr2=5b32c56adf28591811dde6778a28e16de1781148 records_attr3=6323796434cc6ebdac7ab80428f5704637110a79 records_attr4=topic_Department_33(r55@n257(hasword_mit_33)) 
time=999 node=10.1.1.4 tuple=records records_attr1=10.1.1.4 records_attr2=5d775e8d2f5116064dbf93162711ac6c4ae2ba4e records_attr3=ef64169e1a701db762a4f4ff8002130be10b603b records_attr4=topic_Course_42(r400@n257(hasword_tx_42)) 
time=999 node=10.1.1.4 tuple=records records_attr1=10.1.1.4 records_attr2=6004305486d7f775b7bd4473294bf8501a89a423 records_attr3=d0a6d39020c1c123a580dac2778f4d193bbc4c9a records_attr4=topic_Person_18(r260@n257(hasword_gener_18)) 
time=999 node=10.1.1.4 tuple=records records_attr1=10.1.1.4 records_attr2=65cd95e4c1e2c0a18bd44980813419281441cc5d records_attr3=f985e95649554c5c363950d765a1862cfadefe49 records_attr4=topic_Person_12(r150@n257(hasword_provid_12)) 
time=999 node=10.1.1.4 tuple=records records_attr1=10.1.1.4 records_attr2=75558b9f8e1297d1511a0a0ed022e9340b25b02c records_attr3=6491f4a6b27a63a0eed61a87f3c7c52ed89bca2b records_attr4=topic_Course_25(r331@n257(hasword_code_25)) 
time=999 node=10.1.1.4 tuple=records records_attr1=10.1.1.4 records_attr2=767eeea0f1e5d5199aaa31b47499da8abbce563b records_attr3=8ec745f25b85f948f2defaed49d60ef02a149dcd records_attr4=topic_ResearchProject_33(r496@n257(hasword_mit_33)) 
time=999 node=10.1.1.4 tuple=records records_attr1=10.1.1.4 records_attr2=77c3685c2429be4f9fde4b4b37cc53da1da21f2e records_attr3=3388c506f931080bcc6e816bc1f3c34f22796a97 records_attr4=topic_Person_6(r205@n257(hasword_austin_6)) 
time=999 node=10.1.1.4 tuple=records records_attr1=10.1.1.4 records_attr2=8df89b809c45424f2a01662d079a7495b8739e40 records_attr3=c57a65552370cd1839785b0da539a721116469b1 records_attr4=topic_ResearchProject_40(r304@n257(hasword_run_40)) 
time=999 node=10.1.1.4 tuple=records records_attr1=10.1.1.4 records_attr2=8e5e060c8872831aa927378a007bb2677144bf66 records_attr3=d3d47c3b2b49986f625a167eef904ef535bd98b8 records_attr4=topic_Faculty_17(r185@n257(hasword_suggest_17)) 
time=999 node=10.1.1.4 tuple=records records_attr1=10.1.1.4 records_attr2=9645fdc1d372e6e33ad5edb3945b20f357be2d39 records_attr3=a590c32d590117b389a5f12c79cd62a375e503ac records_attr4=topic_Faculty_44(r237@n257(hasword_data_44)) 
time=999 node=10.1.1.4 tuple=records records_attr1=10.1.1.4 records_attr2=978315663e05a23ea5bcffa01b4f424971bbe25d records_attr3=97b5bc9ef3dc23897eebbdc59866116025158ae3 records_attr4=topic_Staff_20(r437@n257(hasword_leav_20)) 
time=999 node=10.1.1.4 tuple=records records_attr1=10.1.1.4 records_attr2=9d8015c383ca747078e04f1dab232df45fda73af records_attr3=ee64ddd112ffb86b7c091992e7e2b3bca98ff8a4 records_attr4=topic_Department_19(r337@n257(hasword_construct_19)) 
time=999 node=10.1.1.4 tuple=records records_attr1=10.1.1.4 records_attr2=ae22d887567d2b4edc06cdba7cbf89c94c66c9f1 records_attr3=8e2099669b474fa6292c9dd1a64c1fe23fd21c39 records_attr4=topic_Student_23(r78@n257(hasword_page_23)) 
time=999 node=10.1.1.4 tuple=records records_attr1=10.1.1.4 records_attr2=b706425a759cc8192072313c242e5cd8c8fc3a2b records_attr3=12ac88a4418cfdb5cdcc1aae233daeeb35290550 records_attr4=topic_Course_29(r135@n257(hasword_continu_29)) 
time=999 node=10.1.1.4 tuple=records records_attr1=10.1.1.4 records_attr2=bc4776044ca565c52bd64f501020802a39ee1f45 records_attr3=aa448beabe6bf9b7c50942bda13861d3c98b9656 records_attr4=topic_Staff_1(r258@n257(hasword_servic_1)) 
time=999 node=10.1.1.4 tuple=records records_attr1=10.1.1.4 records_attr2=be3e9a3dbd12544fd0fb72317765a6dd62b25d91 records_attr3=c442618fcf53744510359f9d0933483032b5b1d3 records_attr4=topic_ResearchProject_42(r114@n257(hasword_tx_42)) 
time=999 node=10.1.1.4 tuple=records records_attr1=10.1.1.4 records_attr2=be97167f98ba70c23a78a7717b8246aae6d60817 records_attr3=24737d58ebc8ec8e03babe0c87d7a3a2ce1c7aaa records_attr4=topic_Person_43(r453@n257(hasword_sourc_43)) 
time=999 node=10.1.1.4 tuple=records records_attr1=10.1.1.4 records_attr2=c46ec203df2444bb6b917aad8f53d058844e3ba2 records_attr3=dcdf4b04dde2c08a8ceab9a24ee3aae06c200f80 records_attr4=topic_Person_19(r266@n257(hasword_construct_19)) 
time=999 node=10.1.1.4 tuple=records records_attr1=10.1.1.4 records_attr2=efcb29e73f13460e3e8126adce2bc467d81228d7 records_attr3=402d8c2cb9140870ba6e687bba806743af0cf46b records_attr4=topic_ResearchProject_47(r215@n257(hasword_home_47)) 
time=999 node=10.1.1.4 tuple=records records_attr1=10.1.1.4 records_attr2=f5975b06da3268a1333e9c4a8006660031e3ed76 records_attr3=4e7fed3d004c930008fdd60cd6dc1a8211cc1e17 records_attr4=topic_ResearchProject_30(r25@n257(hasword_tabl_30)) 
time cost: 25.792 seconds
