23329
Student
Faculty
Staff
ResearchProject
Course
Department
Person
16000971
16001705
16001987
16003187
16003586
16003870
16004233
18161047
18161440
18161808
18162229
18162603
18162873
18163145
18310570
18310817
18311062
18311235
18311489
18311668
18311837
18412739
18413064
18413234
18413394
18413555
18413718
18414023
18528257
18528590
18528758
18528919
18529079
18529238
18529373
18756470
18757000
18757409
18757603
18757776
18758053
18758342
18944907
18945125
18945288
18945589
18945989
18946173
18946335
19097010
19097264
19099437
19099934
19100233
19100744
19100972
19274047
19274336
19274672
19274852
19275016
19275176
19275336
19453836
19454070
19454236
19454398
19454554
19454554
19455007
19683050
19683592
19683826
19684235
19684381
19684700
19685029
19810025
19810470
19810756
19811003
19811318
19811599
19811875
19917289
19917514
19917678
19918046
19918236
19918397
19918557
20032500
20032929
20033125
20033290
20033451
20033611
20033936
20246839
20247118
20247290
20247452
20247742
20247908
20248067
20872498
20872895
20873200
20873345
20873345
20873345
20873345
21147186
21147802
21148008
21148174
21148336
21148497
21148684
21274227
21274446
21274610
21274938
21275174
21275353
21275515
21405788
21406527
21407064
21407410
21407471
21407840
21408003
21522828
21523065
21523231
21523392
21523403
21523801
21523964
21788624
21788858
21789021
21789182
21789276
21789581
21789744
21911778
21911778
21911778
21911778
21911778
21911778
21911778
22041547
22042097
22045183
22045563
22045787
22046020
22046285
22393718
22394455
22395003
22395308
22396431
22396789
22397578
22867163
22867394
22867732
22867910
22868074
22868237
22868400
23002379
23002608
23002772
23002934
23003093
23003343
23003507
23147726
23148016
23148193
23148370
23148624
23148786
23148994
23397951
23398338
23398660
23398835
23398995
23399153
23399312
23632604
23633097
23633321
23633486
23633648
23633825
23633989
24112272
24112835
24113191
24113387
24113568
24113729
24113907
24652415
24652836
24653014
24653177
24653546
24653730
24653895
24813037
24813281
24813449
24813747
24813923
24814086
24814248
25136067
25136640
25136878
25137080
25137279
25138095
25138613
25283194
25283592
25283761
25283924
25284085
25284246
25284599
25432958
25433205
25433487
25433681
25433849
25434014
25434178
25732111
25732472
25732936
25733232
25733409
25733575
25733740
26144157
26144484
26144877
26145332
26145697
26146051
26146438
26721830
26722101
26722296
26722520
26722795
26722979
26723170
27181546
27181856
27182248
27182574
27182859
27183250
27183524
27965510
27965953
27966153
27966422
27966729
27966911
27967651
28124866
28125148
28125330
28125509
28125888
28126099
28126279
28419637
28420166
28420354
28420415
28420415
28420991
28421278
29684227
29684579
29685095
29685482
29685938
29686656
29692754
30034868
30035184
30035360
30035525
30035691
30036024
30036208
30321500
30322097
30322481
30322773
30322965
30323143
30323333
30611167
30611494
30611669
30611835
30612000
30612165
30612452
30817647
30817905
30818203
30818382
30818549
30818715
30818879
31222075
31222714
31223414
31223915
31224526
31224763
31224970
31395352
31395705
31395976
31396148
31396313
31396477
31396863
31563575
31563815
31564024
31564269
31564438
31564489
31564856
32440964
32441281
32441448
32441612
32441796
32441963
32442206
32774045
32774415
32774669
32775140
32775329
32775596
32775783
33387580
33387917
33388089
33388253
33388418
33388581
33388822
33569913
33570221
33570394
33570560
33570877
33571147
33571322
33770916
33771194
33771369
33771632
33771915
33772096
33772262
33972104
33972456
33972643
33972810
33972975
33973139
33973381
34187281
34189291
34189713
34189950
34190360
34190729
34190915
34380097
34380619
34380922
34381210
34381605
34381901
34382185
34745129
34745129
34747013
34747279
34747949
34747949
34747949
34941531
34941706
34941706
34941706
34941706
34941706
34945070
35119088
35119623
35120241
35120478
35120869
35121410
35121966
35485874
35486246
35486440
35486614
35486808
35486989
35487107
35667936
35668463
35668877
35669280
35669458
35669646
35669815
36368431
36369044
36369628
36369867
36370302
36370597
36370986
36550684
36551197
36551376
36551838
36552214
36552404
36552679
36940157
36940409
36940585
36940765
36941058
36941339
36941516
37291589
37291826
37291997
37292215
37294851
37296069
37296761
37499465
37499832
37500157
37500470
37500934
37501363
37501804
37909086
37911725
37912094
37912614
37912950
37913455
37913786
38122899
38123217
38123391
38123568
38123735
38124108
38124362
38566324
38567115
38567417
38567977
38568214
38568674
38569024
39067375
39067655
39067942
39068338
39069042
39069262
39069438
39493795
39495650
39495983
39496573
39496915
39497312
39497603
39703399
39703658
39703828
39704078
39704249
39704413
39704578
39923138
39923370
39923539
39923704
39923868
39924152
39924329
40327302
40328283
40328678
40329111
40329845
40330186
40330482
40520732
40521075
40521245
40521413
40521578
40521745
40521993
40963365
40963884
40964069
40964453
40964852
40965186
40965503
41153903
41154143
41154453
41154700
41154867
41155061
41156013
41577202
41577497
41577666
41577914
41578079
41578239
41578430
41765667
41766015
41766305
41767132
41767413
41768069
41768402
41965755
41966053
41966553
41966847
41967123
41967580
41967769
42182294
42182690
42183310
42183721
42184120
42184399
42184725
42366762
42367146
42367425
42367724
42368136
42368392
42368623
42776137
42777794
42778244
42778600
42779051
42779332
42779572
43185476
43185830
43186269
43186544
43186782
43187656
43188430
43371357
43371712
43371993
43372327
43372570
43372916
43373364
43795950
43796217
43796384
43796546
43796707
43796867
43797229
44010182
44010414
44010578
44010824
44010993
44011153
44011312
44468878
44469646
44469918
44470304
44470709
44471065
44471279
44900733
44900956
44901119
44901507
44901682
44901841
44901999
45347587
45350170
45350538
45351054
45351266
45351468
45352333
45610345
45610666
45610834
45611110
45611276
45611500
45611672
45875804
45876367
45876627
45876850
45877016
45877275
45880884
46602894
46603170
46604158
46605320
46605790
46605875
46605875
46852451
46852940
46853243
46853513
46854099
46854345
46854582
47062649
47062711
47063329
47063526
47063693
47063854
47063980
47734272
47734585
47734898
47735228
47735414
47735577
47735739
48522690
48523182
48523389
48523561
48523726
48524060
48535130
49027407
49027740
49028084
49028502
49028809
49029255
49029750
time=999 node=10.1.1.4 tuple=records records_attr1=10.1.1.4 records_attr2=131c71446614dbff49f1f7364dcc5e1ffb2ace3 records_attr3=eb3c95d0f3b1d5da460249fdf48f452e7f07322a records_attr4=topic_ResearchProject_4(r377@n257(hasword_creat_4)) 
time=999 node=10.1.1.4 tuple=records records_attr1=10.1.1.4 records_attr2=61e55f8f51a8f7a6a3e73a6b4faca95e65b8282 records_attr3=53795b6850778812c3b369e0a5c7493120d2f314 records_attr4=topic_Faculty_99(r187@n257(hasword_commun_99)) 
time=999 node=10.1.1.4 tuple=records records_attr1=10.1.1.4 records_attr2=8a1aaa29279edd42ed20b3f35a011338eb465c3 records_attr3=617b46bfa0e4ee83de6f1eef52cee26fcdc6224e records_attr4=topic_Staff_14(r313@n257(hasword_workshop_14)) 
time=999 node=10.1.1.4 tuple=records records_attr1=10.1.1.4 records_attr2=c0fd161a058b69b0ea52b642efbd7f64d4923e0 records_attr3=eac10235c44c793733bb4678e9b53bee66ed325d records_attr4=topic_ResearchProject_29(r282@n257(hasword_learn_29)) 
time=999 node=10.1.1.4 tuple=records records_attr1=10.1.1.4 records_attr2=cc983d6d6d85117b61027913e4411dcb583326f records_attr3=534d178bdd925116f684bb8de9f04a1c672480e9 records_attr4=topic_Faculty_8(r93@n257(hasword_type_8)) 
time=999 node=10.1.1.4 tuple=records records_attr1=10.1.1.4 records_attr2=cd0f60512ce73b99f1e3cb57a65765afd7934f3 records_attr3=f157dfa598cf418c2861d43ea5f5a1eb3ea04e9d records_attr4=topic_Course_88(r49@n257(hasword_hall_88)) 
time=999 node=10.1.1.4 tuple=records records_attr1=10.1.1.4 records_attr2=1001918111b2c095b74c29ad040d0426d822420b records_attr3=c7130509a92191bad4104ca6b7243c01de6cc4ee records_attr4=topic_Student_28(r175@n257(hasword_texa_28)) 
time=999 node=10.1.1.4 tuple=records records_attr1=10.1.1.4 records_attr2=15ea700c7845f6f2c2536b04b2cae7f049e5617f records_attr3=f7fc430ebc06ccf3eeb2ceb2f889c7e3dcefa5c4 records_attr4=topic_Department_42(r485@n257(hasword_program_42)) 
time=999 node=10.1.1.4 tuple=records records_attr1=10.1.1.4 records_attr2=1eedd95d860b6b9ec2fb71c0532efa44185b35b7 records_attr3=d75544b6df398f14056b98cc5c0bf5f33aef4a9f records_attr4=topic_Faculty_89(r180@n257(hasword_understand_89)) 
time=999 node=10.1.1.4 tuple=records records_attr1=10.1.1.4 records_attr2=1f94819d17b24a94fb3086551e42288e61c084ab records_attr3=a54d85f2fa20c60e507652213b8e5280412a6c81 records_attr4=topic_Staff_28(r116@n257(hasword_simpl_28)) 
time=999 node=10.1.1.4 tuple=records records_attr1=10.1.1.4 records_attr2=26853c7b4ac81012f3edde72e217faba4abd7484 records_attr3=16e7a909a11b9c2fc445ba4405f812797c73127b records_attr4=topic_Faculty_41(rl@n257(links_41_15*topic_Faculty_15(r243@n257(hasword_html_15)))) 
time=999 node=10.1.1.4 tuple=records records_attr1=10.1.1.4 records_attr2=2a375278ac5693117638465c8f39f81169a2d23c records_attr3=e04b29338f0a203900105577bf6fb21169f8a8d1 records_attr4=topic_Course_40(r49@n257(hasword_hall_40)) 
time=999 node=10.1.1.4 tuple=records records_attr1=10.1.1.4 records_attr2=2c83cb648ec3a53069d75a67bb015fe6a97aeb5f records_attr3=c491e4835bac38754c4125bb811e1d76a61c715 records_attr4=topic_Staff_65(r216@n257(hasword_cours_65)) 
time=999 node=10.1.1.4 tuple=records records_attr1=10.1.1.4 records_attr2=2fbc902f5ec3acaf7c0e5504dc6c7d6cd0653e12 records_attr3=6a59671c198525a6a09581406b50accf6765c2c records_attr4=topic_Department_64(r156@n257(hasword_mon_64)) 
time=999 node=10.1.1.4 tuple=records records_attr1=10.1.1.4 records_attr2=33960458ed5f769367a003e31b2666b817836a8c records_attr3=e7e0dc0dc48da2f25db131b8a3d18a51ce2932b3 records_attr4=topic_Course_62((r33@n257(hasword_public_62))+(r460@n257(hasword_memori_62))) 
time=999 node=10.1.1.4 tuple=records records_attr1=10.1.1.4 records_attr2=37d2832ab7fc9f1487855c427be18f3ee1b4888e records_attr3=c9338e20fbfc96cf2c19a7c17ebd0bf7e4782aba records_attr4=topic_Staff_69(r301@n257(hasword_symbol_69)) 
time=999 node=10.1.1.4 tuple=records records_attr1=10.1.1.4 records_attr2=3fda642b367d0f8539b4b8bfc5ea396779389cde records_attr3=cfb4f383fae4ff555c08bf27aaf95ad8fac3b2ec records_attr4=topic_Student_67(r447@n257(hasword_variabl_67)) 
time=999 node=10.1.1.4 tuple=records records_attr1=10.1.1.4 records_attr2=430db34bfd4d83a82c9d89e83c536d0149487a61 records_attr3=2e18e2c8c78eb7433e86bfd318cd50fa7827529c records_attr4=topic_Course_50(r222@n257(hasword_server_50)) 
time=999 node=10.1.1.4 tuple=records records_attr1=10.1.1.4 records_attr2=451dd07181473d9c6808521dba5c941d3a47d5c9 records_attr3=11f33b580d4c61ee78a2d1fc7794a9e45f1176d1 records_attr4=topic_Person_70(r404@n257(hasword_oper_70)) 
time=999 node=10.1.1.4 tuple=records records_attr1=10.1.1.4 records_attr2=4a037f4916d25591d23975b2af0a5e42cf3e26ce records_attr3=2e2ba78371e87eac6171a8cb763891c49f0af6e1 records_attr4=topic_Person_44(r260@n257(hasword_gener_44)) 
time=999 node=10.1.1.4 tuple=records records_attr1=10.1.1.4 records_attr2=4bd95ce3040a2f67c8b4152e8f943a240396c0fe records_attr3=2c382259c1b1856d35aeda9f607b27be37cecb1e records_attr4=topic_Course_41(r0@n257(hasword_number_41)) 
time=999 node=10.1.1.4 tuple=records records_attr1=10.1.1.4 records_attr2=4c01c91017d52b903850df0644399ebfbb6db277 records_attr3=d0f7bdec18e5bfa140b219417156ca976e2faaf0 records_attr4=topic_Student_62(r255@n257(hasword_memori_62)) 
time=999 node=10.1.1.4 tuple=records records_attr1=10.1.1.4 records_attr2=4ed10c355f85514322d2e00be35e068c66c566c3 records_attr3=9db7b201a55e08df32d929f417c51b290424fc18 records_attr4=topic_ResearchProject_93(r429@n257(hasword_instruct_93)) 
time=999 node=10.1.1.4 tuple=records records_attr1=10.1.1.4 records_attr2=5041e1d9228012baa3296679e50bb150d6a1ac24 records_attr3=c30390666f1e475946489e73b67362bef3fb836 records_attr4=topic_Course_14(rl@n257(links_14_115*topic_Course_115(r472@n257(hasword_descript_115)))) 
time=999 node=10.1.1.4 tuple=records records_attr1=10.1.1.4 records_attr2=549d3c21348dc630a9c5bafb502f189a47ab7a81 records_attr3=748f53c9cbfd8ac300277bb46ecdf73b9f3fa32a records_attr4=topic_Person_49(rl@n257(links_49_22*topic_Person_22(r150@n257(hasword_provid_22)))) 
time=999 node=10.1.1.4 tuple=records records_attr1=10.1.1.4 records_attr2=550c8e93d84936e0395e9e3898b8b4478bce4a5b records_attr3=41070321622cc20b272319354cb8b829125a62bb records_attr4=topic_Faculty_14(r235@n257(hasword_journal_14)) 
time=999 node=10.1.1.4 tuple=records records_attr1=10.1.1.4 records_attr2=57c3b2b8d45da7c4eb22522adafe942872fb4325 records_attr3=3712f9504d975f6c5751af56dee52f86dbfa78e7 records_attr4=topic_Student_31(r121@n257(hasword_length_31)) 
time=999 node=10.1.1.4 tuple=records records_attr1=10.1.1.4 records_attr2=5a40a716dad42398db50fc8dd3e5a62ca3161205 records_attr3=6d923ee4621877c6efc0ce288e96635d660bddec records_attr4=topic_Student_37(r438@n257(hasword_copi_37)) 
time=999 node=10.1.1.4 tuple=records records_attr1=10.1.1.4 records_attr2=5a733207145482fae7f82f879a008c47b896fe12 records_attr3=99b34086ed3cddf326ceb026d701ab91f9e49235 records_attr4=topic_Faculty_15(r243@n257(hasword_html_15)) 
time=999 node=10.1.1.4 tuple=records records_attr1=10.1.1.4 records_attr2=5b16bdf2cd7ae10a3a3cf4c8e659f28189be3815 records_attr3=9aabb7b5a7a24f63edda2ea5f7884639f91fa214 records_attr4=topic_Faculty_9(r186@n257(hasword_appli_9)) 
time=999 node=10.1.1.4 tuple=records records_attr1=10.1.1.4 records_attr2=692753b06e24360d040ee9cd7dec67d963bfc0e9 records_attr3=728d228f3b7dcad1d4f93b599d146d2ecaab937f records_attr4=topic_Student_86(r78@n257(hasword_page_86)) 
time=999 node=10.1.1.4 tuple=records records_attr1=10.1.1.4 records_attr2=6969e8ce54ab7b8de944d06fb423f81d4e0c1d9c records_attr3=79fdfab91e77e14f969582bcf246ee4777a1333c records_attr4=topic_Person_96(r260@n257(hasword_gener_96)) 
time=999 node=10.1.1.4 tuple=records records_attr1=10.1.1.4 records_attr2=6efc16cdea6d77d919d76ee79dbe3ee0677acd91 records_attr3=c657d745775fa24e7f66baa39ee112590a350240 records_attr4=topic_Course_93(r45@n257(hasword_instruct_93)) 
time=999 node=10.1.1.4 tuple=records records_attr1=10.1.1.4 records_attr2=6fd6622dcfc1ce63d6c4ba822c2fb8bdcde484aa records_attr3=92f4a8a82dee942593e6ccbdcba904edc8fbdc5 records_attr4=topic_Staff_57(r42@n257(hasword_process_57)) 
time=999 node=10.1.1.4 tuple=records records_attr1=10.1.1.4 records_attr2=77c301e8653eb5fb19cb623ba2a99f129042e24f records_attr3=6bdf1646ffe2440c53f14170ce5a031cc6e2868d records_attr4=topic_Person_9(r157@n257(hasword_appli_9)) 
time=999 node=10.1.1.4 tuple=records records_attr1=10.1.1.4 records_attr2=799f9e1a3b455f70c60b2af0aae93e20b1fb834e records_attr3=8c2ff83a1a08c0aa78e0b486145f1be92a61a65f records_attr4=topic_Course_22(r210@n257(hasword_hard_22)) 
time=999 node=10.1.1.4 tuple=records records_attr1=10.1.1.4 records_attr2=7a2205e08206f5150890967d7a8d9681969d0ac9 records_attr3=191b13f8752f80cfa0575feac8fb92b5bcf04904 records_attr4=topic_Student_15(r451@n257(hasword_access_15)) 
time=999 node=10.1.1.4 tuple=records records_attr1=10.1.1.4 records_attr2=7ae3e094da818373462e80cdc5401c5dc7cd56fe records_attr3=106a4092abe2baa78ee8d66c8112820f64291511 records_attr4=topic_ResearchProject_83(r160@n257(hasword_technologi_83)) 
time=999 node=10.1.1.4 tuple=records records_attr1=10.1.1.4 records_attr2=7c24936ee612d23086a624bf0683f5f78e5c205d records_attr3=3117a68adcacbf23fe75251ece59071200ee48d0 records_attr4=topic_Course_28(r101@n257(hasword_simpl_28)) 
time=999 node=10.1.1.4 tuple=records records_attr1=10.1.1.4 records_attr2=7fc4a4c56fa2c623cd6301380adbcc81a65112bb records_attr3=a5dbddf9d3edd0cb51b5f52d6b36010040469b22 records_attr4=topic_Student_36(r355@n257(hasword_assist_36)) 
time=999 node=10.1.1.4 tuple=records records_attr1=10.1.1.4 records_attr2=923cea00c0c407773d59fc46f3281c12557e5313 records_attr3=5ac5dd1c82cbaa1bd0a023ebf06533adfdea6bba records_attr4=topic_Student_38(rl@n257(links_38_192*topic_Student_192(rl@n257(links_192_51*topic_Student_51(r177@n257(hasword_select_51)))))) 
time=999 node=10.1.1.4 tuple=records records_attr1=10.1.1.4 records_attr2=951d3cfdbee04cabce0741fba1a74392d68c0858 records_attr3=f26aa8e6e047205d39bb8f1ce6e4e92c01f0de8a records_attr4=topic_Faculty_27(r323@n257(hasword_end_27)) 
time=999 node=10.1.1.4 tuple=records records_attr1=10.1.1.4 records_attr2=99cc32c6188ca6434574e7de7b43879962962021 records_attr3=46c7a39e2d15c4ccff58636d007c10ea5d67a19b records_attr4=topic_Student_19(r438@n257(hasword_copi_19)) 
time=999 node=10.1.1.4 tuple=records records_attr1=10.1.1.4 records_attr2=9aaa171d797b363c40ee7223fb9a03282464a0c0 records_attr3=36acb3b35c91bc5875e334c94e3abe502b6c768a records_attr4=topic_Faculty_60(r182@n257(hasword_date_60)) 
time=999 node=10.1.1.4 tuple=records records_attr1=10.1.1.4 records_attr2=9cbef9e33dfe291f446b4c1e2ef9ca756cfbb01a records_attr3=6fb724d6a6738b70eda64a9dec01251ac36bf36b records_attr4=topic_Faculty_74(r185@n257(hasword_suggest_74)) 
time=999 node=10.1.1.4 tuple=records records_attr1=10.1.1.4 records_attr2=9e6572c72d14c826c18bd8a75c8a1240bbaf82ca records_attr3=3c2eefad064375262c1dca5680b064d3907c4b0f records_attr4=topic_Student_29(r459@n257(hasword_present_29)) 
time=999 node=10.1.1.4 tuple=records records_attr1=10.1.1.4 records_attr2=a987da0fb0512ff2b05588b9a9e652b52c655cbb records_attr3=e34a4cf2f6b56951abe3b9a9d6e07066bbd8dee8 records_attr4=topic_ResearchProject_90(r215@n257(hasword_home_90)) 
time=999 node=10.1.1.4 tuple=records records_attr1=10.1.1.4 records_attr2=acf9f6d5e6da42190793043a8a5fc8567a4f1af5 records_attr3=cbd166e068e0347397efc2825eb13960a6b55e70 records_attr4=topic_Person_14(rl@n257(links_14_115*topic_Person_115(r7@n257(hasword_descript_115)))) 
time=999 node=10.1.1.4 tuple=records records_attr1=10.1.1.4 records_attr2=acfa6f8e199e67cb656971c9da285dffb2b05399 records_attr3=6e8c116ab490bfdd3bd79ce5d71579dafcc0532b records_attr4=topic_Faculty_46(r423@n257(hasword_distribut_46)) 
time=999 node=10.1.1.4 tuple=records records_attr1=10.1.1.4 records_attr2=ae0cd922328eccdc3cc7beecbea522c59592c4ff records_attr3=ccdc97cdd50dd4d8a24393dcafe92ebe64ff4ba9 records_attr4=topic_ResearchProject_14(r335@n257(hasword_singl_14)) 
time=999 node=10.1.1.4 tuple=records records_attr1=10.1.1.4 records_attr2=ae22d887567d2b4edc06cdba7cbf89c94c66c9f1 records_attr3=8e2099669b474fa6292c9dd1a64c1fe23fd21c39 records_attr4=topic_Student_23(r165@n257(hasword_award_23)) 
time=999 node=10.1.1.4 tuple=records records_attr1=10.1.1.4 records_attr2=b18552619bc51d1d55679ec973e291415381e20e records_attr3=513947ec1bcac3279654ec29d8cf6c1282420e9d records_attr4=topic_Student_51(r177@n257(hasword_select_51)) 
time=999 node=10.1.1.4 tuple=records records_attr1=10.1.1.4 records_attr2=b1a72793e8801b4a14cd6fd940c146917009833e records_attr3=9076f161653795f7a16710e58ad1244d8e6fa725 records_attr4=topic_Student_4(r413@n257(hasword_creat_4)) 
time=999 node=10.1.1.4 tuple=records records_attr1=10.1.1.4 records_attr2=b5e11af6cf9acf75baf16d18e7564eb2b5496fdc records_attr3=1fa8f6c6a0e9467fd90d5cba15add9fd6677a68c records_attr4=topic_Person_97(r38@n257(hasword_machin_97)) 
time=999 node=10.1.1.4 tuple=records records_attr1=10.1.1.4 records_attr2=b6b2d3d8dd3e10bdafc3418628d6190a6a6658bb records_attr3=c8814eb074050741f82681782a8d0e42f66b0e4a records_attr4=topic_Faculty_26(r182@n257(hasword_date_26)) 
time=999 node=10.1.1.4 tuple=records records_attr1=10.1.1.4 records_attr2=b706425a759cc8192072313c242e5cd8c8fc3a2b records_attr3=12ac88a4418cfdb5cdcc1aae233daeeb35290550 records_attr4=topic_Course_29(r51@n257(hasword_learn_29)) 
time=999 node=10.1.1.4 tuple=records records_attr1=10.1.1.4 records_attr2=bc13db0fb0371b56b6ff8f3b42ed20831aafdca0 records_attr3=f3dc6bb8d98d4c97d86205c8402bafaf55b15d3d records_attr4=topic_Person_36(r228@n257(hasword_assist_36)) 
time=999 node=10.1.1.4 tuple=records records_attr1=10.1.1.4 records_attr2=c0ae356aaae6d48c9f22c72d5bad5187d89748ec records_attr3=fa5c2be5b843474b6a1fc60bb7dcdf2f27b04ac9 records_attr4=topic_Course_49(rl@n257(links_49_22*topic_Course_22(r210@n257(hasword_hard_22)))) 
time=999 node=10.1.1.4 tuple=records records_attr1=10.1.1.4 records_attr2=c46ec203df2444bb6b917aad8f53d058844e3ba2 records_attr3=dcdf4b04dde2c08a8ceab9a24ee3aae06c200f80 records_attr4=topic_Person_19(r412@n257(hasword_copi_19)) 
time=999 node=10.1.1.4 tuple=records records_attr1=10.1.1.4 records_attr2=c767272e1a382a6c4371ff1bd00ac8d06fc1308d records_attr3=77ef30c814e85addb792c40fcd19dcc5e226cba3 records_attr4=topic_ResearchProject_7(r250@n257(hasword_emac_7)) 
time=999 node=10.1.1.4 tuple=records records_attr1=10.1.1.4 records_attr2=d1f7fcfef2989c20bf3032cccb95babe028bf770 records_attr3=66dc4339efe23fdb2056422ffb8135d233c1f71b records_attr4=topic_ResearchProject_36(r470@n257(hasword_assist_36)) 
time=999 node=10.1.1.4 tuple=records records_attr1=10.1.1.4 records_attr2=d2a1fc3e3550d1c8f20545ec7a0184ca7aa90366 records_attr3=354065c277121ac0ca439ebe5111750c232f0fb5 records_attr4=topic_Department_76(r418@n257(hasword_wide_76)) 
time=999 node=10.1.1.4 tuple=records records_attr1=10.1.1.4 records_attr2=dfd703bdd78883ff9901a0a327f9d6cd96d4c2d3 records_attr3=7cf6ab580354e0810eb7a8c22f2b4b3dea94cb2e records_attr4=topic_Staff_38(r258@n257(hasword_servic_38)) 
time=999 node=10.1.1.4 tuple=records records_attr1=10.1.1.4 records_attr2=e9808166c9e19a0c2f34c8319319e57c74f0afae records_attr3=abcc1bc117de3798ad5e3f77b628edadb48a1f29 records_attr4=topic_Person_78(r205@n257(hasword_austin_78)) 
time=999 node=10.1.1.4 tuple=records records_attr1=10.1.1.4 records_attr2=ebbd0858a3b7ca00f98f8f067589a6735fe15b8c records_attr3=d67c834d5367076328ac57126a04ba8b854aff7c records_attr4=topic_Person_22(r150@n257(hasword_provid_22)) 
time=999 node=10.1.1.4 tuple=records records_attr1=10.1.1.4 records_attr2=f07b791985105f538054df2cbd85ec7e15c5ae6f records_attr3=20e14d6cc3e1e76da5a357b9febfc02d45053043 records_attr4=topic_Person_37(r412@n257(hasword_copi_37)) 
time=999 node=10.1.1.4 tuple=records records_attr1=10.1.1.4 records_attr2=f20e0dc8d88539428688e8f21c30c2da7e7cb53f records_attr3=dc0d2889a68591c2f0bd21d496d747204a880d3 records_attr4=topic_ResearchProject_23(rl@n257(links_23_7*topic_ResearchProject_7(r250@n257(hasword_emac_7)))) 
time=999 node=10.1.1.4 tuple=records records_attr1=10.1.1.4 records_attr2=f36865b1620d9792046a1d6abd4098432e3949da records_attr3=f5ef325ee9c4ebd2430710bbc88988926a68546e records_attr4=topic_Student_34(r121@n257(hasword_length_34)) 
time=999 node=10.1.1.4 tuple=records records_attr1=10.1.1.4 records_attr2=f44e17f785aa7dc2f249ebf0ada7996408b07c49 records_attr3=881f90f6546dcc2cfdd8220cb68f752a24c66e9 records_attr4=topic_Faculty_71(r227@n257(hasword_state_71)) 
time=999 node=10.1.1.4 tuple=records records_attr1=10.1.1.4 records_attr2=f746acda68682ff3090a02e88f90cd4e178ea535 records_attr3=9d787b49f63facf6cc66fcbc35246461c3f392f2 records_attr4=topic_Course_1(r219@n257(hasword_softwar_1)) 
time=999 node=10.1.1.4 tuple=records records_attr1=10.1.1.4 records_attr2=f79fb0702928b513e74f8f00a93329d14e362483 records_attr3=5b1cd8707f12e4d941a998d4a34d9f3e873138e7 records_attr4=topic_ResearchProject_35(r130@n257(hasword_ai_35)) 
time=999 node=10.1.1.4 tuple=records records_attr1=10.1.1.4 records_attr2=fa6fbd8e9bb148afd05a66e854352a69e2e7e963 records_attr3=7424a5fa836642bc82f1fe3bdf22993c180f12a3 records_attr4=topic_Student_5(r459@n257(hasword_present_5)) 
time=999 node=10.1.1.4 tuple=records records_attr1=10.1.1.4 records_attr2=face8410e90c7406b9ba30aee96f1f1177cc3379 records_attr3=a77b5cb7a08ec5db5e9a994a898e7a0cd6ae66ab records_attr4=topic_ResearchProject_43(r215@n257(hasword_home_43)) 
time=999 node=10.1.1.4 tuple=records records_attr1=10.1.1.4 records_attr2=fc387b9d68b86de2f63a195ff5bbd6dea9df5215 records_attr3=6bda596dfe2b2b4b11459fb41b29e68b44b7a310 records_attr4=topic_Faculty_84(r153@n257(hasword_master_84)) 
time=999 node=10.1.1.4 tuple=records records_attr1=10.1.1.4 records_attr2=fddd3b1999fcc0af460f0085c54d8f417ba5d799 records_attr3=d31e217e84fe392e545c042bef3f69ac591d9563 records_attr4=topic_Student_41((r363@n257(hasword_number_41))+(rl@n257(links_41_15*topic_Student_15(r451@n257(hasword_access_15))))) 
time cost: 53.2914 seconds
