18109
Student
Faculty
Staff
ResearchProject
Course
Department
Person
3764887
3765097
3765242
3765447
3765600
3765744
3765881
4197283
4197548
4197714
4197856
4198008
4198286
4198459
4251650
4251825
4251962
4252102
4252302
4252444
4252580
4314551
4314754
4314917
4315058
4315195
4315493
4315650
4350660
4350838
4350980
4351194
4351336
4351473
4351612
4388021
4388354
4388515
4388653
4388789
4388929
4389065
4430744
4430942
4431084
4431291
4431435
4431751
4431995
4499411
4499596
4499735
4499872
4500008
4500236
4500377
4544255
4544466
4544608
4544747
4544886
4545227
4545395
4606430
4606634
4606777
4606914
4607158
4607333
4608495
4648481
4648670
4648810
4649050
4649237
4649378
4649535
4685467
4685650
4685790
4685928
4686137
4686282
4686418
4723239
4723538
4723693
4723834
4723893
4724365
4724533
4830589
4830794
4831038
4831276
4831475
4831623
4831829
4909203
4909915
4910184
4910341
4910482
4910620
4910759
4953359
4953542
4953683
4953821
4954045
4954192
4954328
5010923
5011224
5011382
5011526
5011666
5011804
5012101
5053387
5053573
5053713
5053851
5054056
5054197
5054333
5135009
5135191
5135332
5135470
5135608
5135744
5135880
5222382
5222571
5222712
5222806
5223114
5223367
5223524
5351905
5352091
5352232
5352401
5352573
5352891
5353134
5438656
5438898
5439047
5439186
5439324
5439461
5439728
5486292
5486470
5486690
5486831
5486967
5487103
5487240
5536904
5537201
5537455
5537602
5537741
5537878
5538015
5651118
5651393
5651544
5651682
5651819
5651954
5652089
5714175
5714378
5714707
5714972
5715149
5715470
5715757
5835389
5835638
5835798
5835938
5836152
5836290
5836362
5900854
5901044
5901185
5901284
5901284
5901667
5901806
5952348
5952540
5952682
5952821
5952958
5953096
5953381
6005335
6005621
6005782
6005922
6006060
6006198
6006457
6110678
6110883
6111025
6111326
6111479
6111618
6111755
6241077
6241378
6241527
6241688
6241828
6241964
6242100
6355593
6355888
6356177
6356331
6356469
6356607
6356851
6409880
6410170
6410573
6410861
6411090
6411303
6411418
6627714
6627714
6628940
6629129
6629269
6629407
6629544
6733232
6733432
6733576
6733833
6733983
6734122
6734259
6794273
6794587
6794699
6794699
6794699
6794699
6794699
6856453
6856654
6856916
6857170
6857313
6857451
6857589
6969406
6969666
6969809
6969947
6970083
6970218
6970354
7030578
7030732
7030732
7031475
7031722
7031939
7032152
7092705
7093105
7093556
7093813
7094044
7094505
7094695
7231601
7231802
7231945
7232084
7232222
7232436
7232581
7362235
7362563
7362729
7362871
7363010
7363172
7363393
7569400
7569584
7569724
7569860
7569997
7570221
7570368
7806332
7806527
7806877
7807037
7807176
7807313
7807450
7962968
7963263
7963412
7963551
7963689
7963827
7963966
8028054
8028368
8028513
8028652
8029195
8029486
8029647
8095769
8095983
8096126
8096351
8096496
8096633
8096890
8246080
8246404
8246568
8246710
8247112
8247269
8247408
8320708
8320963
8321120
8321259
8321395
8321531
8321667
8388210
8388394
8388534
8388738
8388896
8389152
8389300
8473275
8473571
8473712
8473848
8473985
8474288
8474866
8553032
8553227
8553368
8553577
8553717
8553852
8553988
8626799
8627108
8628298
8628890
8629143
8629296
8629526
8691957
8692164
8692307
8692418
8692998
8693177
8693337
8766565
8766923
8767085
8767300
8767442
8767579
8768097
8845857
8846061
8846441
8846652
8846798
8846937
8847114
8922586
8922972
8923164
8923309
8923447
8923589
8923895
8999065
8999269
8999409
8999548
8999658
9000001
9000166
9070304
9070497
9070638
9070839
9070999
9071136
9071272
9141682
9142147
9142513
9143177
9143400
9143615
9143674
9232650
9232934
9233078
9233217
9233354
9233491
9233627
9303444
9303651
9303860
9304002
9304138
9304275
9304412
9379322
9379482
9379482
9379482
9379482
9379482
9379482
9450680
9450963
9451119
9451259
9451396
9451618
9451761
9534137
9534658
9534809
9534949
9535402
9535569
9535711
9622617
9622808
9622951
9623089
9623246
9623517
9623668
9702385
9702666
9702810
9702949
9703086
9703223
9703359
9780715
9780927
9781069
9781207
9781345
9781964
9782193
9864920
9865328
9865721
9865894
9866035
9866201
9866348
9950677
9950879
9951021
9951160
9951276
9951517
9951673
10032680
10032877
10033020
10033158
10033294
10033505
10033666
10122234
10122500
10122646
10122784
10122922
10123080
10123221
10235046
10235451
10235688
10235905
10236219
10236652
10236808
10325340
10325549
10325690
10325895
10326393
10326652
10326884
10404027
10404212
10404353
10404492
10404630
10404831
10404973
10485042
10485240
10485381
10485591
10485738
10485875
10486011
10571211
10571394
10571650
10571791
10571928
10572065
10572201
10653363
10653874
10654121
10654269
10654407
10654619
10654760
10743124
10743443
10743671
10743991
10744220
10744460
10744678
10888776
10888964
10889105
10889244
10889390
10889603
10889745
10989166
10989382
10989527
10989665
10989884
10990031
10990181
11096273
11096557
11096715
11096854
11096991
11097214
11097363
11206728
11206728
11209465
11209830
11210046
11210380
11210562
11331982
11332374
11332585
11332777
11332965
11333151
11333389
11457076
11457394
11457621
11457841
11458155
11458379
11458541
11604367
11604913
11605157
11605381
11605601
11606250
11606419
11724109
11724324
11724467
11724607
11724859
11725001
11725138
11829999
11830446
11830771
11831075
11831464
11831635
11831786
12008399
12009049
12009209
12009366
12009527
12009666
12009803
12114948
12115141
12115400
12115547
12115685
12116017
12116166
12285875
12286211
12286458
12286791
12286959
12287100
12287873
12428139
12428470
12428718
12428916
12429054
12429333
12429487
12558268
12558657
12558804
12558943
12559081
12559218
12559355
12662937
12663220
12663382
12663524
12663661
12663805
12663945
12777606
12777810
12778034
12778181
12778323
12778464
12778599
12888789
12889401
12889571
12889734
12890015
12890162
12890302
13006360
13006569
13006850
13007003
13007143
13007281
13007417
13346505
13346805
13347017
13347640
13347900
13348216
13348441
13579827
13580028
13580170
13580309
13580622
13581487
13581827
time=999 node=10.1.1.4 tuple=records records_attr1=10.1.1.4 records_attr2=decf8040b506f3fdae00a2f68d453d2b0433d44 records_attr3=4ad5668755e97591df0b65d0eefcfdd208d4d63c records_attr4=topic_Course_33(r223@n257(hasword_mit_33)) 
time=999 node=10.1.1.4 tuple=records records_attr1=10.1.1.4 records_attr2=1e64cfa59c1f2feb88076558d29eb2f1821291b2 records_attr3=20fc56b8d0eea145ea579beefe9471b4bd7f536c records_attr4=topic_ResearchProject_8(r347@n257(hasword_wednesdai_8)) 
time=999 node=10.1.1.4 tuple=records records_attr1=10.1.1.4 records_attr2=26853c7b4ac81012f3edde72e217faba4abd7484 records_attr3=16e7a909a11b9c2fc445ba4405f812797c73127b records_attr4=topic_Faculty_41(r394@n257(hasword_grade_41)) 
time=999 node=10.1.1.4 tuple=records records_attr1=10.1.1.4 records_attr2=4133048174d3a06b9e6f839c645a6b7b01d86cd3 records_attr3=178b122786109a27295a260073505c41552b23ff records_attr4=topic_Course_43(r198@n257(hasword_sourc_43)) 
time=999 node=10.1.1.4 tuple=records records_attr1=10.1.1.4 records_attr2=41c8bc9dcd6d8b1d91009a570ddff5b9051cf4a2 records_attr3=45a9787596ca98f84af422acd59b14e9af975e6d records_attr4=topic_Department_2(r485@n257(hasword_program_2)) 
time=999 node=10.1.1.4 tuple=records records_attr1=10.1.1.4 records_attr2=437b400c6cb70261e36c54c531453e186d7b9070 records_attr3=b60ab1d86b41006f3277c9aa426b0390ece28318 records_attr4=topic_Faculty_37(r93@n257(hasword_type_37)) 
time=999 node=10.1.1.4 tuple=records records_attr1=10.1.1.4 records_attr2=4988339315102429f9542afdf4521438e020b6b6 records_attr3=556cd67730e903ad50026ad80f7e0f43d932c959 records_attr4=topic_Person_31(r277@n257(hasword_review_31)) 
time=999 node=10.1.1.4 tuple=records records_attr1=10.1.1.4 records_attr2=4d496968e4d75032b9334e56a2eb3a27a9ffa8fa records_attr3=b0f83cf1b422afef0de17fda55ecdd563eac86cb records_attr4=topic_Person_34(r436@n257(hasword_expect_34)) 
time=999 node=10.1.1.4 tuple=records records_attr1=10.1.1.4 records_attr2=594ed0bf8b390341cc33a1d71fdd2e9b3f00d44f records_attr3=83726b1c95e3977baeafab5676c160d36a74ab28 records_attr4=topic_ResearchProject_13(r215@n257(hasword_home_13)) 
time=999 node=10.1.1.4 tuple=records records_attr1=10.1.1.4 records_attr2=5b32c56adf28591811dde6778a28e16de1781148 records_attr3=6323796434cc6ebdac7ab80428f5704637110a79 records_attr4=topic_Department_33(r55@n257(hasword_mit_33)) 
time=999 node=10.1.1.4 tuple=records records_attr1=10.1.1.4 records_attr2=5d775e8d2f5116064dbf93162711ac6c4ae2ba4e records_attr3=ef64169e1a701db762a4f4ff8002130be10b603b records_attr4=topic_Course_42(r400@n257(hasword_tx_42)) 
time=999 node=10.1.1.4 tuple=records records_attr1=10.1.1.4 records_attr2=6004305486d7f775b7bd4473294bf8501a89a423 records_attr3=d0a6d39020c1c123a580dac2778f4d193bbc4c9a records_attr4=topic_Person_18(r260@n257(hasword_gener_18)) 
time=999 node=10.1.1.4 tuple=records records_attr1=10.1.1.4 records_attr2=65cd95e4c1e2c0a18bd44980813419281441cc5d records_attr3=f985e95649554c5c363950d765a1862cfadefe49 records_attr4=topic_Person_12(r150@n257(hasword_provid_12)) 
time=999 node=10.1.1.4 tuple=records records_attr1=10.1.1.4 records_attr2=75558b9f8e1297d1511a0a0ed022e9340b25b02c records_attr3=6491f4a6b27a63a0eed61a87f3c7c52ed89bca2b records_attr4=topic_Course_25(r331@n257(hasword_code_25)) 
time=999 node=10.1.1.4 tuple=records records_attr1=10.1.1.4 records_attr2=767eeea0f1e5d5199aaa31b47499da8abbce563b records_attr3=8ec745f25b85f948f2defaed49d60ef02a149dcd records_attr4=topic_ResearchProject_33(r496@n257(hasword_mit_33)) 
time=999 node=10.1.1.4 tuple=records records_attr1=10.1.1.4 records_attr2=77c3685c2429be4f9fde4b4b37cc53da1da21f2e records_attr3=3388c506f931080bcc6e816bc1f3c34f22796a97 records_attr4=topic_Person_6(r205@n257(hasword_austin_6)) 
time=999 node=10.1.1.4 tuple=records records_attr1=10.1.1.4 records_attr2=8df89b809c45424f2a01662d079a7495b8739e40 records_attr3=c57a65552370cd1839785b0da539a721116469b1 records_attr4=topic_ResearchProject_40(r304@n257(hasword_run_40)) 
time=999 node=10.1.1.4 tuple=records records_attr1=10.1.1.4 records_attr2=8e5e060c8872831aa927378a007bb2677144bf66 records_attr3=d3d47c3b2b49986f625a167eef904ef535bd98b8 records_attr4=topic_Faculty_17(r185@n257(hasword_suggest_17)) 
time=999 node=10.1.1.4 tuple=records records_attr1=10.1.1.4 records_attr2=9645fdc1d372e6e33ad5edb3945b20f357be2d39 records_attr3=a590c32d590117b389a5f12c79cd62a375e503ac records_attr4=topic_Faculty_44(r237@n257(hasword_data_44)) 
time=999 node=10.1.1.4 tuple=records records_attr1=10.1.1.4 records_attr2=978315663e05a23ea5bcffa01b4f424971bbe25d records_attr3=97b5bc9ef3dc23897eebbdc59866116025158ae3 records_attr4=topic_Staff_20(r437@n257(hasword_leav_20)) 
time=999 node=10.1.1.4 tuple=records records_attr1=10.1.1.4 records_attr2=9d8015c383ca747078e04f1dab232df45fda73af records_attr3=ee64ddd112ffb86b7c091992e7e2b3bca98ff8a4 records_attr4=topic_Department_19(r337@n257(hasword_construct_19)) 
time=999 node=10.1.1.4 tuple=records records_attr1=10.1.1.4 records_attr2=ae22d887567d2b4edc06cdba7cbf89c94c66c9f1 records_attr3=8e2099669b474fa6292c9dd1a64c1fe23fd21c39 records_attr4=topic_Student_23(r78@n257(hasword_page_23)) 
time=999 node=10.1.1.4 tuple=records records_attr1=10.1.1.4 records_attr2=b706425a759cc8192072313c242e5cd8c8fc3a2b records_attr3=12ac88a4418cfdb5cdcc1aae233daeeb35290550 records_attr4=topic_Course_29(r135@n257(hasword_continu_29)) 
time=999 node=10.1.1.4 tuple=records records_attr1=10.1.1.4 records_attr2=bc4776044ca565c52bd64f501020802a39ee1f45 records_attr3=aa448beabe6bf9b7c50942bda13861d3c98b9656 records_attr4=topic_Staff_1(r258@n257(hasword_servic_1)) 
time=999 node=10.1.1.4 tuple=records records_attr1=10.1.1.4 records_attr2=be3e9a3dbd12544fd0fb72317765a6dd62b25d91 records_attr3=c442618fcf53744510359f9d0933483032b5b1d3 records_attr4=topic_ResearchProject_42(r114@n257(hasword_tx_42)) 
time=999 node=10.1.1.4 tuple=records records_attr1=10.1.1.4 records_attr2=be97167f98ba70c23a78a7717b8246aae6d60817 records_attr3=24737d58ebc8ec8e03babe0c87d7a3a2ce1c7aaa records_attr4=topic_Person_43(r453@n257(hasword_sourc_43)) 
time=999 node=10.1.1.4 tuple=records records_attr1=10.1.1.4 records_attr2=c46ec203df2444bb6b917aad8f53d058844e3ba2 records_attr3=dcdf4b04dde2c08a8ceab9a24ee3aae06c200f80 records_attr4=topic_Person_19(r266@n257(hasword_construct_19)) 
time=999 node=10.1.1.4 tuple=records records_attr1=10.1.1.4 records_attr2=efcb29e73f13460e3e8126adce2bc467d81228d7 records_attr3=402d8c2cb9140870ba6e687bba806743af0cf46b records_attr4=topic_ResearchProject_47(r215@n257(hasword_home_47)) 
time=999 node=10.1.1.4 tuple=records records_attr1=10.1.1.4 records_attr2=f5975b06da3268a1333e9c4a8006660031e3ed76 records_attr3=4e7fed3d004c930008fdd60cd6dc1a8211cc1e17 records_attr4=topic_ResearchProject_30(r25@n257(hasword_tabl_30)) 
time cost: 14.8941 seconds
