31369
Student
Faculty
Staff
ResearchProject
Course
Department
Person
20764317
20764831
20765208
20765979
20766630
20766939
20767218
23538534
23539017
23539283
23539490
23539691
23540517
23541402
23670483
23670707
23670874
23671295
23671553
23671712
23671861
23998652
23998875
23999105
23999331
23999487
23999637
23999788
24431915
24432150
24432306
24432456
24432607
24432837
24432989
24883286
24883700
24883937
24884158
24884574
24884849
24885123
25019415
25019716
25019946
25020103
25020255
25020404
25020798
25216523
25216828
25216983
25217133
25217485
25217649
25217676
25401101
25401310
25401463
25401758
25401935
25402114
25402268
25533123
25533327
25533481
25533632
25533868
25534026
25534242
25899077
25899633
25900773
25901272
25902024
25902525
25902778
26026301
26026524
26026680
26026912
26027066
26027216
26027366
26141849
26142076
26142232
26142385
26142536
26142595
26142920
26259780
26259998
26260153
26260304
26260455
26260618
26260852
26375974
26376290
26376681
26376953
26377207
26377447
26377774
26580032
26580386
26580572
26580851
26581311
26581517
26581677
26708179
26708569
26708752
26708909
26709236
26709406
26709715
27513744
27513964
27514124
27514366
27514526
27514682
27514837
27653223
27653610
27653892
27654265
27654612
27654900
27655278
27785541
27786821
27787117
27787392
27787579
27787706
27787988
27936826
27937368
27937551
27937709
27937865
27938117
27938336
28065180
28065411
28065623
28066245
28066535
28066740
28067625
28407721
28408149
28408434
28408677
28409125
28409419
28409770
28625321
28626220
28626569
28626937
28627214
28627584
28629403
29396405
29396623
29396780
29397105
29397279
29397438
29397593
29620433
29620777
29621035
29621406
29621667
29621914
29622273
29746916
29747136
29747380
29747546
29747702
29747856
29748011
30063439
30063658
30063819
30064095
30064262
30064419
30064574
30386340
30386674
30386919
30387267
30387519
30387759
30387999
30857892
30858355
30858705
30859036
30859197
30859349
30859761
31025359
31025690
31025828
31026283
31026528
31026928
31027293
31184094
31184323
31184480
31184718
31184879
31185031
31185182
31430929
31431364
31431640
31431886
31432127
31432539
31433002
31569069
31569338
31569498
31569805
31570048
31570212
31570367
31738535
31738847
31739005
31739157
31739308
31739459
31739610
32093128
32093349
32093504
32095636
32096105
32096410
32098115
32349766
32350025
32350310
32350469
32350620
32350770
32350919
32559633
32563365
32563644
32564031
32564348
32564631
32564892
32830799
32831151
32831327
32831482
32831632
32831782
32831931
33100481
33100799
33100957
33101111
33101262
33102596
33102930
33378657
33378657
33378657
33384239
33384569
33384771
33384771
34043511
34044666
34045027
34047492
34047926
34047926
34047926
34200069
34200296
34200452
34200621
34200859
34201011
34201162
34498446
34498914
34499124
34499318
34499505
34499660
34499810
34878709
34879049
34879273
34879455
34879838
34880092
34880565
35191691
35191904
35191904
35191904
35191904
35191904
35194339
35455781
35455988
35456312
35456469
35456620
35456770
35456920
35771020
35771239
35771474
35771634
35771853
35772007
35772157
36140637
36141735
36142145
36142339
36142702
36143286
36143635
36463332
36463650
36463819
36463977
36464136
36464292
36464447
36630564
36631184
36631569
36632264
36632850
36633025
36633182
36973774
36974001
36974073
36974400
36974559
36974715
36974950
37293622
37293843
37294005
37294588
37295891
37296827
37297599
37769025
37769544
37769853
37770107
37770413
37770581
37770756
38137556
38137784
38137943
38138099
38138255
38138377
38138745
38535824
38536108
38536567
38536757
38536921
38537079
38537235
38714387
38715109
38715494
38715783
38716152
38716406
38716660
39175157
39175399
39175606
39175798
39176080
39176322
39176550
39501794
39502110
39502276
39502433
39502588
39502744
39503041
41185592
41186021
41186284
41186531
41186871
41187121
41187369
41519272
41519503
41519665
41519823
41519980
41520237
41520397
41763277
41763696
41763902
41764061
41764246
41764419
41764774
41941919
41942149
41942309
41942541
41942706
41942861
41943016
42087355
42087570
42087880
42088052
42088210
42088459
42088619
42205575
42205783
42205942
42206099
42206351
42206516
42206672
42326456
42326743
42326907
42327063
42327247
42327522
42327792
42444602
42444810
42444969
42445125
42445588
42445774
42445933
42678822
42679031
42679185
42679338
42679561
42679718
42679897
42791167
42791368
42791608
42791768
42791920
42792071
42792220
42903748
42903950
42904105
42904256
42904406
42904646
42904821
43018258
43018542
43018701
43018853
43019004
43019153
43019303
43156728
43156933
43157082
43157229
43157539
43157694
43157841
43271639
43271838
43271987
43272133
43272280
43272628
43272790
43503020
43503313
43503462
43503604
43503746
43503887
43504029
43627994
43628104
43628446
43628594
43628770
43628994
43629147
43875392
43875584
43875729
43875871
43876012
43876154
43876371
44000756
44000971
44001117
44001331
44001479
44001621
44001764
44249733
44250139
44250504
44250852
44251015
44251191
44251436
45012555
45012760
45012967
45013121
45013278
45013533
45013683
45210929
45211135
45211279
45211417
45211558
45211637
45211908
45599648
45599648
45599648
45599648
45599648
45599648
45599648
45892462
45892848
45893003
45893147
45893290
45893431
45893660
46946795
46947089
46947248
46947394
46947538
46947680
46947716
47154097
47154528
47154703
47154848
47155196
47155465
47155635
48034292
48034587
48034752
48034896
48035038
48035314
48042377
48296343
48296548
48296695
48296837
48297162
48297514
48297774
48709257
48709535
48709684
48709828
48709970
48710111
48710252
48849880
48850215
48850370
48850515
48850658
48850801
48850944
49104491
49104699
49104866
49105086
49105389
49105550
49105694
49288198
49288427
49288572
49288714
49288892
49289035
49289254
49461174
49461450
49461601
49461744
49461885
49462026
49462167
49729934
49730130
49730342
49730489
49730630
49730770
49730909
49934263
49934452
49934452
49934939
49935096
49935239
49935380
50137948
50138482
50138979
50139849
50140040
50140331
50140530
50549209
50549696
50549931
50550257
50550492
50550653
50551045
50719208
50719404
50719551
50719757
50719907
50720049
50720191
51492576
51492781
51493001
51493275
51493433
51493577
51493720
51805824
51806108
51806255
51806399
51806542
51806684
51806889
52235344
52235625
52235863
52236058
52236240
52236387
52236541
52640698
52640888
52641032
52641175
52641318
52641532
52641676
time=999 node=10.1.1.4 tuple=records records_attr1=10.1.1.4 records_attr2=40f01e64f646247eac9d4a0710a60258615e792 records_attr3=16424b2908c46650929e416a6e1245cff928450f records_attr4=topic_Student_9(r121@n257(hasword_length_9)) 
time=999 node=10.1.1.4 tuple=records records_attr1=10.1.1.4 records_attr2=66d289c23868f135e57b0a9493e2175619f00f9 records_attr3=ec5ec5923e04d4b26a581db46c1e2f1c2633e11c records_attr4=topic_Person_95(r167@n257(hasword_locat_95)) 
time=999 node=10.1.1.4 tuple=records records_attr1=10.1.1.4 records_attr2=9ab229b46a6a95723a1f9b4ed8b7ae7b5c52663 records_attr3=8c1cf6e863939be4e2f0129e2059fbddb12cf6c0 records_attr4=topic_Staff_37(r92@n257(hasword_result_37)) 
time=999 node=10.1.1.4 tuple=records records_attr1=10.1.1.4 records_attr2=9fc821aee6df45d360128680426f31baf666efc records_attr3=c8fcfc3d9565d1b0e505aa9ffb17cb4f7f0683f6 records_attr4=topic_Staff_9(rl@n257(links_9_146*topic_Staff_146(r94@n257(hasword_dai_146)))) 
time=999 node=10.1.1.4 tuple=records records_attr1=10.1.1.4 records_attr2=bc5653821df4fca3d92714c57c8b108de783f62 records_attr3=9b7f5ffc969c614f8c93deeab4e7df9defc0ea2f records_attr4=topic_Student_56(r274@n257(hasword_local_56)) 
time=999 node=10.1.1.4 tuple=records records_attr1=10.1.1.4 records_attr2=1042d0d3adf5ede36e4d8d46629b2e19382c4acb records_attr3=6b0fe23952248b73b5c0ba815fb29882234d1cdb records_attr4=topic_ResearchProject_57(r160@n257(hasword_technologi_57)) 
time=999 node=10.1.1.4 tuple=records records_attr1=10.1.1.4 records_attr2=138b81039e5d6800a04863c82bb09a9fc8e3e285 records_attr3=4f3232c1d2eb4b57ad88caaa8454d5f2785ad405 records_attr4=topic_Student_42(r121@n257(hasword_length_42)) 
time=999 node=10.1.1.4 tuple=records records_attr1=10.1.1.4 records_attr2=15554859cce5bfede8a34ef924bb903a8132a4bd records_attr3=996ba30fc4c30126faa8a2609ac4ee9196064d0 records_attr4=topic_Course_98(r51@n257(hasword_learn_98)) 
time=999 node=10.1.1.4 tuple=records records_attr1=10.1.1.4 records_attr2=169f6df5eb2c435e3c6c1ed39e93fae8608d49d0 records_attr3=9192041abf4ec3320657c770e9a163a6cb713346 records_attr4=topic_ResearchProject_66(r194@n257(hasword_modul_66)) 
time=999 node=10.1.1.4 tuple=records records_attr1=10.1.1.4 records_attr2=175d9983089cf4d09ebb10e3a790283ae7da8ffa records_attr3=d6b8eee32bc0523ff4963c0b5f6dcc7970daca52 records_attr4=topic_Faculty_96(r312@n257(hasword_question_96)) 
time=999 node=10.1.1.4 tuple=records records_attr1=10.1.1.4 records_attr2=268eef401fac014fea647e2f9e6ea74c0bce492a records_attr3=9a4187d1ac35c17d638c056b42a0aee8011e82db records_attr4=topic_Faculty_58((r97@n257(hasword_load_58))+(rl@n257(links_58_103*topic_Faculty_103(r178@n257(hasword_ca_103))))) 
time=999 node=10.1.1.4 tuple=records records_attr1=10.1.1.4 records_attr2=29b5dffbe93bf86ade6a49f1f8bf51a378de570c records_attr3=d66096034b6d751d42b4437407d1b55a332d62f9 records_attr4=topic_Person_83(rl@n257(links_83_50*topic_Person_50(r229@n257(hasword_inform_50)))) 
time=999 node=10.1.1.4 tuple=records records_attr1=10.1.1.4 records_attr2=2def8be50202d5eb07e52d5ad114831925796ae9 records_attr3=4d31eb0671a19f9201f6a22c9a54b5eca4e0e3de records_attr4=topic_Faculty_80(r483@n257(hasword_form_80)) 
time=999 node=10.1.1.4 tuple=records records_attr1=10.1.1.4 records_attr2=301413546aa81aba47f2cec2ba4bce374db96676 records_attr3=6b50726c3d2f23c02a26297d9db9eec9caf0dd7a records_attr4=topic_Staff_52(r390@n257(hasword_step_52)) 
time=999 node=10.1.1.4 tuple=records records_attr1=10.1.1.4 records_attr2=3262f6a3c70bdd6d0a5acd983e9f801c27a961a7 records_attr3=2379757e11379ea07358f13d8cac9fecb4a2a4f0 records_attr4=topic_ResearchProject_27(r268@n257(hasword_internet_27)) 
time=999 node=10.1.1.4 tuple=records records_attr1=10.1.1.4 records_attr2=3473e74c4d40151f460f520ee5ae19f91b037384 records_attr3=77f85d6a008e4cbb8a213e3f739938e3965dde30 records_attr4=topic_Student_40(r168@n257(hasword_read_40)) 
time=999 node=10.1.1.4 tuple=records records_attr1=10.1.1.4 records_attr2=37cb17172355a403d6ca706c40d4136ebbd99668 records_attr3=6f9715eef2ef74270a9dc5a42ac5b1a21c56e0e4 records_attr4=topic_Student_58(rl@n257(links_58_103*topic_Student_103(r413@n257(hasword_creat_103)))) 
time=999 node=10.1.1.4 tuple=records records_attr1=10.1.1.4 records_attr2=38a3b127c98b6d51799e3cf11a6be902e849cb3e records_attr3=7d973ea5ea0097bc189ddffb3dbb7687fc3604f7 records_attr4=topic_Department_87(r305@n257(hasword_origin_87)) 
time=999 node=10.1.1.4 tuple=records records_attr1=10.1.1.4 records_attr2=3dc52e4768436cef9ced07d29e4323bf734362e7 records_attr3=7c3e97add7cc2909738d32a1016a8b6acd631979 records_attr4=topic_ResearchProject_98(r282@n257(hasword_learn_98)) 
time=999 node=10.1.1.4 tuple=records records_attr1=10.1.1.4 records_attr2=40dd50421d9e8588f72d047de7e8e2fbd8dc7143 records_attr3=d16557c8dae58fc76f4c21a003b844c27bb70e4 records_attr4=topic_Person_2((r495@n257(hasword_academ_2))+(r266@n257(hasword_construct_2))) 
time=999 node=10.1.1.4 tuple=records records_attr1=10.1.1.4 records_attr2=41c8bc9dcd6d8b1d91009a570ddff5b9051cf4a2 records_attr3=45a9787596ca98f84af422acd59b14e9af975e6d records_attr4=topic_Department_2(r337@n257(hasword_construct_2)) 
time=999 node=10.1.1.4 tuple=records records_attr1=10.1.1.4 records_attr2=463524dfeb902982dd990b467d12dcc5db73bfc3 records_attr3=14f883232687ced9afffe2f18c02cd4f17b864dd records_attr4=topic_Person_40(r150@n257(hasword_provid_40)) 
time=999 node=10.1.1.4 tuple=records records_attr1=10.1.1.4 records_attr2=477c0305f245ea01f760a94b104c4fc460fafbe5 records_attr3=69f0e50a7d6f4ee016c6c82383bc05b5dda61ff1 records_attr4=topic_Person_23(r229@n257(hasword_inform_23)) 
time=999 node=10.1.1.4 tuple=records records_attr1=10.1.1.4 records_attr2=4889a9b4f5bd7d2715ad397fe6fd3d41a6a93a08 records_attr3=ff0caa595ac80d77fe890cdae292fd57af6a29b4 records_attr4=topic_Faculty_38(r243@n257(hasword_html_38)) 
time=999 node=10.1.1.4 tuple=records records_attr1=10.1.1.4 records_attr2=4a0d26eff132b90ee0eb147b4454278f46a58a23 records_attr3=1be4835339dc8778066541b2f3a30aab3523f247 records_attr4=topic_Person_93(r9@n257(hasword_calcul_93)) 
time=999 node=10.1.1.4 tuple=records records_attr1=10.1.1.4 records_attr2=4cae07deca93e1803c3c5fbe63be8a753881fc9b records_attr3=716d2fb7eb3bc929f1e70432c2b14d288120304c records_attr4=topic_ResearchProject_48(r162@n257(hasword_implem_48)) 
time=999 node=10.1.1.4 tuple=records records_attr1=10.1.1.4 records_attr2=4d496968e4d75032b9334e56a2eb3a27a9ffa8fa records_attr3=b0f83cf1b422afef0de17fda55ecdd563eac86cb records_attr4=topic_Person_34(r205@n257(hasword_austin_34)) 
time=999 node=10.1.1.4 tuple=records records_attr1=10.1.1.4 records_attr2=4d63957da7f9cbe8e28c40e24cc81a4de5d074bb records_attr3=e1211a2b70afb5200508d05d4d786af915cd2393 records_attr4=topic_Person_16((rl@n257(links_16_214*topic_Person_214(rl@n257(links_214_50*topic_Person_50(r229@n257(hasword_inform_50))))))+(rl@n257(links_16_189*topic_Person_189(rl@n257(links_189_50*topic_Person_50(r229@n257(hasword_inform_50))))))) 
time=999 node=10.1.1.4 tuple=records records_attr1=10.1.1.4 records_attr2=4d8a06b6aa0e7030e1ea8b423911de16c26a44c2 records_attr3=59c430a54e1475c781262804962081994c910b68 records_attr4=topic_Staff_36(r258@n257(hasword_servic_36)) 
time=999 node=10.1.1.4 tuple=records records_attr1=10.1.1.4 records_attr2=4f0bbc4d45df60f7be9276788c9a0986b028e22d records_attr3=2e8476dd5337c2d5a5ae79a541e23a27650985fe records_attr4=topic_Faculty_85(r300@n257(hasword_studi_85)) 
time=999 node=10.1.1.4 tuple=records records_attr1=10.1.1.4 records_attr2=550c8e93d84936e0395e9e3898b8b4478bce4a5b records_attr3=41070321622cc20b272319354cb8b829125a62bb records_attr4=topic_Faculty_14(r182@n257(hasword_date_14)) 
time=999 node=10.1.1.4 tuple=records records_attr1=10.1.1.4 records_attr2=57c3b2b8d45da7c4eb22522adafe942872fb4325 records_attr3=3712f9504d975f6c5751af56dee52f86dbfa78e7 records_attr4=topic_Student_31(r121@n257(hasword_length_31)) 
time=999 node=10.1.1.4 tuple=records records_attr1=10.1.1.4 records_attr2=6397504ed237b6e83d0850aa771adc8d945cdb6d records_attr3=ddcbc202313d2fb96bf944631d7ca80b6f1f6b93 records_attr4=topic_ResearchProject_16(r40@n257(hasword_solv_16)) 
time=999 node=10.1.1.4 tuple=records records_attr1=10.1.1.4 records_attr2=67fcea8e2f806c17e8c4787620551ce0dc3e75ad records_attr3=d028a23f3732b305ee9da1ee7733c8e1a7fed831 records_attr4=topic_Department_23(r232@n257(hasword_lectur_23)) 
time=999 node=10.1.1.4 tuple=records records_attr1=10.1.1.4 records_attr2=68798ed14cf9c0e293935f335f5a5ba7a74959bb records_attr3=74f63db5cf27705d252666e1a87516c0211f1dbb records_attr4=topic_Department_53(r246@n257(hasword_scienc_53)) 
time=999 node=10.1.1.4 tuple=records records_attr1=10.1.1.4 records_attr2=6bf684860b9aa24df8f8bd123f0643af0b8fe769 records_attr3=b2b2a815d168d7b02346cfc031730b796675e580 records_attr4=topic_Staff_3(r350@n257(hasword_paper_3)) 
time=999 node=10.1.1.4 tuple=records records_attr1=10.1.1.4 records_attr2=73a8f4427ed6ee69c0ad8e0ee05c12f59a3aad12 records_attr3=364499f675f30625de1dc7b66ce09d66a5c4459a records_attr4=topic_Student_39(r121@n257(hasword_length_39)) 
time=999 node=10.1.1.4 tuple=records records_attr1=10.1.1.4 records_attr2=7562ae5ceb65833455e9bfd07e62b46ab5c9c69e records_attr3=7009ccffd206d58b8ac0ebfb21d3fbc0bbc05428 records_attr4=topic_Department_95(r367@n257(hasword_locat_95)) 
time=999 node=10.1.1.4 tuple=records records_attr1=10.1.1.4 records_attr2=765f8c219c2eca0c91cd159e809323be8d79da79 records_attr3=cc99adb051ceb441f71aabb334576d1f954b6975 records_attr4=topic_Student_74(r121@n257(hasword_length_74)) 
time=999 node=10.1.1.4 tuple=records records_attr1=10.1.1.4 records_attr2=7c24936ee612d23086a624bf0683f5f78e5c205d records_attr3=3117a68adcacbf23fe75251ece59071200ee48d0 records_attr4=topic_Course_28(rl@n257(links_28_7*topic_Course_7(r292@n257(hasword_design_7)))) 
time=999 node=10.1.1.4 tuple=records records_attr1=10.1.1.4 records_attr2=88d5b66e64ec0736b76fbd838264ab733d129041 records_attr3=f1fcf4b704f5d21ea672a4204e0eacfd53a79ad3 records_attr4=topic_ResearchProject_58(rl@n257(links_58_103*topic_ResearchProject_103(r377@n257(hasword_creat_103)))) 
time=999 node=10.1.1.4 tuple=records records_attr1=10.1.1.4 records_attr2=8cb8f09a27da9bbadc435f4dd02bf62eba85f399 records_attr3=c1e0aa4c3cb51eec6f126562687643171a68adf8 records_attr4=topic_Person_81(rl@n257(links_81_126*topic_Person_126((r453@n257(hasword_sourc_126))+(rl@n257(links_126_81*topic_Person_81))))) 
time=999 node=10.1.1.4 tuple=records records_attr1=10.1.1.4 records_attr2=8ccd318567227f37d5319e28453de104e77ff1a0 records_attr3=99691c58cc86d47b4ebc9d11c1ce7f8c3b6efaa7 records_attr4=topic_Staff_35(r52@n257(hasword_math_35)) 
time=999 node=10.1.1.4 tuple=records records_attr1=10.1.1.4 records_attr2=8df89b809c45424f2a01662d079a7495b8739e40 records_attr3=c57a65552370cd1839785b0da539a721116469b1 records_attr4=topic_ResearchProject_40(r283@n257(hasword_read_40)) 
time=999 node=10.1.1.4 tuple=records records_attr1=10.1.1.4 records_attr2=916ba8bc95170d697a808041157f3f350cd52c2f records_attr3=18ce84da5cba25cff2c73d93990fd664b005497e records_attr4=topic_Faculty_97(r186@n257(hasword_appli_97)) 
time=999 node=10.1.1.4 tuple=records records_attr1=10.1.1.4 records_attr2=92b6ecf054b5895c766b8cc8ffc5e7beddda15e1 records_attr3=a9db925b9f435a5c065c3c05ddc0f447d82428e1 records_attr4=topic_Staff_47(r143@n257(hasword_engin_47)) 
time=999 node=10.1.1.4 tuple=records records_attr1=10.1.1.4 records_attr2=9363f7917fb1f111dec7552d46cd6b48cab68b8a records_attr3=a1442400889f984fd94e4ca3788d53575b222bc1 records_attr4=topic_Staff_44(r94@n257(hasword_dai_44)) 
time=999 node=10.1.1.4 tuple=records records_attr1=10.1.1.4 records_attr2=994ab32b9a52ad978786bffbc4b89e781d92dff4 records_attr3=5934cc857c3e44fb8037a414c455bde526bbab46 records_attr4=topic_Person_3(rl@n257(links_3_116*topic_Person_116(r46@n257(hasword_agent_116)))) 
time=999 node=10.1.1.4 tuple=records records_attr1=10.1.1.4 records_attr2=9aeb1f26d949b79f5991765e4035b72dfc9cdc5d records_attr3=6e6985b0b955cd90b0a565c3bfbeaccdd4183ea7 records_attr4=topic_ResearchProject_3(rl@n257(links_3_116*topic_ResearchProject_116(r169@n257(hasword_agent_116)))) 
time=999 node=10.1.1.4 tuple=records records_attr1=10.1.1.4 records_attr2=9b47de1af8087ec0a4735189cd17beee66993c43 records_attr3=d5b82e77c9077d2c1ed3ae3033a06353b5a4a4c2 records_attr4=topic_ResearchProject_52(r160@n257(hasword_technologi_52)) 
time=999 node=10.1.1.4 tuple=records records_attr1=10.1.1.4 records_attr2=a3e69a0aada2082e227e97327399ea8e5b31b093 records_attr3=d0bacf4d11b338ec2edcd9eebe5107f0eda25fba records_attr4=topic_Course_81(rl@n257(links_81_126*topic_Course_126((r198@n257(hasword_sourc_126))+(rl@n257(links_126_81*topic_Course_81))))) 
time=999 node=10.1.1.4 tuple=records records_attr1=10.1.1.4 records_attr2=a63ede394af976a1b0991264815609d1f4b7d315 records_attr3=3a7e8e37e98346af9c4dcdad8c3c0f830b935555 records_attr4=topic_Person_54(r207@n257(hasword_detail_54)) 
time=999 node=10.1.1.4 tuple=records records_attr1=10.1.1.4 records_attr2=acfa6f8e199e67cb656971c9da285dffb2b05399 records_attr3=6e8c116ab490bfdd3bd79ce5d71579dafcc0532b records_attr4=topic_Faculty_46(r423@n257(hasword_distribut_46)) 
time=999 node=10.1.1.4 tuple=records records_attr1=10.1.1.4 records_attr2=ae22d887567d2b4edc06cdba7cbf89c94c66c9f1 records_attr3=8e2099669b474fa6292c9dd1a64c1fe23fd21c39 records_attr4=topic_Student_23(r78@n257(hasword_page_23)) 
time=999 node=10.1.1.4 tuple=records records_attr1=10.1.1.4 records_attr2=afaeac0cfb592e286ce12ada1b990de5ade5d608 records_attr3=df7e35acfff5f300a1de399651ec48a1feed9818 records_attr4=topic_ResearchProject_24(r269@n257(hasword_techniqu_24)) 
time=999 node=10.1.1.4 tuple=records records_attr1=10.1.1.4 records_attr2=b0045f131cb6cdc76348d70300ca90a15766aa5e records_attr3=37847a2a3f7c3a0f99fbcf021bd4f9f6e98429c6 records_attr4=topic_Faculty_77(r237@n257(hasword_data_77)) 
time=999 node=10.1.1.4 tuple=records records_attr1=10.1.1.4 records_attr2=b159a3d60b81c181a66fb9799bc1ad049c487165 records_attr3=e99ae7425b3b518cb176a2462760e7314a5f10f6 records_attr4=topic_Person_50(r229@n257(hasword_inform_50)) 
time=999 node=10.1.1.4 tuple=records records_attr1=10.1.1.4 records_attr2=b18552619bc51d1d55679ec973e291415381e20e records_attr3=513947ec1bcac3279654ec29d8cf6c1282420e9d records_attr4=topic_Student_51(r464@n257(hasword_effici_51)) 
time=999 node=10.1.1.4 tuple=records records_attr1=10.1.1.4 records_attr2=b1bdf1c1c4bca8230662c381309932cfebdf99c6 records_attr3=9607c2e419c83a1defb8d368e59a5be96ba631b5 records_attr4=topic_Course_26(r372@n257(hasword_activ_26)) 
time=999 node=10.1.1.4 tuple=records records_attr1=10.1.1.4 records_attr2=b5e11af6cf9acf75baf16d18e7564eb2b5496fdc records_attr3=1fa8f6c6a0e9467fd90d5cba15add9fd6677a68c records_attr4=topic_Person_97(r157@n257(hasword_appli_97)) 
time=999 node=10.1.1.4 tuple=records records_attr1=10.1.1.4 records_attr2=be94feb0cc4319c62756de923d6cacab3aec6517 records_attr3=490318e0b543f1905a308ffd871eebc8b17bf9dd records_attr4=topic_Course_27(r480@n257(hasword_internet_27)) 
time=999 node=10.1.1.4 tuple=records records_attr1=10.1.1.4 records_attr2=bf35ad20748c692039a9abcd36960eae5465a3b3 records_attr3=1aa31063e1da229aa88e789c1cb8dd081365ca records_attr4=topic_Department_77(rl@n257(links_77_124*topic_Department_124(rl@n257(links_124_163*topic_Department_163(r246@n257(hasword_scienc_163)))))) 
time=999 node=10.1.1.4 tuple=records records_attr1=10.1.1.4 records_attr2=c807ab572d92db4fcd6a96ffec8117a0ab4215e2 records_attr3=5ea9c9f9771b2111de201b049fed89b31977c08b records_attr4=topic_Course_95(r148@n257(hasword_locat_95)) 
time=999 node=10.1.1.4 tuple=records records_attr1=10.1.1.4 records_attr2=d2a4ee85f71547b2532cf7b2df8b530fdbfad952 records_attr3=722d0fbfb9c23f44143b4849c30aa20c14927612 records_attr4=topic_Course_4(r292@n257(hasword_design_4)) 
time=999 node=10.1.1.4 tuple=records records_attr1=10.1.1.4 records_attr2=d83d6157b19d0d9ea0bd54d115a1230ae3456b7b records_attr3=921546602c4f9d4295d379e84c3c1682774bb033 records_attr4=topic_Faculty_43(r243@n257(hasword_html_43)) 
time=999 node=10.1.1.4 tuple=records records_attr1=10.1.1.4 records_attr2=d8bea59d79a5e3705a709003fee4a27a021663e7 records_attr3=d798cfb219a32a7d311baa33821a758bbf2b1601 records_attr4=topic_Faculty_6(r237@n257(hasword_data_6)) 
time=999 node=10.1.1.4 tuple=records records_attr1=10.1.1.4 records_attr2=da1926fc31550e258a1d565bcaba7aa9658892fc records_attr3=b0bd8bfbad8fad1f35e014bc643b1944aaaf2f4 records_attr4=topic_Course_7(r292@n257(hasword_design_7)) 
time=999 node=10.1.1.4 tuple=records records_attr1=10.1.1.4 records_attr2=dd0ffc5e650e1baa129700797bd12b261dbc3613 records_attr3=383ee1498090a8bad7179c3ba850604cd8e265de records_attr4=topic_Staff_76(r92@n257(hasword_result_76)) 
time=999 node=10.1.1.4 tuple=records records_attr1=10.1.1.4 records_attr2=e1ca9f2ff148e099919df72eb2fbef02a73eb87f records_attr3=fa1bb98739e384a4d86608d0d58031e86720ccc8 records_attr4=topic_Department_85(r424@n257(hasword_studi_85)) 
time=999 node=10.1.1.4 tuple=records records_attr1=10.1.1.4 records_attr2=e77c7fb2da096349616addb7efad76110e8b15d9 records_attr3=40544bc16016485325c15c4924f3935ae044ff69 records_attr4=topic_Faculty_79(r178@n257(hasword_ca_79)) 
time=999 node=10.1.1.4 tuple=records records_attr1=10.1.1.4 records_attr2=ebe17ed7e2848af7c297b77e2c9a616a97e1871a records_attr3=78ffe8e1ebd803ce6b59319f52df412bd16b65ba records_attr4=topic_Student_26(r175@n257(hasword_texa_26)) 
time=999 node=10.1.1.4 tuple=records records_attr1=10.1.1.4 records_attr2=efeae8121543c56d3d388a5ef421a901841c0617 records_attr3=b8d202fae5840a73ec700c4e906139119d561de4 records_attr4=topic_Faculty_90(r243@n257(hasword_html_90)) 
time=999 node=10.1.1.4 tuple=records records_attr1=10.1.1.4 records_attr2=f20e0dc8d88539428688e8f21c30c2da7e7cb53f records_attr3=dc0d2889a68591c2f0bd21d496d747204a880d3 records_attr4=topic_ResearchProject_23(r30@n257(hasword_lab_23)) 
time=999 node=10.1.1.4 tuple=records records_attr1=10.1.1.4 records_attr2=f50dc76a2eb48f60f3cd128547b4c7e2202ec13b records_attr3=3d35f6cac17f3df0f7113105ce00b4dae8e58676 records_attr4=topic_Department_72(r458@n257(hasword_format_72)) 
time cost: 54.5167 seconds
