14480
Student
Faculty
Staff
ResearchProject
Course
Department
Person
14019001
14019220
14019632
14019812
14019963
14020107
14020252
16579236
16579562
16579763
16579948
16580139
16580309
16580547
16691536
16691822
16691977
16692118
16692262
16692402
16692542
17254357
17257436
17257712
17257936
17258156
17258252
17258684
17800021
17804342
17805192
17805395
17806208
17806450
17806730
17933242
17933440
17933594
17933858
17934021
17934173
17934324
18015238
18015434
18015587
18016206
18016442
18016777
18016946
18156522
18156799
18156956
18157106
18157256
18157405
18157555
18327027
18327182
18327492
18327649
18327798
18327946
18328095
18439656
18439882
18440110
18440428
18440728
18440899
18441052
19018436
19019200
19019508
19019673
19020051
19020212
19020363
19278556
19278790
19278945
19279180
19279334
19279483
19279633
19398078
19398302
19398458
19398664
19398985
19399190
19399389
19576938
19577168
19577378
19577565
19577725
19577994
19578153
19681027
19681225
19681379
19681529
19681679
19681921
19682082
19837779
19838101
19838269
19838422
19838574
19838800
19838954
19917866
19918062
19918216
19918366
19918518
19918752
19918918
20420400
20420681
20420835
20420982
20421128
20421275
20421420
20495669
20495851
20495995
20496138
20496279
20496420
20496626
20572079
20572268
20572413
20572624
20572919
20573163
20573317
20649230
20649415
20649628
20649774
20649915
20650055
20650195
20723452
20723709
20723856
20723999
20724141
20724289
20724492
20799014
20799193
20799337
20799545
20799692
20799833
20799973
20877505
20877709
20877856
20877998
20878141
20878282
20878486
21183312
21183312
21183312
21183312
21183312
21183312
21183312
21505209
21505834
21506198
21506357
21506499
21506640
21506780
21643680
21643876
21644018
21644335
21644482
21644620
21644759
21857899
21858107
21858250
21858390
21858554
21858694
21859337
22059020
22059398
22059657
22060084
22060526
22061101
22061377
22273344
22273530
22273671
22273809
22274014
22274155
22274294
22352440
22352615
22352756
22352966
22353109
22353245
22353382
22433382
22433570
22433711
22433929
22434074
22434212
22434350
22712352
22712653
22712966
22713179
22713384
22713592
22716424
22912355
22912552
22912693
22912912
22913053
22913191
22913327
23084393
23084599
23085119
23085304
23085471
23085614
23088794
23257150
23257355
23257582
23257796
23257947
23258086
23258224
23453762
23453980
23454123
23454262
23454443
23454902
23455053
23635280
23635561
23635825
23635973
23636112
23636251
23636391
23788759
23788951
23789091
23789228
23789364
23789499
23789706
23984200
23984396
23984763
23984925
23985065
23985205
23985343
24178008
24178256
24178399
24178538
24178674
24178809
24178928
24545067
24545274
24545455
24545605
24545744
24545882
24545905
24657693
24657898
24658115
24658264
24658402
24658538
24658676
24835179
24835378
24835519
24835659
24835890
24836289
24836439
25007347
25007543
25007696
25007837
25008128
25008307
25008481
25168787
25169080
25169228
25169367
25169505
25169642
25169780
25256021
25256210
25256351
25256563
25256713
25256918
25257065
25416993
25417186
25417327
25417466
25417604
25417742
25417979
25578857
25579043
25579183
25579320
25579458
25579594
25579608
25743022
25743205
25743345
25743484
25743699
25743840
25743986
25832806
25832997
25833139
25833277
25833418
25833623
25833763
25999632
25999814
25999955
26000092
26000230
26000366
26000579
26165968
26166155
26166296
26166502
26166642
26166779
26166917
26416141
26416414
26416566
26416703
26416840
26416977
26417113
26595307
26595491
26595630
26595769
26595908
26596046
26596254
26777389
26777583
26777725
26777864
26778078
26778222
26778360
26869751
26869934
26870231
26870385
26870527
26870666
26870804
27050146
27050345
27050487
27050627
27050765
27050903
27051197
27225132
27225313
27225453
27225590
27225727
27225863
27226069
27991841
27992027
27992167
27992305
27992443
27992580
27992783
28086848
28087033
28087173
28087313
28087451
28087589
28087793
28181038
28181219
28181360
28181498
28181718
28181860
28181997
28277556
28277909
28278067
28278207
28278346
28278483
28278621
28372623
28372882
28373027
28373167
28373305
28373443
28373579
28468904
28469085
28469226
28469363
28469501
28469702
28469845
28566298
28566482
28566689
28566834
28566973
28567111
28567248
28665576
28665823
28665964
28666104
28666242
28666381
28666518
28857475
28857740
28857884
28858023
28858163
28858300
28858436
28957362
28957615
28957756
28957895
28958033
28958171
28958308
29055924
29056111
29056250
29056388
29056596
29056736
29056873
29154592
29154779
29154938
29155079
29155217
29155242
29155570
29251428
29251762
29251998
29252144
29252367
29252510
29252646
29351863
29352045
29352268
29352414
29352553
29352690
29352839
29550477
29550691
29550834
29550971
29551176
29551318
29551456
29653679
29653744
29654144
29654291
29654430
29654568
29654706
29854322
29854509
29854650
29854788
29854992
29855135
29855272
29958460
29958645
29958867
29959012
29959150
29959287
29959423
30257576
30257777
30258024
30258173
30258311
30258447
30258583
31166366
31166640
31167099
31167413
31167616
31167887
31168153
31705528
31705911
31706682
31709287
31709556
31709778
31709992
32064506
32064863
32065102
32065247
32065385
32065523
32065674
32305249
32305447
32305589
32305729
32305867
32306005
32306211
33608290
33608662
33608810
33608950
33609087
33609316
33609626
33862345
33863167
33863438
33863818
33864134
33864473
33864739
34720461
34720838
34721082
34721326
34721622
34721927
34722245
34870497
34870704
34871018
34871211
34871443
34871697
34871818
35597115
35597326
35597472
35597780
35597947
35598093
35598236
35782346
35782569
35782716
35782800
35783100
35783247
35783388
36455147
36455461
36455953
36456453
36456842
36457126
36457510
36679186
36679399
36679549
36679695
36679841
36680061
36680210
36915950
36916264
36916425
36916572
36916718
36916864
36917008
37256209
37256426
37256575
37256720
37256864
37257080
37257227
37397897
37398107
37398367
37398535
37398683
37398829
37399102
37533705
37533880
37534155
37534304
37534559
37534716
37534861
37820278
37820696
37820878
37821033
37821182
37821328
37821545
38004571
38004794
38004945
38005093
38005206
38005447
38005673
38850983
38851208
38851353
38851495
38851637
38851778
38851990
39172931
39173145
39173292
39173436
39173651
39173798
39173939
39601480
39601879
39602401
39602694
39603183
39603370
39603519
40033292
40033573
40033737
40033879
40034021
40034161
40034316
time=999 node=10.1.1.4 tuple=records records_attr1=10.1.1.4 records_attr2=40f01e64f646247eac9d4a0710a60258615e792 records_attr3=16424b2908c46650929e416a6e1245cff928450f records_attr4=topic_Student_9(r121@n257(hasword_length_9)) 
time=999 node=10.1.1.4 tuple=records records_attr1=10.1.1.4 records_attr2=66d289c23868f135e57b0a9493e2175619f00f9 records_attr3=ec5ec5923e04d4b26a581db46c1e2f1c2633e11c records_attr4=topic_Person_95(r167@n257(hasword_locat_95)) 
time=999 node=10.1.1.4 tuple=records records_attr1=10.1.1.4 records_attr2=9ab229b46a6a95723a1f9b4ed8b7ae7b5c52663 records_attr3=8c1cf6e863939be4e2f0129e2059fbddb12cf6c0 records_attr4=topic_Staff_37(r92@n257(hasword_result_37)) 
time=999 node=10.1.1.4 tuple=records records_attr1=10.1.1.4 records_attr2=9fc821aee6df45d360128680426f31baf666efc records_attr3=c8fcfc3d9565d1b0e505aa9ffb17cb4f7f0683f6 records_attr4=topic_Staff_9(rl@n257(links_9_146*topic_Staff_146(r94@n257(hasword_dai_146)))) 
time=999 node=10.1.1.4 tuple=records records_attr1=10.1.1.4 records_attr2=bc5653821df4fca3d92714c57c8b108de783f62 records_attr3=9b7f5ffc969c614f8c93deeab4e7df9defc0ea2f records_attr4=topic_Student_56(r274@n257(hasword_local_56)) 
time=999 node=10.1.1.4 tuple=records records_attr1=10.1.1.4 records_attr2=1042d0d3adf5ede36e4d8d46629b2e19382c4acb records_attr3=6b0fe23952248b73b5c0ba815fb29882234d1cdb records_attr4=topic_ResearchProject_57(r160@n257(hasword_technologi_57)) 
time=999 node=10.1.1.4 tuple=records records_attr1=10.1.1.4 records_attr2=138b81039e5d6800a04863c82bb09a9fc8e3e285 records_attr3=4f3232c1d2eb4b57ad88caaa8454d5f2785ad405 records_attr4=topic_Student_42(r121@n257(hasword_length_42)) 
time=999 node=10.1.1.4 tuple=records records_attr1=10.1.1.4 records_attr2=15554859cce5bfede8a34ef924bb903a8132a4bd records_attr3=996ba30fc4c30126faa8a2609ac4ee9196064d0 records_attr4=topic_Course_98(r51@n257(hasword_learn_98)) 
time=999 node=10.1.1.4 tuple=records records_attr1=10.1.1.4 records_attr2=169f6df5eb2c435e3c6c1ed39e93fae8608d49d0 records_attr3=9192041abf4ec3320657c770e9a163a6cb713346 records_attr4=topic_ResearchProject_66(r194@n257(hasword_modul_66)) 
time=999 node=10.1.1.4 tuple=records records_attr1=10.1.1.4 records_attr2=175d9983089cf4d09ebb10e3a790283ae7da8ffa records_attr3=d6b8eee32bc0523ff4963c0b5f6dcc7970daca52 records_attr4=topic_Faculty_96(r312@n257(hasword_question_96)) 
time=999 node=10.1.1.4 tuple=records records_attr1=10.1.1.4 records_attr2=268eef401fac014fea647e2f9e6ea74c0bce492a records_attr3=9a4187d1ac35c17d638c056b42a0aee8011e82db records_attr4=topic_Faculty_58((r97@n257(hasword_load_58))+(rl@n257(links_58_103*topic_Faculty_103(r178@n257(hasword_ca_103))))) 
time=999 node=10.1.1.4 tuple=records records_attr1=10.1.1.4 records_attr2=29b5dffbe93bf86ade6a49f1f8bf51a378de570c records_attr3=d66096034b6d751d42b4437407d1b55a332d62f9 records_attr4=topic_Person_83(rl@n257(links_83_50*topic_Person_50(r229@n257(hasword_inform_50)))) 
time=999 node=10.1.1.4 tuple=records records_attr1=10.1.1.4 records_attr2=2def8be50202d5eb07e52d5ad114831925796ae9 records_attr3=4d31eb0671a19f9201f6a22c9a54b5eca4e0e3de records_attr4=topic_Faculty_80(r483@n257(hasword_form_80)) 
time=999 node=10.1.1.4 tuple=records records_attr1=10.1.1.4 records_attr2=301413546aa81aba47f2cec2ba4bce374db96676 records_attr3=6b50726c3d2f23c02a26297d9db9eec9caf0dd7a records_attr4=topic_Staff_52(r390@n257(hasword_step_52)) 
time=999 node=10.1.1.4 tuple=records records_attr1=10.1.1.4 records_attr2=3262f6a3c70bdd6d0a5acd983e9f801c27a961a7 records_attr3=2379757e11379ea07358f13d8cac9fecb4a2a4f0 records_attr4=topic_ResearchProject_27(r268@n257(hasword_internet_27)) 
time=999 node=10.1.1.4 tuple=records records_attr1=10.1.1.4 records_attr2=3473e74c4d40151f460f520ee5ae19f91b037384 records_attr3=77f85d6a008e4cbb8a213e3f739938e3965dde30 records_attr4=topic_Student_40(r168@n257(hasword_read_40)) 
time=999 node=10.1.1.4 tuple=records records_attr1=10.1.1.4 records_attr2=37cb17172355a403d6ca706c40d4136ebbd99668 records_attr3=6f9715eef2ef74270a9dc5a42ac5b1a21c56e0e4 records_attr4=topic_Student_58(rl@n257(links_58_103*topic_Student_103(r413@n257(hasword_creat_103)))) 
time=999 node=10.1.1.4 tuple=records records_attr1=10.1.1.4 records_attr2=38a3b127c98b6d51799e3cf11a6be902e849cb3e records_attr3=7d973ea5ea0097bc189ddffb3dbb7687fc3604f7 records_attr4=topic_Department_87(r305@n257(hasword_origin_87)) 
time=999 node=10.1.1.4 tuple=records records_attr1=10.1.1.4 records_attr2=3dc52e4768436cef9ced07d29e4323bf734362e7 records_attr3=7c3e97add7cc2909738d32a1016a8b6acd631979 records_attr4=topic_ResearchProject_98(r282@n257(hasword_learn_98)) 
time=999 node=10.1.1.4 tuple=records records_attr1=10.1.1.4 records_attr2=40dd50421d9e8588f72d047de7e8e2fbd8dc7143 records_attr3=d16557c8dae58fc76f4c21a003b844c27bb70e4 records_attr4=topic_Person_2((r495@n257(hasword_academ_2))+(r266@n257(hasword_construct_2))) 
time=999 node=10.1.1.4 tuple=records records_attr1=10.1.1.4 records_attr2=41c8bc9dcd6d8b1d91009a570ddff5b9051cf4a2 records_attr3=45a9787596ca98f84af422acd59b14e9af975e6d records_attr4=topic_Department_2(r337@n257(hasword_construct_2)) 
time=999 node=10.1.1.4 tuple=records records_attr1=10.1.1.4 records_attr2=463524dfeb902982dd990b467d12dcc5db73bfc3 records_attr3=14f883232687ced9afffe2f18c02cd4f17b864dd records_attr4=topic_Person_40(r150@n257(hasword_provid_40)) 
time=999 node=10.1.1.4 tuple=records records_attr1=10.1.1.4 records_attr2=477c0305f245ea01f760a94b104c4fc460fafbe5 records_attr3=69f0e50a7d6f4ee016c6c82383bc05b5dda61ff1 records_attr4=topic_Person_23(r229@n257(hasword_inform_23)) 
time=999 node=10.1.1.4 tuple=records records_attr1=10.1.1.4 records_attr2=4889a9b4f5bd7d2715ad397fe6fd3d41a6a93a08 records_attr3=ff0caa595ac80d77fe890cdae292fd57af6a29b4 records_attr4=topic_Faculty_38(r243@n257(hasword_html_38)) 
time=999 node=10.1.1.4 tuple=records records_attr1=10.1.1.4 records_attr2=4a0d26eff132b90ee0eb147b4454278f46a58a23 records_attr3=1be4835339dc8778066541b2f3a30aab3523f247 records_attr4=topic_Person_93(r9@n257(hasword_calcul_93)) 
time=999 node=10.1.1.4 tuple=records records_attr1=10.1.1.4 records_attr2=4cae07deca93e1803c3c5fbe63be8a753881fc9b records_attr3=716d2fb7eb3bc929f1e70432c2b14d288120304c records_attr4=topic_ResearchProject_48(r162@n257(hasword_implem_48)) 
time=999 node=10.1.1.4 tuple=records records_attr1=10.1.1.4 records_attr2=4d496968e4d75032b9334e56a2eb3a27a9ffa8fa records_attr3=b0f83cf1b422afef0de17fda55ecdd563eac86cb records_attr4=topic_Person_34(r205@n257(hasword_austin_34)) 
time=999 node=10.1.1.4 tuple=records records_attr1=10.1.1.4 records_attr2=4d63957da7f9cbe8e28c40e24cc81a4de5d074bb records_attr3=e1211a2b70afb5200508d05d4d786af915cd2393 records_attr4=topic_Person_16((rl@n257(links_16_214*topic_Person_214(rl@n257(links_214_50*topic_Person_50(r229@n257(hasword_inform_50))))))+(rl@n257(links_16_189*topic_Person_189(rl@n257(links_189_50*topic_Person_50(r229@n257(hasword_inform_50))))))) 
time=999 node=10.1.1.4 tuple=records records_attr1=10.1.1.4 records_attr2=4d8a06b6aa0e7030e1ea8b423911de16c26a44c2 records_attr3=59c430a54e1475c781262804962081994c910b68 records_attr4=topic_Staff_36(r258@n257(hasword_servic_36)) 
time=999 node=10.1.1.4 tuple=records records_attr1=10.1.1.4 records_attr2=4f0bbc4d45df60f7be9276788c9a0986b028e22d records_attr3=2e8476dd5337c2d5a5ae79a541e23a27650985fe records_attr4=topic_Faculty_85(r300@n257(hasword_studi_85)) 
time=999 node=10.1.1.4 tuple=records records_attr1=10.1.1.4 records_attr2=550c8e93d84936e0395e9e3898b8b4478bce4a5b records_attr3=41070321622cc20b272319354cb8b829125a62bb records_attr4=topic_Faculty_14(r182@n257(hasword_date_14)) 
time=999 node=10.1.1.4 tuple=records records_attr1=10.1.1.4 records_attr2=57c3b2b8d45da7c4eb22522adafe942872fb4325 records_attr3=3712f9504d975f6c5751af56dee52f86dbfa78e7 records_attr4=topic_Student_31(r121@n257(hasword_length_31)) 
time=999 node=10.1.1.4 tuple=records records_attr1=10.1.1.4 records_attr2=6397504ed237b6e83d0850aa771adc8d945cdb6d records_attr3=ddcbc202313d2fb96bf944631d7ca80b6f1f6b93 records_attr4=topic_ResearchProject_16(r40@n257(hasword_solv_16)) 
time=999 node=10.1.1.4 tuple=records records_attr1=10.1.1.4 records_attr2=67fcea8e2f806c17e8c4787620551ce0dc3e75ad records_attr3=d028a23f3732b305ee9da1ee7733c8e1a7fed831 records_attr4=topic_Department_23(r232@n257(hasword_lectur_23)) 
time=999 node=10.1.1.4 tuple=records records_attr1=10.1.1.4 records_attr2=68798ed14cf9c0e293935f335f5a5ba7a74959bb records_attr3=74f63db5cf27705d252666e1a87516c0211f1dbb records_attr4=topic_Department_53(r246@n257(hasword_scienc_53)) 
time=999 node=10.1.1.4 tuple=records records_attr1=10.1.1.4 records_attr2=6bf684860b9aa24df8f8bd123f0643af0b8fe769 records_attr3=b2b2a815d168d7b02346cfc031730b796675e580 records_attr4=topic_Staff_3(r350@n257(hasword_paper_3)) 
time=999 node=10.1.1.4 tuple=records records_attr1=10.1.1.4 records_attr2=73a8f4427ed6ee69c0ad8e0ee05c12f59a3aad12 records_attr3=364499f675f30625de1dc7b66ce09d66a5c4459a records_attr4=topic_Student_39(r121@n257(hasword_length_39)) 
time=999 node=10.1.1.4 tuple=records records_attr1=10.1.1.4 records_attr2=7562ae5ceb65833455e9bfd07e62b46ab5c9c69e records_attr3=7009ccffd206d58b8ac0ebfb21d3fbc0bbc05428 records_attr4=topic_Department_95(r367@n257(hasword_locat_95)) 
time=999 node=10.1.1.4 tuple=records records_attr1=10.1.1.4 records_attr2=765f8c219c2eca0c91cd159e809323be8d79da79 records_attr3=cc99adb051ceb441f71aabb334576d1f954b6975 records_attr4=topic_Student_74(r121@n257(hasword_length_74)) 
time=999 node=10.1.1.4 tuple=records records_attr1=10.1.1.4 records_attr2=7c24936ee612d23086a624bf0683f5f78e5c205d records_attr3=3117a68adcacbf23fe75251ece59071200ee48d0 records_attr4=topic_Course_28(rl@n257(links_28_7*topic_Course_7(r292@n257(hasword_design_7)))) 
time=999 node=10.1.1.4 tuple=records records_attr1=10.1.1.4 records_attr2=88d5b66e64ec0736b76fbd838264ab733d129041 records_attr3=f1fcf4b704f5d21ea672a4204e0eacfd53a79ad3 records_attr4=topic_ResearchProject_58(rl@n257(links_58_103*topic_ResearchProject_103(r377@n257(hasword_creat_103)))) 
time=999 node=10.1.1.4 tuple=records records_attr1=10.1.1.4 records_attr2=8cb8f09a27da9bbadc435f4dd02bf62eba85f399 records_attr3=c1e0aa4c3cb51eec6f126562687643171a68adf8 records_attr4=topic_Person_81(rl@n257(links_81_126*topic_Person_126((r453@n257(hasword_sourc_126))+(rl@n257(links_126_81*topic_Person_81))))) 
time=999 node=10.1.1.4 tuple=records records_attr1=10.1.1.4 records_attr2=8ccd318567227f37d5319e28453de104e77ff1a0 records_attr3=99691c58cc86d47b4ebc9d11c1ce7f8c3b6efaa7 records_attr4=topic_Staff_35(r52@n257(hasword_math_35)) 
time=999 node=10.1.1.4 tuple=records records_attr1=10.1.1.4 records_attr2=8df89b809c45424f2a01662d079a7495b8739e40 records_attr3=c57a65552370cd1839785b0da539a721116469b1 records_attr4=topic_ResearchProject_40(r283@n257(hasword_read_40)) 
time=999 node=10.1.1.4 tuple=records records_attr1=10.1.1.4 records_attr2=916ba8bc95170d697a808041157f3f350cd52c2f records_attr3=18ce84da5cba25cff2c73d93990fd664b005497e records_attr4=topic_Faculty_97(r186@n257(hasword_appli_97)) 
time=999 node=10.1.1.4 tuple=records records_attr1=10.1.1.4 records_attr2=92b6ecf054b5895c766b8cc8ffc5e7beddda15e1 records_attr3=a9db925b9f435a5c065c3c05ddc0f447d82428e1 records_attr4=topic_Staff_47(r143@n257(hasword_engin_47)) 
time=999 node=10.1.1.4 tuple=records records_attr1=10.1.1.4 records_attr2=9363f7917fb1f111dec7552d46cd6b48cab68b8a records_attr3=a1442400889f984fd94e4ca3788d53575b222bc1 records_attr4=topic_Staff_44(r94@n257(hasword_dai_44)) 
time=999 node=10.1.1.4 tuple=records records_attr1=10.1.1.4 records_attr2=994ab32b9a52ad978786bffbc4b89e781d92dff4 records_attr3=5934cc857c3e44fb8037a414c455bde526bbab46 records_attr4=topic_Person_3(rl@n257(links_3_116*topic_Person_116(r46@n257(hasword_agent_116)))) 
time=999 node=10.1.1.4 tuple=records records_attr1=10.1.1.4 records_attr2=9aeb1f26d949b79f5991765e4035b72dfc9cdc5d records_attr3=6e6985b0b955cd90b0a565c3bfbeaccdd4183ea7 records_attr4=topic_ResearchProject_3(rl@n257(links_3_116*topic_ResearchProject_116(r169@n257(hasword_agent_116)))) 
time=999 node=10.1.1.4 tuple=records records_attr1=10.1.1.4 records_attr2=9b47de1af8087ec0a4735189cd17beee66993c43 records_attr3=d5b82e77c9077d2c1ed3ae3033a06353b5a4a4c2 records_attr4=topic_ResearchProject_52(r160@n257(hasword_technologi_52)) 
time=999 node=10.1.1.4 tuple=records records_attr1=10.1.1.4 records_attr2=a3e69a0aada2082e227e97327399ea8e5b31b093 records_attr3=d0bacf4d11b338ec2edcd9eebe5107f0eda25fba records_attr4=topic_Course_81(rl@n257(links_81_126*topic_Course_126((r198@n257(hasword_sourc_126))+(rl@n257(links_126_81*topic_Course_81))))) 
time=999 node=10.1.1.4 tuple=records records_attr1=10.1.1.4 records_attr2=a63ede394af976a1b0991264815609d1f4b7d315 records_attr3=3a7e8e37e98346af9c4dcdad8c3c0f830b935555 records_attr4=topic_Person_54(r207@n257(hasword_detail_54)) 
time=999 node=10.1.1.4 tuple=records records_attr1=10.1.1.4 records_attr2=acfa6f8e199e67cb656971c9da285dffb2b05399 records_attr3=6e8c116ab490bfdd3bd79ce5d71579dafcc0532b records_attr4=topic_Faculty_46(r423@n257(hasword_distribut_46)) 
time=999 node=10.1.1.4 tuple=records records_attr1=10.1.1.4 records_attr2=ae22d887567d2b4edc06cdba7cbf89c94c66c9f1 records_attr3=8e2099669b474fa6292c9dd1a64c1fe23fd21c39 records_attr4=topic_Student_23(r78@n257(hasword_page_23)) 
time=999 node=10.1.1.4 tuple=records records_attr1=10.1.1.4 records_attr2=afaeac0cfb592e286ce12ada1b990de5ade5d608 records_attr3=df7e35acfff5f300a1de399651ec48a1feed9818 records_attr4=topic_ResearchProject_24(r269@n257(hasword_techniqu_24)) 
time=999 node=10.1.1.4 tuple=records records_attr1=10.1.1.4 records_attr2=b0045f131cb6cdc76348d70300ca90a15766aa5e records_attr3=37847a2a3f7c3a0f99fbcf021bd4f9f6e98429c6 records_attr4=topic_Faculty_77(r237@n257(hasword_data_77)) 
time=999 node=10.1.1.4 tuple=records records_attr1=10.1.1.4 records_attr2=b159a3d60b81c181a66fb9799bc1ad049c487165 records_attr3=e99ae7425b3b518cb176a2462760e7314a5f10f6 records_attr4=topic_Person_50(r229@n257(hasword_inform_50)) 
time=999 node=10.1.1.4 tuple=records records_attr1=10.1.1.4 records_attr2=b18552619bc51d1d55679ec973e291415381e20e records_attr3=513947ec1bcac3279654ec29d8cf6c1282420e9d records_attr4=topic_Student_51(r464@n257(hasword_effici_51)) 
time=999 node=10.1.1.4 tuple=records records_attr1=10.1.1.4 records_attr2=b1bdf1c1c4bca8230662c381309932cfebdf99c6 records_attr3=9607c2e419c83a1defb8d368e59a5be96ba631b5 records_attr4=topic_Course_26(r372@n257(hasword_activ_26)) 
time=999 node=10.1.1.4 tuple=records records_attr1=10.1.1.4 records_attr2=b5e11af6cf9acf75baf16d18e7564eb2b5496fdc records_attr3=1fa8f6c6a0e9467fd90d5cba15add9fd6677a68c records_attr4=topic_Person_97(r157@n257(hasword_appli_97)) 
time=999 node=10.1.1.4 tuple=records records_attr1=10.1.1.4 records_attr2=be94feb0cc4319c62756de923d6cacab3aec6517 records_attr3=490318e0b543f1905a308ffd871eebc8b17bf9dd records_attr4=topic_Course_27(r480@n257(hasword_internet_27)) 
time=999 node=10.1.1.4 tuple=records records_attr1=10.1.1.4 records_attr2=bf35ad20748c692039a9abcd36960eae5465a3b3 records_attr3=1aa31063e1da229aa88e789c1cb8dd081365ca records_attr4=topic_Department_77(rl@n257(links_77_124*topic_Department_124(rl@n257(links_124_163*topic_Department_163(r246@n257(hasword_scienc_163)))))) 
time=999 node=10.1.1.4 tuple=records records_attr1=10.1.1.4 records_attr2=c807ab572d92db4fcd6a96ffec8117a0ab4215e2 records_attr3=5ea9c9f9771b2111de201b049fed89b31977c08b records_attr4=topic_Course_95(r148@n257(hasword_locat_95)) 
time=999 node=10.1.1.4 tuple=records records_attr1=10.1.1.4 records_attr2=d2a4ee85f71547b2532cf7b2df8b530fdbfad952 records_attr3=722d0fbfb9c23f44143b4849c30aa20c14927612 records_attr4=topic_Course_4(r292@n257(hasword_design_4)) 
time=999 node=10.1.1.4 tuple=records records_attr1=10.1.1.4 records_attr2=d83d6157b19d0d9ea0bd54d115a1230ae3456b7b records_attr3=921546602c4f9d4295d379e84c3c1682774bb033 records_attr4=topic_Faculty_43(r243@n257(hasword_html_43)) 
time=999 node=10.1.1.4 tuple=records records_attr1=10.1.1.4 records_attr2=d8bea59d79a5e3705a709003fee4a27a021663e7 records_attr3=d798cfb219a32a7d311baa33821a758bbf2b1601 records_attr4=topic_Faculty_6(r237@n257(hasword_data_6)) 
time=999 node=10.1.1.4 tuple=records records_attr1=10.1.1.4 records_attr2=da1926fc31550e258a1d565bcaba7aa9658892fc records_attr3=b0bd8bfbad8fad1f35e014bc643b1944aaaf2f4 records_attr4=topic_Course_7(r292@n257(hasword_design_7)) 
time=999 node=10.1.1.4 tuple=records records_attr1=10.1.1.4 records_attr2=dd0ffc5e650e1baa129700797bd12b261dbc3613 records_attr3=383ee1498090a8bad7179c3ba850604cd8e265de records_attr4=topic_Staff_76(r92@n257(hasword_result_76)) 
time=999 node=10.1.1.4 tuple=records records_attr1=10.1.1.4 records_attr2=e1ca9f2ff148e099919df72eb2fbef02a73eb87f records_attr3=fa1bb98739e384a4d86608d0d58031e86720ccc8 records_attr4=topic_Department_85(r424@n257(hasword_studi_85)) 
time=999 node=10.1.1.4 tuple=records records_attr1=10.1.1.4 records_attr2=e77c7fb2da096349616addb7efad76110e8b15d9 records_attr3=40544bc16016485325c15c4924f3935ae044ff69 records_attr4=topic_Faculty_79(r178@n257(hasword_ca_79)) 
time=999 node=10.1.1.4 tuple=records records_attr1=10.1.1.4 records_attr2=ebe17ed7e2848af7c297b77e2c9a616a97e1871a records_attr3=78ffe8e1ebd803ce6b59319f52df412bd16b65ba records_attr4=topic_Student_26(r175@n257(hasword_texa_26)) 
time=999 node=10.1.1.4 tuple=records records_attr1=10.1.1.4 records_attr2=efeae8121543c56d3d388a5ef421a901841c0617 records_attr3=b8d202fae5840a73ec700c4e906139119d561de4 records_attr4=topic_Faculty_90(r243@n257(hasword_html_90)) 
time=999 node=10.1.1.4 tuple=records records_attr1=10.1.1.4 records_attr2=f20e0dc8d88539428688e8f21c30c2da7e7cb53f records_attr3=dc0d2889a68591c2f0bd21d496d747204a880d3 records_attr4=topic_ResearchProject_23(r30@n257(hasword_lab_23)) 
time=999 node=10.1.1.4 tuple=records records_attr1=10.1.1.4 records_attr2=f50dc76a2eb48f60f3cd128547b4c7e2202ec13b records_attr3=3d35f6cac17f3df0f7113105ce00b4dae8e58676 records_attr4=topic_Department_72(r458@n257(hasword_format_72)) 
time cost: 41.8324 seconds
