36167
Student
Faculty
Staff
ResearchProject
Course
Department
Person
8454426
8454632
8454900
8455054
8455226
8455380
8455528
9689282
9689697
9689996
9690260
9690738
9690950
9691176
9752261
9752607
9753632
9754139
9754423
9754678
9754966
9812772
9813024
9813176
9813322
9813471
9813616
9813683
9876526
9877292
9877466
9877707
9877860
9878018
9878167
9970455
9970974
9971203
9971382
9971554
9971836
9971836
10038742
10038951
10039101
10039247
10039477
10039709
10039857
10151742
10152304
10152513
10152670
10152963
10153476
10153884
10255284
10255603
10255761
10255907
10256052
10256214
10256360
10366033
10366374
10366646
10366815
10366985
10367135
10367290
10623980
10624227
10624401
10624552
10626815
10627250
10627599
10927779
10928124
10928452
10928905
10929081
10929233
10929497
11002259
11002453
11002602
11002748
11002980
11003139
11003284
11072412
11073167
11073546
11073870
11074196
11074501
11074714
11144576
11145112
11145380
11145664
11145899
11146152
11146308
11268301
11268513
11268663
11268857
11269109
11269262
11269409
11447368
11447563
11447712
11447858
11448003
11448213
11448365
11691911
11692160
11692360
11692499
11693438
11693653
11693827
11765970
11766176
11766232
11766666
11766825
11767298
11767961
11901171
11901287
11901287
11901287
11901287
11901287
11901287
12042340
12042641
12042818
12042967
12043114
12043260
12043405
12178015
12178214
12178441
12178591
12178737
12178883
12179029
12323265
12323698
12323865
12324011
12324158
12324303
12324533
12478327
12478520
12478694
12478841
12478985
12479131
12479450
12799523
12799881
12800370
12800739
12801108
12801594
12801952
12982627
12983253
12983518
12983790
12984100
12984295
12984461
13151424
13151713
13151867
13152015
13152162
13152310
13152473
13233647
13233880
13234113
13234289
13234526
13234742
13234903
13320083
13320356
13320510
13320655
13320801
13320946
13321090
13613837
13614157
13614453
13614607
13614754
13614899
13615044
13696660
13696930
13697368
13697604
13697877
13698121
13698546
14014829
14015055
14015205
14015353
14015499
14015627
14015880
14186909
14187267
14187280
14187280
14187280
14187280
14188746
14431518
14431715
14431864
14432010
14432174
14432436
14432585
14530845
14531038
14531256
14531406
14531551
14531694
14531839
14645190
14645401
14645549
14645771
14646030
14646183
14646399
14913210
14914412
14914896
14915163
14915316
14915463
14915608
15085351
15085790
15085961
15086250
15086491
15086654
15086926
15261894
15262174
15262870
15263223
15263586
15263993
15264275
15369959
15370298
15370473
15370696
15370970
15371229
15371620
15469433
15469861
15470219
15470555
15470770
15470924
15471085
15564422
15564806
15565053
15565408
15565678
15565927
15566161
15795174
15795577
15795746
15795899
15796061
15796208
15796542
15899023
15899235
15899385
15899577
15899850
15900003
15900148
16092100
16092341
16092732
16093054
16093222
16093460
16093616
16195935
16196149
16196298
16196444
16196709
16196868
16197016
16290289
16290519
16290670
16290818
16291021
16291251
16291524
16388887
16389351
16389674
16390019
16390537
16391115
16391592
16499987
16500348
16500502
16500724
16501015
16501386
16501634
16606753
16607099
16607623
16608030
16608249
16608493
16608774
16712208
16712415
16712565
16712711
16712857
16713072
16713221
16813924
16814126
16814277
16814423
16814639
16814844
16815016
17691045
17691356
17691559
17691742
17691967
17692116
17692262
17796902
17797105
17797375
17797529
17797695
17797844
17797990
18039998
18040279
18040432
18040579
18040724
18040868
18041012
18289447
18289764
18289917
18290063
18290207
18290350
18290494
18395561
18395957
18396404
18396885
18397764
18398078
18398425
18512053
18512659
18513142
18513474
18513901
18514163
18514420
18752751
18753110
18753257
18753399
18753540
18753680
18753887
18872989
18873199
18873491
18873726
18873911
18874406
18875130
19100605
19100810
19100955
19101220
19101370
19101578
19101724
19347337
19347648
19347803
19347946
19348088
19348230
19348371
19498515
19498918
19499063
19499206
19499347
19499487
19499755
19629486
19629697
19629919
19630236
19630393
19630538
19630679
19891719
19892076
19892224
19892366
19892508
19892702
19892925
20271941
20272572
20273009
20273403
20273574
20273719
20273862
20530348
20531477
20531996
20533761
20534273
20534896
20539022
20847531
20848638
20849046
20850312
20850637
20850893
20851238
20971182
20971444
20971837
20971991
20972133
20972274
20972415
21085184
21085545
21085719
21085865
21086006
21086217
21086370
21461956
21461956
21463055
21463291
21463453
21463609
21463984
21834562
21835038
21835592
21835819
21836045
21836503
21836913
22081619
22082120
22082545
22083043
22083233
22083695
22083891
22343892
22344094
22344243
22344390
22344619
22344769
22344922
22484754
22485122
22485306
22485474
22485631
22485792
22485944
22988072
22988287
22988435
22988580
22988727
22989033
22989248
23153090
23153422
23153646
23153981
23154212
23154430
23154647
23458860
23459317
23459782
23460097
23460463
23460781
23461065
23589823
23590249
23590529
23590867
23591237
23591503
23591773
23722438
23722850
23723143
23723420
23723747
23724190
23724472
24181867
24182263
24182445
24182602
24182786
24182940
24183565
24495899
24496116
24496363
24496519
24496669
24496818
24496966
24662119
24662405
24662559
24662711
24662860
24663009
24663333
25175715
25175958
25176210
25176371
25176598
25176922
25177214
25503353
25503565
25503801
25503998
25504153
25504302
25504451
26161554
26162428
26162696
26162848
26162879
26163261
26163416
26462300
26462615
26462771
26462919
26463066
26463210
26463353
26754436
26755022
26755435
26755855
26756216
26756520
26756836
26889454
26889704
26889895
26890088
26890181
26890512
26890697
27022565
27023039
27023208
27023524
27023825
27024067
27024349
27161427
27163005
27163344
27163502
27163651
27163659
27164038
27293071
27293314
27293464
27293609
27294004
27294197
27294347
27438523
27438741
27438891
27439037
27439182
27439328
27439550
27737087
27737512
27737810
27737981
27738246
27738447
27738787
27877489
27877712
27877863
27878011
27878157
27878393
27878550
28053145
28053357
28053507
28053653
28053800
28054085
28054244
28213595
28214066
28214381
28214668
28215344
28215620
28215973
28387145
28387406
28387586
28387733
28387879
28388025
28388169
28562717
28563279
28563900
28564373
28564652
28564975
28565239
28797468
28797765
28798018
28798170
28798317
28798503
28798739
time=999 node=10.1.1.4 tuple=records records_attr1=10.1.1.4 records_attr2=16bfb71c2f016a5056917e5280212c646206505 records_attr3=d32b6a20bcde0b45db1d7b6294582ed3c1f5ccdc records_attr4=topic_Person_84(r366@n257(hasword_check_84)) 
time=999 node=10.1.1.4 tuple=records records_attr1=10.1.1.4 records_attr2=40f01e64f646247eac9d4a0710a60258615e792 records_attr3=16424b2908c46650929e416a6e1245cff928450f records_attr4=topic_Student_9(r355@n257(hasword_assist_9)) 
time=999 node=10.1.1.4 tuple=records records_attr1=10.1.1.4 records_attr2=4ae19139e18c61fe62a7a1f290b2a0af843ff0a records_attr3=844c1b458ec1e056f964cc76d2cc18ef5536608e records_attr4=topic_Student_30(r363@n257(hasword_number_30)) 
time=999 node=10.1.1.4 tuple=records records_attr1=10.1.1.4 records_attr2=ba1d13714f58ca7ef0dc8f6fba993f1510eef5d records_attr3=a3bd354cf92d1140e06db9ed77716bf7a7bf44ad records_attr4=topic_ResearchProject_59(r215@n257(hasword_home_59)) 
time=999 node=10.1.1.4 tuple=records records_attr1=10.1.1.4 records_attr2=f3c4a37d1b5e19594b2d164d042a3e8c2018b79 records_attr3=42b64b9750ec3c61035293a8fc96c4666923c75c records_attr4=topic_ResearchProject_25(r30@n257(hasword_lab_25)) 
time=999 node=10.1.1.4 tuple=records records_attr1=10.1.1.4 records_attr2=12cef51e6da919657bd9e9280106bf9600b336bd records_attr3=dd29fc31de722e006e3b3c3b70ed6845a973c1dd records_attr4=topic_Course_51(rl@n257(links_51_84*topic_Course_84(r272@n257(hasword_check_84)))) 
time=999 node=10.1.1.4 tuple=records records_attr1=10.1.1.4 records_attr2=16c4b8521641c7458560460396cdec5be9e3cd0e records_attr3=7f9a7bfb34b3a50fc826a56ab9368cbbab708d52 records_attr4=topic_Staff_63(r291@n257(hasword_size_63)) 
time=999 node=10.1.1.4 tuple=records records_attr1=10.1.1.4 records_attr2=170c09d09ce59495cad711cfc44d7c3237555913 records_attr3=a58669b84ea98ba490f81d9177f1f9ba4c921a31 records_attr4=topic_Department_60(r349@n257(hasword_period_60)) 
time=999 node=10.1.1.4 tuple=records records_attr1=10.1.1.4 records_attr2=173c49f894ded757b76f9c1d2cab7bd94e912a0a records_attr3=cf24f9e1edc70781803e84948ddfe8726bd1dd79 records_attr4=topic_Person_64(r234@n257(hasword_place_64)) 
time=999 node=10.1.1.4 tuple=records records_attr1=10.1.1.4 records_attr2=1a7c303fbbdcdbb79d18ea8abea4b1eca0fd2b1f records_attr3=33763d1cb1585c36f1f72118e52137261ce9c099 records_attr4=topic_Course_24(r466@n257(hasword_link_24)) 
time=999 node=10.1.1.4 tuple=records records_attr1=10.1.1.4 records_attr2=1afa748ca4a4cfce3aad94ac59429e83637e2db0 records_attr3=4112591d60b8d0bf9277d777392d2e6c19daf98a records_attr4=topic_Course_53(r222@n257(hasword_server_53)) 
time=999 node=10.1.1.4 tuple=records records_attr1=10.1.1.4 records_attr2=1b6cea926b4c3e837635daaf7f481f47c846b5ac records_attr3=c9c84f253d0f30ad673f1aed4a3639ecc1b273e2 records_attr4=topic_ResearchProject_22(r126@n257(hasword_note_22)) 
time=999 node=10.1.1.4 tuple=records records_attr1=10.1.1.4 records_attr2=290db2745cda4596e04afebb198d649937fe6076 records_attr3=b018b232fe27a1ba0f6cc697c1e8f78e23bd672e records_attr4=topic_ResearchProject_79(r214@n257(hasword_increas_79)) 
time=999 node=10.1.1.4 tuple=records records_attr1=10.1.1.4 records_attr2=2da78abda05cacdaa5ab8e2af7ed488758a7f9e6 records_attr3=b1408b639c860ae0d2bc18bbf67ae2e3e69f5de records_attr4=topic_Department_15(r173@n257(hasword_hw_15)) 
time=999 node=10.1.1.4 tuple=records records_attr1=10.1.1.4 records_attr2=31381720529cffd76ee29b0d93108e93511bbdb0 records_attr3=caca210b42ee3b14f3a7d9c9550b1a4715615bc records_attr4=topic_ResearchProject_82(r114@n257(hasword_tx_82)) 
time=999 node=10.1.1.4 tuple=records records_attr1=10.1.1.4 records_attr2=3339672b45eb11c841e022a75b81a126f810c81f records_attr3=69c82f7c503c6cd16b8388b5bf8971c01d853fdd records_attr4=topic_Course_8(r219@n257(hasword_softwar_8)) 
time=999 node=10.1.1.4 tuple=records records_attr1=10.1.1.4 records_attr2=344345861ae0935f5fa47b15667df579a652f4f5 records_attr3=6a43c46411e276dd53051d41197c24a3e88e0a13 records_attr4=topic_Faculty_83(r182@n257(hasword_date_83)) 
time=999 node=10.1.1.4 tuple=records records_attr1=10.1.1.4 records_attr2=451dd07181473d9c6808521dba5c941d3a47d5c9 records_attr3=11f33b580d4c61ee78a2d1fc7794a9e45f1176d1 records_attr4=topic_Person_70(r107@n257(hasword_due_70)) 
time=999 node=10.1.1.4 tuple=records records_attr1=10.1.1.4 records_attr2=453fb76d7031dea354277a0ef48a4d1bfa5ea87b records_attr3=b456852a11c7fc487c51b9b3b845b1a609eeb31d records_attr4=topic_ResearchProject_28(r54@n257(hasword_repres_28)) 
time=999 node=10.1.1.4 tuple=records records_attr1=10.1.1.4 records_attr2=477c0305f245ea01f760a94b104c4fc460fafbe5 records_attr3=69f0e50a7d6f4ee016c6c82383bc05b5dda61ff1 records_attr4=topic_Person_23(r373@n257(hasword_low_23)) 
time=999 node=10.1.1.4 tuple=records records_attr1=10.1.1.4 records_attr2=499ff41109fb077fe671fe5cbcb885cb6991e2dc records_attr3=ba3361ebec923a936100df6c9a6f3f2949c47d65 records_attr4=topic_Faculty_64(r434@n257(hasword_place_64)) 
time=999 node=10.1.1.4 tuple=records records_attr1=10.1.1.4 records_attr2=4c6f48cea51843e7bb3c4977658107e52ba4cf62 records_attr3=816335ae2d722588b4d2ce300f9b94aa82c38e18 records_attr4=topic_Course_30(r0@n257(hasword_number_30)) 
time=999 node=10.1.1.4 tuple=records records_attr1=10.1.1.4 records_attr2=4d324ab0e0dfbb6183f9b4579964fcd786b24458 records_attr3=52824f4e45ffde872d804135b79d382fcc733ddd records_attr4=topic_Person_7(r495@n257(hasword_academ_7)) 
time=999 node=10.1.1.4 tuple=records records_attr1=10.1.1.4 records_attr2=4d63957da7f9cbe8e28c40e24cc81a4de5d074bb records_attr3=e1211a2b70afb5200508d05d4d786af915cd2393 records_attr4=topic_Person_16(r228@n257(hasword_assist_16)) 
time=999 node=10.1.1.4 tuple=records records_attr1=10.1.1.4 records_attr2=4d8a06b6aa0e7030e1ea8b423911de16c26a44c2 records_attr3=59c430a54e1475c781262804962081994c910b68 records_attr4=topic_Staff_36(r350@n257(hasword_paper_36)) 
time=999 node=10.1.1.4 tuple=records records_attr1=10.1.1.4 records_attr2=528c3b3fc44c1c30457db60d810fbf5baa328a88 records_attr3=8d66380d860c0b9c51bbd427dd17339629dbdb39 records_attr4=topic_Course_69(r308@n257(hasword_assign_69)) 
time=999 node=10.1.1.4 tuple=records records_attr1=10.1.1.4 records_attr2=549bd41ae9a0ff267ba16ca46774adbd58233aaf records_attr3=c5c25ae74c0bca341b499d8c3e3923bf9f62f30a records_attr4=topic_Course_9(r222@n257(hasword_server_9)) 
time=999 node=10.1.1.4 tuple=records records_attr1=10.1.1.4 records_attr2=550c8e93d84936e0395e9e3898b8b4478bce4a5b records_attr3=41070321622cc20b272319354cb8b829125a62bb records_attr4=topic_Faculty_14(r479@n257(hasword_larg_14)) 
time=999 node=10.1.1.4 tuple=records records_attr1=10.1.1.4 records_attr2=5a6958ef018abec77cee47a14a7730690d6d0425 records_attr3=8ac3fb148d07887c3b46e00a65c6c761f34541df records_attr4=topic_Course_31(r49@n257(hasword_hall_31)) 
time=999 node=10.1.1.4 tuple=records records_attr1=10.1.1.4 records_attr2=6004305486d7f775b7bd4473294bf8501a89a423 records_attr3=d0a6d39020c1c123a580dac2778f4d193bbc4c9a records_attr4=topic_Person_18(r72@n257(hasword_java_18)) 
time=999 node=10.1.1.4 tuple=records records_attr1=10.1.1.4 records_attr2=61febd2de54169d546c162069c9b5c11496d49b4 records_attr3=985bb16fe063c4c93359e200548d62807ce7b40e records_attr4=topic_Staff_30(r52@n257(hasword_math_30)) 
time=999 node=10.1.1.4 tuple=records records_attr1=10.1.1.4 records_attr2=6397504ed237b6e83d0850aa771adc8d945cdb6d records_attr3=ddcbc202313d2fb96bf944631d7ca80b6f1f6b93 records_attr4=topic_ResearchProject_16(r470@n257(hasword_assist_16)) 
time=999 node=10.1.1.4 tuple=records records_attr1=10.1.1.4 records_attr2=69d79e502db3997fc6b5cf3c3c3f7b45bc61940a records_attr3=36476444964e33f1b11fa313c088002504cd96b9 records_attr4=topic_Person_51(rl@n257(links_51_84*topic_Person_84(r366@n257(hasword_check_84)))) 
time=999 node=10.1.1.4 tuple=records records_attr1=10.1.1.4 records_attr2=6a2967dae9fb1f1524341a5ca3b18a6a116c4602 records_attr3=dd1878ef857cd33e01661040e37e5a50b7069fd6 records_attr4=topic_Course_72(r222@n257(hasword_server_72)) 
time=999 node=10.1.1.4 tuple=records records_attr1=10.1.1.4 records_attr2=6b91ab29be6cdb9f3d11d0ca9f7512e2f5f620a8 records_attr3=aeb05d6a0e444a871f0dcb36f33007199caa88e7 records_attr4=topic_Course_76(r75@n257(hasword_address_76)) 
time=999 node=10.1.1.4 tuple=records records_attr1=10.1.1.4 records_attr2=6ecbf90c65c0225e0e521bf3c014a15f9bc31b8d records_attr3=5401e5330778625829b4cb3f3b3a97f7c2a0a58c records_attr4=topic_Faculty_10(rl@n257(links_10_64*topic_Faculty_64(r434@n257(hasword_place_64)))) 
time=999 node=10.1.1.4 tuple=records records_attr1=10.1.1.4 records_attr2=7552b2994af9e21c1c7496e96c26b9b0624b8169 records_attr3=e9f27db13b7160ff6f3e6f353fe5909a48afaf58 records_attr4=topic_Student_70(r379@n257(hasword_mondai_70)) 
time=999 node=10.1.1.4 tuple=records records_attr1=10.1.1.4 records_attr2=77c301e8653eb5fb19cb623ba2a99f129042e24f records_attr3=6bdf1646ffe2440c53f14170ce5a031cc6e2868d records_attr4=topic_Person_9(r228@n257(hasword_assist_9)) 
time=999 node=10.1.1.4 tuple=records records_attr1=10.1.1.4 records_attr2=7a2205e08206f5150890967d7a8d9681969d0ac9 records_attr3=191b13f8752f80cfa0575feac8fb92b5bcf04904 records_attr4=topic_Student_15(r43@n257(hasword_hw_15)) 
time=999 node=10.1.1.4 tuple=records records_attr1=10.1.1.4 records_attr2=88fcb6f0a1872bbcbeec35c48db8e2b0f4f5dc52 records_attr3=b41a144f6ab632bf07e80dbea12b8c691ef66ed7 records_attr4=topic_Person_69(r396@n257(hasword_assign_69)) 
time=999 node=10.1.1.4 tuple=records records_attr1=10.1.1.4 records_attr2=8bb230b4216781056680e03064f8ea1de7892255 records_attr3=f7fed0ac34af2d458dd27a0cb58b4890885b4ba4 records_attr4=topic_Course_20(r33@n257(hasword_public_20)) 
time=999 node=10.1.1.4 tuple=records records_attr1=10.1.1.4 records_attr2=99cc32c6188ca6434574e7de7b43879962962021 records_attr3=46c7a39e2d15c4ccff58636d007c10ea5d67a19b records_attr4=topic_Student_19(r121@n257(hasword_length_19)) 
time=999 node=10.1.1.4 tuple=records records_attr1=10.1.1.4 records_attr2=9fff322ec47134e5b651cb14e42640b6cef8c745 records_attr3=c136889fb6fc4a48c42b08e9f3fba5138d85ee26 records_attr4=topic_Faculty_35(r185@n257(hasword_suggest_35)) 
time=999 node=10.1.1.4 tuple=records records_attr1=10.1.1.4 records_attr2=a5349d7d86e59b7a6ac7546bb2d937b3fcf20484 records_attr3=b30c1168e5b1f7836cee7cb5ea027e5cabedbe1 records_attr4=topic_Course_32(r198@n257(hasword_sourc_32)) 
time=999 node=10.1.1.4 tuple=records records_attr1=10.1.1.4 records_attr2=ad3397920bbade2f7a450e5822ef0ed5b5a4652c records_attr3=6d1e0d3ff697209677e6a1ea04a4297459655b38 records_attr4=topic_ResearchProject_6(r122@n257(hasword_set_6)) 
time=999 node=10.1.1.4 tuple=records records_attr1=10.1.1.4 records_attr2=ae22d887567d2b4edc06cdba7cbf89c94c66c9f1 records_attr3=8e2099669b474fa6292c9dd1a64c1fe23fd21c39 records_attr4=topic_Student_23(r384@n257(hasword_low_23)) 
time=999 node=10.1.1.4 tuple=records records_attr1=10.1.1.4 records_attr2=aebb4e211ee60ce07715400afe6977a797d1589f records_attr3=6766c169b28535d67cea1c8031f4d732ff2abdb1 records_attr4=topic_Department_41(r485@n257(hasword_program_41)) 
time=999 node=10.1.1.4 tuple=records records_attr1=10.1.1.4 records_attr2=b13b5803d22cf3ff6fb7f45f60f33f5f5a83b1b2 records_attr3=b5186f2d033aed10033f04a6beb70aa162989689 records_attr4=topic_Person_28(r18@n257(hasword_repres_28)) 
time=999 node=10.1.1.4 tuple=records records_attr1=10.1.1.4 records_attr2=b18552619bc51d1d55679ec973e291415381e20e records_attr3=513947ec1bcac3279654ec29d8cf6c1282420e9d records_attr4=topic_Student_51(rl@n257(links_51_84*topic_Student_84(r172@n257(hasword_check_84)))) 
time=999 node=10.1.1.4 tuple=records records_attr1=10.1.1.4 records_attr2=b1a72793e8801b4a14cd6fd940c146917009833e records_attr3=9076f161653795f7a16710e58ad1244d8e6fa725 records_attr4=topic_Student_4(r121@n257(hasword_length_4)) 
time=999 node=10.1.1.4 tuple=records records_attr1=10.1.1.4 records_attr2=b6a83311c24181c1c2ccea4c14ea5a76c7c9b5f6 records_attr3=100b7dedc30fc3a536c215de98f9570e8ce1929 records_attr4=topic_Department_80(r420@n257(hasword_open_80)) 
time=999 node=10.1.1.4 tuple=records records_attr1=10.1.1.4 records_attr2=b800ab2d75d28eb53b94c3f230875193df2b87da records_attr3=c729b60191cad8f760c38e783c939d946df12591 records_attr4=topic_Student_21(r121@n257(hasword_length_21)) 
time=999 node=10.1.1.4 tuple=records records_attr1=10.1.1.4 records_attr2=ba1f996e3e226e5d672dcc21dcef1f9333744f5f records_attr3=a578b8408e50948a5353197138afc302294d0a87 records_attr4=topic_ResearchProject_9(r470@n257(hasword_assist_9)) 
time=999 node=10.1.1.4 tuple=records records_attr1=10.1.1.4 records_attr2=bd99919e3d920ab33e2d22cd237d1fd4948bcc27 records_attr3=23b32b88818490d47420de3867e4fb95f549d433 records_attr4=topic_Staff_54(r52@n257(hasword_math_54)) 
time=999 node=10.1.1.4 tuple=records records_attr1=10.1.1.4 records_attr2=c5bdcb4eb375e6e0f74470ec9660123e659427a2 records_attr3=f7e41d4236b8a2a6011afcb9044474554438c501 records_attr4=topic_Person_32(r453@n257(hasword_sourc_32)) 
time=999 node=10.1.1.4 tuple=records records_attr1=10.1.1.4 records_attr2=c8dca95ef55a79a2283134fed0dccce133b8a05d records_attr3=a35736eedd8699353aa7e2fbb17643fbd662bb13 records_attr4=topic_Course_35(r135@n257(hasword_continu_35)) 
time=999 node=10.1.1.4 tuple=records records_attr1=10.1.1.4 records_attr2=d08895249218dd21b26bdc1076acd8d3a8d079c1 records_attr3=88ce11749b5e2b7ff1320757c4bd32fd8b78799c records_attr4=topic_Staff_85(r317@n257(hasword_command_85)) 
time=999 node=10.1.1.4 tuple=records records_attr1=10.1.1.4 records_attr2=d3f1630a14f36cb5a618a4a15c7af003473738d7 records_attr3=59d2f4c5dc0b71008f5daa9cdf06dab6a7d39f91 records_attr4=topic_Department_65(r132@n257(hasword_cse_65)) 
time=999 node=10.1.1.4 tuple=records records_attr1=10.1.1.4 records_attr2=d83d6157b19d0d9ea0bd54d115a1230ae3456b7b records_attr3=921546602c4f9d4295d379e84c3c1682774bb033 records_attr4=topic_Faculty_43(r87@n257(hasword_year_43)) 
time=999 node=10.1.1.4 tuple=records records_attr1=10.1.1.4 records_attr2=dafd8cf784027724a108dbc99ae4d0853bce64ea records_attr3=8745469f1cc9ac8623e023d818523539ac1d6b91 records_attr4=topic_Course_84(r272@n257(hasword_check_84)) 
time=999 node=10.1.1.4 tuple=records records_attr1=10.1.1.4 records_attr2=e00f66319c615d6f83895bee72bb90e5b76eebe6 records_attr3=dc8e2eee8701d6360a534037bc482bed976b78c8 records_attr4=topic_Department_66(r195@n257(hasword_prototyp_66)) 
time=999 node=10.1.1.4 tuple=records records_attr1=10.1.1.4 records_attr2=e3d4e79d2c5d006cd0379720005aca222ff5ba36 records_attr3=9a03a4279801fd56f432a48b1785618818caac49 records_attr4=topic_ResearchProject_92(r482@n257(hasword_citi_92)) 
time=999 node=10.1.1.4 tuple=records records_attr1=10.1.1.4 records_attr2=e7d7e6ad3dfe40ea14b6da4367f1fec25d4bfc9c records_attr3=16fdd952da319b98c5bf82700ea25d1ce15f952c records_attr4=topic_Student_84(r172@n257(hasword_check_84)) 
time=999 node=10.1.1.4 tuple=records records_attr1=10.1.1.4 records_attr2=ecae6c205bb12b75ec9b683fdef98a55bc23ae86 records_attr3=2e45693ddab89a2444c7ddde8c000809c312739c records_attr4=topic_Student_57(r147@n257(hasword_sep_57)) 
time=999 node=10.1.1.4 tuple=records records_attr1=10.1.1.4 records_attr2=ef9a2708077d99d0d3c2174612529afd0113f128 records_attr3=6264b8c247d1d6da6c7a893fedec5d15e16d7883 records_attr4=topic_ResearchProject_86(r461@n257(hasword_term_86)) 
time=999 node=10.1.1.4 tuple=records records_attr1=10.1.1.4 records_attr2=f07b791985105f538054df2cbd85ec7e15c5ae6f records_attr3=20e14d6cc3e1e76da5a357b9febfc02d45053043 records_attr4=topic_Person_37(r338@n257(hasword_pictur_37)) 
time=999 node=10.1.1.4 tuple=records records_attr1=10.1.1.4 records_attr2=f44e17f785aa7dc2f249ebf0ada7996408b07c49 records_attr3=881f90f6546dcc2cfdd8220cb68f752a24c66e9 records_attr4=topic_Faculty_71(r323@n257(hasword_end_71)) 
time=999 node=10.1.1.4 tuple=records records_attr1=10.1.1.4 records_attr2=f543f7d9b9a69f8812a4caf1dd943a55728bbb0f records_attr3=d33ab9d964631e5faf76aced6b8092a3a7b798cc records_attr4=topic_Person_10(rl@n257(links_10_64*topic_Person_64(r234@n257(hasword_place_64)))) 
time=999 node=10.1.1.4 tuple=records records_attr1=10.1.1.4 records_attr2=f792b142b1c43124b44a50cbe5b1b1f13b753942 records_attr3=181a85e11a222348a15d41176ed0397c5915af97 records_attr4=topic_Course_82(r400@n257(hasword_tx_82)) 
time=999 node=10.1.1.4 tuple=records records_attr1=10.1.1.4 records_attr2=fcda2a6517deddce1cb4ecea71cb0eb874c509c9 records_attr3=8d7e98c94bc7ab2277877c31314851f75549a84e records_attr4=topic_Student_16(r355@n257(hasword_assist_16)) 
time=999 node=10.1.1.4 tuple=records records_attr1=10.1.1.4 records_attr2=fd7bf4e441e57bbef4fbb88c2cf64e162e6004db records_attr3=b1a5b683fe18a45aaacb9b45a728a1c698c17161 records_attr4=topic_Department_74(r305@n257(hasword_origin_74)) 
time=999 node=10.1.1.4 tuple=records records_attr1=10.1.1.4 records_attr2=fd93ce1cd3e0dad7c82e1817b266eff1ff55eace records_attr3=a5cde857a92646a8926d411974ad7ab2f7e42c04 records_attr4=topic_Faculty_23(r380@n257(hasword_low_23)) 
time cost: 30.8712 seconds
