97518
Student
Faculty
Staff
ResearchProject
Course
Department
Person
20371639
20372029
20372416
20372672
20372921
20373143
20373795
22971090
22971475
22971950
22972313
22972699
22973193
22973526
23105896
23106355
23106708
23107208
23107601
23108246
23108585
23243150
23243494
23243880
23244100
23244306
23244509
23244888
23377211
23377497
23377939
23378421
23378783
23379060
23379279
23602831
23603126
23604912
23605291
23605751
23606108
23606423
23769902
23770467
23771818
23772087
23772320
23772679
23772917
23996389
23999467
23999958
24001135
24001678
24001809
24001809
24259585
24259918
24260148
24260410
24260749
24260991
24261212
24560936
24561833
24562674
24583739
24584011
24584242
24584466
25152963
25153284
25154019
25155002
25155553
25155989
25156691
25828827
25830004
25830276
25831034
25832469
25832734
25832954
26023845
26024370
26024584
26024783
26025317
26025582
26025807
26224964
26225372
26225602
26225987
26226653
26226910
26227918
26427419
26427773
26427983
26428294
26428499
26428698
26428896
26692030
26692401
26692642
26693187
26693480
26693700
26694007
27124600
27125430
27126553
27127051
27127422
27127961
27128552
27624337
27624740
27624956
27625153
27625360
27625659
27625861
27840072
27840564
27840822
27841077
27841435
27842138
27842368
28126355
28126773
28127217
28127525
28127824
28128673
28129146
28389247
28389878
28390222
28391967
28392506
28393192
28393869
28650071
28650689
28650926
28651441
28652445
28655124
28656644
28951806
28952222
28954478
28954863
28955461
28955872
28956921
29230557
29231075
29231335
29231582
29231919
29232241
29236465
29809137
29809544
29809776
29810107
29810359
29811923
29812604
30095082
30096572
30096833
30097054
30097275
30097680
30097987
30598424
30598833
30599147
30599596
30600047
30600622
30601627
30796782
30802720
30803189
30803705
30804075
30804684
30805040
30974747
30975179
30975702
30976081
30976589
30976906
30977318
31549011
31549827
31550332
31550968
31551301
31552995
31553582
31708798
31709320
31709972
31710356
31710832
31711175
31711617
32298573
32298854
32299055
32299282
32299587
32299818
32300050
32579083
32579516
32579744
32580179
32580483
32580717
32580930
33334589
33335000
33335427
33335738
33336045
33336478
33336788
33546548
33546941
33547306
33547535
33548009
33548245
33548471
33766395
33767560
33767884
33768115
33768480
33768805
33769130
34380717
34381559
34382305
34382685
34383251
34384403
34385067
34837833
34838494
34838760
34839285
34839547
34839757
34839958
35225593
35226287
35227008
35227511
35228059
35228416
35228925
35409827
35410347
35411001
35411687
35411707
35411707
35411707
35617259
35617856
35618183
35618581
35618820
35619078
35619502
35827355
35831205
35831900
35832336
35832786
35833167
35833491
36179198
36179482
36179683
36180027
36180234
36180429
36180624
36397403
36397845
36398177
36398562
36398807
36399179
36400068
36836115
36836644
36836882
36837350
36837616
36837896
36838365
37089099
37091060
37091467
37091694
37091927
37092147
37092559
37321571
37323532
37324001
37324476
37324789
37325216
37325535
37543905
37544251
37544800
37545097
37545323
37549020
37549632
37789828
37790145
37790389
37790790
37791314
37791989
37792305
38052754
38053384
38053761
38054223
38054583
38054945
38055401
38293888
38294185
38294507
38294718
38294922
38295125
38295318
38546559
38547123
38547396
38547940
38548335
38549163
38549916
40935273
40938243
40938860
40943927
40944490
40948174
40948745
41272048
41274370
41274793
41275237
41275879
41277414
41278911
41897527
41898126
41898510
41899104
41899681
41900210
41900570
42522976
42523917
42524258
42528082
42529127
42530516
42531190
42849665
42849999
42850263
42850715
42851036
42851382
42851865
43178658
43179633
43180425
43180842
43181368
43181763
43182251
43829770
43830092
43830539
43830830
43831088
43831452
43831699
44176695
44177174
44177435
44179359
44179836
44180870
44181809
44874661
44876651
44877985
44879437
44879944
44880367
44885317
45686105
45686980
45687647
45688457
45688944
45689346
45689615
46027642
46028685
46029187
46029428
46029653
46030154
46031435
46408741
46409067
46409323
46409881
46410668
46411167
46412734
46985802
46986261
46986512
46986741
46986969
46987484
46987907
47968150
47968775
47969171
47969675
47970701
47971130
47971669
48626427
48626911
48627185
48627436
48627678
48628610
48629438
49537854
49539326
49540187
49540973
49541253
49541473
49541687
49913733
49914331
49914697
49916481
49916934
49918582
49919112
50297211
50297729
50298117
50298824
50299096
50301660
50302587
51661174
51662469
51666190
51667195
51669511
51670351
51671095
52751154
52751884
52752416
52752796
52753616
52753878
52754094
53465817
53466303
53466973
53467479
53467759
53468016
53470749
54242112
54242405
54242785
54243001
54243329
54243931
54244337
54620413
54623508
54624234
54624650
54625445
54625880
54626998
55521764
55523429
55524248
55524625
55525124
55525480
55525993
55767975
55768405
55768863
55769087
55769382
55769830
55770375
56402803
56403134
56403403
56403727
56407126
56407800
56408323
56725784
56726336
56727445
56728101
56728421
56728919
56729309
57129552
57130605
57130980
57131343
57131829
57132194
57132550
57972401
57972840
57973185
57975265
57975839
57976565
57976945
58808725
58809490
58810420
58811034
58811402
58811890
58812256
59097536
59098112
59098620
59099181
59099879
59100472
59101103
60315863
60316559
60317053
60319941
60320373
60321019
60321397
60965200
60965772
60966117
60966340
60966547
60967090
60967397
62374558
62375486
62375816
62376123
62376706
62377189
62377450
62954640
62954973
62955198
62955417
62955849
62956163
62956456
63535635
63535931
63536306
63536514
63536733
63536932
63537127
63768881
63769388
63769614
63769887
63770802
63771348
63771760
64048788
64049216
64049429
64049629
64049825
64050114
64050504
64367059
64367737
64368126
64368347
64368796
64369230
64369931
64628259
64628780
64629010
64629212
64629673
64629917
64630186
64900836
64901132
64901343
64901657
64901881
64902812
64903147
65498669
65499894
65500504
65501078
65501567
65501795
65502252
65825956
65826546
65826884
65827337
65828517
65828813
65829146
66159398
66160044
66160380
66160800
66161097
66161559
66161900
66445377
66446001
66446361
66446595
66446824
66447047
66447538
66741974
66742259
66742520
66743539
66744341
66744796
66745017
67028982
67029697
67030267
67030606
67030997
67031417
67031645
67298027
67299018
67299481
67300176
67301256
67301780
67302325
time=999 node=10.1.1.4 tuple=records records_attr1=10.1.1.4 records_attr2=16bfb71c2f016a5056917e5280212c646206505 records_attr3=d32b6a20bcde0b45db1d7b6294582ed3c1f5ccdc records_attr4=topic_Person_84(r366@n257(hasword_check_84)) 
time=999 node=10.1.1.4 tuple=records records_attr1=10.1.1.4 records_attr2=40f01e64f646247eac9d4a0710a60258615e792 records_attr3=16424b2908c46650929e416a6e1245cff928450f records_attr4=topic_Student_9(r355@n257(hasword_assist_9)) 
time=999 node=10.1.1.4 tuple=records records_attr1=10.1.1.4 records_attr2=4ae19139e18c61fe62a7a1f290b2a0af843ff0a records_attr3=844c1b458ec1e056f964cc76d2cc18ef5536608e records_attr4=topic_Student_30(r363@n257(hasword_number_30)) 
time=999 node=10.1.1.4 tuple=records records_attr1=10.1.1.4 records_attr2=ba1d13714f58ca7ef0dc8f6fba993f1510eef5d records_attr3=a3bd354cf92d1140e06db9ed77716bf7a7bf44ad records_attr4=topic_ResearchProject_59(r215@n257(hasword_home_59)) 
time=999 node=10.1.1.4 tuple=records records_attr1=10.1.1.4 records_attr2=f3c4a37d1b5e19594b2d164d042a3e8c2018b79 records_attr3=42b64b9750ec3c61035293a8fc96c4666923c75c records_attr4=topic_ResearchProject_25(r30@n257(hasword_lab_25)) 
time=999 node=10.1.1.4 tuple=records records_attr1=10.1.1.4 records_attr2=12cef51e6da919657bd9e9280106bf9600b336bd records_attr3=dd29fc31de722e006e3b3c3b70ed6845a973c1dd records_attr4=topic_Course_51(rl@n257(links_51_84*topic_Course_84(r272@n257(hasword_check_84)))) 
time=999 node=10.1.1.4 tuple=records records_attr1=10.1.1.4 records_attr2=16c4b8521641c7458560460396cdec5be9e3cd0e records_attr3=7f9a7bfb34b3a50fc826a56ab9368cbbab708d52 records_attr4=topic_Staff_63(r291@n257(hasword_size_63)) 
time=999 node=10.1.1.4 tuple=records records_attr1=10.1.1.4 records_attr2=170c09d09ce59495cad711cfc44d7c3237555913 records_attr3=a58669b84ea98ba490f81d9177f1f9ba4c921a31 records_attr4=topic_Department_60(r349@n257(hasword_period_60)) 
time=999 node=10.1.1.4 tuple=records records_attr1=10.1.1.4 records_attr2=173c49f894ded757b76f9c1d2cab7bd94e912a0a records_attr3=cf24f9e1edc70781803e84948ddfe8726bd1dd79 records_attr4=topic_Person_64(r234@n257(hasword_place_64)) 
time=999 node=10.1.1.4 tuple=records records_attr1=10.1.1.4 records_attr2=1a7c303fbbdcdbb79d18ea8abea4b1eca0fd2b1f records_attr3=33763d1cb1585c36f1f72118e52137261ce9c099 records_attr4=topic_Course_24(r466@n257(hasword_link_24)) 
time=999 node=10.1.1.4 tuple=records records_attr1=10.1.1.4 records_attr2=1afa748ca4a4cfce3aad94ac59429e83637e2db0 records_attr3=4112591d60b8d0bf9277d777392d2e6c19daf98a records_attr4=topic_Course_53(r222@n257(hasword_server_53)) 
time=999 node=10.1.1.4 tuple=records records_attr1=10.1.1.4 records_attr2=1b6cea926b4c3e837635daaf7f481f47c846b5ac records_attr3=c9c84f253d0f30ad673f1aed4a3639ecc1b273e2 records_attr4=topic_ResearchProject_22(r126@n257(hasword_note_22)) 
time=999 node=10.1.1.4 tuple=records records_attr1=10.1.1.4 records_attr2=290db2745cda4596e04afebb198d649937fe6076 records_attr3=b018b232fe27a1ba0f6cc697c1e8f78e23bd672e records_attr4=topic_ResearchProject_79(r214@n257(hasword_increas_79)) 
time=999 node=10.1.1.4 tuple=records records_attr1=10.1.1.4 records_attr2=2da78abda05cacdaa5ab8e2af7ed488758a7f9e6 records_attr3=b1408b639c860ae0d2bc18bbf67ae2e3e69f5de records_attr4=topic_Department_15(r173@n257(hasword_hw_15)) 
time=999 node=10.1.1.4 tuple=records records_attr1=10.1.1.4 records_attr2=31381720529cffd76ee29b0d93108e93511bbdb0 records_attr3=caca210b42ee3b14f3a7d9c9550b1a4715615bc records_attr4=topic_ResearchProject_82(r114@n257(hasword_tx_82)) 
time=999 node=10.1.1.4 tuple=records records_attr1=10.1.1.4 records_attr2=3339672b45eb11c841e022a75b81a126f810c81f records_attr3=69c82f7c503c6cd16b8388b5bf8971c01d853fdd records_attr4=topic_Course_8(r219@n257(hasword_softwar_8)) 
time=999 node=10.1.1.4 tuple=records records_attr1=10.1.1.4 records_attr2=344345861ae0935f5fa47b15667df579a652f4f5 records_attr3=6a43c46411e276dd53051d41197c24a3e88e0a13 records_attr4=topic_Faculty_83(r182@n257(hasword_date_83)) 
time=999 node=10.1.1.4 tuple=records records_attr1=10.1.1.4 records_attr2=451dd07181473d9c6808521dba5c941d3a47d5c9 records_attr3=11f33b580d4c61ee78a2d1fc7794a9e45f1176d1 records_attr4=topic_Person_70(r107@n257(hasword_due_70)) 
time=999 node=10.1.1.4 tuple=records records_attr1=10.1.1.4 records_attr2=453fb76d7031dea354277a0ef48a4d1bfa5ea87b records_attr3=b456852a11c7fc487c51b9b3b845b1a609eeb31d records_attr4=topic_ResearchProject_28(r54@n257(hasword_repres_28)) 
time=999 node=10.1.1.4 tuple=records records_attr1=10.1.1.4 records_attr2=477c0305f245ea01f760a94b104c4fc460fafbe5 records_attr3=69f0e50a7d6f4ee016c6c82383bc05b5dda61ff1 records_attr4=topic_Person_23(r373@n257(hasword_low_23)) 
time=999 node=10.1.1.4 tuple=records records_attr1=10.1.1.4 records_attr2=499ff41109fb077fe671fe5cbcb885cb6991e2dc records_attr3=ba3361ebec923a936100df6c9a6f3f2949c47d65 records_attr4=topic_Faculty_64(r434@n257(hasword_place_64)) 
time=999 node=10.1.1.4 tuple=records records_attr1=10.1.1.4 records_attr2=4c6f48cea51843e7bb3c4977658107e52ba4cf62 records_attr3=816335ae2d722588b4d2ce300f9b94aa82c38e18 records_attr4=topic_Course_30(r0@n257(hasword_number_30)) 
time=999 node=10.1.1.4 tuple=records records_attr1=10.1.1.4 records_attr2=4d324ab0e0dfbb6183f9b4579964fcd786b24458 records_attr3=52824f4e45ffde872d804135b79d382fcc733ddd records_attr4=topic_Person_7(r495@n257(hasword_academ_7)) 
time=999 node=10.1.1.4 tuple=records records_attr1=10.1.1.4 records_attr2=4d63957da7f9cbe8e28c40e24cc81a4de5d074bb records_attr3=e1211a2b70afb5200508d05d4d786af915cd2393 records_attr4=topic_Person_16(r228@n257(hasword_assist_16)) 
time=999 node=10.1.1.4 tuple=records records_attr1=10.1.1.4 records_attr2=4d8a06b6aa0e7030e1ea8b423911de16c26a44c2 records_attr3=59c430a54e1475c781262804962081994c910b68 records_attr4=topic_Staff_36(r350@n257(hasword_paper_36)) 
time=999 node=10.1.1.4 tuple=records records_attr1=10.1.1.4 records_attr2=528c3b3fc44c1c30457db60d810fbf5baa328a88 records_attr3=8d66380d860c0b9c51bbd427dd17339629dbdb39 records_attr4=topic_Course_69(r308@n257(hasword_assign_69)) 
time=999 node=10.1.1.4 tuple=records records_attr1=10.1.1.4 records_attr2=549bd41ae9a0ff267ba16ca46774adbd58233aaf records_attr3=c5c25ae74c0bca341b499d8c3e3923bf9f62f30a records_attr4=topic_Course_9(r222@n257(hasword_server_9)) 
time=999 node=10.1.1.4 tuple=records records_attr1=10.1.1.4 records_attr2=550c8e93d84936e0395e9e3898b8b4478bce4a5b records_attr3=41070321622cc20b272319354cb8b829125a62bb records_attr4=topic_Faculty_14(r479@n257(hasword_larg_14)) 
time=999 node=10.1.1.4 tuple=records records_attr1=10.1.1.4 records_attr2=5a6958ef018abec77cee47a14a7730690d6d0425 records_attr3=8ac3fb148d07887c3b46e00a65c6c761f34541df records_attr4=topic_Course_31(r49@n257(hasword_hall_31)) 
time=999 node=10.1.1.4 tuple=records records_attr1=10.1.1.4 records_attr2=6004305486d7f775b7bd4473294bf8501a89a423 records_attr3=d0a6d39020c1c123a580dac2778f4d193bbc4c9a records_attr4=topic_Person_18(r72@n257(hasword_java_18)) 
time=999 node=10.1.1.4 tuple=records records_attr1=10.1.1.4 records_attr2=61febd2de54169d546c162069c9b5c11496d49b4 records_attr3=985bb16fe063c4c93359e200548d62807ce7b40e records_attr4=topic_Staff_30(r52@n257(hasword_math_30)) 
time=999 node=10.1.1.4 tuple=records records_attr1=10.1.1.4 records_attr2=6397504ed237b6e83d0850aa771adc8d945cdb6d records_attr3=ddcbc202313d2fb96bf944631d7ca80b6f1f6b93 records_attr4=topic_ResearchProject_16(r470@n257(hasword_assist_16)) 
time=999 node=10.1.1.4 tuple=records records_attr1=10.1.1.4 records_attr2=69d79e502db3997fc6b5cf3c3c3f7b45bc61940a records_attr3=36476444964e33f1b11fa313c088002504cd96b9 records_attr4=topic_Person_51(rl@n257(links_51_84*topic_Person_84(r366@n257(hasword_check_84)))) 
time=999 node=10.1.1.4 tuple=records records_attr1=10.1.1.4 records_attr2=6a2967dae9fb1f1524341a5ca3b18a6a116c4602 records_attr3=dd1878ef857cd33e01661040e37e5a50b7069fd6 records_attr4=topic_Course_72(r222@n257(hasword_server_72)) 
time=999 node=10.1.1.4 tuple=records records_attr1=10.1.1.4 records_attr2=6b91ab29be6cdb9f3d11d0ca9f7512e2f5f620a8 records_attr3=aeb05d6a0e444a871f0dcb36f33007199caa88e7 records_attr4=topic_Course_76(r75@n257(hasword_address_76)) 
time=999 node=10.1.1.4 tuple=records records_attr1=10.1.1.4 records_attr2=6ecbf90c65c0225e0e521bf3c014a15f9bc31b8d records_attr3=5401e5330778625829b4cb3f3b3a97f7c2a0a58c records_attr4=topic_Faculty_10(rl@n257(links_10_64*topic_Faculty_64(r434@n257(hasword_place_64)))) 
time=999 node=10.1.1.4 tuple=records records_attr1=10.1.1.4 records_attr2=7552b2994af9e21c1c7496e96c26b9b0624b8169 records_attr3=e9f27db13b7160ff6f3e6f353fe5909a48afaf58 records_attr4=topic_Student_70(r379@n257(hasword_mondai_70)) 
time=999 node=10.1.1.4 tuple=records records_attr1=10.1.1.4 records_attr2=77c301e8653eb5fb19cb623ba2a99f129042e24f records_attr3=6bdf1646ffe2440c53f14170ce5a031cc6e2868d records_attr4=topic_Person_9(r228@n257(hasword_assist_9)) 
time=999 node=10.1.1.4 tuple=records records_attr1=10.1.1.4 records_attr2=7a2205e08206f5150890967d7a8d9681969d0ac9 records_attr3=191b13f8752f80cfa0575feac8fb92b5bcf04904 records_attr4=topic_Student_15(r43@n257(hasword_hw_15)) 
time=999 node=10.1.1.4 tuple=records records_attr1=10.1.1.4 records_attr2=88fcb6f0a1872bbcbeec35c48db8e2b0f4f5dc52 records_attr3=b41a144f6ab632bf07e80dbea12b8c691ef66ed7 records_attr4=topic_Person_69(r396@n257(hasword_assign_69)) 
time=999 node=10.1.1.4 tuple=records records_attr1=10.1.1.4 records_attr2=8bb230b4216781056680e03064f8ea1de7892255 records_attr3=f7fed0ac34af2d458dd27a0cb58b4890885b4ba4 records_attr4=topic_Course_20(r33@n257(hasword_public_20)) 
time=999 node=10.1.1.4 tuple=records records_attr1=10.1.1.4 records_attr2=99cc32c6188ca6434574e7de7b43879962962021 records_attr3=46c7a39e2d15c4ccff58636d007c10ea5d67a19b records_attr4=topic_Student_19(r121@n257(hasword_length_19)) 
time=999 node=10.1.1.4 tuple=records records_attr1=10.1.1.4 records_attr2=9fff322ec47134e5b651cb14e42640b6cef8c745 records_attr3=c136889fb6fc4a48c42b08e9f3fba5138d85ee26 records_attr4=topic_Faculty_35(r185@n257(hasword_suggest_35)) 
time=999 node=10.1.1.4 tuple=records records_attr1=10.1.1.4 records_attr2=a5349d7d86e59b7a6ac7546bb2d937b3fcf20484 records_attr3=b30c1168e5b1f7836cee7cb5ea027e5cabedbe1 records_attr4=topic_Course_32(r198@n257(hasword_sourc_32)) 
time=999 node=10.1.1.4 tuple=records records_attr1=10.1.1.4 records_attr2=ad3397920bbade2f7a450e5822ef0ed5b5a4652c records_attr3=6d1e0d3ff697209677e6a1ea04a4297459655b38 records_attr4=topic_ResearchProject_6(r122@n257(hasword_set_6)) 
time=999 node=10.1.1.4 tuple=records records_attr1=10.1.1.4 records_attr2=ae22d887567d2b4edc06cdba7cbf89c94c66c9f1 records_attr3=8e2099669b474fa6292c9dd1a64c1fe23fd21c39 records_attr4=topic_Student_23(r384@n257(hasword_low_23)) 
time=999 node=10.1.1.4 tuple=records records_attr1=10.1.1.4 records_attr2=aebb4e211ee60ce07715400afe6977a797d1589f records_attr3=6766c169b28535d67cea1c8031f4d732ff2abdb1 records_attr4=topic_Department_41(r485@n257(hasword_program_41)) 
time=999 node=10.1.1.4 tuple=records records_attr1=10.1.1.4 records_attr2=b13b5803d22cf3ff6fb7f45f60f33f5f5a83b1b2 records_attr3=b5186f2d033aed10033f04a6beb70aa162989689 records_attr4=topic_Person_28(r18@n257(hasword_repres_28)) 
time=999 node=10.1.1.4 tuple=records records_attr1=10.1.1.4 records_attr2=b18552619bc51d1d55679ec973e291415381e20e records_attr3=513947ec1bcac3279654ec29d8cf6c1282420e9d records_attr4=topic_Student_51(rl@n257(links_51_84*topic_Student_84(r172@n257(hasword_check_84)))) 
time=999 node=10.1.1.4 tuple=records records_attr1=10.1.1.4 records_attr2=b1a72793e8801b4a14cd6fd940c146917009833e records_attr3=9076f161653795f7a16710e58ad1244d8e6fa725 records_attr4=topic_Student_4(r121@n257(hasword_length_4)) 
time=999 node=10.1.1.4 tuple=records records_attr1=10.1.1.4 records_attr2=b6a83311c24181c1c2ccea4c14ea5a76c7c9b5f6 records_attr3=100b7dedc30fc3a536c215de98f9570e8ce1929 records_attr4=topic_Department_80(r420@n257(hasword_open_80)) 
time=999 node=10.1.1.4 tuple=records records_attr1=10.1.1.4 records_attr2=b800ab2d75d28eb53b94c3f230875193df2b87da records_attr3=c729b60191cad8f760c38e783c939d946df12591 records_attr4=topic_Student_21(r121@n257(hasword_length_21)) 
time=999 node=10.1.1.4 tuple=records records_attr1=10.1.1.4 records_attr2=ba1f996e3e226e5d672dcc21dcef1f9333744f5f records_attr3=a578b8408e50948a5353197138afc302294d0a87 records_attr4=topic_ResearchProject_9(r470@n257(hasword_assist_9)) 
time=999 node=10.1.1.4 tuple=records records_attr1=10.1.1.4 records_attr2=bd99919e3d920ab33e2d22cd237d1fd4948bcc27 records_attr3=23b32b88818490d47420de3867e4fb95f549d433 records_attr4=topic_Staff_54(r52@n257(hasword_math_54)) 
time=999 node=10.1.1.4 tuple=records records_attr1=10.1.1.4 records_attr2=c5bdcb4eb375e6e0f74470ec9660123e659427a2 records_attr3=f7e41d4236b8a2a6011afcb9044474554438c501 records_attr4=topic_Person_32(r453@n257(hasword_sourc_32)) 
time=999 node=10.1.1.4 tuple=records records_attr1=10.1.1.4 records_attr2=c8dca95ef55a79a2283134fed0dccce133b8a05d records_attr3=a35736eedd8699353aa7e2fbb17643fbd662bb13 records_attr4=topic_Course_35(r135@n257(hasword_continu_35)) 
time=999 node=10.1.1.4 tuple=records records_attr1=10.1.1.4 records_attr2=d08895249218dd21b26bdc1076acd8d3a8d079c1 records_attr3=88ce11749b5e2b7ff1320757c4bd32fd8b78799c records_attr4=topic_Staff_85(r317@n257(hasword_command_85)) 
time=999 node=10.1.1.4 tuple=records records_attr1=10.1.1.4 records_attr2=d3f1630a14f36cb5a618a4a15c7af003473738d7 records_attr3=59d2f4c5dc0b71008f5daa9cdf06dab6a7d39f91 records_attr4=topic_Department_65(r132@n257(hasword_cse_65)) 
time=999 node=10.1.1.4 tuple=records records_attr1=10.1.1.4 records_attr2=d83d6157b19d0d9ea0bd54d115a1230ae3456b7b records_attr3=921546602c4f9d4295d379e84c3c1682774bb033 records_attr4=topic_Faculty_43(r87@n257(hasword_year_43)) 
time=999 node=10.1.1.4 tuple=records records_attr1=10.1.1.4 records_attr2=dafd8cf784027724a108dbc99ae4d0853bce64ea records_attr3=8745469f1cc9ac8623e023d818523539ac1d6b91 records_attr4=topic_Course_84(r272@n257(hasword_check_84)) 
time=999 node=10.1.1.4 tuple=records records_attr1=10.1.1.4 records_attr2=e00f66319c615d6f83895bee72bb90e5b76eebe6 records_attr3=dc8e2eee8701d6360a534037bc482bed976b78c8 records_attr4=topic_Department_66(r195@n257(hasword_prototyp_66)) 
time=999 node=10.1.1.4 tuple=records records_attr1=10.1.1.4 records_attr2=e3d4e79d2c5d006cd0379720005aca222ff5ba36 records_attr3=9a03a4279801fd56f432a48b1785618818caac49 records_attr4=topic_ResearchProject_92(r482@n257(hasword_citi_92)) 
time=999 node=10.1.1.4 tuple=records records_attr1=10.1.1.4 records_attr2=e7d7e6ad3dfe40ea14b6da4367f1fec25d4bfc9c records_attr3=16fdd952da319b98c5bf82700ea25d1ce15f952c records_attr4=topic_Student_84(r172@n257(hasword_check_84)) 
time=999 node=10.1.1.4 tuple=records records_attr1=10.1.1.4 records_attr2=ecae6c205bb12b75ec9b683fdef98a55bc23ae86 records_attr3=2e45693ddab89a2444c7ddde8c000809c312739c records_attr4=topic_Student_57(r147@n257(hasword_sep_57)) 
time=999 node=10.1.1.4 tuple=records records_attr1=10.1.1.4 records_attr2=ef9a2708077d99d0d3c2174612529afd0113f128 records_attr3=6264b8c247d1d6da6c7a893fedec5d15e16d7883 records_attr4=topic_ResearchProject_86(r461@n257(hasword_term_86)) 
time=999 node=10.1.1.4 tuple=records records_attr1=10.1.1.4 records_attr2=f07b791985105f538054df2cbd85ec7e15c5ae6f records_attr3=20e14d6cc3e1e76da5a357b9febfc02d45053043 records_attr4=topic_Person_37(r338@n257(hasword_pictur_37)) 
time=999 node=10.1.1.4 tuple=records records_attr1=10.1.1.4 records_attr2=f44e17f785aa7dc2f249ebf0ada7996408b07c49 records_attr3=881f90f6546dcc2cfdd8220cb68f752a24c66e9 records_attr4=topic_Faculty_71(r323@n257(hasword_end_71)) 
time=999 node=10.1.1.4 tuple=records records_attr1=10.1.1.4 records_attr2=f543f7d9b9a69f8812a4caf1dd943a55728bbb0f records_attr3=d33ab9d964631e5faf76aced6b8092a3a7b798cc records_attr4=topic_Person_10(rl@n257(links_10_64*topic_Person_64(r234@n257(hasword_place_64)))) 
time=999 node=10.1.1.4 tuple=records records_attr1=10.1.1.4 records_attr2=f792b142b1c43124b44a50cbe5b1b1f13b753942 records_attr3=181a85e11a222348a15d41176ed0397c5915af97 records_attr4=topic_Course_82(r400@n257(hasword_tx_82)) 
time=999 node=10.1.1.4 tuple=records records_attr1=10.1.1.4 records_attr2=fcda2a6517deddce1cb4ecea71cb0eb874c509c9 records_attr3=8d7e98c94bc7ab2277877c31314851f75549a84e records_attr4=topic_Student_16(r355@n257(hasword_assist_16)) 
time=999 node=10.1.1.4 tuple=records records_attr1=10.1.1.4 records_attr2=fd7bf4e441e57bbef4fbb88c2cf64e162e6004db records_attr3=b1a5b683fe18a45aaacb9b45a728a1c698c17161 records_attr4=topic_Department_74(r305@n257(hasword_origin_74)) 
time=999 node=10.1.1.4 tuple=records records_attr1=10.1.1.4 records_attr2=fd93ce1cd3e0dad7c82e1817b266eff1ff55eace records_attr3=a5cde857a92646a8926d411974ad7ab2f7e42c04 records_attr4=topic_Faculty_23(r380@n257(hasword_low_23)) 
time cost: 71.2258 seconds
40394
Student
Faculty
Staff
ResearchProject
Course
Department
Person
10717030
10717276
10717451
10717711
10720850
10721453
10722237
12852969
12853595
12854046
12854662
12855015
12855271
12855494
12979014
12979813
12980359
12981288
12981502
12981704
12981896
13061848
13062449
13062675
13062892
13063528
13063882
13064457
13151355
13151596
13151774
13152033
13152287
13152715
13152913
13282955
13283408
13283651
13283836
13284051
13284388
13284568
13372258
13372598
13373195
13373910
13374734
13375375
13375879
13537521
13537765
13538319
13540653
13541266
13541813
13542577
13697505
13697772
13698076
13698271
13698479
13698750
13699202
13864093
13864586
13864771
13865209
13865571
13865767
13865943
14229993
14230249
14230773
14231189
14231404
14231580
14231753
14634753
14635526
14635856
14636047
14636318
14636500
14636684
14751631
14752358
14752727
14753137
14754057
14754465
14754754
14938088
14938533
14938775
14939206
14939487
14940143
14940548
15072789
15073150
15073504
15073773
15074045
15074305
15074655
15302151
15302840
15303665
15304003
15304443
15304900
15305103
15742042
15748694
15749142
15749803
15750226
15750648
15751443
16334751
16335016
16335733
16335982
16336208
16336836
16337225
16448559
16448782
16449223
16449540
16450098
16450387
16450584
16644865
16645552
16646078
16646652
16647141
16647737
16648207
16840049
16840049
16840049
16840049
16840049
16843562
16843916
17038093
17038093
17040449
17040659
17040848
17041259
17041556
17251846
17252191
17252385
17252569
17252751
17252933
17253200
17495499
17495778
17496107
17496316
17496657
17496873
17497163
17992908
17993695
17994265
17994748
17995549
17996160
17996605
18236419
18236695
18236885
18237114
18237299
18237351
18237351
18530276
18530819
18531123
18531553
18531927
18532227
18532478
18655926
18656318
18656615
18657007
18657301
18657586
18657984
18805490
18805795
18805987
18806129
18807706
18808807
18809870
19195437
19195830
19196032
19196217
19196420
19196748
19196937
19340786
19341091
19341411
19341817
19342158
19342791
19343043
19877361
19877870
19878073
19878285
19878473
19878757
19878945
20121504
20122207
20122463
20122676
20122883
20123316
20123647
20499901
20500312
20500725
20501006
20501395
20501696
20501895
20638433
20638715
20639012
20639205
20639382
20639574
20640382
20773689
20774081
20774926
20775433
20776726
20777229
20777536
21162568
21162998
21163356
21163628
21163857
21164584
21164920
21446496
21446841
21447140
21447333
21447516
21447711
21448002
21743044
21743378
21743563
21743865
21744052
21744240
21744426
21884111
21884353
21884563
21884854
21885059
21885236
21885407
22037912
22038653
22039264
22039546
22040069
22040531
22040733
22171775
22172347
22172709
22173055
22173148
22173148
22173148
22441241
22441659
22441979
22442180
22442374
22442589
22443517
22622117
22622538
22622940
22623245
22623640
22623942
22624241
22915916
22916154
22916412
22916605
22916869
22917143
22917351
23055342
23055830
23056317
23056465
23057806
23058135
23058560
23197209
23197583
23197772
23197945
23198352
23199083
23201185
23345842
23346435
23346685
23346934
23347207
23347445
23347680
23474428
23474679
23474850
23475559
23475802
23475999
23476160
23596226
23596598
23597008
23597325
23597637
23597843
23598264
23720501
23721043
23721325
23721617
23721909
23722425
23722696
23848149
23849316
23849798
23850177
23850794
23851386
23851719
25019435
25019869
25020082
25020412
25020601
25020926
25021109
25171724
25171957
25172126
25172562
25172737
25172903
25173068
25611303
25612059
25612378
25612629
25613274
25613825
25614925
26033965
26034647
26035131
26035314
26035481
26035646
26035810
26168255
26168568
26168743
26168909
26169074
26169459
26169651
26312944
26313183
26313351
26313419
26313803
26313987
26314154
26627293
26627544
26627716
26627965
26628166
26628333
26628498
26770261
26772314
26772842
26773482
26773973
26774572
26775367
27092653
27093023
27093354
27093561
27093732
27094279
27094545
27426481
27426724
27426896
27427154
27427324
27427490
27427654
27639607
27640254
27640571
27640871
27641280
27641579
27641948
27841841
27842356
27842647
27842937
27843227
27843399
27843565
28263827
28264214
28264392
28264561
28266728
28267101
28267652
28892861
28893114
28893284
28893477
28893962
28894203
28894375
29226379
29226673
29229131
29229353
29229524
29229691
29229857
29571055
29571932
29572256
29572656
29572958
29573354
29573964
29771882
29772536
29772722
29772890
29773145
29773316
29773481
29999119
29999406
29999595
29999953
30000268
30000538
30001373
30684381
30685056
30685440
30685620
30685950
30686248
30686518
31253076
31253579
31253884
31254357
31254792
31255224
31255420
31640499
31640723
31640986
31641156
31641468
31641774
31642052
31988939
31989253
31989429
31989596
31989762
31989976
31990310
32179171
32179549
32180067
32180454
32180761
32181164
32181446
32550188
32550519
32550693
32550860
32551025
32551190
32551353
32749955
32750205
32750565
32750987
32751338
32751522
32751922
33095685
33095926
33096096
33096263
33096555
33096760
33096930
33293606
33294050
33294117
33294867
33295116
33295369
33295597
33477525
33477912
33478083
33478250
33478416
33478686
33478879
33972909
33973439
33973856
33974263
33974379
33974898
33975085
34400964
34401279
34401511
34401919
34402189
34402504
34402803
34673021
34677873
34679152
34679488
34679789
34680187
34681679
35395240
35395659
35396161
35396700
35397018
35397507
35397750
35789362
35790002
35790410
35790988
35791329
35791620
35792011
36774020
36774614
36775046
36775570
36776153
36776349
36776523
37214862
37214862
37214862
37214862
37214862
37214862
37214862
37794047
37794503
37794688
37794860
37795031
37795508
37795690
38015360
38015700
38016011
38016218
38016492
38016700
38016980
38271412
38271968
38272548
38273225
38273560
38273833
38274326
38498850
38499243
38502246
38502891
38510855
38511093
38511269
38760743
38760995
38761170
38761438
38761683
38761945
38762152
38991666
38991965
38992253
38992433
38992995
38993405
38993596
39825046
39825400
39825665
39826022
39826279
39826537
39826887
40088022
40088514
40088824
40089124
40089527
40089832
40090127
40297627
40297963
40298170
40298538
40299307
40301403
40301946
40502572
40503926
40504267
40504670
40504977
40505270
40505563
40705816
40706178
40706603
40706809
40706994
40707362
40707983
40927490
40927757
40928348
40928687
40928869
40929041
40929213
41157346
41157710
41158263
41158540
41158973
41159182
41159423
time=999 node=10.1.1.4 tuple=records records_attr1=10.1.1.4 records_attr2=16bfb71c2f016a5056917e5280212c646206505 records_attr3=d32b6a20bcde0b45db1d7b6294582ed3c1f5ccdc records_attr4=topic_Person_84(r366@n257(hasword_check_84)) 
time=999 node=10.1.1.4 tuple=records records_attr1=10.1.1.4 records_attr2=40f01e64f646247eac9d4a0710a60258615e792 records_attr3=16424b2908c46650929e416a6e1245cff928450f records_attr4=topic_Student_9(r355@n257(hasword_assist_9)) 
time=999 node=10.1.1.4 tuple=records records_attr1=10.1.1.4 records_attr2=4ae19139e18c61fe62a7a1f290b2a0af843ff0a records_attr3=844c1b458ec1e056f964cc76d2cc18ef5536608e records_attr4=topic_Student_30(r363@n257(hasword_number_30)) 
time=999 node=10.1.1.4 tuple=records records_attr1=10.1.1.4 records_attr2=ba1d13714f58ca7ef0dc8f6fba993f1510eef5d records_attr3=a3bd354cf92d1140e06db9ed77716bf7a7bf44ad records_attr4=topic_ResearchProject_59(r215@n257(hasword_home_59)) 
time=999 node=10.1.1.4 tuple=records records_attr1=10.1.1.4 records_attr2=f3c4a37d1b5e19594b2d164d042a3e8c2018b79 records_attr3=42b64b9750ec3c61035293a8fc96c4666923c75c records_attr4=topic_ResearchProject_25(r30@n257(hasword_lab_25)) 
time=999 node=10.1.1.4 tuple=records records_attr1=10.1.1.4 records_attr2=12cef51e6da919657bd9e9280106bf9600b336bd records_attr3=dd29fc31de722e006e3b3c3b70ed6845a973c1dd records_attr4=topic_Course_51(rl@n257(links_51_84*topic_Course_84(r272@n257(hasword_check_84)))) 
time=999 node=10.1.1.4 tuple=records records_attr1=10.1.1.4 records_attr2=16c4b8521641c7458560460396cdec5be9e3cd0e records_attr3=7f9a7bfb34b3a50fc826a56ab9368cbbab708d52 records_attr4=topic_Staff_63(r291@n257(hasword_size_63)) 
time=999 node=10.1.1.4 tuple=records records_attr1=10.1.1.4 records_attr2=170c09d09ce59495cad711cfc44d7c3237555913 records_attr3=a58669b84ea98ba490f81d9177f1f9ba4c921a31 records_attr4=topic_Department_60(r349@n257(hasword_period_60)) 
time=999 node=10.1.1.4 tuple=records records_attr1=10.1.1.4 records_attr2=173c49f894ded757b76f9c1d2cab7bd94e912a0a records_attr3=cf24f9e1edc70781803e84948ddfe8726bd1dd79 records_attr4=topic_Person_64(r234@n257(hasword_place_64)) 
time=999 node=10.1.1.4 tuple=records records_attr1=10.1.1.4 records_attr2=1a7c303fbbdcdbb79d18ea8abea4b1eca0fd2b1f records_attr3=33763d1cb1585c36f1f72118e52137261ce9c099 records_attr4=topic_Course_24(r466@n257(hasword_link_24)) 
time=999 node=10.1.1.4 tuple=records records_attr1=10.1.1.4 records_attr2=1afa748ca4a4cfce3aad94ac59429e83637e2db0 records_attr3=4112591d60b8d0bf9277d777392d2e6c19daf98a records_attr4=topic_Course_53(r222@n257(hasword_server_53)) 
time=999 node=10.1.1.4 tuple=records records_attr1=10.1.1.4 records_attr2=1b6cea926b4c3e837635daaf7f481f47c846b5ac records_attr3=c9c84f253d0f30ad673f1aed4a3639ecc1b273e2 records_attr4=topic_ResearchProject_22(r126@n257(hasword_note_22)) 
time=999 node=10.1.1.4 tuple=records records_attr1=10.1.1.4 records_attr2=290db2745cda4596e04afebb198d649937fe6076 records_attr3=b018b232fe27a1ba0f6cc697c1e8f78e23bd672e records_attr4=topic_ResearchProject_79(r214@n257(hasword_increas_79)) 
time=999 node=10.1.1.4 tuple=records records_attr1=10.1.1.4 records_attr2=2da78abda05cacdaa5ab8e2af7ed488758a7f9e6 records_attr3=b1408b639c860ae0d2bc18bbf67ae2e3e69f5de records_attr4=topic_Department_15(r173@n257(hasword_hw_15)) 
time=999 node=10.1.1.4 tuple=records records_attr1=10.1.1.4 records_attr2=31381720529cffd76ee29b0d93108e93511bbdb0 records_attr3=caca210b42ee3b14f3a7d9c9550b1a4715615bc records_attr4=topic_ResearchProject_82(r114@n257(hasword_tx_82)) 
time=999 node=10.1.1.4 tuple=records records_attr1=10.1.1.4 records_attr2=3339672b45eb11c841e022a75b81a126f810c81f records_attr3=69c82f7c503c6cd16b8388b5bf8971c01d853fdd records_attr4=topic_Course_8(r219@n257(hasword_softwar_8)) 
time=999 node=10.1.1.4 tuple=records records_attr1=10.1.1.4 records_attr2=344345861ae0935f5fa47b15667df579a652f4f5 records_attr3=6a43c46411e276dd53051d41197c24a3e88e0a13 records_attr4=topic_Faculty_83(r182@n257(hasword_date_83)) 
time=999 node=10.1.1.4 tuple=records records_attr1=10.1.1.4 records_attr2=451dd07181473d9c6808521dba5c941d3a47d5c9 records_attr3=11f33b580d4c61ee78a2d1fc7794a9e45f1176d1 records_attr4=topic_Person_70(r107@n257(hasword_due_70)) 
time=999 node=10.1.1.4 tuple=records records_attr1=10.1.1.4 records_attr2=453fb76d7031dea354277a0ef48a4d1bfa5ea87b records_attr3=b456852a11c7fc487c51b9b3b845b1a609eeb31d records_attr4=topic_ResearchProject_28(r54@n257(hasword_repres_28)) 
time=999 node=10.1.1.4 tuple=records records_attr1=10.1.1.4 records_attr2=477c0305f245ea01f760a94b104c4fc460fafbe5 records_attr3=69f0e50a7d6f4ee016c6c82383bc05b5dda61ff1 records_attr4=topic_Person_23(r373@n257(hasword_low_23)) 
time=999 node=10.1.1.4 tuple=records records_attr1=10.1.1.4 records_attr2=499ff41109fb077fe671fe5cbcb885cb6991e2dc records_attr3=ba3361ebec923a936100df6c9a6f3f2949c47d65 records_attr4=topic_Faculty_64(r434@n257(hasword_place_64)) 
time=999 node=10.1.1.4 tuple=records records_attr1=10.1.1.4 records_attr2=4c6f48cea51843e7bb3c4977658107e52ba4cf62 records_attr3=816335ae2d722588b4d2ce300f9b94aa82c38e18 records_attr4=topic_Course_30(r0@n257(hasword_number_30)) 
time=999 node=10.1.1.4 tuple=records records_attr1=10.1.1.4 records_attr2=4d324ab0e0dfbb6183f9b4579964fcd786b24458 records_attr3=52824f4e45ffde872d804135b79d382fcc733ddd records_attr4=topic_Person_7(r495@n257(hasword_academ_7)) 
time=999 node=10.1.1.4 tuple=records records_attr1=10.1.1.4 records_attr2=4d63957da7f9cbe8e28c40e24cc81a4de5d074bb records_attr3=e1211a2b70afb5200508d05d4d786af915cd2393 records_attr4=topic_Person_16(r228@n257(hasword_assist_16)) 
time=999 node=10.1.1.4 tuple=records records_attr1=10.1.1.4 records_attr2=4d8a06b6aa0e7030e1ea8b423911de16c26a44c2 records_attr3=59c430a54e1475c781262804962081994c910b68 records_attr4=topic_Staff_36(r350@n257(hasword_paper_36)) 
time=999 node=10.1.1.4 tuple=records records_attr1=10.1.1.4 records_attr2=528c3b3fc44c1c30457db60d810fbf5baa328a88 records_attr3=8d66380d860c0b9c51bbd427dd17339629dbdb39 records_attr4=topic_Course_69(r308@n257(hasword_assign_69)) 
time=999 node=10.1.1.4 tuple=records records_attr1=10.1.1.4 records_attr2=549bd41ae9a0ff267ba16ca46774adbd58233aaf records_attr3=c5c25ae74c0bca341b499d8c3e3923bf9f62f30a records_attr4=topic_Course_9(r222@n257(hasword_server_9)) 
time=999 node=10.1.1.4 tuple=records records_attr1=10.1.1.4 records_attr2=550c8e93d84936e0395e9e3898b8b4478bce4a5b records_attr3=41070321622cc20b272319354cb8b829125a62bb records_attr4=topic_Faculty_14(r479@n257(hasword_larg_14)) 
time=999 node=10.1.1.4 tuple=records records_attr1=10.1.1.4 records_attr2=5a6958ef018abec77cee47a14a7730690d6d0425 records_attr3=8ac3fb148d07887c3b46e00a65c6c761f34541df records_attr4=topic_Course_31(r49@n257(hasword_hall_31)) 
time=999 node=10.1.1.4 tuple=records records_attr1=10.1.1.4 records_attr2=6004305486d7f775b7bd4473294bf8501a89a423 records_attr3=d0a6d39020c1c123a580dac2778f4d193bbc4c9a records_attr4=topic_Person_18(r72@n257(hasword_java_18)) 
time=999 node=10.1.1.4 tuple=records records_attr1=10.1.1.4 records_attr2=61febd2de54169d546c162069c9b5c11496d49b4 records_attr3=985bb16fe063c4c93359e200548d62807ce7b40e records_attr4=topic_Staff_30(r52@n257(hasword_math_30)) 
time=999 node=10.1.1.4 tuple=records records_attr1=10.1.1.4 records_attr2=6397504ed237b6e83d0850aa771adc8d945cdb6d records_attr3=ddcbc202313d2fb96bf944631d7ca80b6f1f6b93 records_attr4=topic_ResearchProject_16(r470@n257(hasword_assist_16)) 
time=999 node=10.1.1.4 tuple=records records_attr1=10.1.1.4 records_attr2=69d79e502db3997fc6b5cf3c3c3f7b45bc61940a records_attr3=36476444964e33f1b11fa313c088002504cd96b9 records_attr4=topic_Person_51(rl@n257(links_51_84*topic_Person_84(r366@n257(hasword_check_84)))) 
time=999 node=10.1.1.4 tuple=records records_attr1=10.1.1.4 records_attr2=6a2967dae9fb1f1524341a5ca3b18a6a116c4602 records_attr3=dd1878ef857cd33e01661040e37e5a50b7069fd6 records_attr4=topic_Course_72(r222@n257(hasword_server_72)) 
time=999 node=10.1.1.4 tuple=records records_attr1=10.1.1.4 records_attr2=6b91ab29be6cdb9f3d11d0ca9f7512e2f5f620a8 records_attr3=aeb05d6a0e444a871f0dcb36f33007199caa88e7 records_attr4=topic_Course_76(r75@n257(hasword_address_76)) 
time=999 node=10.1.1.4 tuple=records records_attr1=10.1.1.4 records_attr2=6ecbf90c65c0225e0e521bf3c014a15f9bc31b8d records_attr3=5401e5330778625829b4cb3f3b3a97f7c2a0a58c records_attr4=topic_Faculty_10(rl@n257(links_10_64*topic_Faculty_64(r434@n257(hasword_place_64)))) 
time=999 node=10.1.1.4 tuple=records records_attr1=10.1.1.4 records_attr2=7552b2994af9e21c1c7496e96c26b9b0624b8169 records_attr3=e9f27db13b7160ff6f3e6f353fe5909a48afaf58 records_attr4=topic_Student_70(r379@n257(hasword_mondai_70)) 
time=999 node=10.1.1.4 tuple=records records_attr1=10.1.1.4 records_attr2=77c301e8653eb5fb19cb623ba2a99f129042e24f records_attr3=6bdf1646ffe2440c53f14170ce5a031cc6e2868d records_attr4=topic_Person_9(r228@n257(hasword_assist_9)) 
time=999 node=10.1.1.4 tuple=records records_attr1=10.1.1.4 records_attr2=7a2205e08206f5150890967d7a8d9681969d0ac9 records_attr3=191b13f8752f80cfa0575feac8fb92b5bcf04904 records_attr4=topic_Student_15(r43@n257(hasword_hw_15)) 
time=999 node=10.1.1.4 tuple=records records_attr1=10.1.1.4 records_attr2=88fcb6f0a1872bbcbeec35c48db8e2b0f4f5dc52 records_attr3=b41a144f6ab632bf07e80dbea12b8c691ef66ed7 records_attr4=topic_Person_69(r396@n257(hasword_assign_69)) 
time=999 node=10.1.1.4 tuple=records records_attr1=10.1.1.4 records_attr2=8bb230b4216781056680e03064f8ea1de7892255 records_attr3=f7fed0ac34af2d458dd27a0cb58b4890885b4ba4 records_attr4=topic_Course_20(r33@n257(hasword_public_20)) 
time=999 node=10.1.1.4 tuple=records records_attr1=10.1.1.4 records_attr2=99cc32c6188ca6434574e7de7b43879962962021 records_attr3=46c7a39e2d15c4ccff58636d007c10ea5d67a19b records_attr4=topic_Student_19(r121@n257(hasword_length_19)) 
time=999 node=10.1.1.4 tuple=records records_attr1=10.1.1.4 records_attr2=9fff322ec47134e5b651cb14e42640b6cef8c745 records_attr3=c136889fb6fc4a48c42b08e9f3fba5138d85ee26 records_attr4=topic_Faculty_35(r185@n257(hasword_suggest_35)) 
time=999 node=10.1.1.4 tuple=records records_attr1=10.1.1.4 records_attr2=a5349d7d86e59b7a6ac7546bb2d937b3fcf20484 records_attr3=b30c1168e5b1f7836cee7cb5ea027e5cabedbe1 records_attr4=topic_Course_32(r198@n257(hasword_sourc_32)) 
time=999 node=10.1.1.4 tuple=records records_attr1=10.1.1.4 records_attr2=ad3397920bbade2f7a450e5822ef0ed5b5a4652c records_attr3=6d1e0d3ff697209677e6a1ea04a4297459655b38 records_attr4=topic_ResearchProject_6(r122@n257(hasword_set_6)) 
time=999 node=10.1.1.4 tuple=records records_attr1=10.1.1.4 records_attr2=ae22d887567d2b4edc06cdba7cbf89c94c66c9f1 records_attr3=8e2099669b474fa6292c9dd1a64c1fe23fd21c39 records_attr4=topic_Student_23(r384@n257(hasword_low_23)) 
time=999 node=10.1.1.4 tuple=records records_attr1=10.1.1.4 records_attr2=aebb4e211ee60ce07715400afe6977a797d1589f records_attr3=6766c169b28535d67cea1c8031f4d732ff2abdb1 records_attr4=topic_Department_41(r485@n257(hasword_program_41)) 
time=999 node=10.1.1.4 tuple=records records_attr1=10.1.1.4 records_attr2=b13b5803d22cf3ff6fb7f45f60f33f5f5a83b1b2 records_attr3=b5186f2d033aed10033f04a6beb70aa162989689 records_attr4=topic_Person_28(r18@n257(hasword_repres_28)) 
time=999 node=10.1.1.4 tuple=records records_attr1=10.1.1.4 records_attr2=b18552619bc51d1d55679ec973e291415381e20e records_attr3=513947ec1bcac3279654ec29d8cf6c1282420e9d records_attr4=topic_Student_51(rl@n257(links_51_84*topic_Student_84(r172@n257(hasword_check_84)))) 
time=999 node=10.1.1.4 tuple=records records_attr1=10.1.1.4 records_attr2=b1a72793e8801b4a14cd6fd940c146917009833e records_attr3=9076f161653795f7a16710e58ad1244d8e6fa725 records_attr4=topic_Student_4(r121@n257(hasword_length_4)) 
time=999 node=10.1.1.4 tuple=records records_attr1=10.1.1.4 records_attr2=b6a83311c24181c1c2ccea4c14ea5a76c7c9b5f6 records_attr3=100b7dedc30fc3a536c215de98f9570e8ce1929 records_attr4=topic_Department_80(r420@n257(hasword_open_80)) 
time=999 node=10.1.1.4 tuple=records records_attr1=10.1.1.4 records_attr2=b800ab2d75d28eb53b94c3f230875193df2b87da records_attr3=c729b60191cad8f760c38e783c939d946df12591 records_attr4=topic_Student_21(r121@n257(hasword_length_21)) 
time=999 node=10.1.1.4 tuple=records records_attr1=10.1.1.4 records_attr2=ba1f996e3e226e5d672dcc21dcef1f9333744f5f records_attr3=a578b8408e50948a5353197138afc302294d0a87 records_attr4=topic_ResearchProject_9(r470@n257(hasword_assist_9)) 
time=999 node=10.1.1.4 tuple=records records_attr1=10.1.1.4 records_attr2=bd99919e3d920ab33e2d22cd237d1fd4948bcc27 records_attr3=23b32b88818490d47420de3867e4fb95f549d433 records_attr4=topic_Staff_54(r52@n257(hasword_math_54)) 
time=999 node=10.1.1.4 tuple=records records_attr1=10.1.1.4 records_attr2=c5bdcb4eb375e6e0f74470ec9660123e659427a2 records_attr3=f7e41d4236b8a2a6011afcb9044474554438c501 records_attr4=topic_Person_32(r453@n257(hasword_sourc_32)) 
time=999 node=10.1.1.4 tuple=records records_attr1=10.1.1.4 records_attr2=c8dca95ef55a79a2283134fed0dccce133b8a05d records_attr3=a35736eedd8699353aa7e2fbb17643fbd662bb13 records_attr4=topic_Course_35(r135@n257(hasword_continu_35)) 
time=999 node=10.1.1.4 tuple=records records_attr1=10.1.1.4 records_attr2=d08895249218dd21b26bdc1076acd8d3a8d079c1 records_attr3=88ce11749b5e2b7ff1320757c4bd32fd8b78799c records_attr4=topic_Staff_85(r317@n257(hasword_command_85)) 
time=999 node=10.1.1.4 tuple=records records_attr1=10.1.1.4 records_attr2=d3f1630a14f36cb5a618a4a15c7af003473738d7 records_attr3=59d2f4c5dc0b71008f5daa9cdf06dab6a7d39f91 records_attr4=topic_Department_65(r132@n257(hasword_cse_65)) 
time=999 node=10.1.1.4 tuple=records records_attr1=10.1.1.4 records_attr2=d83d6157b19d0d9ea0bd54d115a1230ae3456b7b records_attr3=921546602c4f9d4295d379e84c3c1682774bb033 records_attr4=topic_Faculty_43(r87@n257(hasword_year_43)) 
time=999 node=10.1.1.4 tuple=records records_attr1=10.1.1.4 records_attr2=dafd8cf784027724a108dbc99ae4d0853bce64ea records_attr3=8745469f1cc9ac8623e023d818523539ac1d6b91 records_attr4=topic_Course_84(r272@n257(hasword_check_84)) 
time=999 node=10.1.1.4 tuple=records records_attr1=10.1.1.4 records_attr2=e00f66319c615d6f83895bee72bb90e5b76eebe6 records_attr3=dc8e2eee8701d6360a534037bc482bed976b78c8 records_attr4=topic_Department_66(r195@n257(hasword_prototyp_66)) 
time=999 node=10.1.1.4 tuple=records records_attr1=10.1.1.4 records_attr2=e3d4e79d2c5d006cd0379720005aca222ff5ba36 records_attr3=9a03a4279801fd56f432a48b1785618818caac49 records_attr4=topic_ResearchProject_92(r482@n257(hasword_citi_92)) 
time=999 node=10.1.1.4 tuple=records records_attr1=10.1.1.4 records_attr2=e7d7e6ad3dfe40ea14b6da4367f1fec25d4bfc9c records_attr3=16fdd952da319b98c5bf82700ea25d1ce15f952c records_attr4=topic_Student_84(r172@n257(hasword_check_84)) 
time=999 node=10.1.1.4 tuple=records records_attr1=10.1.1.4 records_attr2=ecae6c205bb12b75ec9b683fdef98a55bc23ae86 records_attr3=2e45693ddab89a2444c7ddde8c000809c312739c records_attr4=topic_Student_57(r147@n257(hasword_sep_57)) 
time=999 node=10.1.1.4 tuple=records records_attr1=10.1.1.4 records_attr2=ef9a2708077d99d0d3c2174612529afd0113f128 records_attr3=6264b8c247d1d6da6c7a893fedec5d15e16d7883 records_attr4=topic_ResearchProject_86(r461@n257(hasword_term_86)) 
time=999 node=10.1.1.4 tuple=records records_attr1=10.1.1.4 records_attr2=f07b791985105f538054df2cbd85ec7e15c5ae6f records_attr3=20e14d6cc3e1e76da5a357b9febfc02d45053043 records_attr4=topic_Person_37(r338@n257(hasword_pictur_37)) 
time=999 node=10.1.1.4 tuple=records records_attr1=10.1.1.4 records_attr2=f44e17f785aa7dc2f249ebf0ada7996408b07c49 records_attr3=881f90f6546dcc2cfdd8220cb68f752a24c66e9 records_attr4=topic_Faculty_71(r323@n257(hasword_end_71)) 
time=999 node=10.1.1.4 tuple=records records_attr1=10.1.1.4 records_attr2=f543f7d9b9a69f8812a4caf1dd943a55728bbb0f records_attr3=d33ab9d964631e5faf76aced6b8092a3a7b798cc records_attr4=topic_Person_10(rl@n257(links_10_64*topic_Person_64(r234@n257(hasword_place_64)))) 
time=999 node=10.1.1.4 tuple=records records_attr1=10.1.1.4 records_attr2=f792b142b1c43124b44a50cbe5b1b1f13b753942 records_attr3=181a85e11a222348a15d41176ed0397c5915af97 records_attr4=topic_Course_82(r400@n257(hasword_tx_82)) 
time=999 node=10.1.1.4 tuple=records records_attr1=10.1.1.4 records_attr2=fcda2a6517deddce1cb4ecea71cb0eb874c509c9 records_attr3=8d7e98c94bc7ab2277877c31314851f75549a84e records_attr4=topic_Student_16(r355@n257(hasword_assist_16)) 
time=999 node=10.1.1.4 tuple=records records_attr1=10.1.1.4 records_attr2=fd7bf4e441e57bbef4fbb88c2cf64e162e6004db records_attr3=b1a5b683fe18a45aaacb9b45a728a1c698c17161 records_attr4=topic_Department_74(r305@n257(hasword_origin_74)) 
time=999 node=10.1.1.4 tuple=records records_attr1=10.1.1.4 records_attr2=fd93ce1cd3e0dad7c82e1817b266eff1ff55eace records_attr3=a5cde857a92646a8926d411974ad7ab2f7e42c04 records_attr4=topic_Faculty_23(r380@n257(hasword_low_23)) 
time cost: 44.3754 seconds
