30798
Student
Faculty
Staff
ResearchProject
Course
Department
Person
5506537
5507202
5509921
5510387
5510622
5510969
5511293
6179809
6180398
6180877
6181156
6181405
6181740
6181967
6273694
6273901
6274040
6274180
6274317
6274352
6274681
6349085
6349372
6349519
6350407
6350680
6350953
6351659
6403015
6403680
6404415
6405031
6405493
6406075
6406448
6458845
6459336
6459559
6459957
6460207
6460454
6460778
6513924
6514217
6514756
6515014
6515248
6515567
6515801
6651392
6651681
6651936
6652080
6654499
6654980
6655182
6717016
6717328
6717585
6718298
6719438
6719884
6720176
6841652
6842009
6842365
6842620
6842862
6843102
6843427
6930634
6930831
6930974
6931115
6931254
6931523
6931680
7011305
7011662
7011905
7012132
7012438
7012812
7013067
7082635
7082836
7086160
7086457
7086845
7087197
7087442
7224612
7225046
7225295
7225543
7225711
7226161
7226421
7351493
7351835
7352084
7352410
7352657
7352901
7353234
7429415
7429626
7429791
7430060
7432823
7433423
7433897
7521032
7521874
7522374
7522686
7522686
7523924
7524157
7609017
7609340
7609519
7609669
7609815
7610007
7610351
7747708
7748057
7748475
7749087
7749767
7750230
7750529
7908641
7908854
7909005
7909152
7909477
7909634
7909780
8117004
8117779
8118338
8118705
8119010
8119618
8119876
8285876
8286296
8286545
8286829
8287095
8287427
8287649
8385868
8386279
8386437
8386588
8387433
8387737
8387980
8464363
8464575
8464780
8465124
8465509
8465758
8466201
8618534
8618973
8619246
8619503
8619863
8620131
8620392
8704605
8704929
8705091
8705240
8705389
8705538
8705778
8904844
8905257
8905638
8905891
8906127
8906452
8906691
8999751
9000526
9001166
9001445
9001798
9002253
9002629
9089930
9090149
9090305
9090456
9090607
9090861
9091016
9172682
9173015
9173248
9173470
9173790
9174020
9174272
9341417
9341639
9341793
9341947
9341982
9342424
9342693
9599962
9602170
9607219
9608260
9608501
9608734
9608921
9837532
9837870
9838283
9838525
9838746
9838993
9839109
9921165
9921494
9921655
9922051
9922278
9922474
9922636
10260590
10260590
10260590
10260590
10260590
10260590
10260590
10467886
10468136
10468298
10468454
10468680
10468834
10468984
10564391
10564616
10564772
10564923
10565158
10565315
10565513
10677808
10678528
10678978
10679538
10680242
10680477
10680633
10878145
10878604
10878884
10879144
10879478
10879729
10879964
10968070
10968616
10968780
10968931
10969170
10969328
10969477
11062293
11062514
11063849
11064335
11064672
11065101
11065369
11305412
11305635
11305788
11306635
11306841
11307123
11307291
11555969
11556887
11557123
11557279
11557432
11557583
11558055
11978561
11978937
11979210
11979375
11979527
11979678
11979907
12431618
12431860
12432015
12432296
12432484
12432639
12432822
12698148
12701385
12701602
12702284
12703028
12703391
12709442
12849593
12849805
12849955
12850101
12850321
12850471
12850617
12958452
12959176
12959587
12960116
12960525
12961054
12962240
13215119
13215322
13215468
13215612
13215827
13215974
13216118
13341428
13341915
13342190
13342534
13342784
13343012
13343628
13590982
13591478
13591727
13591968
13592457
13592869
13593238
13737537
13738420
13739279
13739548
13739877
13740123
13740877
14039073
14039529
14039816
14040076
14040488
14040878
14041372
14172920
14173337
14174082
14174273
14174420
14174562
14174703
14278946
14279162
14282295
14282705
14282857
14283012
14283179
14390494
14390793
14391100
14391302
14391569
14391819
14391975
14496065
14496530
14496752
14498284
14498629
14498879
14499195
14610446
14610637
14610781
14610924
14611133
14611285
14611439
14716231
14716571
14716911
14717160
14717406
14717737
14717971
15007757
15007953
15008302
15008454
15008596
15008736
15008893
15130165
15130569
15130995
15131246
15131487
15131726
15132181
15247579
15248563
15248978
15249353
15249949
15250143
15250299
15374703
15375605
15375938
15376170
15376424
15376868
15377104
15502794
15503003
15503231
15503314
15503607
15503752
15503893
15616742
15617053
15617212
15617487
15617642
15617787
15617943
15745951
15746299
15746542
15746878
15747110
15747768
15747961
15875716
15876022
15876385
15877146
15877674
15878141
15878405
16017556
16017859
16018006
16018150
16018291
16018469
16018949
16169293
16169495
16169711
16169856
16169996
16170323
16170596
16297653
16297998
16298151
16298293
16298434
16298574
16298713
16414598
16415032
16415189
16415332
16415473
16415614
16415688
16544051
16544409
16544734
16544977
16545259
16545467
16545784
16667799
16668140
16668302
16668447
16668589
16668732
16668873
16794105
16794420
16794778
16795094
16796239
16796410
16796772
16909872
16910415
16911467
16911887
16912190
16912422
16912856
17015688
17015898
17016043
17016207
17016350
17016491
17016721
17130092
17130691
17131069
17131175
17131835
17132424
17132824
17282809
17283095
17283250
17283393
17283606
17283855
17284017
17406991
17407339
17407682
17407935
17408229
17408401
17408838
17533612
17533934
17534095
17534241
17534363
17534628
17534773
17664931
17665209
17665355
17665497
17665671
17665825
17666030
17792064
17792537
17792780
17793004
17793229
17793541
17793787
17901996
17902359
17902678
17902969
17902969
17903748
17904128
18013509
18013719
18013935
18014081
18014221
18014428
18014584
18149153
18149371
18150379
18151180
18151606
18151606
18151606
18279503
18279846
18279997
18283295
18283679
18283896
18284411
18458175
18458395
18458543
18458686
18458827
18459072
18459218
18590190
18590707
18590972
18591236
18591390
18591533
18591776
18710216
18710489
18710782
18710941
18711083
18711228
18711505
18826272
18826480
18826626
18826767
18826923
18827065
18827379
18959099
18959427
18959588
18959731
18959941
18960086
18960237
19119556
19120064
19120234
19120527
19120684
19120919
19121220
19261307
19261783
19262085
19262311
19262760
19263070
19263319
19391228
19391533
19391699
19391995
19394276
19394532
19395283
19535224
19535444
19535599
19535742
19536027
19536227
19536458
19673484
19673701
19673985
19674143
19674314
19674465
19674606
19805173
19805385
19805673
19805830
19806085
19808475
19808745
19947444
19947789
19948046
19948751
19948930
19949087
19949139
20102206
20102441
20102600
20102877
20103039
20103179
20103319
20254216
20254447
20254604
20258260
20261266
20261767
20262093
time=999 node=10.1.1.4 tuple=records records_attr1=10.1.1.4 records_attr2=decf8040b506f3fdae00a2f68d453d2b0433d44 records_attr3=4ad5668755e97591df0b65d0eefcfdd208d4d63c records_attr4=topic_Course_33(r223@n257(hasword_mit_33)) 
time=999 node=10.1.1.4 tuple=records records_attr1=10.1.1.4 records_attr2=1e64cfa59c1f2feb88076558d29eb2f1821291b2 records_attr3=20fc56b8d0eea145ea579beefe9471b4bd7f536c records_attr4=topic_ResearchProject_8(r347@n257(hasword_wednesdai_8)) 
time=999 node=10.1.1.4 tuple=records records_attr1=10.1.1.4 records_attr2=26853c7b4ac81012f3edde72e217faba4abd7484 records_attr3=16e7a909a11b9c2fc445ba4405f812797c73127b records_attr4=topic_Faculty_41(r394@n257(hasword_grade_41)) 
time=999 node=10.1.1.4 tuple=records records_attr1=10.1.1.4 records_attr2=4133048174d3a06b9e6f839c645a6b7b01d86cd3 records_attr3=178b122786109a27295a260073505c41552b23ff records_attr4=topic_Course_43(r198@n257(hasword_sourc_43)) 
time=999 node=10.1.1.4 tuple=records records_attr1=10.1.1.4 records_attr2=41c8bc9dcd6d8b1d91009a570ddff5b9051cf4a2 records_attr3=45a9787596ca98f84af422acd59b14e9af975e6d records_attr4=topic_Department_2(r485@n257(hasword_program_2)) 
time=999 node=10.1.1.4 tuple=records records_attr1=10.1.1.4 records_attr2=437b400c6cb70261e36c54c531453e186d7b9070 records_attr3=b60ab1d86b41006f3277c9aa426b0390ece28318 records_attr4=topic_Faculty_37(r93@n257(hasword_type_37)) 
time=999 node=10.1.1.4 tuple=records records_attr1=10.1.1.4 records_attr2=4988339315102429f9542afdf4521438e020b6b6 records_attr3=556cd67730e903ad50026ad80f7e0f43d932c959 records_attr4=topic_Person_31(r277@n257(hasword_review_31)) 
time=999 node=10.1.1.4 tuple=records records_attr1=10.1.1.4 records_attr2=4d496968e4d75032b9334e56a2eb3a27a9ffa8fa records_attr3=b0f83cf1b422afef0de17fda55ecdd563eac86cb records_attr4=topic_Person_34(r436@n257(hasword_expect_34)) 
time=999 node=10.1.1.4 tuple=records records_attr1=10.1.1.4 records_attr2=594ed0bf8b390341cc33a1d71fdd2e9b3f00d44f records_attr3=83726b1c95e3977baeafab5676c160d36a74ab28 records_attr4=topic_ResearchProject_13(r215@n257(hasword_home_13)) 
time=999 node=10.1.1.4 tuple=records records_attr1=10.1.1.4 records_attr2=5b32c56adf28591811dde6778a28e16de1781148 records_attr3=6323796434cc6ebdac7ab80428f5704637110a79 records_attr4=topic_Department_33(r55@n257(hasword_mit_33)) 
time=999 node=10.1.1.4 tuple=records records_attr1=10.1.1.4 records_attr2=5d775e8d2f5116064dbf93162711ac6c4ae2ba4e records_attr3=ef64169e1a701db762a4f4ff8002130be10b603b records_attr4=topic_Course_42(r400@n257(hasword_tx_42)) 
time=999 node=10.1.1.4 tuple=records records_attr1=10.1.1.4 records_attr2=6004305486d7f775b7bd4473294bf8501a89a423 records_attr3=d0a6d39020c1c123a580dac2778f4d193bbc4c9a records_attr4=topic_Person_18(r260@n257(hasword_gener_18)) 
time=999 node=10.1.1.4 tuple=records records_attr1=10.1.1.4 records_attr2=65cd95e4c1e2c0a18bd44980813419281441cc5d records_attr3=f985e95649554c5c363950d765a1862cfadefe49 records_attr4=topic_Person_12(r150@n257(hasword_provid_12)) 
time=999 node=10.1.1.4 tuple=records records_attr1=10.1.1.4 records_attr2=75558b9f8e1297d1511a0a0ed022e9340b25b02c records_attr3=6491f4a6b27a63a0eed61a87f3c7c52ed89bca2b records_attr4=topic_Course_25(r331@n257(hasword_code_25)) 
time=999 node=10.1.1.4 tuple=records records_attr1=10.1.1.4 records_attr2=767eeea0f1e5d5199aaa31b47499da8abbce563b records_attr3=8ec745f25b85f948f2defaed49d60ef02a149dcd records_attr4=topic_ResearchProject_33(r496@n257(hasword_mit_33)) 
time=999 node=10.1.1.4 tuple=records records_attr1=10.1.1.4 records_attr2=77c3685c2429be4f9fde4b4b37cc53da1da21f2e records_attr3=3388c506f931080bcc6e816bc1f3c34f22796a97 records_attr4=topic_Person_6(r205@n257(hasword_austin_6)) 
time=999 node=10.1.1.4 tuple=records records_attr1=10.1.1.4 records_attr2=8df89b809c45424f2a01662d079a7495b8739e40 records_attr3=c57a65552370cd1839785b0da539a721116469b1 records_attr4=topic_ResearchProject_40(r304@n257(hasword_run_40)) 
time=999 node=10.1.1.4 tuple=records records_attr1=10.1.1.4 records_attr2=8e5e060c8872831aa927378a007bb2677144bf66 records_attr3=d3d47c3b2b49986f625a167eef904ef535bd98b8 records_attr4=topic_Faculty_17(r185@n257(hasword_suggest_17)) 
time=999 node=10.1.1.4 tuple=records records_attr1=10.1.1.4 records_attr2=9645fdc1d372e6e33ad5edb3945b20f357be2d39 records_attr3=a590c32d590117b389a5f12c79cd62a375e503ac records_attr4=topic_Faculty_44(r237@n257(hasword_data_44)) 
time=999 node=10.1.1.4 tuple=records records_attr1=10.1.1.4 records_attr2=978315663e05a23ea5bcffa01b4f424971bbe25d records_attr3=97b5bc9ef3dc23897eebbdc59866116025158ae3 records_attr4=topic_Staff_20(r437@n257(hasword_leav_20)) 
time=999 node=10.1.1.4 tuple=records records_attr1=10.1.1.4 records_attr2=9d8015c383ca747078e04f1dab232df45fda73af records_attr3=ee64ddd112ffb86b7c091992e7e2b3bca98ff8a4 records_attr4=topic_Department_19(r337@n257(hasword_construct_19)) 
time=999 node=10.1.1.4 tuple=records records_attr1=10.1.1.4 records_attr2=ae22d887567d2b4edc06cdba7cbf89c94c66c9f1 records_attr3=8e2099669b474fa6292c9dd1a64c1fe23fd21c39 records_attr4=topic_Student_23(r78@n257(hasword_page_23)) 
time=999 node=10.1.1.4 tuple=records records_attr1=10.1.1.4 records_attr2=b706425a759cc8192072313c242e5cd8c8fc3a2b records_attr3=12ac88a4418cfdb5cdcc1aae233daeeb35290550 records_attr4=topic_Course_29(r135@n257(hasword_continu_29)) 
time=999 node=10.1.1.4 tuple=records records_attr1=10.1.1.4 records_attr2=bc4776044ca565c52bd64f501020802a39ee1f45 records_attr3=aa448beabe6bf9b7c50942bda13861d3c98b9656 records_attr4=topic_Staff_1(r258@n257(hasword_servic_1)) 
time=999 node=10.1.1.4 tuple=records records_attr1=10.1.1.4 records_attr2=be3e9a3dbd12544fd0fb72317765a6dd62b25d91 records_attr3=c442618fcf53744510359f9d0933483032b5b1d3 records_attr4=topic_ResearchProject_42(r114@n257(hasword_tx_42)) 
time=999 node=10.1.1.4 tuple=records records_attr1=10.1.1.4 records_attr2=be97167f98ba70c23a78a7717b8246aae6d60817 records_attr3=24737d58ebc8ec8e03babe0c87d7a3a2ce1c7aaa records_attr4=topic_Person_43(r453@n257(hasword_sourc_43)) 
time=999 node=10.1.1.4 tuple=records records_attr1=10.1.1.4 records_attr2=c46ec203df2444bb6b917aad8f53d058844e3ba2 records_attr3=dcdf4b04dde2c08a8ceab9a24ee3aae06c200f80 records_attr4=topic_Person_19(r266@n257(hasword_construct_19)) 
time=999 node=10.1.1.4 tuple=records records_attr1=10.1.1.4 records_attr2=efcb29e73f13460e3e8126adce2bc467d81228d7 records_attr3=402d8c2cb9140870ba6e687bba806743af0cf46b records_attr4=topic_ResearchProject_47(r215@n257(hasword_home_47)) 
time=999 node=10.1.1.4 tuple=records records_attr1=10.1.1.4 records_attr2=f5975b06da3268a1333e9c4a8006660031e3ed76 records_attr3=4e7fed3d004c930008fdd60cd6dc1a8211cc1e17 records_attr4=topic_ResearchProject_30(r25@n257(hasword_tabl_30)) 
time cost: 22.0344 seconds
