17909
Student
Faculty
Staff
ResearchProject
Course
Department
Person
14320954
14321176
14321426
14321584
14321735
14321883
14322033
16540791
16540791
16540791
16540791
16540791
16540791
16540791
16623079
16623283
16623440
16623584
16623838
16623990
16624134
16826186
16826528
16827174
16827353
16827502
16827648
16827885
17201292
17201497
17201644
17201789
17202010
17202159
17202302
17340885
17343020
17343258
17343409
17343557
17343703
17343974
17439463
17439736
17439896
17440340
17440889
17441497
17441797
17569736
17569929
17570076
17570221
17570444
17570590
17570734
17701881
17702089
17702256
17702503
17702663
17702809
17702952
17788604
17788802
17788945
17789297
17789444
17789634
17789842
18051936
18052209
18052376
18052493
18052493
18052884
18053027
18157437
18157844
18158082
18158304
18158529
18158837
18159066
18270406
18270711
18270874
18271019
18271160
18271301
18271442
18369097
18369362
18369598
18369749
18369890
18370030
18370170
18467866
18468079
18468225
18468367
18468612
18468760
18468900
18631233
18631626
18631806
18632156
18632463
18632613
18632756
18747387
18747614
18747758
18747948
18748169
18748999
18749379
19491852
19492277
19492755
19493046
19493421
19493657
19493810
19587615
19587832
19587982
19588398
19589059
19589459
19589501
19698525
19698800
19699042
19699192
19699336
19699552
19699729
19813146
19813571
19813726
19813873
19814018
19814162
19814373
19919653
19922468
19922773
19922814
19922814
19922814
19924485
20031320
20031526
20031675
20031824
20032041
20032188
20032332
20182169
20182391
20182611
20184252
20184507
20184935
20185197
20595178
20595388
20595536
20595683
20595827
20596182
20596336
20763396
20763603
20763868
20764039
20764188
20764337
20764485
20865086
20865682
20865682
20865682
20865682
20865682
20865682
21154757
21155151
21155322
21155585
21155744
21155892
21156037
21435784
21436064
21436575
21436844
21437011
21437158
21437303
21751434
21751765
21752137
21752295
21752444
21752591
21753297
21875728
21875935
21876084
21876231
21876375
21876520
21876739
21992564
21992774
21992939
21993089
21993302
21993452
21993597
22221069
22221282
22221431
22221733
22222001
22222160
22222307
22337321
22337633
22337786
22337983
22338688
22339039
22339488
22474824
22475034
22475250
22475400
22475545
22475691
22475836
22669307
22669536
22669685
22669830
22669975
22670325
22670502
22864337
22864669
22864824
22864970
22865116
22865385
22865552
23060655
23060655
23060655
23060655
23060655
23060655
23060655
23302313
23302536
23302687
23302831
23302977
23303122
23303337
23522604
23522915
23523505
23523997
23524419
23524725
23525069
23778659
23779008
23779168
23779314
23779460
23779611
23779780
24309760
24309995
24310151
24310303
24310454
24310604
24310656
24458594
24459078
24459431
24459598
24459752
24459903
24460081
24731277
24731504
24731655
24731805
24731954
24732102
24732320
25005439
25006650
25006978
25007362
25007952
25008370
25008635
25427906
25428165
25428392
25428547
25428696
25428892
25429050
25559376
25559589
25559743
25559894
25560117
25560273
25560423
25818124
25818341
25818496
25818646
25819039
25819205
25819357
26083093
26083532
26083852
26084059
26084316
26084474
26084626
26305135
26305366
26305734
26306169
26306798
26307114
26307355
26442798
26443028
26443184
26443446
26443761
26443916
26444066
26708036
26708262
26708414
26708662
26708816
26708965
26709114
27094272
27094744
27095018
27095280
27097993
27098397
27098640
27591687
27591916
27592087
27592238
27592387
27592991
27593277
27895887
27896122
27896449
27896626
27896780
27896931
27897081
28193186
28193733
28194307
28194611
28194953
28195602
28196036
28351035
28351253
28351407
28351558
28351817
28352085
28352315
28672882
28673208
28673503
28673681
28673835
28674192
28674456
28952141
28952797
28953552
28953698
28953698
28953698
28953698
30226119
30226357
30226684
30226911
30227072
30227223
30227372
30369387
30369617
30369770
30370032
30370204
30370429
30370619
30503434
30503656
30503806
30503953
30504097
30504330
30504478
30636008
30636335
30636548
30636789
30637027
30637565
30637755
30772241
30772452
30772601
30772747
30772962
30773114
30773259
30909934
30910300
30910453
30910599
30910850
30911014
30911260
31060620
31060910
31061163
31061319
31061574
31061732
31062406
31223100
31223310
31223459
31223606
31223831
31223982
31224165
31539482
31539692
31539841
31539988
31540212
31540363
31540507
31681976
31682256
31682411
31682558
31682851
31683019
31683164
31822926
31823471
31823781
31823967
31824385
31824592
31824742
31970612
31970827
31971050
31971200
31971382
31971543
31971691
32117464
32117672
32117821
32117966
32118110
32118328
32118475
32272309
32272521
32272711
32273042
32273200
32273534
32273706
32540269
32540678
32540967
32541317
32541733
32541829
32542251
32679269
32679567
32679727
32679876
32680022
32680202
32680350
32981644
32981979
32982312
32982475
32982623
32982769
32982918
33143069
33143465
33143636
33143786
33143932
33144337
33145081
33449383
33449681
33449894
33450150
33450299
33450443
33450662
34298703
34299278
34299445
34299607
34299830
34299978
34300189
34450236
34450461
34450546
34450857
34451020
34451166
34451310
34766354
34766697
34766854
34767000
34767191
34767345
34767489
35060762
35061076
35061326
35061562
35061963
35062237
35062405
36285762
36285998
36286149
36286296
36286522
36286672
36286818
36430366
36430771
36430941
36431091
36431237
36431482
36431637
37031120
37031333
37031483
37031630
37031775
37031920
37032140
37197504
37197717
37197867
37198015
37198161
37198383
37198537
37676348
37676571
37676722
37676871
37677030
37677257
37677406
37820563
37820792
37821048
37821222
37821376
37821524
37821670
38115664
38115970
38116169
38116455
38116699
38116872
38117018
38288993
38289216
38289366
38289513
38289727
38289884
38290030
38460485
38460695
38460844
38460992
38461138
38461357
38461612
38816240
38816641
38816828
38817043
38817323
38817486
38817709
38977690
38978515
38978908
38979245
38979459
38979737
38979937
39144156
39144255
39144606
39144753
39144897
39145040
39145183
39486185
39486805
39486998
39487151
39487317
39487680
39487842
39640233
39640672
39640823
39640970
39641116
39641262
39641476
40278133
40278346
40278522
40278685
40278849
40278999
40279042
40592474
40592758
40592931
40593079
40593224
40593372
40593517
41091821
41092039
41092189
41092337
41092386
41092704
41092962
41637437
41637926
41638413
41638629
41638784
41638932
41639078
time=999 node=10.1.1.4 tuple=records records_attr1=10.1.1.4 records_attr2=40f01e64f646247eac9d4a0710a60258615e792 records_attr3=16424b2908c46650929e416a6e1245cff928450f records_attr4=topic_Student_9(r121@n257(hasword_length_9)) 
time=999 node=10.1.1.4 tuple=records records_attr1=10.1.1.4 records_attr2=66d289c23868f135e57b0a9493e2175619f00f9 records_attr3=ec5ec5923e04d4b26a581db46c1e2f1c2633e11c records_attr4=topic_Person_95(r167@n257(hasword_locat_95)) 
time=999 node=10.1.1.4 tuple=records records_attr1=10.1.1.4 records_attr2=9ab229b46a6a95723a1f9b4ed8b7ae7b5c52663 records_attr3=8c1cf6e863939be4e2f0129e2059fbddb12cf6c0 records_attr4=topic_Staff_37(r92@n257(hasword_result_37)) 
time=999 node=10.1.1.4 tuple=records records_attr1=10.1.1.4 records_attr2=9fc821aee6df45d360128680426f31baf666efc records_attr3=c8fcfc3d9565d1b0e505aa9ffb17cb4f7f0683f6 records_attr4=topic_Staff_9(rl@n257(links_9_146*topic_Staff_146(r94@n257(hasword_dai_146)))) 
time=999 node=10.1.1.4 tuple=records records_attr1=10.1.1.4 records_attr2=bc5653821df4fca3d92714c57c8b108de783f62 records_attr3=9b7f5ffc969c614f8c93deeab4e7df9defc0ea2f records_attr4=topic_Student_56(r274@n257(hasword_local_56)) 
time=999 node=10.1.1.4 tuple=records records_attr1=10.1.1.4 records_attr2=1042d0d3adf5ede36e4d8d46629b2e19382c4acb records_attr3=6b0fe23952248b73b5c0ba815fb29882234d1cdb records_attr4=topic_ResearchProject_57(r160@n257(hasword_technologi_57)) 
time=999 node=10.1.1.4 tuple=records records_attr1=10.1.1.4 records_attr2=138b81039e5d6800a04863c82bb09a9fc8e3e285 records_attr3=4f3232c1d2eb4b57ad88caaa8454d5f2785ad405 records_attr4=topic_Student_42(r121@n257(hasword_length_42)) 
time=999 node=10.1.1.4 tuple=records records_attr1=10.1.1.4 records_attr2=15554859cce5bfede8a34ef924bb903a8132a4bd records_attr3=996ba30fc4c30126faa8a2609ac4ee9196064d0 records_attr4=topic_Course_98(r51@n257(hasword_learn_98)) 
time=999 node=10.1.1.4 tuple=records records_attr1=10.1.1.4 records_attr2=169f6df5eb2c435e3c6c1ed39e93fae8608d49d0 records_attr3=9192041abf4ec3320657c770e9a163a6cb713346 records_attr4=topic_ResearchProject_66(r194@n257(hasword_modul_66)) 
time=999 node=10.1.1.4 tuple=records records_attr1=10.1.1.4 records_attr2=175d9983089cf4d09ebb10e3a790283ae7da8ffa records_attr3=d6b8eee32bc0523ff4963c0b5f6dcc7970daca52 records_attr4=topic_Faculty_96(r312@n257(hasword_question_96)) 
time=999 node=10.1.1.4 tuple=records records_attr1=10.1.1.4 records_attr2=268eef401fac014fea647e2f9e6ea74c0bce492a records_attr3=9a4187d1ac35c17d638c056b42a0aee8011e82db records_attr4=topic_Faculty_58((r97@n257(hasword_load_58))+(rl@n257(links_58_103*topic_Faculty_103(r178@n257(hasword_ca_103))))) 
time=999 node=10.1.1.4 tuple=records records_attr1=10.1.1.4 records_attr2=29b5dffbe93bf86ade6a49f1f8bf51a378de570c records_attr3=d66096034b6d751d42b4437407d1b55a332d62f9 records_attr4=topic_Person_83(rl@n257(links_83_50*topic_Person_50(r229@n257(hasword_inform_50)))) 
time=999 node=10.1.1.4 tuple=records records_attr1=10.1.1.4 records_attr2=2def8be50202d5eb07e52d5ad114831925796ae9 records_attr3=4d31eb0671a19f9201f6a22c9a54b5eca4e0e3de records_attr4=topic_Faculty_80(r483@n257(hasword_form_80)) 
time=999 node=10.1.1.4 tuple=records records_attr1=10.1.1.4 records_attr2=301413546aa81aba47f2cec2ba4bce374db96676 records_attr3=6b50726c3d2f23c02a26297d9db9eec9caf0dd7a records_attr4=topic_Staff_52(r390@n257(hasword_step_52)) 
time=999 node=10.1.1.4 tuple=records records_attr1=10.1.1.4 records_attr2=3262f6a3c70bdd6d0a5acd983e9f801c27a961a7 records_attr3=2379757e11379ea07358f13d8cac9fecb4a2a4f0 records_attr4=topic_ResearchProject_27(r268@n257(hasword_internet_27)) 
time=999 node=10.1.1.4 tuple=records records_attr1=10.1.1.4 records_attr2=3473e74c4d40151f460f520ee5ae19f91b037384 records_attr3=77f85d6a008e4cbb8a213e3f739938e3965dde30 records_attr4=topic_Student_40(r168@n257(hasword_read_40)) 
time=999 node=10.1.1.4 tuple=records records_attr1=10.1.1.4 records_attr2=37cb17172355a403d6ca706c40d4136ebbd99668 records_attr3=6f9715eef2ef74270a9dc5a42ac5b1a21c56e0e4 records_attr4=topic_Student_58(rl@n257(links_58_103*topic_Student_103(r413@n257(hasword_creat_103)))) 
time=999 node=10.1.1.4 tuple=records records_attr1=10.1.1.4 records_attr2=38a3b127c98b6d51799e3cf11a6be902e849cb3e records_attr3=7d973ea5ea0097bc189ddffb3dbb7687fc3604f7 records_attr4=topic_Department_87(r305@n257(hasword_origin_87)) 
time=999 node=10.1.1.4 tuple=records records_attr1=10.1.1.4 records_attr2=3dc52e4768436cef9ced07d29e4323bf734362e7 records_attr3=7c3e97add7cc2909738d32a1016a8b6acd631979 records_attr4=topic_ResearchProject_98(r282@n257(hasword_learn_98)) 
time=999 node=10.1.1.4 tuple=records records_attr1=10.1.1.4 records_attr2=40dd50421d9e8588f72d047de7e8e2fbd8dc7143 records_attr3=d16557c8dae58fc76f4c21a003b844c27bb70e4 records_attr4=topic_Person_2((r495@n257(hasword_academ_2))+(r266@n257(hasword_construct_2))) 
time=999 node=10.1.1.4 tuple=records records_attr1=10.1.1.4 records_attr2=41c8bc9dcd6d8b1d91009a570ddff5b9051cf4a2 records_attr3=45a9787596ca98f84af422acd59b14e9af975e6d records_attr4=topic_Department_2(r337@n257(hasword_construct_2)) 
time=999 node=10.1.1.4 tuple=records records_attr1=10.1.1.4 records_attr2=463524dfeb902982dd990b467d12dcc5db73bfc3 records_attr3=14f883232687ced9afffe2f18c02cd4f17b864dd records_attr4=topic_Person_40(r150@n257(hasword_provid_40)) 
time=999 node=10.1.1.4 tuple=records records_attr1=10.1.1.4 records_attr2=477c0305f245ea01f760a94b104c4fc460fafbe5 records_attr3=69f0e50a7d6f4ee016c6c82383bc05b5dda61ff1 records_attr4=topic_Person_23(r229@n257(hasword_inform_23)) 
time=999 node=10.1.1.4 tuple=records records_attr1=10.1.1.4 records_attr2=4889a9b4f5bd7d2715ad397fe6fd3d41a6a93a08 records_attr3=ff0caa595ac80d77fe890cdae292fd57af6a29b4 records_attr4=topic_Faculty_38(r243@n257(hasword_html_38)) 
time=999 node=10.1.1.4 tuple=records records_attr1=10.1.1.4 records_attr2=4a0d26eff132b90ee0eb147b4454278f46a58a23 records_attr3=1be4835339dc8778066541b2f3a30aab3523f247 records_attr4=topic_Person_93(r9@n257(hasword_calcul_93)) 
time=999 node=10.1.1.4 tuple=records records_attr1=10.1.1.4 records_attr2=4cae07deca93e1803c3c5fbe63be8a753881fc9b records_attr3=716d2fb7eb3bc929f1e70432c2b14d288120304c records_attr4=topic_ResearchProject_48(r162@n257(hasword_implem_48)) 
time=999 node=10.1.1.4 tuple=records records_attr1=10.1.1.4 records_attr2=4d496968e4d75032b9334e56a2eb3a27a9ffa8fa records_attr3=b0f83cf1b422afef0de17fda55ecdd563eac86cb records_attr4=topic_Person_34(r205@n257(hasword_austin_34)) 
time=999 node=10.1.1.4 tuple=records records_attr1=10.1.1.4 records_attr2=4d63957da7f9cbe8e28c40e24cc81a4de5d074bb records_attr3=e1211a2b70afb5200508d05d4d786af915cd2393 records_attr4=topic_Person_16((rl@n257(links_16_214*topic_Person_214(rl@n257(links_214_50*topic_Person_50(r229@n257(hasword_inform_50))))))+(rl@n257(links_16_189*topic_Person_189(rl@n257(links_189_50*topic_Person_50(r229@n257(hasword_inform_50))))))) 
time=999 node=10.1.1.4 tuple=records records_attr1=10.1.1.4 records_attr2=4d8a06b6aa0e7030e1ea8b423911de16c26a44c2 records_attr3=59c430a54e1475c781262804962081994c910b68 records_attr4=topic_Staff_36(r258@n257(hasword_servic_36)) 
time=999 node=10.1.1.4 tuple=records records_attr1=10.1.1.4 records_attr2=4f0bbc4d45df60f7be9276788c9a0986b028e22d records_attr3=2e8476dd5337c2d5a5ae79a541e23a27650985fe records_attr4=topic_Faculty_85(r300@n257(hasword_studi_85)) 
time=999 node=10.1.1.4 tuple=records records_attr1=10.1.1.4 records_attr2=550c8e93d84936e0395e9e3898b8b4478bce4a5b records_attr3=41070321622cc20b272319354cb8b829125a62bb records_attr4=topic_Faculty_14(r182@n257(hasword_date_14)) 
time=999 node=10.1.1.4 tuple=records records_attr1=10.1.1.4 records_attr2=57c3b2b8d45da7c4eb22522adafe942872fb4325 records_attr3=3712f9504d975f6c5751af56dee52f86dbfa78e7 records_attr4=topic_Student_31(r121@n257(hasword_length_31)) 
time=999 node=10.1.1.4 tuple=records records_attr1=10.1.1.4 records_attr2=6397504ed237b6e83d0850aa771adc8d945cdb6d records_attr3=ddcbc202313d2fb96bf944631d7ca80b6f1f6b93 records_attr4=topic_ResearchProject_16(r40@n257(hasword_solv_16)) 
time=999 node=10.1.1.4 tuple=records records_attr1=10.1.1.4 records_attr2=67fcea8e2f806c17e8c4787620551ce0dc3e75ad records_attr3=d028a23f3732b305ee9da1ee7733c8e1a7fed831 records_attr4=topic_Department_23(r232@n257(hasword_lectur_23)) 
time=999 node=10.1.1.4 tuple=records records_attr1=10.1.1.4 records_attr2=68798ed14cf9c0e293935f335f5a5ba7a74959bb records_attr3=74f63db5cf27705d252666e1a87516c0211f1dbb records_attr4=topic_Department_53(r246@n257(hasword_scienc_53)) 
time=999 node=10.1.1.4 tuple=records records_attr1=10.1.1.4 records_attr2=6bf684860b9aa24df8f8bd123f0643af0b8fe769 records_attr3=b2b2a815d168d7b02346cfc031730b796675e580 records_attr4=topic_Staff_3(r350@n257(hasword_paper_3)) 
time=999 node=10.1.1.4 tuple=records records_attr1=10.1.1.4 records_attr2=73a8f4427ed6ee69c0ad8e0ee05c12f59a3aad12 records_attr3=364499f675f30625de1dc7b66ce09d66a5c4459a records_attr4=topic_Student_39(r121@n257(hasword_length_39)) 
time=999 node=10.1.1.4 tuple=records records_attr1=10.1.1.4 records_attr2=7562ae5ceb65833455e9bfd07e62b46ab5c9c69e records_attr3=7009ccffd206d58b8ac0ebfb21d3fbc0bbc05428 records_attr4=topic_Department_95(r367@n257(hasword_locat_95)) 
time=999 node=10.1.1.4 tuple=records records_attr1=10.1.1.4 records_attr2=765f8c219c2eca0c91cd159e809323be8d79da79 records_attr3=cc99adb051ceb441f71aabb334576d1f954b6975 records_attr4=topic_Student_74(r121@n257(hasword_length_74)) 
time=999 node=10.1.1.4 tuple=records records_attr1=10.1.1.4 records_attr2=7c24936ee612d23086a624bf0683f5f78e5c205d records_attr3=3117a68adcacbf23fe75251ece59071200ee48d0 records_attr4=topic_Course_28(rl@n257(links_28_7*topic_Course_7(r292@n257(hasword_design_7)))) 
time=999 node=10.1.1.4 tuple=records records_attr1=10.1.1.4 records_attr2=88d5b66e64ec0736b76fbd838264ab733d129041 records_attr3=f1fcf4b704f5d21ea672a4204e0eacfd53a79ad3 records_attr4=topic_ResearchProject_58(rl@n257(links_58_103*topic_ResearchProject_103(r377@n257(hasword_creat_103)))) 
time=999 node=10.1.1.4 tuple=records records_attr1=10.1.1.4 records_attr2=8cb8f09a27da9bbadc435f4dd02bf62eba85f399 records_attr3=c1e0aa4c3cb51eec6f126562687643171a68adf8 records_attr4=topic_Person_81(rl@n257(links_81_126*topic_Person_126((r453@n257(hasword_sourc_126))+(rl@n257(links_126_81*topic_Person_81))))) 
time=999 node=10.1.1.4 tuple=records records_attr1=10.1.1.4 records_attr2=8ccd318567227f37d5319e28453de104e77ff1a0 records_attr3=99691c58cc86d47b4ebc9d11c1ce7f8c3b6efaa7 records_attr4=topic_Staff_35(r52@n257(hasword_math_35)) 
time=999 node=10.1.1.4 tuple=records records_attr1=10.1.1.4 records_attr2=8df89b809c45424f2a01662d079a7495b8739e40 records_attr3=c57a65552370cd1839785b0da539a721116469b1 records_attr4=topic_ResearchProject_40(r283@n257(hasword_read_40)) 
time=999 node=10.1.1.4 tuple=records records_attr1=10.1.1.4 records_attr2=916ba8bc95170d697a808041157f3f350cd52c2f records_attr3=18ce84da5cba25cff2c73d93990fd664b005497e records_attr4=topic_Faculty_97(r186@n257(hasword_appli_97)) 
time=999 node=10.1.1.4 tuple=records records_attr1=10.1.1.4 records_attr2=92b6ecf054b5895c766b8cc8ffc5e7beddda15e1 records_attr3=a9db925b9f435a5c065c3c05ddc0f447d82428e1 records_attr4=topic_Staff_47(r143@n257(hasword_engin_47)) 
time=999 node=10.1.1.4 tuple=records records_attr1=10.1.1.4 records_attr2=9363f7917fb1f111dec7552d46cd6b48cab68b8a records_attr3=a1442400889f984fd94e4ca3788d53575b222bc1 records_attr4=topic_Staff_44(r94@n257(hasword_dai_44)) 
time=999 node=10.1.1.4 tuple=records records_attr1=10.1.1.4 records_attr2=994ab32b9a52ad978786bffbc4b89e781d92dff4 records_attr3=5934cc857c3e44fb8037a414c455bde526bbab46 records_attr4=topic_Person_3(rl@n257(links_3_116*topic_Person_116(r46@n257(hasword_agent_116)))) 
time=999 node=10.1.1.4 tuple=records records_attr1=10.1.1.4 records_attr2=9aeb1f26d949b79f5991765e4035b72dfc9cdc5d records_attr3=6e6985b0b955cd90b0a565c3bfbeaccdd4183ea7 records_attr4=topic_ResearchProject_3(rl@n257(links_3_116*topic_ResearchProject_116(r169@n257(hasword_agent_116)))) 
time=999 node=10.1.1.4 tuple=records records_attr1=10.1.1.4 records_attr2=9b47de1af8087ec0a4735189cd17beee66993c43 records_attr3=d5b82e77c9077d2c1ed3ae3033a06353b5a4a4c2 records_attr4=topic_ResearchProject_52(r160@n257(hasword_technologi_52)) 
time=999 node=10.1.1.4 tuple=records records_attr1=10.1.1.4 records_attr2=a3e69a0aada2082e227e97327399ea8e5b31b093 records_attr3=d0bacf4d11b338ec2edcd9eebe5107f0eda25fba records_attr4=topic_Course_81(rl@n257(links_81_126*topic_Course_126((r198@n257(hasword_sourc_126))+(rl@n257(links_126_81*topic_Course_81))))) 
time=999 node=10.1.1.4 tuple=records records_attr1=10.1.1.4 records_attr2=a63ede394af976a1b0991264815609d1f4b7d315 records_attr3=3a7e8e37e98346af9c4dcdad8c3c0f830b935555 records_attr4=topic_Person_54(r207@n257(hasword_detail_54)) 
time=999 node=10.1.1.4 tuple=records records_attr1=10.1.1.4 records_attr2=acfa6f8e199e67cb656971c9da285dffb2b05399 records_attr3=6e8c116ab490bfdd3bd79ce5d71579dafcc0532b records_attr4=topic_Faculty_46(r423@n257(hasword_distribut_46)) 
time=999 node=10.1.1.4 tuple=records records_attr1=10.1.1.4 records_attr2=ae22d887567d2b4edc06cdba7cbf89c94c66c9f1 records_attr3=8e2099669b474fa6292c9dd1a64c1fe23fd21c39 records_attr4=topic_Student_23(r78@n257(hasword_page_23)) 
time=999 node=10.1.1.4 tuple=records records_attr1=10.1.1.4 records_attr2=afaeac0cfb592e286ce12ada1b990de5ade5d608 records_attr3=df7e35acfff5f300a1de399651ec48a1feed9818 records_attr4=topic_ResearchProject_24(r269@n257(hasword_techniqu_24)) 
time=999 node=10.1.1.4 tuple=records records_attr1=10.1.1.4 records_attr2=b0045f131cb6cdc76348d70300ca90a15766aa5e records_attr3=37847a2a3f7c3a0f99fbcf021bd4f9f6e98429c6 records_attr4=topic_Faculty_77(r237@n257(hasword_data_77)) 
time=999 node=10.1.1.4 tuple=records records_attr1=10.1.1.4 records_attr2=b159a3d60b81c181a66fb9799bc1ad049c487165 records_attr3=e99ae7425b3b518cb176a2462760e7314a5f10f6 records_attr4=topic_Person_50(r229@n257(hasword_inform_50)) 
time=999 node=10.1.1.4 tuple=records records_attr1=10.1.1.4 records_attr2=b18552619bc51d1d55679ec973e291415381e20e records_attr3=513947ec1bcac3279654ec29d8cf6c1282420e9d records_attr4=topic_Student_51(r464@n257(hasword_effici_51)) 
time=999 node=10.1.1.4 tuple=records records_attr1=10.1.1.4 records_attr2=b1bdf1c1c4bca8230662c381309932cfebdf99c6 records_attr3=9607c2e419c83a1defb8d368e59a5be96ba631b5 records_attr4=topic_Course_26(r372@n257(hasword_activ_26)) 
time=999 node=10.1.1.4 tuple=records records_attr1=10.1.1.4 records_attr2=b5e11af6cf9acf75baf16d18e7564eb2b5496fdc records_attr3=1fa8f6c6a0e9467fd90d5cba15add9fd6677a68c records_attr4=topic_Person_97(r157@n257(hasword_appli_97)) 
time=999 node=10.1.1.4 tuple=records records_attr1=10.1.1.4 records_attr2=be94feb0cc4319c62756de923d6cacab3aec6517 records_attr3=490318e0b543f1905a308ffd871eebc8b17bf9dd records_attr4=topic_Course_27(r480@n257(hasword_internet_27)) 
time=999 node=10.1.1.4 tuple=records records_attr1=10.1.1.4 records_attr2=bf35ad20748c692039a9abcd36960eae5465a3b3 records_attr3=1aa31063e1da229aa88e789c1cb8dd081365ca records_attr4=topic_Department_77(rl@n257(links_77_124*topic_Department_124(rl@n257(links_124_163*topic_Department_163(r246@n257(hasword_scienc_163)))))) 
time=999 node=10.1.1.4 tuple=records records_attr1=10.1.1.4 records_attr2=c807ab572d92db4fcd6a96ffec8117a0ab4215e2 records_attr3=5ea9c9f9771b2111de201b049fed89b31977c08b records_attr4=topic_Course_95(r148@n257(hasword_locat_95)) 
time=999 node=10.1.1.4 tuple=records records_attr1=10.1.1.4 records_attr2=d2a4ee85f71547b2532cf7b2df8b530fdbfad952 records_attr3=722d0fbfb9c23f44143b4849c30aa20c14927612 records_attr4=topic_Course_4(r292@n257(hasword_design_4)) 
time=999 node=10.1.1.4 tuple=records records_attr1=10.1.1.4 records_attr2=d83d6157b19d0d9ea0bd54d115a1230ae3456b7b records_attr3=921546602c4f9d4295d379e84c3c1682774bb033 records_attr4=topic_Faculty_43(r243@n257(hasword_html_43)) 
time=999 node=10.1.1.4 tuple=records records_attr1=10.1.1.4 records_attr2=d8bea59d79a5e3705a709003fee4a27a021663e7 records_attr3=d798cfb219a32a7d311baa33821a758bbf2b1601 records_attr4=topic_Faculty_6(r237@n257(hasword_data_6)) 
time=999 node=10.1.1.4 tuple=records records_attr1=10.1.1.4 records_attr2=da1926fc31550e258a1d565bcaba7aa9658892fc records_attr3=b0bd8bfbad8fad1f35e014bc643b1944aaaf2f4 records_attr4=topic_Course_7(r292@n257(hasword_design_7)) 
time=999 node=10.1.1.4 tuple=records records_attr1=10.1.1.4 records_attr2=dd0ffc5e650e1baa129700797bd12b261dbc3613 records_attr3=383ee1498090a8bad7179c3ba850604cd8e265de records_attr4=topic_Staff_76(r92@n257(hasword_result_76)) 
time=999 node=10.1.1.4 tuple=records records_attr1=10.1.1.4 records_attr2=e1ca9f2ff148e099919df72eb2fbef02a73eb87f records_attr3=fa1bb98739e384a4d86608d0d58031e86720ccc8 records_attr4=topic_Department_85(r424@n257(hasword_studi_85)) 
time=999 node=10.1.1.4 tuple=records records_attr1=10.1.1.4 records_attr2=e77c7fb2da096349616addb7efad76110e8b15d9 records_attr3=40544bc16016485325c15c4924f3935ae044ff69 records_attr4=topic_Faculty_79(r178@n257(hasword_ca_79)) 
time=999 node=10.1.1.4 tuple=records records_attr1=10.1.1.4 records_attr2=ebe17ed7e2848af7c297b77e2c9a616a97e1871a records_attr3=78ffe8e1ebd803ce6b59319f52df412bd16b65ba records_attr4=topic_Student_26(r175@n257(hasword_texa_26)) 
time=999 node=10.1.1.4 tuple=records records_attr1=10.1.1.4 records_attr2=efeae8121543c56d3d388a5ef421a901841c0617 records_attr3=b8d202fae5840a73ec700c4e906139119d561de4 records_attr4=topic_Faculty_90(r243@n257(hasword_html_90)) 
time=999 node=10.1.1.4 tuple=records records_attr1=10.1.1.4 records_attr2=f20e0dc8d88539428688e8f21c30c2da7e7cb53f records_attr3=dc0d2889a68591c2f0bd21d496d747204a880d3 records_attr4=topic_ResearchProject_23(r30@n257(hasword_lab_23)) 
time=999 node=10.1.1.4 tuple=records records_attr1=10.1.1.4 records_attr2=f50dc76a2eb48f60f3cd128547b4c7e2202ec13b records_attr3=3d35f6cac17f3df0f7113105ce00b4dae8e58676 records_attr4=topic_Department_72(r458@n257(hasword_format_72)) 
time cost: 44.3854 seconds
