35447
Student
Faculty
Staff
ResearchProject
Course
Department
Person
13064259
13064542
13064963
13065508
13065827
13066004
13066165
14993706
14994137
14994309
14994464
14994620
14994799
14995075
15137113
15137429
15137594
15137749
15137911
15138040
15138338
15223786
15224081
15224244
15224399
15224554
15224712
15224870
15323145
15323419
15323576
15323730
15323941
15324098
15324330
15527218
15529359
15530338
15530594
15530796
15530990
15531455
15717327
15717697
15717881
15718038
15718193
15718346
15718499
15810775
15811094
15811310
15811500
15812212
15814170
15814832
15966833
15967060
15967300
15967463
15967617
15967771
15967967
16101577
16101790
16102046
16102207
16102360
16102514
16102666
16292338
16292842
16293123
16293416
16293745
16294010
16294261
16385136
16385421
16385581
16385737
16385983
16386164
16386408
16491834
16492470
16493017
16493221
16493435
16493643
16493912
16583399
16583605
16583917
16584085
16584241
16584395
16584581
16678782
16679001
16679234
16679393
16679580
16679759
16679914
17257377
17257447
17258302
17258518
17258894
17259065
17259223
17524587
17524802
17524962
17525480
17525677
17525994
17526165
17664224
17665237
17666577
17666783
17666940
17667289
17667591
17800128
17800668
17800865
17801023
17801179
17801333
17801487
17910349
17910705
17911157
17911428
17912185
17912685
17913262
18195140
18195463
18195622
18195777
18195931
18196085
18196211
18314377
18314821
18314996
18315152
18315306
18315485
18315575
18421814
18422292
18422843
18423197
18423505
18423817
18423978
18692230
18692524
18692684
18692840
18692994
18693147
18693368
19103688
19103922
19104096
19104382
19104382
19104818
19105137
19209155
19209363
19209521
19209794
19209961
19210188
19210378
19323825
19324042
19324199
19324353
19324507
19324730
19324890
19522075
19522293
19522527
19522683
19522835
19523086
19523246
19726265
19726738
19727159
19727477
19727851
19728108
19728721
20099050
20099274
20099434
20099608
20099764
20099990
20100148
20486909
20487120
20487278
20487593
20487777
20487956
20488119
20599608
20599838
20599997
20600153
20600308
20600542
20600703
20799284
20799503
20799661
20799815
20800049
20800209
20800361
20919600
20919846
20920012
20920168
20921938
20922405
20922650
21060812
21061031
21061189
21061485
21061660
21061817
21061972
21295671
21295962
21296237
21296723
21297027
21297222
21297498
21575666
21575891
21576050
21576209
21576554
21576728
21576968
22069743
22069967
22070129
22070466
22070632
22070789
22070943
22424655
22425002
22425178
22425335
22425490
22425720
22425988
23053105
23053361
23054201
23054383
23054542
23054698
23054852
23178082
23178308
23179891
23180332
23180735
23181434
23181817
23423755
23424047
23424209
23424364
23424519
23424673
23424827
24318070
24318295
24318454
24318613
24318768
24319003
24319160
24572138
24572557
24572850
24573123
24573394
24573394
24573394
24822655
24823019
24823307
24823782
24824158
24824521
24824750
25081864
25082093
25082428
25082605
25082770
25082925
25083079
25219375
25219637
25219637
25220713
25221007
25221224
25221651
25569373
25569612
25569776
25569937
25570097
25570348
25570509
25714217
25714972
25715164
25715349
25715517
25715769
25716266
25868163
25868394
25868557
25868717
25868742
25869114
25869276
26907837
26908113
26908279
26908440
26908589
26908843
26909008
27241193
27241416
27241770
27242066
27242246
27242406
27242759
27536767
27537108
27537108
27537921
27538098
27538427
27538675
27688700
27688919
27689269
27689438
27689598
27689757
27689933
27823859
27824155
27825038
27825336
27826019
27826456
27827030
27966708
27966937
27967261
27967432
27967592
27967750
27967908
28117259
28117486
28117648
28118052
28118236
28118396
28118554
28269047
28269352
28269517
28269677
28269834
28269991
28270260
28591616
28592183
28594520
28594751
28594915
28595075
28595235
28756807
28757526
28757719
28757887
28758162
28758325
28758482
28899161
28899382
28899601
28899790
28899952
28900250
28900413
29213597
29213831
29213999
29214188
29215640
29215845
29216010
29397265
29399081
29399278
29399542
29399731
29400040
29400218
29914302
29915024
29915457
29915650
29915809
29915966
29916122
30124778
30125083
30125249
30125412
30125567
30125719
30125872
30438932
30439235
30439400
30439705
30439877
30440035
30440308
30799870
30800133
30800396
30800572
30800758
30801160
30801682
30948313
30948583
30948583
30949300
30949759
30950036
30950317
31220091
31220392
31220555
31220710
31220865
31221018
31221171
31353426
31353650
31353809
31353965
31354120
31354349
31354508
31611548
31612119
31612488
31612858
31613111
31613388
31613617
31858260
31858545
31858705
31858855
31859143
31859318
31859575
32136803
32137699
32137939
32138099
32138258
32138416
32138652
32282245
32282840
32283098
32283260
32283699
32284072
32284243
32444377
32444665
32444865
32445333
32445737
32446251
32446453
32776745
32777138
32777387
32777587
32778304
32778536
32778695
32951274
32951626
32951790
32952064
32952572
32952773
32952947
33323018
33323420
33323611
33323766
33323944
33324202
33324488
33487194
33487418
33487571
33487721
33487960
33488112
33488260
33846444
33846697
33846861
33847023
33847143
33847570
33847812
34027629
34027847
34028000
34028149
34028399
34028554
34028874
34186588
34187106
34187459
34187617
34187769
34187921
34188254
34354377
34354683
34354841
34354992
34355141
34355305
34355598
34519441
34519661
34519904
34520070
34520305
34520458
34520607
34879529
34880149
34880640
34880981
34881172
34881353
34881722
35208947
35209273
35209590
35209984
35210259
35210617
35210888
35413250
35413554
35413713
35413868
35414021
35414174
35414403
35786026
35786569
35786951
35787207
35787459
35787723
35788081
35956809
35957043
35957205
35957440
35957598
35957752
35957905
36327051
36327442
36327611
36327769
36327925
36328181
36328346
36693164
36693488
36693703
36694201
36694548
36694914
36695187
37062464
37062759
37062942
37063100
37063256
37063411
37063567
37264298
37264612
37264776
37264934
37265332
37265614
37265778
37474784
37475485
37475876
37476254
37476533
37476773
37477017
38114786
38115008
38115259
38115426
38115581
38115737
38115891
38291114
38291406
38291567
38291723
38291879
38292033
38292187
38460918
38461144
38461398
38461557
38461711
38461864
38462017
38810511
38810739
38810995
38811191
38811856
38812369
38812576
39198509
39199225
39199606
39199894
39200165
39200555
39200890
39378477
39378773
39379207
39379399
39379559
39379720
39380059
time=999 node=10.1.1.4 tuple=records records_attr1=10.1.1.4 records_attr2=131c71446614dbff49f1f7364dcc5e1ffb2ace3 records_attr3=eb3c95d0f3b1d5da460249fdf48f452e7f07322a records_attr4=topic_ResearchProject_4(r377@n257(hasword_creat_4)) 
time=999 node=10.1.1.4 tuple=records records_attr1=10.1.1.4 records_attr2=61e55f8f51a8f7a6a3e73a6b4faca95e65b8282 records_attr3=53795b6850778812c3b369e0a5c7493120d2f314 records_attr4=topic_Faculty_99(r187@n257(hasword_commun_99)) 
time=999 node=10.1.1.4 tuple=records records_attr1=10.1.1.4 records_attr2=8a1aaa29279edd42ed20b3f35a011338eb465c3 records_attr3=617b46bfa0e4ee83de6f1eef52cee26fcdc6224e records_attr4=topic_Staff_14(r313@n257(hasword_workshop_14)) 
time=999 node=10.1.1.4 tuple=records records_attr1=10.1.1.4 records_attr2=c0fd161a058b69b0ea52b642efbd7f64d4923e0 records_attr3=eac10235c44c793733bb4678e9b53bee66ed325d records_attr4=topic_ResearchProject_29(r282@n257(hasword_learn_29)) 
time=999 node=10.1.1.4 tuple=records records_attr1=10.1.1.4 records_attr2=cc983d6d6d85117b61027913e4411dcb583326f records_attr3=534d178bdd925116f684bb8de9f04a1c672480e9 records_attr4=topic_Faculty_8(r93@n257(hasword_type_8)) 
time=999 node=10.1.1.4 tuple=records records_attr1=10.1.1.4 records_attr2=cd0f60512ce73b99f1e3cb57a65765afd7934f3 records_attr3=f157dfa598cf418c2861d43ea5f5a1eb3ea04e9d records_attr4=topic_Course_88(r49@n257(hasword_hall_88)) 
time=999 node=10.1.1.4 tuple=records records_attr1=10.1.1.4 records_attr2=1001918111b2c095b74c29ad040d0426d822420b records_attr3=c7130509a92191bad4104ca6b7243c01de6cc4ee records_attr4=topic_Student_28(r175@n257(hasword_texa_28)) 
time=999 node=10.1.1.4 tuple=records records_attr1=10.1.1.4 records_attr2=15ea700c7845f6f2c2536b04b2cae7f049e5617f records_attr3=f7fc430ebc06ccf3eeb2ceb2f889c7e3dcefa5c4 records_attr4=topic_Department_42(r485@n257(hasword_program_42)) 
time=999 node=10.1.1.4 tuple=records records_attr1=10.1.1.4 records_attr2=1eedd95d860b6b9ec2fb71c0532efa44185b35b7 records_attr3=d75544b6df398f14056b98cc5c0bf5f33aef4a9f records_attr4=topic_Faculty_89(r180@n257(hasword_understand_89)) 
time=999 node=10.1.1.4 tuple=records records_attr1=10.1.1.4 records_attr2=1f94819d17b24a94fb3086551e42288e61c084ab records_attr3=a54d85f2fa20c60e507652213b8e5280412a6c81 records_attr4=topic_Staff_28(r116@n257(hasword_simpl_28)) 
time=999 node=10.1.1.4 tuple=records records_attr1=10.1.1.4 records_attr2=26853c7b4ac81012f3edde72e217faba4abd7484 records_attr3=16e7a909a11b9c2fc445ba4405f812797c73127b records_attr4=topic_Faculty_41(rl@n257(links_41_15*topic_Faculty_15(r243@n257(hasword_html_15)))) 
time=999 node=10.1.1.4 tuple=records records_attr1=10.1.1.4 records_attr2=2a375278ac5693117638465c8f39f81169a2d23c records_attr3=e04b29338f0a203900105577bf6fb21169f8a8d1 records_attr4=topic_Course_40(r49@n257(hasword_hall_40)) 
time=999 node=10.1.1.4 tuple=records records_attr1=10.1.1.4 records_attr2=2c83cb648ec3a53069d75a67bb015fe6a97aeb5f records_attr3=c491e4835bac38754c4125bb811e1d76a61c715 records_attr4=topic_Staff_65(r216@n257(hasword_cours_65)) 
time=999 node=10.1.1.4 tuple=records records_attr1=10.1.1.4 records_attr2=2fbc902f5ec3acaf7c0e5504dc6c7d6cd0653e12 records_attr3=6a59671c198525a6a09581406b50accf6765c2c records_attr4=topic_Department_64(r156@n257(hasword_mon_64)) 
time=999 node=10.1.1.4 tuple=records records_attr1=10.1.1.4 records_attr2=33960458ed5f769367a003e31b2666b817836a8c records_attr3=e7e0dc0dc48da2f25db131b8a3d18a51ce2932b3 records_attr4=topic_Course_62((r33@n257(hasword_public_62))+(r460@n257(hasword_memori_62))) 
time=999 node=10.1.1.4 tuple=records records_attr1=10.1.1.4 records_attr2=37d2832ab7fc9f1487855c427be18f3ee1b4888e records_attr3=c9338e20fbfc96cf2c19a7c17ebd0bf7e4782aba records_attr4=topic_Staff_69(r301@n257(hasword_symbol_69)) 
time=999 node=10.1.1.4 tuple=records records_attr1=10.1.1.4 records_attr2=3fda642b367d0f8539b4b8bfc5ea396779389cde records_attr3=cfb4f383fae4ff555c08bf27aaf95ad8fac3b2ec records_attr4=topic_Student_67(r447@n257(hasword_variabl_67)) 
time=999 node=10.1.1.4 tuple=records records_attr1=10.1.1.4 records_attr2=430db34bfd4d83a82c9d89e83c536d0149487a61 records_attr3=2e18e2c8c78eb7433e86bfd318cd50fa7827529c records_attr4=topic_Course_50(r222@n257(hasword_server_50)) 
time=999 node=10.1.1.4 tuple=records records_attr1=10.1.1.4 records_attr2=451dd07181473d9c6808521dba5c941d3a47d5c9 records_attr3=11f33b580d4c61ee78a2d1fc7794a9e45f1176d1 records_attr4=topic_Person_70(r404@n257(hasword_oper_70)) 
time=999 node=10.1.1.4 tuple=records records_attr1=10.1.1.4 records_attr2=4a037f4916d25591d23975b2af0a5e42cf3e26ce records_attr3=2e2ba78371e87eac6171a8cb763891c49f0af6e1 records_attr4=topic_Person_44(r260@n257(hasword_gener_44)) 
time=999 node=10.1.1.4 tuple=records records_attr1=10.1.1.4 records_attr2=4bd95ce3040a2f67c8b4152e8f943a240396c0fe records_attr3=2c382259c1b1856d35aeda9f607b27be37cecb1e records_attr4=topic_Course_41(r0@n257(hasword_number_41)) 
time=999 node=10.1.1.4 tuple=records records_attr1=10.1.1.4 records_attr2=4c01c91017d52b903850df0644399ebfbb6db277 records_attr3=d0f7bdec18e5bfa140b219417156ca976e2faaf0 records_attr4=topic_Student_62(r255@n257(hasword_memori_62)) 
time=999 node=10.1.1.4 tuple=records records_attr1=10.1.1.4 records_attr2=4ed10c355f85514322d2e00be35e068c66c566c3 records_attr3=9db7b201a55e08df32d929f417c51b290424fc18 records_attr4=topic_ResearchProject_93(r429@n257(hasword_instruct_93)) 
time=999 node=10.1.1.4 tuple=records records_attr1=10.1.1.4 records_attr2=5041e1d9228012baa3296679e50bb150d6a1ac24 records_attr3=c30390666f1e475946489e73b67362bef3fb836 records_attr4=topic_Course_14(rl@n257(links_14_115*topic_Course_115(r472@n257(hasword_descript_115)))) 
time=999 node=10.1.1.4 tuple=records records_attr1=10.1.1.4 records_attr2=549d3c21348dc630a9c5bafb502f189a47ab7a81 records_attr3=748f53c9cbfd8ac300277bb46ecdf73b9f3fa32a records_attr4=topic_Person_49(rl@n257(links_49_22*topic_Person_22(r150@n257(hasword_provid_22)))) 
time=999 node=10.1.1.4 tuple=records records_attr1=10.1.1.4 records_attr2=550c8e93d84936e0395e9e3898b8b4478bce4a5b records_attr3=41070321622cc20b272319354cb8b829125a62bb records_attr4=topic_Faculty_14(r235@n257(hasword_journal_14)) 
time=999 node=10.1.1.4 tuple=records records_attr1=10.1.1.4 records_attr2=57c3b2b8d45da7c4eb22522adafe942872fb4325 records_attr3=3712f9504d975f6c5751af56dee52f86dbfa78e7 records_attr4=topic_Student_31(r121@n257(hasword_length_31)) 
time=999 node=10.1.1.4 tuple=records records_attr1=10.1.1.4 records_attr2=5a40a716dad42398db50fc8dd3e5a62ca3161205 records_attr3=6d923ee4621877c6efc0ce288e96635d660bddec records_attr4=topic_Student_37(r438@n257(hasword_copi_37)) 
time=999 node=10.1.1.4 tuple=records records_attr1=10.1.1.4 records_attr2=5a733207145482fae7f82f879a008c47b896fe12 records_attr3=99b34086ed3cddf326ceb026d701ab91f9e49235 records_attr4=topic_Faculty_15(r243@n257(hasword_html_15)) 
time=999 node=10.1.1.4 tuple=records records_attr1=10.1.1.4 records_attr2=5b16bdf2cd7ae10a3a3cf4c8e659f28189be3815 records_attr3=9aabb7b5a7a24f63edda2ea5f7884639f91fa214 records_attr4=topic_Faculty_9(r186@n257(hasword_appli_9)) 
time=999 node=10.1.1.4 tuple=records records_attr1=10.1.1.4 records_attr2=692753b06e24360d040ee9cd7dec67d963bfc0e9 records_attr3=728d228f3b7dcad1d4f93b599d146d2ecaab937f records_attr4=topic_Student_86(r78@n257(hasword_page_86)) 
time=999 node=10.1.1.4 tuple=records records_attr1=10.1.1.4 records_attr2=6969e8ce54ab7b8de944d06fb423f81d4e0c1d9c records_attr3=79fdfab91e77e14f969582bcf246ee4777a1333c records_attr4=topic_Person_96(r260@n257(hasword_gener_96)) 
time=999 node=10.1.1.4 tuple=records records_attr1=10.1.1.4 records_attr2=6efc16cdea6d77d919d76ee79dbe3ee0677acd91 records_attr3=c657d745775fa24e7f66baa39ee112590a350240 records_attr4=topic_Course_93(r45@n257(hasword_instruct_93)) 
time=999 node=10.1.1.4 tuple=records records_attr1=10.1.1.4 records_attr2=6fd6622dcfc1ce63d6c4ba822c2fb8bdcde484aa records_attr3=92f4a8a82dee942593e6ccbdcba904edc8fbdc5 records_attr4=topic_Staff_57(r42@n257(hasword_process_57)) 
time=999 node=10.1.1.4 tuple=records records_attr1=10.1.1.4 records_attr2=77c301e8653eb5fb19cb623ba2a99f129042e24f records_attr3=6bdf1646ffe2440c53f14170ce5a031cc6e2868d records_attr4=topic_Person_9(r157@n257(hasword_appli_9)) 
time=999 node=10.1.1.4 tuple=records records_attr1=10.1.1.4 records_attr2=799f9e1a3b455f70c60b2af0aae93e20b1fb834e records_attr3=8c2ff83a1a08c0aa78e0b486145f1be92a61a65f records_attr4=topic_Course_22(r210@n257(hasword_hard_22)) 
time=999 node=10.1.1.4 tuple=records records_attr1=10.1.1.4 records_attr2=7a2205e08206f5150890967d7a8d9681969d0ac9 records_attr3=191b13f8752f80cfa0575feac8fb92b5bcf04904 records_attr4=topic_Student_15(r451@n257(hasword_access_15)) 
time=999 node=10.1.1.4 tuple=records records_attr1=10.1.1.4 records_attr2=7ae3e094da818373462e80cdc5401c5dc7cd56fe records_attr3=106a4092abe2baa78ee8d66c8112820f64291511 records_attr4=topic_ResearchProject_83(r160@n257(hasword_technologi_83)) 
time=999 node=10.1.1.4 tuple=records records_attr1=10.1.1.4 records_attr2=7c24936ee612d23086a624bf0683f5f78e5c205d records_attr3=3117a68adcacbf23fe75251ece59071200ee48d0 records_attr4=topic_Course_28(r101@n257(hasword_simpl_28)) 
time=999 node=10.1.1.4 tuple=records records_attr1=10.1.1.4 records_attr2=7fc4a4c56fa2c623cd6301380adbcc81a65112bb records_attr3=a5dbddf9d3edd0cb51b5f52d6b36010040469b22 records_attr4=topic_Student_36(r355@n257(hasword_assist_36)) 
time=999 node=10.1.1.4 tuple=records records_attr1=10.1.1.4 records_attr2=923cea00c0c407773d59fc46f3281c12557e5313 records_attr3=5ac5dd1c82cbaa1bd0a023ebf06533adfdea6bba records_attr4=topic_Student_38(rl@n257(links_38_192*topic_Student_192(rl@n257(links_192_51*topic_Student_51(r177@n257(hasword_select_51)))))) 
time=999 node=10.1.1.4 tuple=records records_attr1=10.1.1.4 records_attr2=951d3cfdbee04cabce0741fba1a74392d68c0858 records_attr3=f26aa8e6e047205d39bb8f1ce6e4e92c01f0de8a records_attr4=topic_Faculty_27(r323@n257(hasword_end_27)) 
time=999 node=10.1.1.4 tuple=records records_attr1=10.1.1.4 records_attr2=99cc32c6188ca6434574e7de7b43879962962021 records_attr3=46c7a39e2d15c4ccff58636d007c10ea5d67a19b records_attr4=topic_Student_19(r438@n257(hasword_copi_19)) 
time=999 node=10.1.1.4 tuple=records records_attr1=10.1.1.4 records_attr2=9aaa171d797b363c40ee7223fb9a03282464a0c0 records_attr3=36acb3b35c91bc5875e334c94e3abe502b6c768a records_attr4=topic_Faculty_60(r182@n257(hasword_date_60)) 
time=999 node=10.1.1.4 tuple=records records_attr1=10.1.1.4 records_attr2=9cbef9e33dfe291f446b4c1e2ef9ca756cfbb01a records_attr3=6fb724d6a6738b70eda64a9dec01251ac36bf36b records_attr4=topic_Faculty_74(r185@n257(hasword_suggest_74)) 
time=999 node=10.1.1.4 tuple=records records_attr1=10.1.1.4 records_attr2=9e6572c72d14c826c18bd8a75c8a1240bbaf82ca records_attr3=3c2eefad064375262c1dca5680b064d3907c4b0f records_attr4=topic_Student_29(r459@n257(hasword_present_29)) 
time=999 node=10.1.1.4 tuple=records records_attr1=10.1.1.4 records_attr2=a987da0fb0512ff2b05588b9a9e652b52c655cbb records_attr3=e34a4cf2f6b56951abe3b9a9d6e07066bbd8dee8 records_attr4=topic_ResearchProject_90(r215@n257(hasword_home_90)) 
time=999 node=10.1.1.4 tuple=records records_attr1=10.1.1.4 records_attr2=acf9f6d5e6da42190793043a8a5fc8567a4f1af5 records_attr3=cbd166e068e0347397efc2825eb13960a6b55e70 records_attr4=topic_Person_14(rl@n257(links_14_115*topic_Person_115(r7@n257(hasword_descript_115)))) 
time=999 node=10.1.1.4 tuple=records records_attr1=10.1.1.4 records_attr2=acfa6f8e199e67cb656971c9da285dffb2b05399 records_attr3=6e8c116ab490bfdd3bd79ce5d71579dafcc0532b records_attr4=topic_Faculty_46(r423@n257(hasword_distribut_46)) 
time=999 node=10.1.1.4 tuple=records records_attr1=10.1.1.4 records_attr2=ae0cd922328eccdc3cc7beecbea522c59592c4ff records_attr3=ccdc97cdd50dd4d8a24393dcafe92ebe64ff4ba9 records_attr4=topic_ResearchProject_14(r335@n257(hasword_singl_14)) 
time=999 node=10.1.1.4 tuple=records records_attr1=10.1.1.4 records_attr2=ae22d887567d2b4edc06cdba7cbf89c94c66c9f1 records_attr3=8e2099669b474fa6292c9dd1a64c1fe23fd21c39 records_attr4=topic_Student_23(r165@n257(hasword_award_23)) 
time=999 node=10.1.1.4 tuple=records records_attr1=10.1.1.4 records_attr2=b18552619bc51d1d55679ec973e291415381e20e records_attr3=513947ec1bcac3279654ec29d8cf6c1282420e9d records_attr4=topic_Student_51(r177@n257(hasword_select_51)) 
time=999 node=10.1.1.4 tuple=records records_attr1=10.1.1.4 records_attr2=b1a72793e8801b4a14cd6fd940c146917009833e records_attr3=9076f161653795f7a16710e58ad1244d8e6fa725 records_attr4=topic_Student_4(r413@n257(hasword_creat_4)) 
time=999 node=10.1.1.4 tuple=records records_attr1=10.1.1.4 records_attr2=b5e11af6cf9acf75baf16d18e7564eb2b5496fdc records_attr3=1fa8f6c6a0e9467fd90d5cba15add9fd6677a68c records_attr4=topic_Person_97(r38@n257(hasword_machin_97)) 
time=999 node=10.1.1.4 tuple=records records_attr1=10.1.1.4 records_attr2=b6b2d3d8dd3e10bdafc3418628d6190a6a6658bb records_attr3=c8814eb074050741f82681782a8d0e42f66b0e4a records_attr4=topic_Faculty_26(r182@n257(hasword_date_26)) 
time=999 node=10.1.1.4 tuple=records records_attr1=10.1.1.4 records_attr2=b706425a759cc8192072313c242e5cd8c8fc3a2b records_attr3=12ac88a4418cfdb5cdcc1aae233daeeb35290550 records_attr4=topic_Course_29(r51@n257(hasword_learn_29)) 
time=999 node=10.1.1.4 tuple=records records_attr1=10.1.1.4 records_attr2=bc13db0fb0371b56b6ff8f3b42ed20831aafdca0 records_attr3=f3dc6bb8d98d4c97d86205c8402bafaf55b15d3d records_attr4=topic_Person_36(r228@n257(hasword_assist_36)) 
time=999 node=10.1.1.4 tuple=records records_attr1=10.1.1.4 records_attr2=c0ae356aaae6d48c9f22c72d5bad5187d89748ec records_attr3=fa5c2be5b843474b6a1fc60bb7dcdf2f27b04ac9 records_attr4=topic_Course_49(rl@n257(links_49_22*topic_Course_22(r210@n257(hasword_hard_22)))) 
time=999 node=10.1.1.4 tuple=records records_attr1=10.1.1.4 records_attr2=c46ec203df2444bb6b917aad8f53d058844e3ba2 records_attr3=dcdf4b04dde2c08a8ceab9a24ee3aae06c200f80 records_attr4=topic_Person_19(r412@n257(hasword_copi_19)) 
time=999 node=10.1.1.4 tuple=records records_attr1=10.1.1.4 records_attr2=c767272e1a382a6c4371ff1bd00ac8d06fc1308d records_attr3=77ef30c814e85addb792c40fcd19dcc5e226cba3 records_attr4=topic_ResearchProject_7(r250@n257(hasword_emac_7)) 
time=999 node=10.1.1.4 tuple=records records_attr1=10.1.1.4 records_attr2=d1f7fcfef2989c20bf3032cccb95babe028bf770 records_attr3=66dc4339efe23fdb2056422ffb8135d233c1f71b records_attr4=topic_ResearchProject_36(r470@n257(hasword_assist_36)) 
time=999 node=10.1.1.4 tuple=records records_attr1=10.1.1.4 records_attr2=d2a1fc3e3550d1c8f20545ec7a0184ca7aa90366 records_attr3=354065c277121ac0ca439ebe5111750c232f0fb5 records_attr4=topic_Department_76(r418@n257(hasword_wide_76)) 
time=999 node=10.1.1.4 tuple=records records_attr1=10.1.1.4 records_attr2=dfd703bdd78883ff9901a0a327f9d6cd96d4c2d3 records_attr3=7cf6ab580354e0810eb7a8c22f2b4b3dea94cb2e records_attr4=topic_Staff_38(r258@n257(hasword_servic_38)) 
time=999 node=10.1.1.4 tuple=records records_attr1=10.1.1.4 records_attr2=e9808166c9e19a0c2f34c8319319e57c74f0afae records_attr3=abcc1bc117de3798ad5e3f77b628edadb48a1f29 records_attr4=topic_Person_78(r205@n257(hasword_austin_78)) 
time=999 node=10.1.1.4 tuple=records records_attr1=10.1.1.4 records_attr2=ebbd0858a3b7ca00f98f8f067589a6735fe15b8c records_attr3=d67c834d5367076328ac57126a04ba8b854aff7c records_attr4=topic_Person_22(r150@n257(hasword_provid_22)) 
time=999 node=10.1.1.4 tuple=records records_attr1=10.1.1.4 records_attr2=f07b791985105f538054df2cbd85ec7e15c5ae6f records_attr3=20e14d6cc3e1e76da5a357b9febfc02d45053043 records_attr4=topic_Person_37(r412@n257(hasword_copi_37)) 
time=999 node=10.1.1.4 tuple=records records_attr1=10.1.1.4 records_attr2=f20e0dc8d88539428688e8f21c30c2da7e7cb53f records_attr3=dc0d2889a68591c2f0bd21d496d747204a880d3 records_attr4=topic_ResearchProject_23(rl@n257(links_23_7*topic_ResearchProject_7(r250@n257(hasword_emac_7)))) 
time=999 node=10.1.1.4 tuple=records records_attr1=10.1.1.4 records_attr2=f36865b1620d9792046a1d6abd4098432e3949da records_attr3=f5ef325ee9c4ebd2430710bbc88988926a68546e records_attr4=topic_Student_34(r121@n257(hasword_length_34)) 
time=999 node=10.1.1.4 tuple=records records_attr1=10.1.1.4 records_attr2=f44e17f785aa7dc2f249ebf0ada7996408b07c49 records_attr3=881f90f6546dcc2cfdd8220cb68f752a24c66e9 records_attr4=topic_Faculty_71(r227@n257(hasword_state_71)) 
time=999 node=10.1.1.4 tuple=records records_attr1=10.1.1.4 records_attr2=f746acda68682ff3090a02e88f90cd4e178ea535 records_attr3=9d787b49f63facf6cc66fcbc35246461c3f392f2 records_attr4=topic_Course_1(r219@n257(hasword_softwar_1)) 
time=999 node=10.1.1.4 tuple=records records_attr1=10.1.1.4 records_attr2=f79fb0702928b513e74f8f00a93329d14e362483 records_attr3=5b1cd8707f12e4d941a998d4a34d9f3e873138e7 records_attr4=topic_ResearchProject_35(r130@n257(hasword_ai_35)) 
time=999 node=10.1.1.4 tuple=records records_attr1=10.1.1.4 records_attr2=fa6fbd8e9bb148afd05a66e854352a69e2e7e963 records_attr3=7424a5fa836642bc82f1fe3bdf22993c180f12a3 records_attr4=topic_Student_5(r459@n257(hasword_present_5)) 
time=999 node=10.1.1.4 tuple=records records_attr1=10.1.1.4 records_attr2=face8410e90c7406b9ba30aee96f1f1177cc3379 records_attr3=a77b5cb7a08ec5db5e9a994a898e7a0cd6ae66ab records_attr4=topic_ResearchProject_43(r215@n257(hasword_home_43)) 
time=999 node=10.1.1.4 tuple=records records_attr1=10.1.1.4 records_attr2=fc387b9d68b86de2f63a195ff5bbd6dea9df5215 records_attr3=6bda596dfe2b2b4b11459fb41b29e68b44b7a310 records_attr4=topic_Faculty_84(r153@n257(hasword_master_84)) 
time=999 node=10.1.1.4 tuple=records records_attr1=10.1.1.4 records_attr2=fddd3b1999fcc0af460f0085c54d8f417ba5d799 records_attr3=d31e217e84fe392e545c042bef3f69ac591d9563 records_attr4=topic_Student_41((r363@n257(hasword_number_41))+(rl@n257(links_41_15*topic_Student_15(r451@n257(hasword_access_15))))) 
time cost: 42.9955 seconds
