30190
Student
Faculty
Staff
ResearchProject
Course
Department
Person
40772038
40772270
40772422
40772564
40772830
40773013
40773156
47062098
47062372
47062517
47062707
47062910
47063044
47063044
48265689
48265900
48266073
48266219
48266356
48266559
48266699
49568955
49569254
49569409
49569622
49569790
49569932
49570070
49925833
49926040
49926275
49926427
49926679
49926827
49926966
50615173
50615574
50615745
50616004
50616168
50616311
50616450
50913758
50914084
50914236
50914375
50914596
50914748
50914885
51559843
51560048
51560191
51560330
51560468
51560607
51561091
52366026
52366355
52366501
52366744
52366935
52367104
52367294
52670864
52671129
52671276
52671417
52671740
52671896
52672036
52871514
52871850
52872007
52872148
52872299
52872552
52872696
53274371
53274689
53274835
53274975
53275112
53275304
53275505
53944902
53945127
53945283
53945428
53945566
53945770
53945912
54241756
54242492
54242661
54242869
54243106
54243250
54243388
54570391
54570621
54570914
54570983
54574505
54574778
54574975
54811228
54811474
54811617
54811757
54811898
54812175
54812333
55025034
55025250
55025394
55025533
55025671
55025810
55026042
55240173
55240383
55240525
55240859
55241024
55241165
55241304
55565176
55565391
55565533
55565672
55565962
55569596
55570062
55778197
55778402
55778544
55778682
55778892
55779040
55779177
86010958
86011201
86011348
86011488
86011702
86011844
86011983
146113416
146114187
146114402
146114658
146114997
146115352
146118371
150631985
150632193
150632334
150632630
150632867
150633092
150633336
151795881
151796407
151796837
151797085
151797310
151797518
151797890
152563442
152563662
152563804
152563945
152564192
152564361
152564501
153369685
153369893
153370037
153370177
153370315
153371796
153374807
153728785
153728992
153729133
153729271
153729479
153729761
153729917
154598993
154599211
154599494
154599697
154599850
154599991
154600128
156341659
156341872
156342014
156342152
156342452
156342607
156342748
156747290
156747684
156747931
156748156
156748555
156748896
156749412
187587152
187587604
187588033
187588407
187589458
187590183
187590539
243733758
243733979
243734125
243734335
243734479
243734625
243734764
244344571
244344786
244344926
244344981
244345272
244345414
244345551
244638440
244638866
244639524
244639776
244640183
244640435
244640653
244916439
244916645
244916896
244917043
244917181
244917337
244917483
245263902
245264113
245264254
245264392
245264597
245264738
245264873
246201122
246201322
246201322
246201696
246201834
246201972
246202108
246817503
246817806
246817951
246818089
246818227
246818363
246818500
247447177
247447385
247447526
247447730
247447870
247448008
247448143
253426346
253426576
253426671
253426927
253427074
253427214
253427367
257121371
257121772
257121925
257122100
257122240
257122525
257122680
306796654
306797194
306797340
306797483
306797810
306798075
306798319
307479973
307480186
307480328
307480467
307480679
307480820
307480995
399955743
399956015
399956173
399956544
399956697
399956839
399956981
403938816
403939048
403939322
403939487
403939749
403939950
403940296
404437737
404438247
404438464
404438668
404439037
404439310
404439456
406727685
406727911
406728153
406728395
406728561
406728726
406728888
408585684
408585891
408586031
408586170
408586307
408586446
408586697
442094166
442094413
442094558
442094699
442094840
442094981
442095597
458209867
458210284
458210427
458210567
458210705
458210841
458210978
459649763
459649973
459650117
459650257
459650461
459650606
459650745
506514453
506514698
506514844
506515051
506515215
506515361
506515505
506903265
506903662
506903849
506904033
506904204
506904694
506904987
507808276
507808490
507808632
507808771
507808975
507809118
507809255
508170782
508170910
508171307
508171473
508171615
508171754
508171891
510199952
510200162
510200304
510200443
510200580
510200797
510200936
512236330
512236559
512236771
512236911
512237048
512237185
512237321
515224619
515224830
515224971
515225110
515225248
515225386
515225594
515612794
515613164
515613331
515613547
515613690
515613829
515613966
516529622
516529904
516530046
516530183
516530322
516530504
516530640
519068436
519068671
519068813
519068967
519069105
519069313
519069453
529439482
529442536
529445079
529445432
529446065
529446629
529446798
530624554
530624775
530624917
530625056
530625159
530625414
530625554
531106481
531106762
531106908
531107047
531107185
531107321
531107458
532724545
532724773
532724915
532725121
532725263
532725399
532725623
536492244
536492541
536492685
536492824
536493017
536493379
536493574
537427860
537428076
537428076
537428463
537428605
537428742
537428878
538382566
538383142
538383558
538383824
538383976
538384115
538384253
608808179
608808423
608808568
608808711
608808935
608809100
608809242
609852975
609853186
609853328
609853467
609853607
609853813
609853951
610283260
610283476
610283694
610283838
610283976
610284114
610284251
610699421
610699634
610699775
610699915
610700118
610700261
610700399
611100937
611101151
611101293
611101520
611101660
611101796
611101972
615307782
615308125
615308272
615308411
615308565
615308705
615308843
697475871
697476119
697476265
697476410
697476619
697476766
697476908
699382150
699382707
699383213
699383426
699383580
699383721
699383934
703199161
703199816
703200164
703200347
703200434
703200753
703200915
704392844
704393061
704393203
704393340
704393478
704393615
704393812
705656223
705656560
705656715
705656899
705657099
705657361
705657508
708554632
708554865
708555070
708555481
708555654
708555796
708555982
718844732
718845984
718846151
718846306
718846448
718848001
718848877
722683835
722684046
722684256
722684395
722684532
722684667
722684803
723173179
723173400
723173543
723173684
723173823
723173960
723174223
723634820
723635033
723635174
723635417
723635575
723635724
723635863
724837581
724837830
724837994
724838134
724838350
724838498
724838654
725918189
725918404
725918547
725918686
725918824
725919036
725919175
727020067
727020286
727020430
727020570
727020631
727020965
727021145
728078023
728078243
728078384
728078608
728078755
728078911
728079050
732758857
732759095
732759236
732759375
732759513
732759650
732759787
734547759
734547975
734548116
734548268
734548474
734548614
734548750
736458062
736458293
736458476
736458618
736458757
736459042
736459215
740087704
740087938
740088080
740088220
740088358
740088628
740088783
741333603
741333818
741333960
741334458
741334729
741334919
741335085
757868712
757869588
757869905
757870407
757870698
757870870
757871017
759029023
759029243
759029384
759029522
759029659
759029797
759029935
759467173
759467389
759467531
759467670
759467808
759467942
759468172
759900114
759900326
759900468
759900607
759900763
759900974
759901114
773706926
773707165
773707381
773707523
773707698
773707836
773707972
774837968
774838327
774838483
774838622
774838760
774838897
774839034
777404147
777404650
777404948
777405094
777405234
777405373
777405509
791192118
791192430
791192586
791192725
791192863
791193079
791193221
792367738
792368017
792368158
792368353
792368503
792368642
792368901
793571754
793571968
793572110
793572317
793572454
793572591
793572727
795480395
795480683
795481138
795481519
795482035
795482234
795482377
798376668
798376898
798377041
798377195
798377431
798377812
798377969
798861316
798861528
798861692
798861865
798862006
798862225
798862371
856072335
856072579
856072725
856072935
856073078
856073219
856073359
875403892
875404216
875404369
875404512
875404764
875404921
875405089
878256951
878257164
878257396
878257548
878257686
878257823
878257961
884639912
884640807
884641031
884641442
884641738
884642007
884647288
886666107
886666427
886666729
886666954
886667183
886667405
886667714
893701103
893701350
893701495
893701636
893701775
893702057
893702414
898329720
898367225
898367522
898367889
898368141
898368776
898369056
902643255
902643547
902643696
902643835
902643973
902644109
902644255
905628626
905628853
905628997
905629010
905629354
905629495
905629750
906247503
906247717
906247860
906248082
906248227
906248364
906248501
909567647
909568007
909568182
909568327
909568509
909568739
909578932
979684550
979684798
979684944
979685098
979685247
979685450
979685597
980995372
980995482
980995813
980995955
980996092
980996228
980996365
981501164
981501374
981501516
981501653
981501791
981501926
981502137
983712495
983712805
983712951
983713090
983713227
983713365
983713863
1198525309
1198525309
1198525309
1198525309
1198525309
1198525309
1198525309
1198848538
1198848768
1198848918
1198849064
1198849207
1198849420
1198849566
1225876935
1225877252
1225877414
1225877568
1225877710
1225877848
1225877985
1263742956
1263743217
1263743255
1263743586
1263743730
1263743873
1263744940
1266110479
1266110690
1266110832
1266110971
1266111110
1266111311
1266111452
1268522209
1268522426
1268522641
1268522783
1268522921
1268523058
1268523194
1269977064
1269977432
1269977590
1269977731
1269977868
1269978006
1269978142
1273851837
1273852049
1273852190
1273852328
1273852536
1273852676
1273852812
1274376507
1274376720
1274376936
1274377076
1274377214
1274377351
1274377739
1289208471
1289208613
1289208985
1289209148
1289209295
1289209438
1289209582
1291651245
1291651477
1291651619
1291651865
1291652014
1291652154
1291652292
1294142458
1294142746
1294142890
1294143029
1294143166
1294143303
1294143441
1295645459
1295645685
1295645829
1295645969
1295646108
1295646245
1295646276
1297126991
1297127306
1297127473
1297127686
1297127828
1297127965
1297128103
1492298281
1492298603
1492298799
1492298953
1492299098
1492299350
1492299506
1527442194
1527442427
1527442659
1527442807
1527442949
1527443090
1527443230
1527957844
1527958069
1527958322
1527958681
1527958875
1527959150
1527959301
1634500354
1634500600
1634500748
1634500907
1634501052
1634501194
1634501403
1635019174
1635019391
1635019537
1635019679
1635019823
1635020038
1635020290
1637349782
1637350055
1637350203
1637350342
1637350479
1637350616
1637350753
1713651066
1713651668
1713651818
1713651961
1713652105
1713652314
1713652460
1719936261
1719936586
1719936796
1719937021
1719937870
1719938026
1719938166
1720473295
1720473506
1720473714
1720473870
1720474022
1720474163
1720474301
1803594714
1803594964
1803595112
1803595255
1803595397
1803595605
1803595751
1805281000
1805281257
1805281555
1805281742
1805281982
1805282125
1805282264
1805918338
1805918546
1805918687
1805918795
1805919032
1805919170
1805919308
1809724420
1809724649
1809724791
1809724929
1809725050
1809725269
1809725410
1810321705
1810322031
1810322177
1810322318
1810322457
1810322594
1810322732
1812821781
1812821992
1812822134
1812822273
1812822410
1812822625
1812822784
1813374363
1813374575
1813374716
1813374855
1813374993
1813375130
1813375333
1816384189
1816384501
1816384644
1816384783
1816384935
1816385150
1816385543
1832971379
1832971642
1832971849
1832971993
1832972131
1832972267
1832972403
2047035780
2047036019
2047036164
2047036305
2047036446
2047036585
2047036794
2055382263
2055382527
2055382625
2055382876
2055383016
2055383153
2055383290
2080902256
2080902485
2080902638
2080902850
2080904033
2080908772
2080908970
2087146951
2087147246
2087147390
2087147529
2087147667
2087147803
2087147940
2091889726
2091889999
2091890148
2091890287
2091890425
2091890562
2091890772
2093678349
2093678585
2093678763
2093679021
2093679384
2093679687
2093679929
2101308308
2101308540
2101308580
2101308887
2101309028
2101309166
2101309304
2103996329
2103996541
2103996754
2103996895
2103997033
2103997170
2103997308
2104592228
2104592445
2104592587
2104592725
2104592952
2104593111
2104593254
2106404686
2106405211
2106405616
2106406053
2106406241
2106406637
2106406908
2114913869
2114914184
2114914385
2114914687
2114914869
2114915011
2114915150
2118063345
2118063560
2118063767
2118063911
2118064048
2118064195
2118064478
2119870645
2119870989
2119871135
2119871274
2119871413
2119871550
2119871687
2286623896
2286624135
2286624246
2286624246
2286624655
2286624800
2286624940
2289316456
2289316731
2289316875
2289317012
2289317150
2289317288
2289317424
2302170224
2302170985
2302172620
2302172880
2302173755
2302174131
2302174460
2303494507
2303494805
2303494948
2303495087
2303495225
2303495362
2303495498
2331944885
2331946355
2331946704
2331946895
2331947058
2331947201
2331947342
2334475646
2334475871
2334476013
2334476153
2334476292
2334476516
2334476658
2342159744
2342159993
2342160138
2342160358
2342160501
2342160639
2342160777
2342976337
2342976845
2342977142
2342977298
2342977588
2342978003
2342978210
2347823832
2347824965
2347825396
2347825971
2347826406
2347826910
2347827263
2352005738
2352006355
2352006597
2352006896
2352007709
2352007900
2352008119
2353245733
2353246274
2353246748
2353246991
2353247221
2353247654
2353247940
2356681269
2356681604
2356681810
2356681956
2356682404
2356682846
2356683100
2358182102
2358182334
2358182479
2358182617
2358182837
2358182983
2358183121
2359862319
2359862561
2359862703
2359862842
2359863074
2359863219
2359863356
2363979497
2363986268
2363986472
2363986617
2363986758
2363986975
2363987116
2383246835
2383247255
2383247471
2383247680
2383247889
2383248193
2383248409
2384753629
2384753874
2384754085
2384754507
2384754712
2384754857
2384754997
2388548348
2388549078
2388549483
2388549632
2388549773
2388549833
2388550183
2389831231
2389831620
2389831766
2389831904
2389832042
2389832180
2389832317
2406879428
2406879792
2406879971
2406880113
2406880253
2406880466
2406880606
2409621045
2409621329
2409621770
2409621967
2409622114
2409622254
2409622416
2439847933
2439848165
2439848312
2439848455
2439848596
2439848738
2439848950
2440815472
2440815806
2440815961
2440816107
2440816250
2440816442
2440822466
2443822689
2443822911
2443823051
2443823190
2443823329
2443823541
2443823684
2568357964
2568358234
2568358488
2568358652
2568358800
2568358946
2568359090
2569070609
2569071609
2569071767
2569071910
2569072051
2569072256
2569072403
2569832684
2569832927
2569833147
2569833299
2569833441
2569833584
2569833727
2572732194
2572732401
2572732543
2572732680
2572732886
2572733026
2572733162
2580403103
2580403340
2580403482
2580403694
2580403834
2580403971
2580404107
2583335847
2583336058
2583336199
2583336406
2583336547
2583336684
2583336820
2688544573
2688544837
2688545000
2688545149
2688545380
2688545528
2688545671
2719203434
2719203741
2719203898
2719204170
2719204516
2719204683
2719204833
2836398970
2836399219
2836399473
2836399673
2836399798
2836400088
2836400349
2838578947
2838579159
2838579300
2838579566
2838579751
2838579993
2838580141
2839277231
2839277507
2839277649
2839277787
2839277924
2839278061
2839278269
2846525077
2846525381
2846525540
2846525681
2846525819
2846525967
2846526106
2851210841
2851211091
2851211254
2851211421
2851211564
2851211806
2851211970
2851921433
2851921659
2851921801
2851921941
2851922078
2851922216
2851922412
2852632137
2852632353
2852632495
2852632634
2852632836
2852632980
2852633118
2854976308
2854976522
2854976665
2854976878
2854977016
2854977153
2854977289
3159409554
3159409985
3159410210
3159410421
3159410710
3159410926
3159411136
3161462244
3161462835
3161463026
3161463292
3161463443
3161463582
3161463721
3163929990
3163930204
3163930346
3163930561
3163930702
3163930841
3163931117
3166279811
3166280194
3166280587
3166281155
3166281424
3166281738
3166281980
3169479644
3169479923
3169480070
3169480209
3169480347
3169480483
3169480620
3367216539
3367216797
3367217009
3367217157
3367217302
3367217444
3367217587
3368102218
3368104744
3368104997
3368105162
3368105308
3368106455
3368106611
3370491710
3370491930
3370492208
3370492388
3370492535
3370492675
3370492813
3374558413
3374558744
3374558915
3374559056
3374559195
3374559252
3374559543
3378585921
3378586337
3378586487
3378586628
3378586784
3378586924
3378587063
3382655904
3382656316
3382656571
3382656742
3382656898
3382657112
3382657255
3385330807
3385331027
3385331168
3385331381
3385331521
3385331838
3385331987
3387680571
3387680953
3387681278
3387681443
3387681586
3387681725
3387681863
3499847540
3499847846
3499847995
3499848138
3499848279
3499848420
3499848561
3504907902
3504908161
3504908307
3504908445
3504908582
3504908719
3504908821
3506988566
3506988774
3506988915
3506989054
3506989255
3506989415
3506989554
3507685791
3507686002
3507686143
3507686282
3507686419
3507686624
3507686763
3509747545
3509747756
3509747897
3509748036
3509748174
3509748312
3509748514
3511825748
3511825976
3511826117
3511826325
3511826464
3511826602
3511826758
3513907767
3513907980
3513908120
3513908258
3513908395
3513908532
3513908737
3517353710
3517354362
3517354572
3517354799
3517354866
3517355213
3517355376
3518043808
3518044127
3518044295
3518044462
3518044604
3518044743
3518045012
3518770928
3518771142
3518771282
3518771419
3518771555
3518771692
3518771828
3530545605
3530545847
3530545989
3530546249
3530546400
3530546617
3530546761
3531427199
3531427415
3531427556
3531427694
3531427832
3531427970
3531428173
3532678749
3532678973
3532679114
3532679253
3532679469
3532679610
3532679747
3537395471
3537396162
3537396549
3537396851
3537397064
3537397839
3537398454
3548069563
3548069804
3548069945
3548070162
3548070307
3548070445
3548070583
3553100686
3553100991
3553102016
3553102302
3553102644
3553103004
3553103179
3555874144
3555874488
3555874888
3555875052
3555875243
3555875389
3555875529
